Jun 12, 2020 5:26:13 PM org.l2jmobius.gameserver.engines.items.DocumentItem parseDocument
WARNING: Cannot create item 81160
java.lang.reflect.InvocationTargetException
	at org.l2jmobius.gameserver.engines.items.DocumentItem.makeItem(DocumentItem.java:228)
	at org.l2jmobius.gameserver.engines.items.DocumentItem.parseItem(DocumentItem.java:154)
	at org.l2jmobius.gameserver.engines.items.DocumentItem.parseDocument(DocumentItem.java:92)
	at org.l2jmobius.gameserver.engines.DocumentBase.parse(DocumentBase.java:170)
	at org.l2jmobius.gameserver.engines.DocumentEngine.loadItems(DocumentEngine.java:101)
	at org.l2jmobius.gameserver.datatables.ItemTable.load(ItemTable.java:131)
	at org.l2jmobius.gameserver.datatables.ItemTable.<init>(ItemTable.java:122)
	at org.l2jmobius.gameserver.datatables.ItemTable$SingletonHolder.<clinit>(ItemTable.java:471)
	at org.l2jmobius.gameserver.datatables.ItemTable.getInstance(ItemTable.java:117)
	at org.l2jmobius.gameserver.data.xml.impl.CombinationItemsData.lambda$parseDocument$0(CombinationItemsData.java:68)
	at org.l2jmobius.commons.util.IXmlReader.forEach(IXmlReader.java:769)
	at org.l2jmobius.commons.util.IXmlReader.forEach(IXmlReader.java:752)
	at org.l2jmobius.gameserver.data.xml.impl.CombinationItemsData.lambda$parseDocument$1(CombinationItemsData.java:62)
	at org.l2jmobius.commons.util.IXmlReader.forEach(IXmlReader.java:769)
	at org.l2jmobius.commons.util.IXmlReader.forEach(IXmlReader.java:752)
	at org.l2jmobius.gameserver.data.xml.impl.CombinationItemsData.lambda$parseDocument$2(CombinationItemsData.java:58)
	at org.l2jmobius.commons.util.IXmlReader.forEach(IXmlReader.java:769)
	at org.l2jmobius.commons.util.IXmlReader.forEach(IXmlReader.java:752)
	at org.l2jmobius.gameserver.data.xml.impl.CombinationItemsData.parseDocument(CombinationItemsData.java:58)
	at org.l2jmobius.commons.util.IXmlReader.parseFile(IXmlReader.java:102)
	at org.l2jmobius.commons.util.IXmlReader.parseDatapackFile(IXmlReader.java:76)
	at org.l2jmobius.gameserver.data.xml.impl.CombinationItemsData.load(CombinationItemsData.java:51)
	at org.l2jmobius.gameserver.data.xml.impl.CombinationItemsData.<init>(CombinationItemsData.java:44)
	at org.l2jmobius.gameserver.data.xml.impl.CombinationItemsData$SingletonHolder.<clinit>(CombinationItemsData.java:109)
	at org.l2jmobius.gameserver.data.xml.impl.CombinationItemsData.getInstance(CombinationItemsData.java:104)
	at org.l2jmobius.gameserver.GameServer.<init>(GameServer.java:218)
	at org.l2jmobius.gameserver.GameServer.main(GameServer.java:486)
Caused by: java.lang.reflect.InvocationTargetException
	at jdk.internal.reflect.GeneratedConstructorAccessor24.newInstance(Unknown Source)
	at java.base/jdk.internal.reflect.DelegatingConstructorAccessorImpl.newInstance(DelegatingConstructorAccessorImpl.java:45)
	at java.base/java.lang.reflect.Constructor.newInstanceWithCaller(Constructor.java:500)
	at java.base/java.lang.reflect.Constructor.newInstance(Constructor.java:481)
	at org.l2jmobius.gameserver.engines.items.DocumentItem.makeItem(DocumentItem.java:224)
	... 26 more
Caused by: java.lang.IllegalArgumentException: No enum constant org.l2jmobius.gameserver.model.items.type.WeaponType.FIST_WEAPON
	at java.base/java.lang.Enum.valueOf(Enum.java:273)
	at org.l2jmobius.gameserver.model.items.type.WeaponType.valueOf(WeaponType.java:25)
	at org.l2jmobius.gameserver.model.items.Weapon.set(Weapon.java:72)
	at org.l2jmobius.gameserver.model.items.Item.<init>(Item.java:186)
	at org.l2jmobius.gameserver.model.items.Weapon.<init>(Weapon.java:65)
	... 31 more

Jun 12, 2020 5:26:13 PM org.l2jmobius.gameserver.engines.items.DocumentItem parseDocument
WARNING: Cannot create item 81172
java.lang.reflect.InvocationTargetException
	at org.l2jmobius.gameserver.engines.items.DocumentItem.makeItem(DocumentItem.java:228)
	at org.l2jmobius.gameserver.engines.items.DocumentItem.parseItem(DocumentItem.java:154)
	at org.l2jmobius.gameserver.engines.items.DocumentItem.parseDocument(DocumentItem.java:92)
	at org.l2jmobius.gameserver.engines.DocumentBase.parse(DocumentBase.java:170)
	at org.l2jmobius.gameserver.engines.DocumentEngine.loadItems(DocumentEngine.java:101)
	at org.l2jmobius.gameserver.datatables.ItemTable.load(ItemTable.java:131)
	at org.l2jmobius.gameserver.datatables.ItemTable.<init>(ItemTable.java:122)
	at org.l2jmobius.gameserver.datatables.ItemTable$SingletonHolder.<clinit>(ItemTable.java:471)
	at org.l2jmobius.gameserver.datatables.ItemTable.getInstance(ItemTable.java:117)
	at org.l2jmobius.gameserver.data.xml.impl.CombinationItemsData.lambda$parseDocument$0(CombinationItemsData.java:68)
	at org.l2jmobius.commons.util.IXmlReader.forEach(IXmlReader.java:769)
	at org.l2jmobius.commons.util.IXmlReader.forEach(IXmlReader.java:752)
	at org.l2jmobius.gameserver.data.xml.impl.CombinationItemsData.lambda$parseDocument$1(CombinationItemsData.java:62)
	at org.l2jmobius.commons.util.IXmlReader.forEach(IXmlReader.java:769)
	at org.l2jmobius.commons.util.IXmlReader.forEach(IXmlReader.java:752)
	at org.l2jmobius.gameserver.data.xml.impl.CombinationItemsData.lambda$parseDocument$2(CombinationItemsData.java:58)
	at org.l2jmobius.commons.util.IXmlReader.forEach(IXmlReader.java:769)
	at org.l2jmobius.commons.util.IXmlReader.forEach(IXmlReader.java:752)
	at org.l2jmobius.gameserver.data.xml.impl.CombinationItemsData.parseDocument(CombinationItemsData.java:58)
	at org.l2jmobius.commons.util.IXmlReader.parseFile(IXmlReader.java:102)
	at org.l2jmobius.commons.util.IXmlReader.parseDatapackFile(IXmlReader.java:76)
	at org.l2jmobius.gameserver.data.xml.impl.CombinationItemsData.load(CombinationItemsData.java:51)
	at org.l2jmobius.gameserver.data.xml.impl.CombinationItemsData.<init>(CombinationItemsData.java:44)
	at org.l2jmobius.gameserver.data.xml.impl.CombinationItemsData$SingletonHolder.<clinit>(CombinationItemsData.java:109)
	at org.l2jmobius.gameserver.data.xml.impl.CombinationItemsData.getInstance(CombinationItemsData.java:104)
	at org.l2jmobius.gameserver.GameServer.<init>(GameServer.java:218)
	at org.l2jmobius.gameserver.GameServer.main(GameServer.java:486)
Caused by: java.lang.reflect.InvocationTargetException
	at jdk.internal.reflect.GeneratedConstructorAccessor24.newInstance(Unknown Source)
	at java.base/jdk.internal.reflect.DelegatingConstructorAccessorImpl.newInstance(DelegatingConstructorAccessorImpl.java:45)
	at java.base/java.lang.reflect.Constructor.newInstanceWithCaller(Constructor.java:500)
	at java.base/java.lang.reflect.Constructor.newInstance(Constructor.java:481)
	at org.l2jmobius.gameserver.engines.items.DocumentItem.makeItem(DocumentItem.java:224)
	... 26 more
Caused by: java.lang.IllegalArgumentException: No enum constant org.l2jmobius.gameserver.model.items.type.WeaponType.FIST_WEAPON
	at java.base/java.lang.Enum.valueOf(Enum.java:273)
	at org.l2jmobius.gameserver.model.items.type.WeaponType.valueOf(WeaponType.java:25)
	at org.l2jmobius.gameserver.model.items.Weapon.set(Weapon.java:72)
	at org.l2jmobius.gameserver.model.items.Item.<init>(Item.java:186)
	at org.l2jmobius.gameserver.model.items.Weapon.<init>(Weapon.java:65)
	... 31 more

Jun 12, 2020 5:27:14 PM org.l2jmobius.gameserver.data.xml.impl.SkillData lambda$parseDocument$15
WARNING: SkillData: Failed loading effect for Skill Id[13066] Level[1] SubLevel[0] Effect Scope[GENERAL] Effect Name[DefenceTrait]
java.lang.IllegalArgumentException: No enum constant org.l2jmobius.gameserver.model.stats.TraitType.mode
	at java.base/java.lang.Enum.valueOf(Enum.java:273)
	at org.l2jmobius.gameserver.model.stats.TraitType.valueOf(TraitType.java:25)
	at handlers.effecthandlers.DefenceTrait.<init>(DefenceTrait.java:48)
	at org.l2jmobius.gameserver.data.xml.impl.SkillData.lambda$parseDocument$15(SkillData.java:383)
	at org.l2jmobius.gameserver.data.xml.impl.SkillData.lambda$forEachNamedParamInfoParam$19(SkillData.java:442)
	at java.base/java.lang.Iterable.forEach(Iterable.java:75)
	at org.l2jmobius.gameserver.data.xml.impl.SkillData.lambda$forEachNamedParamInfoParam$20(SkillData.java:433)
	at java.base/java.util.Map.forEach(Map.java:661)
	at org.l2jmobius.gameserver.data.xml.impl.SkillData.forEachNamedParamInfoParam(SkillData.java:433)
	at org.l2jmobius.gameserver.data.xml.impl.SkillData.lambda$parseDocument$17(SkillData.java:374)
	at java.base/java.lang.Iterable.forEach(Iterable.java:75)
	at org.l2jmobius.gameserver.data.xml.impl.SkillData.lambda$parseDocument$18(SkillData.java:366)
	at java.base/java.util.HashMap.forEach(HashMap.java:1425)
	at org.l2jmobius.gameserver.data.xml.impl.SkillData.parseDocument(SkillData.java:366)
	at org.l2jmobius.commons.util.IXmlReader.parseFile(IXmlReader.java:102)
	at org.l2jmobius.commons.util.IXmlReader.parseDirectory(IXmlReader.java:204)
	at org.l2jmobius.commons.util.IXmlReader.parseDatapackDirectory(IXmlReader.java:150)
	at org.l2jmobius.gameserver.data.xml.impl.SkillData.load(SkillData.java:217)
	at org.l2jmobius.gameserver.data.xml.impl.SkillData.<init>(SkillData.java:115)
	at org.l2jmobius.gameserver.data.xml.impl.SkillData$SingletonHolder.<clinit>(SkillData.java:674)
	at org.l2jmobius.gameserver.data.xml.impl.SkillData.getInstance(SkillData.java:669)
	at org.l2jmobius.gameserver.data.xml.impl.SkillTreeData.parseDocument(SkillTreeData.java:240)
	at org.l2jmobius.commons.util.IXmlReader.parseFile(IXmlReader.java:102)
	at org.l2jmobius.commons.util.IXmlReader.parseDirectory(IXmlReader.java:204)
	at org.l2jmobius.commons.util.IXmlReader.parseDirectory(IXmlReader.java:200)
	at org.l2jmobius.commons.util.IXmlReader.parseDatapackDirectory(IXmlReader.java:150)
	at org.l2jmobius.gameserver.data.xml.impl.SkillTreeData.load(SkillTreeData.java:154)
	at org.l2jmobius.gameserver.data.xml.impl.SkillTreeData.<init>(SkillTreeData.java:126)
	at org.l2jmobius.gameserver.data.xml.impl.SkillTreeData$SingletonHolder.<clinit>(SkillTreeData.java:1828)
	at org.l2jmobius.gameserver.data.xml.impl.SkillTreeData.getInstance(SkillTreeData.java:1820)
	at org.l2jmobius.gameserver.GameServer.<init>(GameServer.java:229)
	at org.l2jmobius.gameserver.GameServer.main(GameServer.java:486)

Jun 12, 2020 5:27:14 PM org.l2jmobius.gameserver.data.xml.impl.SkillData lambda$parseDocument$15
WARNING: SkillData: Failed loading effect for Skill Id[13066] Level[2] SubLevel[0] Effect Scope[GENERAL] Effect Name[DefenceTrait]
java.lang.IllegalArgumentException: No enum constant org.l2jmobius.gameserver.model.stats.TraitType.mode
	at java.base/java.lang.Enum.valueOf(Enum.java:273)
	at org.l2jmobius.gameserver.model.stats.TraitType.valueOf(TraitType.java:25)
	at handlers.effecthandlers.DefenceTrait.<init>(DefenceTrait.java:48)
	at org.l2jmobius.gameserver.data.xml.impl.SkillData.lambda$parseDocument$15(SkillData.java:383)
	at org.l2jmobius.gameserver.data.xml.impl.SkillData.lambda$forEachNamedParamInfoParam$19(SkillData.java:442)
	at java.base/java.lang.Iterable.forEach(Iterable.java:75)
	at org.l2jmobius.gameserver.data.xml.impl.SkillData.lambda$forEachNamedParamInfoParam$20(SkillData.java:433)
	at java.base/java.util.Map.forEach(Map.java:661)
	at org.l2jmobius.gameserver.data.xml.impl.SkillData.forEachNamedParamInfoParam(SkillData.java:433)
	at org.l2jmobius.gameserver.data.xml.impl.SkillData.lambda$parseDocument$17(SkillData.java:374)
	at java.base/java.lang.Iterable.forEach(Iterable.java:75)
	at org.l2jmobius.gameserver.data.xml.impl.SkillData.lambda$parseDocument$18(SkillData.java:366)
	at java.base/java.util.HashMap.forEach(HashMap.java:1425)
	at org.l2jmobius.gameserver.data.xml.impl.SkillData.parseDocument(SkillData.java:366)
	at org.l2jmobius.commons.util.IXmlReader.parseFile(IXmlReader.java:102)
	at org.l2jmobius.commons.util.IXmlReader.parseDirectory(IXmlReader.java:204)
	at org.l2jmobius.commons.util.IXmlReader.parseDatapackDirectory(IXmlReader.java:150)
	at org.l2jmobius.gameserver.data.xml.impl.SkillData.load(SkillData.java:217)
	at org.l2jmobius.gameserver.data.xml.impl.SkillData.<init>(SkillData.java:115)
	at org.l2jmobius.gameserver.data.xml.impl.SkillData$SingletonHolder.<clinit>(SkillData.java:674)
	at org.l2jmobius.gameserver.data.xml.impl.SkillData.getInstance(SkillData.java:669)
	at org.l2jmobius.gameserver.data.xml.impl.SkillTreeData.parseDocument(SkillTreeData.java:240)
	at org.l2jmobius.commons.util.IXmlReader.parseFile(IXmlReader.java:102)
	at org.l2jmobius.commons.util.IXmlReader.parseDirectory(IXmlReader.java:204)
	at org.l2jmobius.commons.util.IXmlReader.parseDirectory(IXmlReader.java:200)
	at org.l2jmobius.commons.util.IXmlReader.parseDatapackDirectory(IXmlReader.java:150)
	at org.l2jmobius.gameserver.data.xml.impl.SkillTreeData.load(SkillTreeData.java:154)
	at org.l2jmobius.gameserver.data.xml.impl.SkillTreeData.<init>(SkillTreeData.java:126)
	at org.l2jmobius.gameserver.data.xml.impl.SkillTreeData$SingletonHolder.<clinit>(SkillTreeData.java:1828)
	at org.l2jmobius.gameserver.data.xml.impl.SkillTreeData.getInstance(SkillTreeData.java:1820)
	at org.l2jmobius.gameserver.GameServer.<init>(GameServer.java:229)
	at org.l2jmobius.gameserver.GameServer.main(GameServer.java:486)

Jun 12, 2020 5:27:14 PM org.l2jmobius.gameserver.data.xml.impl.SkillData lambda$parseDocument$15
WARNING: SkillData: Failed loading effect for Skill Id[13066] Level[3] SubLevel[0] Effect Scope[GENERAL] Effect Name[DefenceTrait]
java.lang.IllegalArgumentException: No enum constant org.l2jmobius.gameserver.model.stats.TraitType.mode
	at java.base/java.lang.Enum.valueOf(Enum.java:273)
	at org.l2jmobius.gameserver.model.stats.TraitType.valueOf(TraitType.java:25)
	at handlers.effecthandlers.DefenceTrait.<init>(DefenceTrait.java:48)
	at org.l2jmobius.gameserver.data.xml.impl.SkillData.lambda$parseDocument$15(SkillData.java:383)
	at org.l2jmobius.gameserver.data.xml.impl.SkillData.lambda$forEachNamedParamInfoParam$19(SkillData.java:442)
	at java.base/java.lang.Iterable.forEach(Iterable.java:75)
	at org.l2jmobius.gameserver.data.xml.impl.SkillData.lambda$forEachNamedParamInfoParam$20(SkillData.java:433)
	at java.base/java.util.Map.forEach(Map.java:661)
	at org.l2jmobius.gameserver.data.xml.impl.SkillData.forEachNamedParamInfoParam(SkillData.java:433)
	at org.l2jmobius.gameserver.data.xml.impl.SkillData.lambda$parseDocument$17(SkillData.java:374)
	at java.base/java.lang.Iterable.forEach(Iterable.java:75)
	at org.l2jmobius.gameserver.data.xml.impl.SkillData.lambda$parseDocument$18(SkillData.java:366)
	at java.base/java.util.HashMap.forEach(HashMap.java:1425)
	at org.l2jmobius.gameserver.data.xml.impl.SkillData.parseDocument(SkillData.java:366)
	at org.l2jmobius.commons.util.IXmlReader.parseFile(IXmlReader.java:102)
	at org.l2jmobius.commons.util.IXmlReader.parseDirectory(IXmlReader.java:204)
	at org.l2jmobius.commons.util.IXmlReader.parseDatapackDirectory(IXmlReader.java:150)
	at org.l2jmobius.gameserver.data.xml.impl.SkillData.load(SkillData.java:217)
	at org.l2jmobius.gameserver.data.xml.impl.SkillData.<init>(SkillData.java:115)
	at org.l2jmobius.gameserver.data.xml.impl.SkillData$SingletonHolder.<clinit>(SkillData.java:674)
	at org.l2jmobius.gameserver.data.xml.impl.SkillData.getInstance(SkillData.java:669)
	at org.l2jmobius.gameserver.data.xml.impl.SkillTreeData.parseDocument(SkillTreeData.java:240)
	at org.l2jmobius.commons.util.IXmlReader.parseFile(IXmlReader.java:102)
	at org.l2jmobius.commons.util.IXmlReader.parseDirectory(IXmlReader.java:204)
	at org.l2jmobius.commons.util.IXmlReader.parseDirectory(IXmlReader.java:200)
	at org.l2jmobius.commons.util.IXmlReader.parseDatapackDirectory(IXmlReader.java:150)
	at org.l2jmobius.gameserver.data.xml.impl.SkillTreeData.load(SkillTreeData.java:154)
	at org.l2jmobius.gameserver.data.xml.impl.SkillTreeData.<init>(SkillTreeData.java:126)
	at org.l2jmobius.gameserver.data.xml.impl.SkillTreeData$SingletonHolder.<clinit>(SkillTreeData.java:1828)
	at org.l2jmobius.gameserver.data.xml.impl.SkillTreeData.getInstance(SkillTreeData.java:1820)
	at org.l2jmobius.gameserver.GameServer.<init>(GameServer.java:229)
	at org.l2jmobius.gameserver.GameServer.main(GameServer.java:486)

Jun 12, 2020 5:27:14 PM org.l2jmobius.gameserver.data.xml.impl.SkillData lambda$parseDocument$15
WARNING: SkillData: Failed loading effect for Skill Id[13066] Level[4] SubLevel[0] Effect Scope[GENERAL] Effect Name[DefenceTrait]
java.lang.IllegalArgumentException: No enum constant org.l2jmobius.gameserver.model.stats.TraitType.mode
	at java.base/java.lang.Enum.valueOf(Enum.java:273)
	at org.l2jmobius.gameserver.model.stats.TraitType.valueOf(TraitType.java:25)
	at handlers.effecthandlers.DefenceTrait.<init>(DefenceTrait.java:48)
	at org.l2jmobius.gameserver.data.xml.impl.SkillData.lambda$parseDocument$15(SkillData.java:383)
	at org.l2jmobius.gameserver.data.xml.impl.SkillData.lambda$forEachNamedParamInfoParam$19(SkillData.java:442)
	at java.base/java.lang.Iterable.forEach(Iterable.java:75)
	at org.l2jmobius.gameserver.data.xml.impl.SkillData.lambda$forEachNamedParamInfoParam$20(SkillData.java:433)
	at java.base/java.util.Map.forEach(Map.java:661)
	at org.l2jmobius.gameserver.data.xml.impl.SkillData.forEachNamedParamInfoParam(SkillData.java:433)
	at org.l2jmobius.gameserver.data.xml.impl.SkillData.lambda$parseDocument$17(SkillData.java:374)
	at java.base/java.lang.Iterable.forEach(Iterable.java:75)
	at org.l2jmobius.gameserver.data.xml.impl.SkillData.lambda$parseDocument$18(SkillData.java:366)
	at java.base/java.util.HashMap.forEach(HashMap.java:1425)
	at org.l2jmobius.gameserver.data.xml.impl.SkillData.parseDocument(SkillData.java:366)
	at org.l2jmobius.commons.util.IXmlReader.parseFile(IXmlReader.java:102)
	at org.l2jmobius.commons.util.IXmlReader.parseDirectory(IXmlReader.java:204)
	at org.l2jmobius.commons.util.IXmlReader.parseDatapackDirectory(IXmlReader.java:150)
	at org.l2jmobius.gameserver.data.xml.impl.SkillData.load(SkillData.java:217)
	at org.l2jmobius.gameserver.data.xml.impl.SkillData.<init>(SkillData.java:115)
	at org.l2jmobius.gameserver.data.xml.impl.SkillData$SingletonHolder.<clinit>(SkillData.java:674)
	at org.l2jmobius.gameserver.data.xml.impl.SkillData.getInstance(SkillData.java:669)
	at org.l2jmobius.gameserver.data.xml.impl.SkillTreeData.parseDocument(SkillTreeData.java:240)
	at org.l2jmobius.commons.util.IXmlReader.parseFile(IXmlReader.java:102)
	at org.l2jmobius.commons.util.IXmlReader.parseDirectory(IXmlReader.java:204)
	at org.l2jmobius.commons.util.IXmlReader.parseDirectory(IXmlReader.java:200)
	at org.l2jmobius.commons.util.IXmlReader.parseDatapackDirectory(IXmlReader.java:150)
	at org.l2jmobius.gameserver.data.xml.impl.SkillTreeData.load(SkillTreeData.java:154)
	at org.l2jmobius.gameserver.data.xml.impl.SkillTreeData.<init>(SkillTreeData.java:126)
	at org.l2jmobius.gameserver.data.xml.impl.SkillTreeData$SingletonHolder.<clinit>(SkillTreeData.java:1828)
	at org.l2jmobius.gameserver.data.xml.impl.SkillTreeData.getInstance(SkillTreeData.java:1820)
	at org.l2jmobius.gameserver.GameServer.<init>(GameServer.java:229)
	at org.l2jmobius.gameserver.GameServer.main(GameServer.java:486)

