Jun 12, 2020 12:52:29 PM org.l2jmobius.gameserver.engines.items.DocumentItem parseDocument
WARNING: Cannot create item 81160
java.lang.reflect.InvocationTargetException
	at org.l2jmobius.gameserver.engines.items.DocumentItem.makeItem(DocumentItem.java:228)
	at org.l2jmobius.gameserver.engines.items.DocumentItem.parseItem(DocumentItem.java:154)
	at org.l2jmobius.gameserver.engines.items.DocumentItem.parseDocument(DocumentItem.java:92)
	at org.l2jmobius.gameserver.engines.DocumentBase.parse(DocumentBase.java:170)
	at org.l2jmobius.gameserver.engines.DocumentEngine.loadItems(DocumentEngine.java:101)
	at org.l2jmobius.gameserver.datatables.ItemTable.load(ItemTable.java:131)
	at org.l2jmobius.gameserver.datatables.ItemTable.<init>(ItemTable.java:122)
	at org.l2jmobius.gameserver.datatables.ItemTable$SingletonHolder.<clinit>(ItemTable.java:471)
	at org.l2jmobius.gameserver.datatables.ItemTable.getInstance(ItemTable.java:117)
	at org.l2jmobius.gameserver.data.xml.impl.CombinationItemsData.lambda$parseDocument$0(CombinationItemsData.java:68)
	at org.l2jmobius.commons.util.IXmlReader.forEach(IXmlReader.java:769)
	at org.l2jmobius.commons.util.IXmlReader.forEach(IXmlReader.java:752)
	at org.l2jmobius.gameserver.data.xml.impl.CombinationItemsData.lambda$parseDocument$1(CombinationItemsData.java:62)
	at org.l2jmobius.commons.util.IXmlReader.forEach(IXmlReader.java:769)
	at org.l2jmobius.commons.util.IXmlReader.forEach(IXmlReader.java:752)
	at org.l2jmobius.gameserver.data.xml.impl.CombinationItemsData.lambda$parseDocument$2(CombinationItemsData.java:58)
	at org.l2jmobius.commons.util.IXmlReader.forEach(IXmlReader.java:769)
	at org.l2jmobius.commons.util.IXmlReader.forEach(IXmlReader.java:752)
	at org.l2jmobius.gameserver.data.xml.impl.CombinationItemsData.parseDocument(CombinationItemsData.java:58)
	at org.l2jmobius.commons.util.IXmlReader.parseFile(IXmlReader.java:102)
	at org.l2jmobius.commons.util.IXmlReader.parseDatapackFile(IXmlReader.java:76)
	at org.l2jmobius.gameserver.data.xml.impl.CombinationItemsData.load(CombinationItemsData.java:51)
	at org.l2jmobius.gameserver.data.xml.impl.CombinationItemsData.<init>(CombinationItemsData.java:44)
	at org.l2jmobius.gameserver.data.xml.impl.CombinationItemsData$SingletonHolder.<clinit>(CombinationItemsData.java:109)
	at org.l2jmobius.gameserver.data.xml.impl.CombinationItemsData.getInstance(CombinationItemsData.java:104)
	at org.l2jmobius.gameserver.GameServer.<init>(GameServer.java:218)
	at org.l2jmobius.gameserver.GameServer.main(GameServer.java:486)
Caused by: java.lang.reflect.InvocationTargetException
	at jdk.internal.reflect.GeneratedConstructorAccessor24.newInstance(Unknown Source)
	at java.base/jdk.internal.reflect.DelegatingConstructorAccessorImpl.newInstance(DelegatingConstructorAccessorImpl.java:45)
	at java.base/java.lang.reflect.Constructor.newInstanceWithCaller(Constructor.java:500)
	at java.base/java.lang.reflect.Constructor.newInstance(Constructor.java:481)
	at org.l2jmobius.gameserver.engines.items.DocumentItem.makeItem(DocumentItem.java:224)
	... 26 more
Caused by: java.lang.IllegalArgumentException: No enum constant org.l2jmobius.gameserver.model.items.type.WeaponType.FIST_WEAPON
	at java.base/java.lang.Enum.valueOf(Enum.java:273)
	at org.l2jmobius.gameserver.model.items.type.WeaponType.valueOf(WeaponType.java:25)
	at org.l2jmobius.gameserver.model.items.Weapon.set(Weapon.java:72)
	at org.l2jmobius.gameserver.model.items.Item.<init>(Item.java:186)
	at org.l2jmobius.gameserver.model.items.Weapon.<init>(Weapon.java:65)
	... 31 more

Jun 12, 2020 12:52:29 PM org.l2jmobius.gameserver.engines.items.DocumentItem parseDocument
WARNING: Cannot create item 81172
java.lang.reflect.InvocationTargetException
	at org.l2jmobius.gameserver.engines.items.DocumentItem.makeItem(DocumentItem.java:228)
	at org.l2jmobius.gameserver.engines.items.DocumentItem.parseItem(DocumentItem.java:154)
	at org.l2jmobius.gameserver.engines.items.DocumentItem.parseDocument(DocumentItem.java:92)
	at org.l2jmobius.gameserver.engines.DocumentBase.parse(DocumentBase.java:170)
	at org.l2jmobius.gameserver.engines.DocumentEngine.loadItems(DocumentEngine.java:101)
	at org.l2jmobius.gameserver.datatables.ItemTable.load(ItemTable.java:131)
	at org.l2jmobius.gameserver.datatables.ItemTable.<init>(ItemTable.java:122)
	at org.l2jmobius.gameserver.datatables.ItemTable$SingletonHolder.<clinit>(ItemTable.java:471)
	at org.l2jmobius.gameserver.datatables.ItemTable.getInstance(ItemTable.java:117)
	at org.l2jmobius.gameserver.data.xml.impl.CombinationItemsData.lambda$parseDocument$0(CombinationItemsData.java:68)
	at org.l2jmobius.commons.util.IXmlReader.forEach(IXmlReader.java:769)
	at org.l2jmobius.commons.util.IXmlReader.forEach(IXmlReader.java:752)
	at org.l2jmobius.gameserver.data.xml.impl.CombinationItemsData.lambda$parseDocument$1(CombinationItemsData.java:62)
	at org.l2jmobius.commons.util.IXmlReader.forEach(IXmlReader.java:769)
	at org.l2jmobius.commons.util.IXmlReader.forEach(IXmlReader.java:752)
	at org.l2jmobius.gameserver.data.xml.impl.CombinationItemsData.lambda$parseDocument$2(CombinationItemsData.java:58)
	at org.l2jmobius.commons.util.IXmlReader.forEach(IXmlReader.java:769)
	at org.l2jmobius.commons.util.IXmlReader.forEach(IXmlReader.java:752)
	at org.l2jmobius.gameserver.data.xml.impl.CombinationItemsData.parseDocument(CombinationItemsData.java:58)
	at org.l2jmobius.commons.util.IXmlReader.parseFile(IXmlReader.java:102)
	at org.l2jmobius.commons.util.IXmlReader.parseDatapackFile(IXmlReader.java:76)
	at org.l2jmobius.gameserver.data.xml.impl.CombinationItemsData.load(CombinationItemsData.java:51)
	at org.l2jmobius.gameserver.data.xml.impl.CombinationItemsData.<init>(CombinationItemsData.java:44)
	at org.l2jmobius.gameserver.data.xml.impl.CombinationItemsData$SingletonHolder.<clinit>(CombinationItemsData.java:109)
	at org.l2jmobius.gameserver.data.xml.impl.CombinationItemsData.getInstance(CombinationItemsData.java:104)
	at org.l2jmobius.gameserver.GameServer.<init>(GameServer.java:218)
	at org.l2jmobius.gameserver.GameServer.main(GameServer.java:486)
Caused by: java.lang.reflect.InvocationTargetException
	at jdk.internal.reflect.GeneratedConstructorAccessor24.newInstance(Unknown Source)
	at java.base/jdk.internal.reflect.DelegatingConstructorAccessorImpl.newInstance(DelegatingConstructorAccessorImpl.java:45)
	at java.base/java.lang.reflect.Constructor.newInstanceWithCaller(Constructor.java:500)
	at java.base/java.lang.reflect.Constructor.newInstance(Constructor.java:481)
	at org.l2jmobius.gameserver.engines.items.DocumentItem.makeItem(DocumentItem.java:224)
	... 26 more
Caused by: java.lang.IllegalArgumentException: No enum constant org.l2jmobius.gameserver.model.items.type.WeaponType.FIST_WEAPON
	at java.base/java.lang.Enum.valueOf(Enum.java:273)
	at org.l2jmobius.gameserver.model.items.type.WeaponType.valueOf(WeaponType.java:25)
	at org.l2jmobius.gameserver.model.items.Weapon.set(Weapon.java:72)
	at org.l2jmobius.gameserver.model.items.Item.<init>(Item.java:186)
	at org.l2jmobius.gameserver.model.items.Weapon.<init>(Weapon.java:65)
	... 31 more

Jun 12, 2020 1:00:00 PM org.l2jmobius.gameserver.instancemanager.GlobalVariablesManager storeMe
WARNING: GlobalVariablesManager: Couldn't save global variables to database.
java.sql.BatchUpdateException: (conn=108086) Duplicate entry 'COC_TOP_MARKS' for key 'PRIMARY'
	at org.mariadb.jdbc.MariaDbStatement.executeBatchExceptionEpilogue(MariaDbStatement.java:298)
	at org.mariadb.jdbc.ClientSidePreparedStatement.executeBatch(ClientSidePreparedStatement.java:301)
	at com.zaxxer.hikari.pool.ProxyStatement.executeBatch(ProxyStatement.java:128)
	at com.zaxxer.hikari.pool.HikariProxyPreparedStatement.executeBatch(HikariProxyPreparedStatement.java)
	at org.l2jmobius.gameserver.instancemanager.GlobalVariablesManager.storeMe(GlobalVariablesManager.java:95)
	at org.l2jmobius.gameserver.instancemanager.DailyTaskManager.onSave(DailyTaskManager.java:76)
	at java.base/jdk.internal.reflect.NativeMethodAccessorImpl.invoke0(Native Method)
	at java.base/jdk.internal.reflect.NativeMethodAccessorImpl.invoke(NativeMethodAccessorImpl.java:62)
	at java.base/jdk.internal.reflect.DelegatingMethodAccessorImpl.invoke(DelegatingMethodAccessorImpl.java:43)
	at java.base/java.lang.reflect.Method.invoke(Method.java:564)
	at org.l2jmobius.gameserver.model.eventengine.EventMethodNotification.invoke(EventMethodNotification.java:82)
	at org.l2jmobius.gameserver.model.eventengine.EventMethodNotification.execute(EventMethodNotification.java:69)
	at org.l2jmobius.gameserver.model.eventengine.EventScheduler.run(EventScheduler.java:180)
	at org.l2jmobius.gameserver.model.eventengine.EventScheduler.lambda$startScheduler$0(EventScheduler.java:129)
	at org.l2jmobius.commons.concurrent.RunnableWrapper.run(RunnableWrapper.java:38)
	at java.base/java.util.concurrent.Executors$RunnableAdapter.call(Executors.java:515)
	at java.base/java.util.concurrent.FutureTask.run$$$capture(FutureTask.java:264)
	at java.base/java.util.concurrent.FutureTask.run(FutureTask.java)
	at java.base/java.util.concurrent.ScheduledThreadPoolExecutor$ScheduledFutureTask.run(ScheduledThreadPoolExecutor.java:304)
	at java.base/java.util.concurrent.ThreadPoolExecutor.runWorker(ThreadPoolExecutor.java:1130)
	at java.base/java.util.concurrent.ThreadPoolExecutor$Worker.run(ThreadPoolExecutor.java:630)
	at java.base/java.lang.Thread.run(Thread.java:832)
Caused by: java.sql.SQLIntegrityConstraintViolationException: (conn=108086) Duplicate entry 'COC_TOP_MARKS' for key 'PRIMARY'
	at org.mariadb.jdbc.internal.util.exceptions.ExceptionMapper.get(ExceptionMapper.java:235)
	at org.mariadb.jdbc.internal.util.exceptions.ExceptionMapper.getException(ExceptionMapper.java:171)
	at org.mariadb.jdbc.MariaDbStatement.executeBatchExceptionEpilogue(MariaDbStatement.java:295)
	... 21 more
Caused by: java.sql.SQLException: Duplicate entry 'COC_TOP_MARKS' for key 'PRIMARY'
	at org.mariadb.jdbc.internal.protocol.AbstractQueryProtocol.readErrorPacket(AbstractQueryProtocol.java:1594)
	at org.mariadb.jdbc.internal.protocol.AbstractQueryProtocol.readPacket(AbstractQueryProtocol.java:1453)
	at org.mariadb.jdbc.internal.protocol.AbstractQueryProtocol.getResult(AbstractQueryProtocol.java:1415)
	at org.mariadb.jdbc.internal.protocol.AsyncMultiRead.call(AsyncMultiRead.java:142)
	at org.mariadb.jdbc.internal.protocol.AsyncMultiRead.call(AsyncMultiRead.java:68)
	at java.base/java.util.concurrent.FutureTask.run$$$capture(FutureTask.java:264)
	at java.base/java.util.concurrent.FutureTask.run(FutureTask.java)
	... 3 more

