Jun 12, 2020 8:51:12 PM org.l2jmobius.gameserver.engines.items.DocumentItem parseDocument
WARNING: Cannot create item 81160
java.lang.reflect.InvocationTargetException
	at org.l2jmobius.gameserver.engines.items.DocumentItem.makeItem(DocumentItem.java:228)
	at org.l2jmobius.gameserver.engines.items.DocumentItem.parseItem(DocumentItem.java:154)
	at org.l2jmobius.gameserver.engines.items.DocumentItem.parseDocument(DocumentItem.java:92)
	at org.l2jmobius.gameserver.engines.DocumentBase.parse(DocumentBase.java:170)
	at org.l2jmobius.gameserver.engines.DocumentEngine.loadItems(DocumentEngine.java:101)
	at org.l2jmobius.gameserver.datatables.ItemTable.load(ItemTable.java:131)
	at org.l2jmobius.gameserver.datatables.ItemTable.<init>(ItemTable.java:122)
	at org.l2jmobius.gameserver.datatables.ItemTable$SingletonHolder.<clinit>(ItemTable.java:471)
	at org.l2jmobius.gameserver.datatables.ItemTable.getInstance(ItemTable.java:117)
	at org.l2jmobius.gameserver.data.xml.impl.CombinationItemsData.lambda$parseDocument$0(CombinationItemsData.java:68)
	at org.l2jmobius.commons.util.IXmlReader.forEach(IXmlReader.java:769)
	at org.l2jmobius.commons.util.IXmlReader.forEach(IXmlReader.java:752)
	at org.l2jmobius.gameserver.data.xml.impl.CombinationItemsData.lambda$parseDocument$1(CombinationItemsData.java:62)
	at org.l2jmobius.commons.util.IXmlReader.forEach(IXmlReader.java:769)
	at org.l2jmobius.commons.util.IXmlReader.forEach(IXmlReader.java:752)
	at org.l2jmobius.gameserver.data.xml.impl.CombinationItemsData.lambda$parseDocument$2(CombinationItemsData.java:58)
	at org.l2jmobius.commons.util.IXmlReader.forEach(IXmlReader.java:769)
	at org.l2jmobius.commons.util.IXmlReader.forEach(IXmlReader.java:752)
	at org.l2jmobius.gameserver.data.xml.impl.CombinationItemsData.parseDocument(CombinationItemsData.java:58)
	at org.l2jmobius.commons.util.IXmlReader.parseFile(IXmlReader.java:102)
	at org.l2jmobius.commons.util.IXmlReader.parseDatapackFile(IXmlReader.java:76)
	at org.l2jmobius.gameserver.data.xml.impl.CombinationItemsData.load(CombinationItemsData.java:51)
	at org.l2jmobius.gameserver.data.xml.impl.CombinationItemsData.<init>(CombinationItemsData.java:44)
	at org.l2jmobius.gameserver.data.xml.impl.CombinationItemsData$SingletonHolder.<clinit>(CombinationItemsData.java:109)
	at org.l2jmobius.gameserver.data.xml.impl.CombinationItemsData.getInstance(CombinationItemsData.java:104)
	at org.l2jmobius.gameserver.GameServer.<init>(GameServer.java:218)
	at org.l2jmobius.gameserver.GameServer.main(GameServer.java:486)
Caused by: java.lang.reflect.InvocationTargetException
	at jdk.internal.reflect.GeneratedConstructorAccessor24.newInstance(Unknown Source)
	at java.base/jdk.internal.reflect.DelegatingConstructorAccessorImpl.newInstance(DelegatingConstructorAccessorImpl.java:45)
	at java.base/java.lang.reflect.Constructor.newInstanceWithCaller(Constructor.java:500)
	at java.base/java.lang.reflect.Constructor.newInstance(Constructor.java:481)
	at org.l2jmobius.gameserver.engines.items.DocumentItem.makeItem(DocumentItem.java:224)
	... 26 more
Caused by: java.lang.IllegalArgumentException: No enum constant org.l2jmobius.gameserver.model.items.type.WeaponType.FIST_WEAPON
	at java.base/java.lang.Enum.valueOf(Enum.java:273)
	at org.l2jmobius.gameserver.model.items.type.WeaponType.valueOf(WeaponType.java:25)
	at org.l2jmobius.gameserver.model.items.Weapon.set(Weapon.java:72)
	at org.l2jmobius.gameserver.model.items.Item.<init>(Item.java:186)
	at org.l2jmobius.gameserver.model.items.Weapon.<init>(Weapon.java:65)
	... 31 more

Jun 12, 2020 8:51:12 PM org.l2jmobius.gameserver.engines.items.DocumentItem parseDocument
WARNING: Cannot create item 81172
java.lang.reflect.InvocationTargetException
	at org.l2jmobius.gameserver.engines.items.DocumentItem.makeItem(DocumentItem.java:228)
	at org.l2jmobius.gameserver.engines.items.DocumentItem.parseItem(DocumentItem.java:154)
	at org.l2jmobius.gameserver.engines.items.DocumentItem.parseDocument(DocumentItem.java:92)
	at org.l2jmobius.gameserver.engines.DocumentBase.parse(DocumentBase.java:170)
	at org.l2jmobius.gameserver.engines.DocumentEngine.loadItems(DocumentEngine.java:101)
	at org.l2jmobius.gameserver.datatables.ItemTable.load(ItemTable.java:131)
	at org.l2jmobius.gameserver.datatables.ItemTable.<init>(ItemTable.java:122)
	at org.l2jmobius.gameserver.datatables.ItemTable$SingletonHolder.<clinit>(ItemTable.java:471)
	at org.l2jmobius.gameserver.datatables.ItemTable.getInstance(ItemTable.java:117)
	at org.l2jmobius.gameserver.data.xml.impl.CombinationItemsData.lambda$parseDocument$0(CombinationItemsData.java:68)
	at org.l2jmobius.commons.util.IXmlReader.forEach(IXmlReader.java:769)
	at org.l2jmobius.commons.util.IXmlReader.forEach(IXmlReader.java:752)
	at org.l2jmobius.gameserver.data.xml.impl.CombinationItemsData.lambda$parseDocument$1(CombinationItemsData.java:62)
	at org.l2jmobius.commons.util.IXmlReader.forEach(IXmlReader.java:769)
	at org.l2jmobius.commons.util.IXmlReader.forEach(IXmlReader.java:752)
	at org.l2jmobius.gameserver.data.xml.impl.CombinationItemsData.lambda$parseDocument$2(CombinationItemsData.java:58)
	at org.l2jmobius.commons.util.IXmlReader.forEach(IXmlReader.java:769)
	at org.l2jmobius.commons.util.IXmlReader.forEach(IXmlReader.java:752)
	at org.l2jmobius.gameserver.data.xml.impl.CombinationItemsData.parseDocument(CombinationItemsData.java:58)
	at org.l2jmobius.commons.util.IXmlReader.parseFile(IXmlReader.java:102)
	at org.l2jmobius.commons.util.IXmlReader.parseDatapackFile(IXmlReader.java:76)
	at org.l2jmobius.gameserver.data.xml.impl.CombinationItemsData.load(CombinationItemsData.java:51)
	at org.l2jmobius.gameserver.data.xml.impl.CombinationItemsData.<init>(CombinationItemsData.java:44)
	at org.l2jmobius.gameserver.data.xml.impl.CombinationItemsData$SingletonHolder.<clinit>(CombinationItemsData.java:109)
	at org.l2jmobius.gameserver.data.xml.impl.CombinationItemsData.getInstance(CombinationItemsData.java:104)
	at org.l2jmobius.gameserver.GameServer.<init>(GameServer.java:218)
	at org.l2jmobius.gameserver.GameServer.main(GameServer.java:486)
Caused by: java.lang.reflect.InvocationTargetException
	at jdk.internal.reflect.GeneratedConstructorAccessor24.newInstance(Unknown Source)
	at java.base/jdk.internal.reflect.DelegatingConstructorAccessorImpl.newInstance(DelegatingConstructorAccessorImpl.java:45)
	at java.base/java.lang.reflect.Constructor.newInstanceWithCaller(Constructor.java:500)
	at java.base/java.lang.reflect.Constructor.newInstance(Constructor.java:481)
	at org.l2jmobius.gameserver.engines.items.DocumentItem.makeItem(DocumentItem.java:224)
	... 26 more
Caused by: java.lang.IllegalArgumentException: No enum constant org.l2jmobius.gameserver.model.items.type.WeaponType.FIST_WEAPON
	at java.base/java.lang.Enum.valueOf(Enum.java:273)
	at org.l2jmobius.gameserver.model.items.type.WeaponType.valueOf(WeaponType.java:25)
	at org.l2jmobius.gameserver.model.items.Weapon.set(Weapon.java:72)
	at org.l2jmobius.gameserver.model.items.Item.<init>(Item.java:186)
	at org.l2jmobius.gameserver.model.items.Weapon.<init>(Weapon.java:65)
	... 31 more

Jun 12, 2020 8:53:44 PM org.l2jmobius.commons.util.IXmlReader parseFile
WARNING: Could not parse file: 55000-55099.xml
java.lang.IllegalArgumentException: Enum value of type org.l2jmobius.gameserver.model.skills.targets.TargetType required, but found: ARMOR
	at org.l2jmobius.gameserver.model.StatSet.getEnum(StatSet.java:665)
	at org.l2jmobius.gameserver.model.skills.Skill.<init>(Skill.java:275)
	at org.l2jmobius.gameserver.data.xml.impl.SkillData.lambda$parseDocument$17(SkillData.java:373)
	at java.base/java.lang.Iterable.forEach(Iterable.java:75)
	at org.l2jmobius.gameserver.data.xml.impl.SkillData.lambda$parseDocument$18(SkillData.java:366)
	at java.base/java.util.HashMap.forEach(HashMap.java:1425)
	at org.l2jmobius.gameserver.data.xml.impl.SkillData.parseDocument(SkillData.java:366)
	at org.l2jmobius.commons.util.IXmlReader.parseFile(IXmlReader.java:102)
	at org.l2jmobius.commons.util.IXmlReader.parseDirectory(IXmlReader.java:204)
	at org.l2jmobius.commons.util.IXmlReader.parseDatapackDirectory(IXmlReader.java:150)
	at org.l2jmobius.gameserver.data.xml.impl.SkillData.load(SkillData.java:217)
	at org.l2jmobius.gameserver.data.xml.impl.SkillData.reload(SkillData.java:223)
	at handlers.admincommandhandlers.AdminReload.useAdminCommand(AdminReload.java:195)
	at org.l2jmobius.gameserver.handler.AdminCommandHandler.lambda$useAdminCommand$0(AdminCommandHandler.java:127)
	at org.l2jmobius.commons.concurrent.RunnableWrapper.run(RunnableWrapper.java:38)
	at java.base/java.util.concurrent.ThreadPoolExecutor.runWorker(ThreadPoolExecutor.java:1130)
	at java.base/java.util.concurrent.ThreadPoolExecutor$Worker.run(ThreadPoolExecutor.java:630)
	at java.base/java.lang.Thread.run(Thread.java:832)

Jun 12, 2020 8:53:45 PM org.l2jmobius.gameserver.engines.items.DocumentItem parseDocument
WARNING: Cannot create item 81160
java.lang.reflect.InvocationTargetException
	at org.l2jmobius.gameserver.engines.items.DocumentItem.makeItem(DocumentItem.java:228)
	at org.l2jmobius.gameserver.engines.items.DocumentItem.parseItem(DocumentItem.java:154)
	at org.l2jmobius.gameserver.engines.items.DocumentItem.parseDocument(DocumentItem.java:92)
	at org.l2jmobius.gameserver.engines.DocumentBase.parse(DocumentBase.java:170)
	at org.l2jmobius.gameserver.engines.DocumentEngine.loadItems(DocumentEngine.java:101)
	at org.l2jmobius.gameserver.datatables.ItemTable.load(ItemTable.java:131)
	at org.l2jmobius.gameserver.datatables.ItemTable.reload(ItemTable.java:408)
	at handlers.admincommandhandlers.AdminReload.useAdminCommand(AdminReload.java:201)
	at org.l2jmobius.gameserver.handler.AdminCommandHandler.lambda$useAdminCommand$0(AdminCommandHandler.java:127)
	at org.l2jmobius.commons.concurrent.RunnableWrapper.run(RunnableWrapper.java:38)
	at java.base/java.util.concurrent.ThreadPoolExecutor.runWorker(ThreadPoolExecutor.java:1130)
	at java.base/java.util.concurrent.ThreadPoolExecutor$Worker.run(ThreadPoolExecutor.java:630)
	at java.base/java.lang.Thread.run(Thread.java:832)
Caused by: java.lang.reflect.InvocationTargetException
	at jdk.internal.reflect.GeneratedConstructorAccessor24.newInstance(Unknown Source)
	at java.base/jdk.internal.reflect.DelegatingConstructorAccessorImpl.newInstance(DelegatingConstructorAccessorImpl.java:45)
	at java.base/java.lang.reflect.Constructor.newInstanceWithCaller(Constructor.java:500)
	at java.base/java.lang.reflect.Constructor.newInstance(Constructor.java:481)
	at org.l2jmobius.gameserver.engines.items.DocumentItem.makeItem(DocumentItem.java:224)
	... 12 more
Caused by: java.lang.IllegalArgumentException: No enum constant org.l2jmobius.gameserver.model.items.type.WeaponType.FIST_WEAPON
	at java.base/java.lang.Enum.valueOf(Enum.java:273)
	at org.l2jmobius.gameserver.model.items.type.WeaponType.valueOf(WeaponType.java:25)
	at org.l2jmobius.gameserver.model.items.Weapon.set(Weapon.java:72)
	at org.l2jmobius.gameserver.model.items.Item.<init>(Item.java:186)
	at org.l2jmobius.gameserver.model.items.Weapon.<init>(Weapon.java:65)
	... 17 more

Jun 12, 2020 8:53:45 PM org.l2jmobius.gameserver.engines.items.DocumentItem parseDocument
WARNING: Cannot create item 81172
java.lang.reflect.InvocationTargetException
	at org.l2jmobius.gameserver.engines.items.DocumentItem.makeItem(DocumentItem.java:228)
	at org.l2jmobius.gameserver.engines.items.DocumentItem.parseItem(DocumentItem.java:154)
	at org.l2jmobius.gameserver.engines.items.DocumentItem.parseDocument(DocumentItem.java:92)
	at org.l2jmobius.gameserver.engines.DocumentBase.parse(DocumentBase.java:170)
	at org.l2jmobius.gameserver.engines.DocumentEngine.loadItems(DocumentEngine.java:101)
	at org.l2jmobius.gameserver.datatables.ItemTable.load(ItemTable.java:131)
	at org.l2jmobius.gameserver.datatables.ItemTable.reload(ItemTable.java:408)
	at handlers.admincommandhandlers.AdminReload.useAdminCommand(AdminReload.java:201)
	at org.l2jmobius.gameserver.handler.AdminCommandHandler.lambda$useAdminCommand$0(AdminCommandHandler.java:127)
	at org.l2jmobius.commons.concurrent.RunnableWrapper.run(RunnableWrapper.java:38)
	at java.base/java.util.concurrent.ThreadPoolExecutor.runWorker(ThreadPoolExecutor.java:1130)
	at java.base/java.util.concurrent.ThreadPoolExecutor$Worker.run(ThreadPoolExecutor.java:630)
	at java.base/java.lang.Thread.run(Thread.java:832)
Caused by: java.lang.reflect.InvocationTargetException
	at jdk.internal.reflect.GeneratedConstructorAccessor24.newInstance(Unknown Source)
	at java.base/jdk.internal.reflect.DelegatingConstructorAccessorImpl.newInstance(DelegatingConstructorAccessorImpl.java:45)
	at java.base/java.lang.reflect.Constructor.newInstanceWithCaller(Constructor.java:500)
	at java.base/java.lang.reflect.Constructor.newInstance(Constructor.java:481)
	at org.l2jmobius.gameserver.engines.items.DocumentItem.makeItem(DocumentItem.java:224)
	... 12 more
Caused by: java.lang.IllegalArgumentException: No enum constant org.l2jmobius.gameserver.model.items.type.WeaponType.FIST_WEAPON
	at java.base/java.lang.Enum.valueOf(Enum.java:273)
	at org.l2jmobius.gameserver.model.items.type.WeaponType.valueOf(WeaponType.java:25)
	at org.l2jmobius.gameserver.model.items.Weapon.set(Weapon.java:72)
	at org.l2jmobius.gameserver.model.items.Item.<init>(Item.java:186)
	at org.l2jmobius.gameserver.model.items.Weapon.<init>(Weapon.java:65)
	... 17 more

