2020.06.12 17:27:17,486	WARNING	1	org.l2jmobius.commons.util.PropertiesParser	[Event.ini] missing property for key: INSTANCED_EVENT_MIN_PLAYERS_IN_TEAMS using default value: 1
2020.06.12 17:27:17,533	INFO	1	org.l2jmobius.commons.util.IXmlReader	Network Config: ipconfig.xml doesn't exists using automatic configuration...
2020.06.12 17:27:17,799	INFO	1	org.l2jmobius.commons.util.IXmlReader	Network Config: Adding new subnet: 127.0.0.0/8 address: 127.0.0.1
2020.06.12 17:27:17,808	INFO	1	org.l2jmobius.commons.util.IXmlReader	Network Config: Adding new subnet: 116.202.247.0/26 address: 116.202.247.51
2020.06.12 17:27:17,812	INFO	1	org.l2jmobius.commons.util.IXmlReader	Network Config: Adding new subnet: 0.0.0.0/0 address: 116.202.247.51
2020.06.12 17:27:17,847	WARNING	1	org.l2jmobius.commons.util.PropertiesParser	[Rates.ini] Invalid value specified for key: RateQuestRewardXP specified value: 1* should be "float" using default value: 1.0
2020.06.12 17:27:17,855	INFO	1	org.l2jmobius.Config	Loaded 1 Filter Words.
2020.06.12 17:27:18,307	INFO	1	org.l2jmobius.gameserver.GameServer	------------------------------------------------=[ Database ]
2020.06.12 17:27:18,398	INFO	25	org.l2jmobius.gameserver.model.World	World: (288 by 272) World Region Grid set up.
2020.06.12 17:27:18,404	INFO	1	org.l2jmobius.commons.database.DatabaseFactory	Database: Initialized.
2020.06.12 17:27:18,405	INFO	1	org.l2jmobius.gameserver.GameServer	----------------------------------------------=[ ThreadPool ]
2020.06.12 17:27:18,411	INFO	1	org.l2jmobius.commons.concurrent.ThreadPool	ThreadPool: Initialized
2020.06.12 17:27:18,411	INFO	1	org.l2jmobius.commons.concurrent.ThreadPool	...scheduled pool executor with 40 total threads.
2020.06.12 17:27:18,411	INFO	1	org.l2jmobius.commons.concurrent.ThreadPool	...instant pool executor with 20 total threads.
2020.06.12 17:27:18,412	INFO	1	org.l2jmobius.gameserver.GameServer	-----------------------------------------------=[ IdFactory ]
2020.06.12 17:27:18,416	INFO	1	org.l2jmobius.gameserver.idfactory.IdFactory	Updated characters online status.
2020.06.12 17:27:18,445	INFO	1	org.l2jmobius.gameserver.idfactory.IdFactory	IdFactory: Cleaned 0 elements from database in 0 seconds.
2020.06.12 17:27:18,453	INFO	1	org.l2jmobius.gameserver.idfactory.IdFactory	IdFactory: Cleaned 0 expired timestamps from database.
2020.06.12 17:27:18,477	WARNING	1	org.l2jmobius.gameserver.idfactory.IdFactory	IdFactory: Object ID 0 in DB is less than minimum ID of 268435456
2020.06.12 17:27:18,480	INFO	1	org.l2jmobius.gameserver.idfactory.IdFactory	IdFactory: 411648 id's available.
2020.06.12 17:27:18,480	INFO	1	org.l2jmobius.gameserver.GameServer	----------------------------------------=[ Scripting Engine ]
2020.06.12 17:27:18,660	INFO	1	org.l2jmobius.gameserver.scripting.ScriptEngineManager	Loaded 803 files to exclude.
2020.06.12 17:27:18,660	INFO	1	org.l2jmobius.gameserver.GameServer	--------------------------------------------------=[ Telnet ]
2020.06.12 17:27:18,793	INFO	1	org.l2jmobius.gameserver.network.telnet.TelnetServer	Telnet server is currently disabled.
2020.06.12 17:27:18,794	INFO	1	org.l2jmobius.gameserver.GameServer	---------------------------------------------------=[ World ]
2020.06.12 17:27:18,796	INFO	91	org.l2jmobius.gameserver.GameTimeController	GameTimeController: Started.
2020.06.12 17:27:18,986	INFO	1	org.l2jmobius.gameserver.instancemanager.MapRegionManager	MapRegionManager: Loaded 61 map regions.
2020.06.12 17:27:18,991	INFO	1	org.l2jmobius.gameserver.instancemanager.ZoneManager	ZoneManager 19 by 18 Zone Region Grid set up.
2020.06.12 17:27:19,166	CONFIG	1	org.l2jmobius.gameserver.instancemanager.ZoneManager	ZoneManager: Caution: Zone (80013) from file: event_zones.xml overrides previous definition.
2020.06.12 17:27:19,167	CONFIG	1	org.l2jmobius.gameserver.instancemanager.ZoneManager	ZoneManager: Caution: Zone (80014) from file: event_zones.xml overrides previous definition.
2020.06.12 17:27:19,167	CONFIG	1	org.l2jmobius.gameserver.instancemanager.ZoneManager	ZoneManager: Caution: Zone (80015) from file: event_zones.xml overrides previous definition.
2020.06.12 17:27:19,168	CONFIG	1	org.l2jmobius.gameserver.instancemanager.ZoneManager	ZoneManager: Caution: Zone (80016) from file: event_zones.xml overrides previous definition.
2020.06.12 17:27:19,168	CONFIG	1	org.l2jmobius.gameserver.instancemanager.ZoneManager	ZoneManager: Caution: Zone (80018) from file: event_zones.xml overrides previous definition.
2020.06.12 17:27:19,168	CONFIG	1	org.l2jmobius.gameserver.instancemanager.ZoneManager	ZoneManager: Caution: Zone (80020) from file: event_zones.xml overrides previous definition.
2020.06.12 17:27:19,168	CONFIG	1	org.l2jmobius.gameserver.instancemanager.ZoneManager	ZoneManager: Caution: Zone (80022) from file: event_zones.xml overrides previous definition.
2020.06.12 17:27:19,169	CONFIG	1	org.l2jmobius.gameserver.instancemanager.ZoneManager	ZoneManager: Caution: Zone (80023) from file: event_zones.xml overrides previous definition.
2020.06.12 17:27:19,169	CONFIG	1	org.l2jmobius.gameserver.instancemanager.ZoneManager	ZoneManager: Caution: Zone (80027) from file: event_zones.xml overrides previous definition.
2020.06.12 17:27:19,170	CONFIG	1	org.l2jmobius.gameserver.instancemanager.ZoneManager	ZoneManager: Caution: Zone (80028) from file: event_zones.xml overrides previous definition.
2020.06.12 17:27:19,170	CONFIG	1	org.l2jmobius.gameserver.instancemanager.ZoneManager	ZoneManager: Caution: Zone (80029) from file: event_zones.xml overrides previous definition.
2020.06.12 17:27:19,170	CONFIG	1	org.l2jmobius.gameserver.instancemanager.ZoneManager	ZoneManager: Caution: Zone (80031) from file: event_zones.xml overrides previous definition.
2020.06.12 17:27:19,170	CONFIG	1	org.l2jmobius.gameserver.instancemanager.ZoneManager	ZoneManager: Caution: Zone (80033) from file: event_zones.xml overrides previous definition.
2020.06.12 17:27:19,436	INFO	1	org.l2jmobius.gameserver.instancemanager.ZoneManager	ZoneManager: Loaded 36 zone classes and 2895 zones.
2020.06.12 17:27:19,437	INFO	1	org.l2jmobius.gameserver.instancemanager.ZoneManager	ZoneManager: Loaded 16 NPC spawn territoriers.
2020.06.12 17:27:19,440	INFO	1	org.l2jmobius.gameserver.instancemanager.ZoneManager	ZoneManager: Last static id 210110.
2020.06.12 17:27:19,726	INFO	1	org.l2jmobius.gameserver.data.xml.impl.DoorData	DoorData: Loaded 1516 Door Templates for 24 regions.
2020.06.12 17:27:19,734	INFO	1	FenceData	FenceData: Loaded 1 fences.
2020.06.12 17:27:19,742	INFO	1	org.l2jmobius.gameserver.instancemanager.GlobalVariablesManager	GlobalVariablesManager: Loaded 13 variables.
2020.06.12 17:27:19,742	INFO	1	org.l2jmobius.gameserver.GameServer	----------------------------------------------------=[ Data ]
2020.06.12 17:27:19,752	INFO	1	org.l2jmobius.gameserver.data.xml.impl.ActionData	ActionData: Loaded 216 player actions.
2020.06.12 17:27:19,792	INFO	1	org.l2jmobius.gameserver.data.xml.impl.CategoryData	CategoryData: Loaded 215 categories.
2020.06.12 17:27:19,800	INFO	1	org.l2jmobius.gameserver.data.xml.impl.SecondaryAuthData	SecondaryAuthData: Loaded 328 forbidden passwords.
2020.06.12 17:27:19,850	WARNING	1	org.l2jmobius.gameserver.engines.DocumentEngine	Dir C:\Users\Administrator\IdeaProjects\tenkai_pow3\data\stats\items\custom does not exist.
2020.06.12 17:27:21,795	WARNING	1	org.l2jmobius.gameserver.engines.items.DocumentItem	Cannot create item 81160
2020.06.12 17:27:21,807	WARNING	1	org.l2jmobius.gameserver.engines.items.DocumentItem	Cannot create item 81172
2020.06.12 17:27:21,830	INFO	1	org.l2jmobius.gameserver.datatables.ItemTable	ItemTable: Highest item id used: 91746
2020.06.12 17:27:21,843	INFO	1	org.l2jmobius.gameserver.datatables.ItemTable	ItemTable: Loaded 22639 Etc Items
2020.06.12 17:27:21,843	INFO	1	org.l2jmobius.gameserver.datatables.ItemTable	ItemTable: Loaded 12312 Armor Items
2020.06.12 17:27:21,843	INFO	1	org.l2jmobius.gameserver.datatables.ItemTable	ItemTable: Loaded 9033 Weapon Items
2020.06.12 17:27:21,844	INFO	1	org.l2jmobius.gameserver.datatables.ItemTable	ItemTable: Loaded 43984 Items in total.
2020.06.12 17:27:21,854	INFO	1	org.l2jmobius.gameserver.data.xml.impl.CombinationItemsData	CombinationItemsData: Loaded 1377 combinations.
2020.06.12 17:27:21,868	INFO	1	org.l2jmobius.gameserver.data.xml.impl.SayuneData	SayuneData: Loaded 71 maps.
2020.06.12 17:27:22,530	INFO	1	handlers.DailyMissionMasterHandler	DailyMissionMasterHandler:  Loaded 10 handlers.
2020.06.12 17:27:22,554	INFO	1	org.l2jmobius.gameserver.data.xml.impl.DailyMissionData	DailyMissionData: Loaded 46 one day rewards.
2020.06.12 17:27:22,554	INFO	1	org.l2jmobius.gameserver.GameServer	--------------------------------------------------=[ Skills ]
2020.06.12 17:27:24,085	INFO	1	handlers.EffectMasterHandler	EffectMasterHandler: Loaded 353 effect handlers.
2020.06.12 17:27:24,102	INFO	1	org.l2jmobius.gameserver.data.xml.impl.EnchantSkillGroupsData	EnchantSkillGroupsData: Loaded 20 enchant routes, max enchant set to 20.
2020.06.12 17:27:27,736	WARNING	1	org.l2jmobius.gameserver.data.xml.impl.SkillData	SkillData: Missing effect for Skill Id[13065] Level[1] SubLevel[0] Effect Scope[GENERAL] Effect Name[AttributeDefence]
2020.06.12 17:27:27,736	WARNING	1	org.l2jmobius.gameserver.data.xml.impl.SkillData	SkillData: Missing effect for Skill Id[13065] Level[1] SubLevel[0] Effect Scope[GENERAL] Effect Name[AttributeDefence]
2020.06.12 17:27:27,736	WARNING	1	org.l2jmobius.gameserver.data.xml.impl.SkillData	SkillData: Missing effect for Skill Id[13065] Level[1] SubLevel[0] Effect Scope[GENERAL] Effect Name[AttributeDefence]
2020.06.12 17:27:27,736	WARNING	1	org.l2jmobius.gameserver.data.xml.impl.SkillData	SkillData: Missing effect for Skill Id[13065] Level[1] SubLevel[0] Effect Scope[GENERAL] Effect Name[AttributeDefence]
2020.06.12 17:27:27,736	WARNING	1	org.l2jmobius.gameserver.data.xml.impl.SkillData	SkillData: Missing effect for Skill Id[13065] Level[1] SubLevel[0] Effect Scope[GENERAL] Effect Name[AttributeDefence]
2020.06.12 17:27:27,736	WARNING	1	org.l2jmobius.gameserver.data.xml.impl.SkillData	SkillData: Missing effect for Skill Id[13065] Level[1] SubLevel[0] Effect Scope[GENERAL] Effect Name[AttributeDefence]
2020.06.12 17:27:27,736	WARNING	1	org.l2jmobius.gameserver.data.xml.impl.SkillData	SkillData: Missing effect for Skill Id[13065] Level[2] SubLevel[0] Effect Scope[GENERAL] Effect Name[AttributeDefence]
2020.06.12 17:27:27,736	WARNING	1	org.l2jmobius.gameserver.data.xml.impl.SkillData	SkillData: Missing effect for Skill Id[13065] Level[2] SubLevel[0] Effect Scope[GENERAL] Effect Name[AttributeDefence]
2020.06.12 17:27:27,737	WARNING	1	org.l2jmobius.gameserver.data.xml.impl.SkillData	SkillData: Missing effect for Skill Id[13065] Level[2] SubLevel[0] Effect Scope[GENERAL] Effect Name[AttributeDefence]
2020.06.12 17:27:27,737	WARNING	1	org.l2jmobius.gameserver.data.xml.impl.SkillData	SkillData: Missing effect for Skill Id[13065] Level[2] SubLevel[0] Effect Scope[GENERAL] Effect Name[AttributeDefence]
2020.06.12 17:27:27,737	WARNING	1	org.l2jmobius.gameserver.data.xml.impl.SkillData	SkillData: Missing effect for Skill Id[13065] Level[2] SubLevel[0] Effect Scope[GENERAL] Effect Name[AttributeDefence]
2020.06.12 17:27:27,737	WARNING	1	org.l2jmobius.gameserver.data.xml.impl.SkillData	SkillData: Missing effect for Skill Id[13065] Level[2] SubLevel[0] Effect Scope[GENERAL] Effect Name[AttributeDefence]
2020.06.12 17:27:27,737	WARNING	1	org.l2jmobius.gameserver.data.xml.impl.SkillData	SkillData: Missing effect for Skill Id[13065] Level[3] SubLevel[0] Effect Scope[GENERAL] Effect Name[AttributeDefence]
2020.06.12 17:27:27,737	WARNING	1	org.l2jmobius.gameserver.data.xml.impl.SkillData	SkillData: Missing effect for Skill Id[13065] Level[3] SubLevel[0] Effect Scope[GENERAL] Effect Name[AttributeDefence]
2020.06.12 17:27:27,737	WARNING	1	org.l2jmobius.gameserver.data.xml.impl.SkillData	SkillData: Missing effect for Skill Id[13065] Level[3] SubLevel[0] Effect Scope[GENERAL] Effect Name[AttributeDefence]
2020.06.12 17:27:27,737	WARNING	1	org.l2jmobius.gameserver.data.xml.impl.SkillData	SkillData: Missing effect for Skill Id[13065] Level[3] SubLevel[0] Effect Scope[GENERAL] Effect Name[AttributeDefence]
2020.06.12 17:27:27,737	WARNING	1	org.l2jmobius.gameserver.data.xml.impl.SkillData	SkillData: Missing effect for Skill Id[13065] Level[3] SubLevel[0] Effect Scope[GENERAL] Effect Name[AttributeDefence]
2020.06.12 17:27:27,737	WARNING	1	org.l2jmobius.gameserver.data.xml.impl.SkillData	SkillData: Missing effect for Skill Id[13065] Level[3] SubLevel[0] Effect Scope[GENERAL] Effect Name[AttributeDefence]
2020.06.12 17:27:27,737	WARNING	1	org.l2jmobius.gameserver.data.xml.impl.SkillData	SkillData: Missing effect for Skill Id[13065] Level[4] SubLevel[0] Effect Scope[GENERAL] Effect Name[AttributeDefence]
2020.06.12 17:27:27,737	WARNING	1	org.l2jmobius.gameserver.data.xml.impl.SkillData	SkillData: Missing effect for Skill Id[13065] Level[4] SubLevel[0] Effect Scope[GENERAL] Effect Name[AttributeDefence]
2020.06.12 17:27:27,738	WARNING	1	org.l2jmobius.gameserver.data.xml.impl.SkillData	SkillData: Missing effect for Skill Id[13065] Level[4] SubLevel[0] Effect Scope[GENERAL] Effect Name[AttributeDefence]
2020.06.12 17:27:27,738	WARNING	1	org.l2jmobius.gameserver.data.xml.impl.SkillData	SkillData: Missing effect for Skill Id[13065] Level[4] SubLevel[0] Effect Scope[GENERAL] Effect Name[AttributeDefence]
2020.06.12 17:27:27,738	WARNING	1	org.l2jmobius.gameserver.data.xml.impl.SkillData	SkillData: Missing effect for Skill Id[13065] Level[4] SubLevel[0] Effect Scope[GENERAL] Effect Name[AttributeDefence]
2020.06.12 17:27:27,738	WARNING	1	org.l2jmobius.gameserver.data.xml.impl.SkillData	SkillData: Missing effect for Skill Id[13065] Level[4] SubLevel[0] Effect Scope[GENERAL] Effect Name[AttributeDefence]
2020.06.12 17:27:27,738	WARNING	1	org.l2jmobius.gameserver.data.xml.impl.SkillData	SkillData: Missing effect for Skill Id[13066] Level[1] SubLevel[0] Effect Scope[GENERAL] Effect Name[AttributeDefence]
2020.06.12 17:27:27,738	WARNING	1	org.l2jmobius.gameserver.data.xml.impl.SkillData	SkillData: Missing effect for Skill Id[13066] Level[1] SubLevel[0] Effect Scope[GENERAL] Effect Name[AttributeDefence]
2020.06.12 17:27:27,738	WARNING	1	org.l2jmobius.gameserver.data.xml.impl.SkillData	SkillData: Missing effect for Skill Id[13066] Level[1] SubLevel[0] Effect Scope[GENERAL] Effect Name[AttributeDefence]
2020.06.12 17:27:27,738	WARNING	1	org.l2jmobius.gameserver.data.xml.impl.SkillData	SkillData: Missing effect for Skill Id[13066] Level[1] SubLevel[0] Effect Scope[GENERAL] Effect Name[AttributeDefence]
2020.06.12 17:27:27,738	WARNING	1	org.l2jmobius.gameserver.data.xml.impl.SkillData	SkillData: Missing effect for Skill Id[13066] Level[1] SubLevel[0] Effect Scope[GENERAL] Effect Name[AttributeDefence]
2020.06.12 17:27:27,738	WARNING	1	org.l2jmobius.gameserver.data.xml.impl.SkillData	SkillData: Missing effect for Skill Id[13066] Level[1] SubLevel[0] Effect Scope[GENERAL] Effect Name[AttributeDefence]
2020.06.12 17:27:27,738	WARNING	1	org.l2jmobius.gameserver.data.xml.impl.SkillData	SkillData: Missing effect for Skill Id[13066] Level[2] SubLevel[0] Effect Scope[GENERAL] Effect Name[AttributeDefence]
2020.06.12 17:27:27,738	WARNING	1	org.l2jmobius.gameserver.data.xml.impl.SkillData	SkillData: Missing effect for Skill Id[13066] Level[2] SubLevel[0] Effect Scope[GENERAL] Effect Name[AttributeDefence]
2020.06.12 17:27:27,739	WARNING	1	org.l2jmobius.gameserver.data.xml.impl.SkillData	SkillData: Missing effect for Skill Id[13066] Level[2] SubLevel[0] Effect Scope[GENERAL] Effect Name[AttributeDefence]
2020.06.12 17:27:27,739	WARNING	1	org.l2jmobius.gameserver.data.xml.impl.SkillData	SkillData: Missing effect for Skill Id[13066] Level[2] SubLevel[0] Effect Scope[GENERAL] Effect Name[AttributeDefence]
2020.06.12 17:27:27,739	WARNING	1	org.l2jmobius.gameserver.data.xml.impl.SkillData	SkillData: Missing effect for Skill Id[13066] Level[2] SubLevel[0] Effect Scope[GENERAL] Effect Name[AttributeDefence]
2020.06.12 17:27:27,739	WARNING	1	org.l2jmobius.gameserver.data.xml.impl.SkillData	SkillData: Missing effect for Skill Id[13066] Level[2] SubLevel[0] Effect Scope[GENERAL] Effect Name[AttributeDefence]
2020.06.12 17:27:27,739	WARNING	1	org.l2jmobius.gameserver.data.xml.impl.SkillData	SkillData: Missing effect for Skill Id[13066] Level[3] SubLevel[0] Effect Scope[GENERAL] Effect Name[AttributeDefence]
2020.06.12 17:27:27,739	WARNING	1	org.l2jmobius.gameserver.data.xml.impl.SkillData	SkillData: Missing effect for Skill Id[13066] Level[3] SubLevel[0] Effect Scope[GENERAL] Effect Name[AttributeDefence]
2020.06.12 17:27:27,739	WARNING	1	org.l2jmobius.gameserver.data.xml.impl.SkillData	SkillData: Missing effect for Skill Id[13066] Level[3] SubLevel[0] Effect Scope[GENERAL] Effect Name[AttributeDefence]
2020.06.12 17:27:27,739	WARNING	1	org.l2jmobius.gameserver.data.xml.impl.SkillData	SkillData: Missing effect for Skill Id[13066] Level[3] SubLevel[0] Effect Scope[GENERAL] Effect Name[AttributeDefence]
2020.06.12 17:27:27,739	WARNING	1	org.l2jmobius.gameserver.data.xml.impl.SkillData	SkillData: Missing effect for Skill Id[13066] Level[3] SubLevel[0] Effect Scope[GENERAL] Effect Name[AttributeDefence]
2020.06.12 17:27:27,739	WARNING	1	org.l2jmobius.gameserver.data.xml.impl.SkillData	SkillData: Missing effect for Skill Id[13066] Level[3] SubLevel[0] Effect Scope[GENERAL] Effect Name[AttributeDefence]
2020.06.12 17:27:27,739	WARNING	1	org.l2jmobius.gameserver.data.xml.impl.SkillData	SkillData: Missing effect for Skill Id[13066] Level[4] SubLevel[0] Effect Scope[GENERAL] Effect Name[AttributeDefence]
2020.06.12 17:27:27,740	WARNING	1	org.l2jmobius.gameserver.data.xml.impl.SkillData	SkillData: Missing effect for Skill Id[13066] Level[4] SubLevel[0] Effect Scope[GENERAL] Effect Name[AttributeDefence]
2020.06.12 17:27:27,740	WARNING	1	org.l2jmobius.gameserver.data.xml.impl.SkillData	SkillData: Missing effect for Skill Id[13066] Level[4] SubLevel[0] Effect Scope[GENERAL] Effect Name[AttributeDefence]
2020.06.12 17:27:27,740	WARNING	1	org.l2jmobius.gameserver.data.xml.impl.SkillData	SkillData: Missing effect for Skill Id[13066] Level[4] SubLevel[0] Effect Scope[GENERAL] Effect Name[AttributeDefence]
2020.06.12 17:27:27,740	WARNING	1	org.l2jmobius.gameserver.data.xml.impl.SkillData	SkillData: Missing effect for Skill Id[13066] Level[4] SubLevel[0] Effect Scope[GENERAL] Effect Name[AttributeDefence]
2020.06.12 17:27:27,740	WARNING	1	org.l2jmobius.gameserver.data.xml.impl.SkillData	SkillData: Missing effect for Skill Id[13066] Level[4] SubLevel[0] Effect Scope[GENERAL] Effect Name[AttributeDefence]
2020.06.12 17:27:27,740	WARNING	1	org.l2jmobius.gameserver.data.xml.impl.SkillData	SkillData: Missing effect for Skill Id[13067] Level[1] SubLevel[0] Effect Scope[GENERAL] Effect Name[AttributeDefence]
2020.06.12 17:27:27,740	WARNING	1	org.l2jmobius.gameserver.data.xml.impl.SkillData	SkillData: Missing effect for Skill Id[13067] Level[1] SubLevel[0] Effect Scope[GENERAL] Effect Name[AttributeDefence]
2020.06.12 17:27:27,740	WARNING	1	org.l2jmobius.gameserver.data.xml.impl.SkillData	SkillData: Missing effect for Skill Id[13067] Level[1] SubLevel[0] Effect Scope[GENERAL] Effect Name[AttributeDefence]
2020.06.12 17:27:27,740	WARNING	1	org.l2jmobius.gameserver.data.xml.impl.SkillData	SkillData: Missing effect for Skill Id[13067] Level[1] SubLevel[0] Effect Scope[GENERAL] Effect Name[AttributeDefence]
2020.06.12 17:27:27,740	WARNING	1	org.l2jmobius.gameserver.data.xml.impl.SkillData	SkillData: Missing effect for Skill Id[13067] Level[1] SubLevel[0] Effect Scope[GENERAL] Effect Name[AttributeDefence]
2020.06.12 17:27:27,740	WARNING	1	org.l2jmobius.gameserver.data.xml.impl.SkillData	SkillData: Missing effect for Skill Id[13067] Level[1] SubLevel[0] Effect Scope[GENERAL] Effect Name[AttributeDefence]
2020.06.12 17:27:27,741	WARNING	1	org.l2jmobius.gameserver.data.xml.impl.SkillData	SkillData: Missing effect for Skill Id[13067] Level[2] SubLevel[0] Effect Scope[GENERAL] Effect Name[AttributeDefence]
2020.06.12 17:27:27,741	WARNING	1	org.l2jmobius.gameserver.data.xml.impl.SkillData	SkillData: Missing effect for Skill Id[13067] Level[2] SubLevel[0] Effect Scope[GENERAL] Effect Name[AttributeDefence]
2020.06.12 17:27:27,741	WARNING	1	org.l2jmobius.gameserver.data.xml.impl.SkillData	SkillData: Missing effect for Skill Id[13067] Level[2] SubLevel[0] Effect Scope[GENERAL] Effect Name[AttributeDefence]
2020.06.12 17:27:27,741	WARNING	1	org.l2jmobius.gameserver.data.xml.impl.SkillData	SkillData: Missing effect for Skill Id[13067] Level[2] SubLevel[0] Effect Scope[GENERAL] Effect Name[AttributeDefence]
2020.06.12 17:27:27,741	WARNING	1	org.l2jmobius.gameserver.data.xml.impl.SkillData	SkillData: Missing effect for Skill Id[13067] Level[2] SubLevel[0] Effect Scope[GENERAL] Effect Name[AttributeDefence]
2020.06.12 17:27:27,741	WARNING	1	org.l2jmobius.gameserver.data.xml.impl.SkillData	SkillData: Missing effect for Skill Id[13067] Level[2] SubLevel[0] Effect Scope[GENERAL] Effect Name[AttributeDefence]
2020.06.12 17:27:27,741	WARNING	1	org.l2jmobius.gameserver.data.xml.impl.SkillData	SkillData: Missing effect for Skill Id[13067] Level[3] SubLevel[0] Effect Scope[GENERAL] Effect Name[AttributeDefence]
2020.06.12 17:27:27,742	WARNING	1	org.l2jmobius.gameserver.data.xml.impl.SkillData	SkillData: Missing effect for Skill Id[13067] Level[3] SubLevel[0] Effect Scope[GENERAL] Effect Name[AttributeDefence]
2020.06.12 17:27:27,742	WARNING	1	org.l2jmobius.gameserver.data.xml.impl.SkillData	SkillData: Missing effect for Skill Id[13067] Level[3] SubLevel[0] Effect Scope[GENERAL] Effect Name[AttributeDefence]
2020.06.12 17:27:27,742	WARNING	1	org.l2jmobius.gameserver.data.xml.impl.SkillData	SkillData: Missing effect for Skill Id[13067] Level[3] SubLevel[0] Effect Scope[GENERAL] Effect Name[AttributeDefence]
2020.06.12 17:27:27,742	WARNING	1	org.l2jmobius.gameserver.data.xml.impl.SkillData	SkillData: Missing effect for Skill Id[13067] Level[3] SubLevel[0] Effect Scope[GENERAL] Effect Name[AttributeDefence]
2020.06.12 17:27:27,742	WARNING	1	org.l2jmobius.gameserver.data.xml.impl.SkillData	SkillData: Missing effect for Skill Id[13067] Level[3] SubLevel[0] Effect Scope[GENERAL] Effect Name[AttributeDefence]
2020.06.12 17:27:27,742	WARNING	1	org.l2jmobius.gameserver.data.xml.impl.SkillData	SkillData: Missing effect for Skill Id[13067] Level[4] SubLevel[0] Effect Scope[GENERAL] Effect Name[AttributeDefence]
2020.06.12 17:27:27,742	WARNING	1	org.l2jmobius.gameserver.data.xml.impl.SkillData	SkillData: Missing effect for Skill Id[13067] Level[4] SubLevel[0] Effect Scope[GENERAL] Effect Name[AttributeDefence]
2020.06.12 17:27:27,742	WARNING	1	org.l2jmobius.gameserver.data.xml.impl.SkillData	SkillData: Missing effect for Skill Id[13067] Level[4] SubLevel[0] Effect Scope[GENERAL] Effect Name[AttributeDefence]
2020.06.12 17:27:27,742	WARNING	1	org.l2jmobius.gameserver.data.xml.impl.SkillData	SkillData: Missing effect for Skill Id[13067] Level[4] SubLevel[0] Effect Scope[GENERAL] Effect Name[AttributeDefence]
2020.06.12 17:27:27,743	WARNING	1	org.l2jmobius.gameserver.data.xml.impl.SkillData	SkillData: Missing effect for Skill Id[13067] Level[4] SubLevel[0] Effect Scope[GENERAL] Effect Name[AttributeDefence]
2020.06.12 17:27:27,743	WARNING	1	org.l2jmobius.gameserver.data.xml.impl.SkillData	SkillData: Missing effect for Skill Id[13067] Level[4] SubLevel[0] Effect Scope[GENERAL] Effect Name[AttributeDefence]
2020.06.12 17:27:27,743	WARNING	1	org.l2jmobius.gameserver.data.xml.impl.SkillData	SkillData: Missing effect for Skill Id[13068] Level[1] SubLevel[0] Effect Scope[GENERAL] Effect Name[AttributeDefence]
2020.06.12 17:27:27,743	WARNING	1	org.l2jmobius.gameserver.data.xml.impl.SkillData	SkillData: Missing effect for Skill Id[13068] Level[1] SubLevel[0] Effect Scope[GENERAL] Effect Name[AttributeDefence]
2020.06.12 17:27:27,743	WARNING	1	org.l2jmobius.gameserver.data.xml.impl.SkillData	SkillData: Missing effect for Skill Id[13068] Level[1] SubLevel[0] Effect Scope[GENERAL] Effect Name[AttributeDefence]
2020.06.12 17:27:27,743	WARNING	1	org.l2jmobius.gameserver.data.xml.impl.SkillData	SkillData: Missing effect for Skill Id[13068] Level[1] SubLevel[0] Effect Scope[GENERAL] Effect Name[AttributeDefence]
2020.06.12 17:27:27,743	WARNING	1	org.l2jmobius.gameserver.data.xml.impl.SkillData	SkillData: Missing effect for Skill Id[13068] Level[1] SubLevel[0] Effect Scope[GENERAL] Effect Name[AttributeDefence]
2020.06.12 17:27:27,743	WARNING	1	org.l2jmobius.gameserver.data.xml.impl.SkillData	SkillData: Missing effect for Skill Id[13068] Level[1] SubLevel[0] Effect Scope[GENERAL] Effect Name[AttributeDefence]
2020.06.12 17:27:27,744	WARNING	1	org.l2jmobius.gameserver.data.xml.impl.SkillData	SkillData: Missing effect for Skill Id[13068] Level[2] SubLevel[0] Effect Scope[GENERAL] Effect Name[AttributeDefence]
2020.06.12 17:27:27,744	WARNING	1	org.l2jmobius.gameserver.data.xml.impl.SkillData	SkillData: Missing effect for Skill Id[13068] Level[2] SubLevel[0] Effect Scope[GENERAL] Effect Name[AttributeDefence]
2020.06.12 17:27:27,744	WARNING	1	org.l2jmobius.gameserver.data.xml.impl.SkillData	SkillData: Missing effect for Skill Id[13068] Level[2] SubLevel[0] Effect Scope[GENERAL] Effect Name[AttributeDefence]
2020.06.12 17:27:27,744	WARNING	1	org.l2jmobius.gameserver.data.xml.impl.SkillData	SkillData: Missing effect for Skill Id[13068] Level[2] SubLevel[0] Effect Scope[GENERAL] Effect Name[AttributeDefence]
2020.06.12 17:27:27,744	WARNING	1	org.l2jmobius.gameserver.data.xml.impl.SkillData	SkillData: Missing effect for Skill Id[13068] Level[2] SubLevel[0] Effect Scope[GENERAL] Effect Name[AttributeDefence]
2020.06.12 17:27:27,744	WARNING	1	org.l2jmobius.gameserver.data.xml.impl.SkillData	SkillData: Missing effect for Skill Id[13068] Level[2] SubLevel[0] Effect Scope[GENERAL] Effect Name[AttributeDefence]
2020.06.12 17:27:27,744	WARNING	1	org.l2jmobius.gameserver.data.xml.impl.SkillData	SkillData: Missing effect for Skill Id[13068] Level[3] SubLevel[0] Effect Scope[GENERAL] Effect Name[AttributeDefence]
2020.06.12 17:27:27,744	WARNING	1	org.l2jmobius.gameserver.data.xml.impl.SkillData	SkillData: Missing effect for Skill Id[13068] Level[3] SubLevel[0] Effect Scope[GENERAL] Effect Name[AttributeDefence]
2020.06.12 17:27:27,744	WARNING	1	org.l2jmobius.gameserver.data.xml.impl.SkillData	SkillData: Missing effect for Skill Id[13068] Level[3] SubLevel[0] Effect Scope[GENERAL] Effect Name[AttributeDefence]
2020.06.12 17:27:27,744	WARNING	1	org.l2jmobius.gameserver.data.xml.impl.SkillData	SkillData: Missing effect for Skill Id[13068] Level[3] SubLevel[0] Effect Scope[GENERAL] Effect Name[AttributeDefence]
2020.06.12 17:27:27,745	WARNING	1	org.l2jmobius.gameserver.data.xml.impl.SkillData	SkillData: Missing effect for Skill Id[13068] Level[3] SubLevel[0] Effect Scope[GENERAL] Effect Name[AttributeDefence]
2020.06.12 17:27:27,745	WARNING	1	org.l2jmobius.gameserver.data.xml.impl.SkillData	SkillData: Missing effect for Skill Id[13068] Level[3] SubLevel[0] Effect Scope[GENERAL] Effect Name[AttributeDefence]
2020.06.12 17:27:27,745	WARNING	1	org.l2jmobius.gameserver.data.xml.impl.SkillData	SkillData: Missing effect for Skill Id[13068] Level[4] SubLevel[0] Effect Scope[GENERAL] Effect Name[AttributeDefence]
2020.06.12 17:27:27,745	WARNING	1	org.l2jmobius.gameserver.data.xml.impl.SkillData	SkillData: Missing effect for Skill Id[13068] Level[4] SubLevel[0] Effect Scope[GENERAL] Effect Name[AttributeDefence]
2020.06.12 17:27:27,745	WARNING	1	org.l2jmobius.gameserver.data.xml.impl.SkillData	SkillData: Missing effect for Skill Id[13068] Level[4] SubLevel[0] Effect Scope[GENERAL] Effect Name[AttributeDefence]
2020.06.12 17:27:27,745	WARNING	1	org.l2jmobius.gameserver.data.xml.impl.SkillData	SkillData: Missing effect for Skill Id[13068] Level[4] SubLevel[0] Effect Scope[GENERAL] Effect Name[AttributeDefence]
2020.06.12 17:27:27,745	WARNING	1	org.l2jmobius.gameserver.data.xml.impl.SkillData	SkillData: Missing effect for Skill Id[13068] Level[4] SubLevel[0] Effect Scope[GENERAL] Effect Name[AttributeDefence]
2020.06.12 17:27:27,745	WARNING	1	org.l2jmobius.gameserver.data.xml.impl.SkillData	SkillData: Missing effect for Skill Id[13068] Level[4] SubLevel[0] Effect Scope[GENERAL] Effect Name[AttributeDefence]
2020.06.12 17:27:27,745	WARNING	1	org.l2jmobius.gameserver.data.xml.impl.SkillData	SkillData: Missing effect for Skill Id[13069] Level[1] SubLevel[0] Effect Scope[GENERAL] Effect Name[AttributeDefence]
2020.06.12 17:27:27,746	WARNING	1	org.l2jmobius.gameserver.data.xml.impl.SkillData	SkillData: Missing effect for Skill Id[13069] Level[1] SubLevel[0] Effect Scope[GENERAL] Effect Name[AttributeDefence]
2020.06.12 17:27:27,746	WARNING	1	org.l2jmobius.gameserver.data.xml.impl.SkillData	SkillData: Missing effect for Skill Id[13069] Level[1] SubLevel[0] Effect Scope[GENERAL] Effect Name[AttributeDefence]
2020.06.12 17:27:27,746	WARNING	1	org.l2jmobius.gameserver.data.xml.impl.SkillData	SkillData: Missing effect for Skill Id[13069] Level[1] SubLevel[0] Effect Scope[GENERAL] Effect Name[AttributeDefence]
2020.06.12 17:27:27,746	WARNING	1	org.l2jmobius.gameserver.data.xml.impl.SkillData	SkillData: Missing effect for Skill Id[13069] Level[1] SubLevel[0] Effect Scope[GENERAL] Effect Name[AttributeDefence]
2020.06.12 17:27:27,746	WARNING	1	org.l2jmobius.gameserver.data.xml.impl.SkillData	SkillData: Missing effect for Skill Id[13069] Level[1] SubLevel[0] Effect Scope[GENERAL] Effect Name[AttributeDefence]
2020.06.12 17:27:27,746	WARNING	1	org.l2jmobius.gameserver.data.xml.impl.SkillData	SkillData: Missing effect for Skill Id[13069] Level[2] SubLevel[0] Effect Scope[GENERAL] Effect Name[AttributeDefence]
2020.06.12 17:27:27,746	WARNING	1	org.l2jmobius.gameserver.data.xml.impl.SkillData	SkillData: Missing effect for Skill Id[13069] Level[2] SubLevel[0] Effect Scope[GENERAL] Effect Name[AttributeDefence]
2020.06.12 17:27:27,746	WARNING	1	org.l2jmobius.gameserver.data.xml.impl.SkillData	SkillData: Missing effect for Skill Id[13069] Level[2] SubLevel[0] Effect Scope[GENERAL] Effect Name[AttributeDefence]
2020.06.12 17:27:27,747	WARNING	1	org.l2jmobius.gameserver.data.xml.impl.SkillData	SkillData: Missing effect for Skill Id[13069] Level[2] SubLevel[0] Effect Scope[GENERAL] Effect Name[AttributeDefence]
2020.06.12 17:27:27,747	WARNING	1	org.l2jmobius.gameserver.data.xml.impl.SkillData	SkillData: Missing effect for Skill Id[13069] Level[2] SubLevel[0] Effect Scope[GENERAL] Effect Name[AttributeDefence]
2020.06.12 17:27:27,747	WARNING	1	org.l2jmobius.gameserver.data.xml.impl.SkillData	SkillData: Missing effect for Skill Id[13069] Level[2] SubLevel[0] Effect Scope[GENERAL] Effect Name[AttributeDefence]
2020.06.12 17:27:27,747	WARNING	1	org.l2jmobius.gameserver.data.xml.impl.SkillData	SkillData: Missing effect for Skill Id[13069] Level[3] SubLevel[0] Effect Scope[GENERAL] Effect Name[AttributeDefence]
2020.06.12 17:27:27,747	WARNING	1	org.l2jmobius.gameserver.data.xml.impl.SkillData	SkillData: Missing effect for Skill Id[13069] Level[3] SubLevel[0] Effect Scope[GENERAL] Effect Name[AttributeDefence]
2020.06.12 17:27:27,747	WARNING	1	org.l2jmobius.gameserver.data.xml.impl.SkillData	SkillData: Missing effect for Skill Id[13069] Level[3] SubLevel[0] Effect Scope[GENERAL] Effect Name[AttributeDefence]
2020.06.12 17:27:27,747	WARNING	1	org.l2jmobius.gameserver.data.xml.impl.SkillData	SkillData: Missing effect for Skill Id[13069] Level[3] SubLevel[0] Effect Scope[GENERAL] Effect Name[AttributeDefence]
2020.06.12 17:27:27,747	WARNING	1	org.l2jmobius.gameserver.data.xml.impl.SkillData	SkillData: Missing effect for Skill Id[13069] Level[3] SubLevel[0] Effect Scope[GENERAL] Effect Name[AttributeDefence]
2020.06.12 17:27:27,748	WARNING	1	org.l2jmobius.gameserver.data.xml.impl.SkillData	SkillData: Missing effect for Skill Id[13069] Level[3] SubLevel[0] Effect Scope[GENERAL] Effect Name[AttributeDefence]
2020.06.12 17:27:27,748	WARNING	1	org.l2jmobius.gameserver.data.xml.impl.SkillData	SkillData: Missing effect for Skill Id[13069] Level[4] SubLevel[0] Effect Scope[GENERAL] Effect Name[AttributeDefence]
2020.06.12 17:27:27,748	WARNING	1	org.l2jmobius.gameserver.data.xml.impl.SkillData	SkillData: Missing effect for Skill Id[13069] Level[4] SubLevel[0] Effect Scope[GENERAL] Effect Name[AttributeDefence]
2020.06.12 17:27:27,748	WARNING	1	org.l2jmobius.gameserver.data.xml.impl.SkillData	SkillData: Missing effect for Skill Id[13069] Level[4] SubLevel[0] Effect Scope[GENERAL] Effect Name[AttributeDefence]
2020.06.12 17:27:27,748	WARNING	1	org.l2jmobius.gameserver.data.xml.impl.SkillData	SkillData: Missing effect for Skill Id[13069] Level[4] SubLevel[0] Effect Scope[GENERAL] Effect Name[AttributeDefence]
2020.06.12 17:27:27,748	WARNING	1	org.l2jmobius.gameserver.data.xml.impl.SkillData	SkillData: Missing effect for Skill Id[13069] Level[4] SubLevel[0] Effect Scope[GENERAL] Effect Name[AttributeDefence]
2020.06.12 17:27:27,748	WARNING	1	org.l2jmobius.gameserver.data.xml.impl.SkillData	SkillData: Missing effect for Skill Id[13069] Level[4] SubLevel[0] Effect Scope[GENERAL] Effect Name[AttributeDefence]
2020.06.12 17:27:27,749	WARNING	1	org.l2jmobius.gameserver.data.xml.impl.SkillData	SkillData: Missing effect for Skill Id[13071] Level[1] SubLevel[0] Effect Scope[GENERAL] Effect Name[AttributeDefence]
2020.06.12 17:27:27,749	WARNING	1	org.l2jmobius.gameserver.data.xml.impl.SkillData	SkillData: Missing effect for Skill Id[13071] Level[1] SubLevel[0] Effect Scope[GENERAL] Effect Name[AttributeDefence]
2020.06.12 17:27:27,749	WARNING	1	org.l2jmobius.gameserver.data.xml.impl.SkillData	SkillData: Missing effect for Skill Id[13071] Level[1] SubLevel[0] Effect Scope[GENERAL] Effect Name[AttributeDefence]
2020.06.12 17:27:27,749	WARNING	1	org.l2jmobius.gameserver.data.xml.impl.SkillData	SkillData: Missing effect for Skill Id[13071] Level[1] SubLevel[0] Effect Scope[GENERAL] Effect Name[AttributeDefence]
2020.06.12 17:27:27,749	WARNING	1	org.l2jmobius.gameserver.data.xml.impl.SkillData	SkillData: Missing effect for Skill Id[13071] Level[1] SubLevel[0] Effect Scope[GENERAL] Effect Name[AttributeDefence]
2020.06.12 17:27:27,749	WARNING	1	org.l2jmobius.gameserver.data.xml.impl.SkillData	SkillData: Missing effect for Skill Id[13071] Level[1] SubLevel[0] Effect Scope[GENERAL] Effect Name[AttributeDefence]
2020.06.12 17:27:27,750	WARNING	1	org.l2jmobius.gameserver.data.xml.impl.SkillData	SkillData: Missing effect for Skill Id[13071] Level[2] SubLevel[0] Effect Scope[GENERAL] Effect Name[AttributeDefence]
2020.06.12 17:27:27,750	WARNING	1	org.l2jmobius.gameserver.data.xml.impl.SkillData	SkillData: Missing effect for Skill Id[13071] Level[2] SubLevel[0] Effect Scope[GENERAL] Effect Name[AttributeDefence]
2020.06.12 17:27:27,750	WARNING	1	org.l2jmobius.gameserver.data.xml.impl.SkillData	SkillData: Missing effect for Skill Id[13071] Level[2] SubLevel[0] Effect Scope[GENERAL] Effect Name[AttributeDefence]
2020.06.12 17:27:27,750	WARNING	1	org.l2jmobius.gameserver.data.xml.impl.SkillData	SkillData: Missing effect for Skill Id[13071] Level[2] SubLevel[0] Effect Scope[GENERAL] Effect Name[AttributeDefence]
2020.06.12 17:27:27,750	WARNING	1	org.l2jmobius.gameserver.data.xml.impl.SkillData	SkillData: Missing effect for Skill Id[13071] Level[2] SubLevel[0] Effect Scope[GENERAL] Effect Name[AttributeDefence]
2020.06.12 17:27:27,750	WARNING	1	org.l2jmobius.gameserver.data.xml.impl.SkillData	SkillData: Missing effect for Skill Id[13071] Level[2] SubLevel[0] Effect Scope[GENERAL] Effect Name[AttributeDefence]
2020.06.12 17:27:27,750	WARNING	1	org.l2jmobius.gameserver.data.xml.impl.SkillData	SkillData: Missing effect for Skill Id[13071] Level[3] SubLevel[0] Effect Scope[GENERAL] Effect Name[AttributeDefence]
2020.06.12 17:27:27,750	WARNING	1	org.l2jmobius.gameserver.data.xml.impl.SkillData	SkillData: Missing effect for Skill Id[13071] Level[3] SubLevel[0] Effect Scope[GENERAL] Effect Name[AttributeDefence]
2020.06.12 17:27:27,751	WARNING	1	org.l2jmobius.gameserver.data.xml.impl.SkillData	SkillData: Missing effect for Skill Id[13071] Level[3] SubLevel[0] Effect Scope[GENERAL] Effect Name[AttributeDefence]
2020.06.12 17:27:27,751	WARNING	1	org.l2jmobius.gameserver.data.xml.impl.SkillData	SkillData: Missing effect for Skill Id[13071] Level[3] SubLevel[0] Effect Scope[GENERAL] Effect Name[AttributeDefence]
2020.06.12 17:27:27,751	WARNING	1	org.l2jmobius.gameserver.data.xml.impl.SkillData	SkillData: Missing effect for Skill Id[13071] Level[3] SubLevel[0] Effect Scope[GENERAL] Effect Name[AttributeDefence]
2020.06.12 17:27:27,751	WARNING	1	org.l2jmobius.gameserver.data.xml.impl.SkillData	SkillData: Missing effect for Skill Id[13071] Level[3] SubLevel[0] Effect Scope[GENERAL] Effect Name[AttributeDefence]
2020.06.12 17:27:27,751	WARNING	1	org.l2jmobius.gameserver.data.xml.impl.SkillData	SkillData: Missing effect for Skill Id[13071] Level[4] SubLevel[0] Effect Scope[GENERAL] Effect Name[AttributeDefence]
2020.06.12 17:27:27,751	WARNING	1	org.l2jmobius.gameserver.data.xml.impl.SkillData	SkillData: Missing effect for Skill Id[13071] Level[4] SubLevel[0] Effect Scope[GENERAL] Effect Name[AttributeDefence]
2020.06.12 17:27:27,751	WARNING	1	org.l2jmobius.gameserver.data.xml.impl.SkillData	SkillData: Missing effect for Skill Id[13071] Level[4] SubLevel[0] Effect Scope[GENERAL] Effect Name[AttributeDefence]
2020.06.12 17:27:27,751	WARNING	1	org.l2jmobius.gameserver.data.xml.impl.SkillData	SkillData: Missing effect for Skill Id[13071] Level[4] SubLevel[0] Effect Scope[GENERAL] Effect Name[AttributeDefence]
2020.06.12 17:27:27,751	WARNING	1	org.l2jmobius.gameserver.data.xml.impl.SkillData	SkillData: Missing effect for Skill Id[13071] Level[4] SubLevel[0] Effect Scope[GENERAL] Effect Name[AttributeDefence]
2020.06.12 17:27:27,752	WARNING	1	org.l2jmobius.gameserver.data.xml.impl.SkillData	SkillData: Missing effect for Skill Id[13071] Level[4] SubLevel[0] Effect Scope[GENERAL] Effect Name[AttributeDefence]
2020.06.12 17:27:28,441	WARNING	1	org.l2jmobius.gameserver.model.effects.AbstractEffect	ExpModify can only use DIFF mode.
2020.06.12 17:27:28,441	WARNING	1	org.l2jmobius.gameserver.model.effects.AbstractEffect	SpModify can only use DIFF mode.
2020.06.12 17:27:28,441	WARNING	1	org.l2jmobius.gameserver.model.effects.AbstractEffect	ExpModify can only use DIFF mode.
2020.06.12 17:27:28,441	WARNING	1	org.l2jmobius.gameserver.model.effects.AbstractEffect	SpModify can only use DIFF mode.
2020.06.12 17:27:28,441	WARNING	1	org.l2jmobius.gameserver.model.effects.AbstractEffect	ExpModify can only use DIFF mode.
2020.06.12 17:27:28,441	WARNING	1	org.l2jmobius.gameserver.model.effects.AbstractEffect	SpModify can only use DIFF mode.
2020.06.12 17:27:28,441	WARNING	1	org.l2jmobius.gameserver.model.effects.AbstractEffect	ExpModify can only use DIFF mode.
2020.06.12 17:27:28,442	WARNING	1	org.l2jmobius.gameserver.model.effects.AbstractEffect	SpModify can only use DIFF mode.
2020.06.12 17:27:28,482	INFO	1	org.l2jmobius.gameserver.data.xml.impl.SkillData	SkillData: Loaded 162577 Skills.
2020.06.12 17:27:29,039	INFO	1	org.l2jmobius.gameserver.data.xml.impl.SkillTreeData	SkillTreeData: Loaded 18884 Class skills for 145 class skill trees.
2020.06.12 17:27:29,040	INFO	1	org.l2jmobius.gameserver.data.xml.impl.SkillTreeData	SkillTreeData: Loaded 24 sub-class skills.
2020.06.12 17:27:29,040	INFO	1	org.l2jmobius.gameserver.data.xml.impl.SkillTreeData	SkillTreeData: Loaded 25 dual-class skills.
2020.06.12 17:27:29,040	INFO	1	org.l2jmobius.gameserver.data.xml.impl.SkillTreeData	SkillTreeData: Loaded 104 transfer skills for 3 transfer skill trees.
2020.06.12 17:27:29,040	INFO	1	org.l2jmobius.gameserver.data.xml.impl.SkillTreeData	SkillTreeData: Loaded 17 race skills for 7 race skill trees.
2020.06.12 17:27:29,040	INFO	1	org.l2jmobius.gameserver.data.xml.impl.SkillTreeData	SkillTreeData: Loaded 35 fishing skills, 8 Dwarven only fishing skills.
2020.06.12 17:27:29,040	INFO	1	org.l2jmobius.gameserver.data.xml.impl.SkillTreeData	SkillTreeData: Loaded 3 collect skills.
2020.06.12 17:27:29,044	INFO	1	org.l2jmobius.gameserver.data.xml.impl.SkillTreeData	SkillTreeData: Loaded 0 clan skills, 0 for clan and 0 residential.
2020.06.12 17:27:29,044	INFO	1	org.l2jmobius.gameserver.data.xml.impl.SkillTreeData	SkillTreeData: Loaded 0 sub-pledge skills.
2020.06.12 17:27:29,044	INFO	1	org.l2jmobius.gameserver.data.xml.impl.SkillTreeData	SkillTreeData: Loaded 32 transform skills.
2020.06.12 17:27:29,044	INFO	1	org.l2jmobius.gameserver.data.xml.impl.SkillTreeData	SkillTreeData: Loaded 21 noble skills.
2020.06.12 17:27:29,045	INFO	1	org.l2jmobius.gameserver.data.xml.impl.SkillTreeData	SkillTreeData: Loaded 5 hero skills.
2020.06.12 17:27:29,045	INFO	1	org.l2jmobius.gameserver.data.xml.impl.SkillTreeData	SkillTreeData: Loaded 61 game master skills.
2020.06.12 17:27:29,045	INFO	1	org.l2jmobius.gameserver.data.xml.impl.SkillTreeData	SkillTreeData: Loaded 61 game master aura skills.
2020.06.12 17:27:29,045	INFO	1	org.l2jmobius.gameserver.data.xml.impl.SkillTreeData	SkillTreeData: Loaded 123 ability skills.
2020.06.12 17:27:29,045	INFO	1	org.l2jmobius.gameserver.data.xml.impl.SkillTreeData	SkillTreeData: Loaded 112 alchemy skills.
2020.06.12 17:27:29,045	INFO	1	org.l2jmobius.gameserver.data.xml.impl.SkillTreeData	SkillTreeData: Loaded 36 class awaken save skills.
2020.06.12 17:27:29,046	INFO	1	org.l2jmobius.gameserver.data.xml.impl.SkillTreeData	SkillTreeData: Loaded 20 Revelation skills.
2020.06.12 17:27:29,046	INFO	1	org.l2jmobius.gameserver.data.xml.impl.SkillTreeData	SkillTreeData: Loaded 37 common skills.
2020.06.12 17:27:29,067	INFO	1	org.l2jmobius.gameserver.data.xml.impl.PetSkillData	PetSkillData: Loaded 1084 skills.
2020.06.12 17:27:29,067	INFO	1	org.l2jmobius.gameserver.GameServer	---------------------------------------------------=[ Items ]
2020.06.12 17:27:29,212	INFO	1	org.l2jmobius.gameserver.data.xml.impl.EnchantItemGroupsData	EnchantItemGroupsData: Loaded 4 item group templates.
2020.06.12 17:27:29,212	INFO	1	org.l2jmobius.gameserver.data.xml.impl.EnchantItemGroupsData	EnchantItemGroupsData: Loaded 1 scroll group templates.
2020.06.12 17:27:29,224	INFO	1	org.l2jmobius.gameserver.data.xml.impl.EnchantItemData	EnchantItemData: Loaded 262 enchant scrolls.
2020.06.12 17:27:29,224	INFO	1	org.l2jmobius.gameserver.data.xml.impl.EnchantItemData	EnchantItemData: Loaded 100 support items.
2020.06.12 17:27:29,249	INFO	1	org.l2jmobius.gameserver.data.xml.impl.EnchantItemOptionsData	EnchantItemOptionsData: Loaded 251 items and 3760 options.
2020.06.12 17:27:29,265	INFO	1	org.l2jmobius.gameserver.data.xml.impl.ItemCrystallizationData	ItemCrystallizationData: Loaded 13 crystallization templates.
2020.06.12 17:27:29,266	INFO	1	org.l2jmobius.gameserver.data.xml.impl.ItemCrystallizationData	ItemCrystallizationData: Loaded 279 pre-defined crystallizable items.
2020.06.12 17:27:29,281	INFO	1	org.l2jmobius.gameserver.data.xml.impl.ItemCrystallizationData	ItemCrystallizationData: Generated 5919 crystallizable items from templates.
2020.06.12 17:27:30,213	INFO	1	org.l2jmobius.gameserver.data.xml.impl.OptionData	OptionData: Loaded 35055 options.
2020.06.12 17:27:30,286	INFO	1	VariationData	VariationData: Loaded 121 variations.
2020.06.12 17:27:30,286	INFO	1	VariationData	VariationData: Loaded 4788 fees.
2020.06.12 17:27:30,303	INFO	1	org.l2jmobius.gameserver.data.xml.impl.EnsoulData	EnsoulData: Loaded 11 fees.
2020.06.12 17:27:30,304	INFO	1	org.l2jmobius.gameserver.data.xml.impl.EnsoulData	EnsoulData: Loaded 812 options.
2020.06.12 17:27:30,304	INFO	1	org.l2jmobius.gameserver.data.xml.impl.EnsoulData	EnsoulData: Loaded 114 stones.
2020.06.12 17:27:30,308	INFO	1	org.l2jmobius.gameserver.data.xml.impl.EnchantItemHPBonusData	EnchantItemHPBonusData: Loaded 12 enchant HP bonuses.
2020.06.12 17:27:31,507	INFO	1	org.l2jmobius.gameserver.data.xml.impl.BuyListData	BuyListData: Loaded 885 buyLists.
2020.06.12 17:27:32,076	WARNING	1	org.l2jmobius.gameserver.data.xml.impl.MultisellData	Invalid product id or count for itemId: 21893, count: 46606 in list: 400090
2020.06.12 17:27:32,721	INFO	1	org.l2jmobius.gameserver.data.xml.impl.MultisellData	MultisellData: Loaded 597 multisell lists.
2020.06.12 17:27:32,778	INFO	1	org.l2jmobius.gameserver.data.xml.impl.EquipmentUpgradeData	EquipmentUpgradeData: Loaded 6777 upgrade equipment data.
2020.06.12 17:27:32,859	INFO	1	org.l2jmobius.gameserver.data.xml.impl.RecipeData	RecipeData: Loaded 1678 recipes.
2020.06.12 17:27:32,893	WARNING	1	org.l2jmobius.gameserver.data.xml.impl.ArmorSetData	Duplicate set entry with id: 289 in file: Visual_Sets.xml
2020.06.12 17:27:32,894	WARNING	1	org.l2jmobius.gameserver.data.xml.impl.ArmorSetData	Duplicate set entry with id: 290 in file: Visual_Sets.xml
2020.06.12 17:27:32,894	INFO	1	org.l2jmobius.gameserver.data.xml.impl.ArmorSetData	ArmorSetData: Loaded 326 armor sets.
2020.06.12 17:27:32,901	INFO	1	org.l2jmobius.gameserver.data.xml.impl.FishingData	FishingData: Loaded 7 bait and 13 rod data.
2020.06.12 17:27:32,939	INFO	1	org.l2jmobius.gameserver.data.xml.impl.HennaData	HennaData: Loaded 461 henna data.
2020.06.12 17:27:32,945	INFO	1	org.l2jmobius.gameserver.data.xml.impl.PrimeShopData	PrimeShopData: Loaded 44 items.
2020.06.12 17:27:32,969	INFO	1	org.l2jmobius.gameserver.data.xml.impl.AppearanceItemData	AppearanceItemData: Loaded 1225 stones.
2020.06.12 17:27:32,978	INFO	1	org.l2jmobius.gameserver.data.xml.impl.AlchemyData	AlchemyData: Loaded 114 alchemy craft skills.
2020.06.12 17:27:32,991	INFO	1	org.l2jmobius.commons.util.IXmlReader	LuckyGameData: Loaded 2 lucky game data.
2020.06.12 17:27:32,997	INFO	1	org.l2jmobius.gameserver.data.xml.impl.AttendanceRewardData	AttendanceRewardData: Loaded 28 rewards.
2020.06.12 17:27:32,997	INFO	1	org.l2jmobius.gameserver.GameServer	----------------------------------------------=[ Characters ]
2020.06.12 17:27:33,002	INFO	1	org.l2jmobius.gameserver.data.xml.impl.ClassListData	ClassListData: Loaded 153 class data.
2020.06.12 17:27:33,008	INFO	1	org.l2jmobius.gameserver.data.xml.impl.InitialEquipmentData	InitialEquipmentData: Loaded 13 initial equipment data.
2020.06.12 17:27:33,014	INFO	1	org.l2jmobius.gameserver.data.xml.impl.InitialShortcutData	InitialShortcutData: Loaded 5 initial global shortcuts data.
2020.06.12 17:27:33,014	INFO	1	org.l2jmobius.gameserver.data.xml.impl.InitialShortcutData	InitialShortcutData: Loaded 5 initial shortcuts data.
2020.06.12 17:27:33,014	INFO	1	org.l2jmobius.gameserver.data.xml.impl.InitialShortcutData	InitialShortcutData: Loaded 0 macro presets.
2020.06.12 17:27:33,019	INFO	1	org.l2jmobius.gameserver.data.xml.impl.ExperienceData	ExperienceData: Loaded 121 levels.
2020.06.12 17:27:33,019	INFO	1	org.l2jmobius.gameserver.data.xml.impl.ExperienceData	ExperienceData: Max Player Level is 120.
2020.06.12 17:27:33,019	INFO	1	org.l2jmobius.gameserver.data.xml.impl.ExperienceData	ExperienceData: Max Pet Level is 99.
2020.06.12 17:27:33,029	INFO	1	org.l2jmobius.gameserver.data.xml.impl.KarmaData	KarmaData: Loaded 120 karma modifiers.
2020.06.12 17:27:33,033	INFO	1	org.l2jmobius.gameserver.data.xml.impl.HitConditionBonusData	HitConditionBonusData: Loaded hit condition bonuses.
2020.06.12 17:27:33,457	INFO	1	org.l2jmobius.gameserver.data.xml.impl.PlayerTemplateData	PlayerTemplateData: Loaded 145 character templates.
2020.06.12 17:27:33,457	INFO	1	org.l2jmobius.gameserver.data.xml.impl.PlayerTemplateData	PlayerTemplateData: Loaded 104400 level up gain records.
2020.06.12 17:27:33,460	INFO	1	org.l2jmobius.gameserver.data.sql.impl.CharNameTable	CharNameTable: Loaded 104 char names.
2020.06.12 17:27:33,467	INFO	1	org.l2jmobius.gameserver.data.xml.impl.AdminData	AdminData: Loaded 10 access levels.
2020.06.12 17:27:33,473	INFO	1	org.l2jmobius.gameserver.data.xml.impl.AdminData	AdminData: Loaded 459 access commands.
2020.06.12 17:27:33,808	INFO	1	org.l2jmobius.gameserver.data.xml.impl.PetDataTable	PetDataTable: Loaded 56 pets.
2020.06.12 17:27:33,867	INFO	1	org.l2jmobius.gameserver.data.xml.impl.CubicData	CubicData: Loaded 25 cubics.
2020.06.12 17:27:33,880	INFO	1	org.l2jmobius.gameserver.GameServer	PremiumManager: Premium system is enabled.
2020.06.12 17:27:33,882	INFO	1	org.l2jmobius.gameserver.GameServer	---------------------------------------------------=[ Clans ]
2020.06.12 17:27:33,894	INFO	1	org.l2jmobius.gameserver.communitybbs.Manager.ForumsBBSManager	ForumsBBSManager: Loaded 15 forums. Last forum id used: 16
2020.06.12 17:27:34,105	INFO	1	org.l2jmobius.gameserver.data.sql.impl.ClanTable	ClanTable: Restored 15 clans from the database.
2020.06.12 17:27:34,111	INFO	1	org.l2jmobius.gameserver.data.xml.impl.ResidenceFunctionsData	ResidenceFunctionsData: Loaded 8 functions.
2020.06.12 17:27:34,209	INFO	1	org.l2jmobius.gameserver.data.xml.impl.ClanHallData	ClanHallData: Succesfully loaded 48 clan halls.
2020.06.12 17:27:34,269	INFO	1	org.l2jmobius.gameserver.instancemanager.ClanEntryManager	ClanEntryManager: Loaded 1 clan entries.
2020.06.12 17:27:34,269	INFO	1	org.l2jmobius.gameserver.instancemanager.ClanEntryManager	ClanEntryManager: Loaded 0 players in waiting list.
2020.06.12 17:27:34,270	INFO	1	org.l2jmobius.gameserver.instancemanager.ClanEntryManager	ClanEntryManager: Loaded 0 player applications.
2020.06.12 17:27:34,274	INFO	1	org.l2jmobius.gameserver.data.xml.impl.ClanMasteryData	ClanMasteryData: Loaded 16 clan masteries.
2020.06.12 17:27:34,280	INFO	1	org.l2jmobius.gameserver.data.xml.impl.ClanShopData	ClanShopData: Loaded 13 clan shop products.
2020.06.12 17:27:34,280	INFO	1	org.l2jmobius.gameserver.GameServer	-------------------------------------------------=[ Geodata ]
2020.06.12 17:27:34,284	INFO	1	org.l2jmobius.gameserver.geoengine.GeoEngine	GeoEngine: Initializing...
2020.06.12 17:27:37,817	INFO	1	org.l2jmobius.gameserver.geoengine.GeoEngine	GeoEngine: Loaded 223 geodata files.
2020.06.12 17:27:37,823	INFO	1	org.l2jmobius.gameserver.geoengine.GeoEngine	GeoEngine: Total geodata file size 1469 MB.
2020.06.12 17:27:37,842	INFO	1	org.l2jmobius.gameserver.geoengine.GeoEngine	GeoEnginePathfinding: Loaded 32 node buffers.
2020.06.12 17:27:37,842	INFO	1	org.l2jmobius.gameserver.GameServer	----------------------------------------------------=[ NPCs ]
2020.06.12 17:27:40,428	INFO	1	org.l2jmobius.gameserver.data.xml.impl.NpcData	NpcData: Loaded 14487 NPCs.
2020.06.12 17:27:40,451	INFO	1	org.l2jmobius.gameserver.data.xml.impl.NpcData	NpcData: Loaded 64 custom NPCs.
2020.06.12 17:27:40,458	INFO	1	org.l2jmobius.gameserver.data.xml.impl.FakePlayerData	FakePlayerData: Disabled.
2020.06.12 17:27:40,460	INFO	1	org.l2jmobius.gameserver.instancemanager.FakePlayerChatManager	FakePlayerChatManager: Disabled.
2020.06.12 17:27:40,467	INFO	1	org.l2jmobius.gameserver.data.xml.impl.ExtendDropData	ExtendDropData: Loaded 1 extend drops.
2020.06.12 17:27:41,195	INFO	1	org.l2jmobius.gameserver.data.xml.impl.SpawnData	SpawnData: Loaded 50486 spawns
2020.06.12 17:27:41,205	INFO	1	org.l2jmobius.gameserver.data.xml.impl.MonsterBookData	MonsterBookData: Loaded 165 monster data.
2020.06.12 17:27:41,225	INFO	1	org.l2jmobius.gameserver.instancemanager.WalkingManager	WalkingManager: Loaded 197 walking routes.
2020.06.12 17:27:41,236	INFO	1	org.l2jmobius.gameserver.data.xml.impl.StaticObjectData	StaticObjectData: Loaded 86 static object templates.
2020.06.12 17:27:41,250	INFO	1	org.l2jmobius.gameserver.model.itemauction.ItemAuctionInstance	ItemAuctionInstance: Loaded 21 item(s) and registered 3 auction(s) for instance 34328
2020.06.12 17:27:41,255	INFO	1	org.l2jmobius.gameserver.model.itemauction.ItemAuctionInstance	ItemAuctionInstance: Schedule next auction 7 on 17:00:00 13.06.20 for instance 34328
2020.06.12 17:27:41,256	INFO	1	org.l2jmobius.gameserver.instancemanager.ItemAuctionManager	ItemAuctionManager: Loaded 1 instances.
2020.06.12 17:27:41,312	INFO	1	org.l2jmobius.gameserver.instancemanager.InstanceManager	InstanceManager: Loaded 298 instance names.
2020.06.12 17:27:41,729	INFO	1	org.l2jmobius.gameserver.instancemanager.InstanceManager	InstanceManager: Loaded 143 instance templates.
2020.06.12 17:27:41,729	INFO	1	org.l2jmobius.gameserver.instancemanager.InstanceManager	InstanceManager: Loaded instance reenter times for 0 players.
2020.06.12 17:27:41,739	INFO	1	org.l2jmobius.gameserver.instancemanager.CastleManager	CastleManager: Loaded 9 castles.
2020.06.12 17:27:41,745	INFO	1	org.l2jmobius.gameserver.instancemanager.GrandBossManager	GrandBossManager: Fafurion(19740) status is 0
2020.06.12 17:27:41,750	INFO	1	org.l2jmobius.gameserver.instancemanager.GrandBossManager	GrandBossManager: Kelbim(26124) status is 0
2020.06.12 17:27:41,751	INFO	1	org.l2jmobius.gameserver.instancemanager.GrandBossManager	GrandBossManager: Queen Ant(29001) status is 0
2020.06.12 17:27:41,751	INFO	1	org.l2jmobius.gameserver.instancemanager.GrandBossManager	GrandBossManager: Core(29006) status is 0
2020.06.12 17:27:41,751	INFO	1	org.l2jmobius.gameserver.instancemanager.GrandBossManager	GrandBossManager: Baium(29020) status is 0
2020.06.12 17:27:41,751	INFO	1	org.l2jmobius.gameserver.instancemanager.GrandBossManager	GrandBossManager: Valakas(29028) status is 3
2020.06.12 17:27:41,768	INFO	1	org.l2jmobius.gameserver.instancemanager.GrandBossManager	GrandBossManager: Next spawn date of Valakas is Tue Jun 23 04:57:01 CEST 2020
2020.06.12 17:27:41,768	INFO	1	org.l2jmobius.gameserver.instancemanager.GrandBossManager	GrandBossManager: Antharas(29068) status is 0
2020.06.12 17:27:41,768	INFO	1	org.l2jmobius.gameserver.instancemanager.GrandBossManager	GrandBossManager: Beleth(29118) status is 0
2020.06.12 17:27:41,768	INFO	1	org.l2jmobius.gameserver.instancemanager.GrandBossManager	GrandBossManager: Earth Wyrm Trasken(29197) status is 0
2020.06.12 17:27:41,768	INFO	1	org.l2jmobius.gameserver.instancemanager.GrandBossManager	GrandBossManager: Lindvior(29240) status is 0
2020.06.12 17:27:41,768	INFO	1	org.l2jmobius.gameserver.instancemanager.GrandBossManager	GrandBossManager: Helios(29305) status is 0
2020.06.12 17:27:41,768	INFO	1	org.l2jmobius.gameserver.instancemanager.GrandBossManager	GrandBossManager: Orfen(29325) status is 0
2020.06.12 17:27:41,768	INFO	1	org.l2jmobius.gameserver.instancemanager.GrandBossManager	GrandBossManager: Lilith(29336) status is 0
2020.06.12 17:27:41,768	INFO	1	org.l2jmobius.gameserver.instancemanager.GrandBossManager	GrandBossManager: Anakim(29348) status is 0
2020.06.12 17:27:41,769	INFO	1	org.l2jmobius.gameserver.instancemanager.GrandBossManager	GrandBossManager: Loaded 14 instances.
2020.06.12 17:27:41,770	INFO	1	org.l2jmobius.gameserver.GameServer	------------------------------------------------=[ Instance ]
2020.06.12 17:27:41,771	INFO	1	org.l2jmobius.gameserver.GameServer	------------------------------------------------=[ Olympiad ]
2020.06.12 17:27:41,780	INFO	1	org.l2jmobius.gameserver.model.olympiad.Olympiad	Olympiad System: Loading....
2020.06.12 17:27:41,781	INFO	1	org.l2jmobius.gameserver.model.olympiad.Olympiad	Olympiad System: Currently in Olympiad Period
2020.06.12 17:27:41,781	INFO	1	org.l2jmobius.gameserver.model.olympiad.Olympiad	Olympiad System: 24152 minutes until period ends
2020.06.12 17:27:41,781	INFO	1	org.l2jmobius.gameserver.model.olympiad.Olympiad	Olympiad System: Next weekly change is in 1172 minutes
2020.06.12 17:27:41,781	INFO	1	org.l2jmobius.gameserver.model.olympiad.Olympiad	Olympiad System: Loaded 1 Nobles
2020.06.12 17:27:41,786	INFO	1	org.l2jmobius.gameserver.model.olympiad.Olympiad	Olympiad System: Competition Period Starts in 0 days, 2 hours and 32 mins.
2020.06.12 17:27:41,786	INFO	1	org.l2jmobius.gameserver.model.olympiad.Olympiad	Olympiad System: Event starts/started: Fri Jun 12 20:00:41 CEST 2020
2020.06.12 17:27:41,792	INFO	1	org.l2jmobius.gameserver.model.entity.Hero	Hero System: Loaded 0 Heroes.
2020.06.12 17:27:41,792	INFO	1	org.l2jmobius.gameserver.model.entity.Hero	Hero System: Loaded 0 all time Heroes.
2020.06.12 17:27:41,793	INFO	1	org.l2jmobius.gameserver.GameServer	---------------------------------------------------=[ Cache ]
2020.06.12 17:27:41,795	INFO	1	org.l2jmobius.gameserver.cache.HtmCache	Html cache start...
2020.06.12 17:27:44,676	WARNING	1	org.l2jmobius.gameserver.cache.HtmCache	HTML encoding check: File out/production/Test/lang/el/data/html/mods/Lang/Error.htm contains non ASCII content.
2020.06.12 17:27:44,677	WARNING	1	org.l2jmobius.gameserver.cache.HtmCache	HTML encoding check: File out/production/Test/lang/el/data/html/mods/Lang/LanguageSelect.htm contains non ASCII content.
2020.06.12 17:27:44,677	WARNING	1	org.l2jmobius.gameserver.cache.HtmCache	HTML encoding check: File out/production/Test/lang/el/data/html/mods/Lang/Ok.htm contains non ASCII content.
2020.06.12 17:27:45,779	INFO	1	org.l2jmobius.gameserver.cache.HtmCache	Cache[HTML]: 10.071 megabytes on 17928 files loaded.
2020.06.12 17:27:45,798	INFO	1	org.l2jmobius.gameserver.data.sql.impl.CrestTable	CrestTable: Loaded 1 Crests.
2020.06.12 17:27:45,804	INFO	1	org.l2jmobius.gameserver.data.xml.impl.TeleportListData	TeleportListData: Loaded 99 teleports.
2020.06.12 17:27:46,297	INFO	1	org.l2jmobius.gameserver.data.xml.impl.TeleporterData	TeleporterData: Loaded 157 npc teleporters.
2020.06.12 17:27:46,304	INFO	1	org.l2jmobius.gameserver.instancemanager.CursedWeaponsManager	CursedWeaponsManager: Loaded 2 cursed weapons.
2020.06.12 17:27:46,776	INFO	1	org.l2jmobius.gameserver.data.xml.impl.TransformData	TransformData: Loaded 174 transform templates.
2020.06.12 17:27:46,785	INFO	1	org.l2jmobius.gameserver.datatables.BotReportTable	BotReportTable: Loaded 0 bot reports
2020.06.12 17:27:46,795	INFO	1	org.l2jmobius.gameserver.instancemanager.SellBuffsManager	SellBuffsManager: Loaded 145 allowed buffs.
2020.06.12 17:27:46,796	INFO	1	org.l2jmobius.gameserver.GameServer	-------------------------------------------------=[ Scripts ]
2020.06.12 17:27:46,804	INFO	1	org.l2jmobius.gameserver.instancemanager.AirShipManager	AirShipManager: Loaded 0 private airships
2020.06.12 17:27:46,815	INFO	1	org.l2jmobius.gameserver.data.xml.impl.ShuttleData	ShuttleData: Loaded 3 shuttles.
2020.06.12 17:27:46,817	INFO	1	org.l2jmobius.gameserver.GameServer	GameServer: Loading server scripts:
2020.06.12 17:27:47,430	INFO	1	scripts.handlers.MasterHandler	Loading Handlers...
2020.06.12 17:27:47,524	INFO	1	scripts.handlers.MasterHandler	ActionHandler: Loaded 10 handlers.
2020.06.12 17:27:47,525	INFO	1	scripts.handlers.MasterHandler	ActionShiftHandler: Loaded 6 handlers.
2020.06.12 17:27:47,525	INFO	1	scripts.handlers.MasterHandler	AdminCommandHandler: Loaded 450 handlers.
2020.06.12 17:27:47,525	INFO	1	scripts.handlers.MasterHandler	BypassHandler: Loaded 34 handlers.
2020.06.12 17:27:47,525	INFO	1	scripts.handlers.MasterHandler	ChatHandler: Loaded 14 handlers.
2020.06.12 17:27:47,525	INFO	1	scripts.handlers.MasterHandler	CommunityBoardHandler: Loaded 25 handlers.
2020.06.12 17:27:47,525	INFO	1	scripts.handlers.MasterHandler	ItemHandler: Loaded 35 handlers.
2020.06.12 17:27:47,525	INFO	1	scripts.handlers.MasterHandler	PunishmentHandler: Loaded 3 handlers.
2020.06.12 17:27:47,525	INFO	1	scripts.handlers.MasterHandler	UserCommandHandler: Loaded 16 handlers.
2020.06.12 17:27:47,525	INFO	1	scripts.handlers.MasterHandler	VoicedCommandHandler: Loaded 12 handlers.
2020.06.12 17:27:47,525	INFO	1	scripts.handlers.MasterHandler	TargetHandler: Loaded 21 handlers.
2020.06.12 17:27:47,525	INFO	1	scripts.handlers.MasterHandler	AffectObjectHandler: Loaded 11 handlers.
2020.06.12 17:27:47,525	INFO	1	scripts.handlers.MasterHandler	AffectScopeHandler: Loaded 19 handlers.
2020.06.12 17:27:47,525	INFO	1	scripts.handlers.MasterHandler	PlayerActionHandler: Loaded 24 handlers.
2020.06.12 17:27:47,525	INFO	1	scripts.handlers.MasterHandler	Handlers Loaded...
2020.06.12 17:28:00,478	INFO	1	ai.areas.FantasyIsle.HandysBlockCheckerEvent	Handy's Block Checker Event is enabled
2020.06.12 17:28:00,483	INFO	1	ai.areas.FantasyIsle.Parade	Fantasy Isle: Parade starting at 2020/06/12 21:20 and is scheduled each next 1 hours.
2020.06.12 17:28:00,487	INFO	1	ai.areas.FantasyIsle.TalentShow	Fantasy Isle: MC show script starting at 13/06/2020 06:10:00 and is scheduled each next 4 hours.
2020.06.12 17:28:00,529	INFO	1	ai.areas.ImperialTomb.FourSepulchers.FourSepulchers	[Four Sepulchers] Loaded 762 spawn zones data.
2020.06.12 17:28:00,621	INFO	1	org.l2jmobius.gameserver.instancemanager.QuestManager	Replaced script Parade with a new version!
2020.06.12 17:28:00,623	INFO	1	scripts.ai.areas.TalkingIsland.Parade	Talking Island: Parade starting at 2020/06/12 21:20 and is scheduled each next 0 hours.
2020.06.12 17:28:00,792	INFO	1	ai.bosses.Tiat.Stage1	[Seed of Destruction] Loaded 51 spawn zones data.
2020.06.12 17:28:00,834	INFO	1	ai.others.ClassMaster.ClassMaster	ClassMaster: Loaded 0 class change options.
2020.06.12 17:28:00,934	INFO	1	ai.others.MentorGuide.MentorGuide	MentorGuide: Loaded 5 mentee coins
2020.06.12 17:28:00,947	INFO	1	ai.others.NpcBuffers.NpcBuffersData	NpcBuffersData: Loaded 6 buffers data.
2020.06.12 17:28:01,005	INFO	1	events.BirthOfDraco.BirthOfDraco	Event Birth of Draco has passed... Ignored 
2020.06.12 17:28:01,013	INFO	1	events.CustomDropEvent.CustomDropEvent	Event Custom Drop Event active till Mon Nov 19 00:00:00 CET 2029
2020.06.12 17:28:01,027	INFO	1	events.EveTheFortuneTeller.EveTheFortuneTeller	Event Eve the Fortune Teller active till Fri Dec 18 00:00:00 CET 2020
2020.06.12 17:28:01,032	INFO	1	events.FreyaCelebration.FreyaCelebration	Event Freya Celebration has passed... Ignored 
2020.06.12 17:28:01,036	INFO	1	events.GiftOfVitality.GiftOfVitality	Event Gift of Vitality has passed... Ignored 
2020.06.12 17:28:01,039	INFO	1	events.Halloween.Halloween	Event Halloween has passed... Ignored 
2020.06.12 17:28:01,044	INFO	1	events.HappyHours.HappyHours	Event Happy Hours has passed... Ignored 
2020.06.12 17:28:01,047	INFO	1	events.HeavyMedal.HeavyMedal	Event Heavy Medal has passed... Ignored 
2020.06.12 17:28:01,051	INFO	1	events.HungryHorse.HungryHorse	Event Hungry Horse has passed... Ignored 
2020.06.12 17:28:01,056	INFO	1	events.HuntForSanta.HuntForSanta	Event Hunt for Santa has passed... Ignored 
2020.06.12 17:28:01,059	INFO	1	events.LetterCollector.LetterCollector	Event Letter Collector has passed... Ignored 
2020.06.12 17:28:01,063	INFO	1	events.LoversJubilee.LoversJubilee	Event Lovers Jubilee has passed... Ignored 
2020.06.12 17:28:01,067	INFO	1	events.LoveYourGatekeeper.LoveYourGatekeeper	Event Love Your Gatekeeper has passed... Ignored 
2020.06.12 17:28:01,071	INFO	1	events.MasterOfEnchanting.MasterOfEnchanting	Event Master of Enchanting has passed... Ignored 
2020.06.12 17:28:01,075	INFO	1	events.RedLibra.RedLibra	Event Red Libra has passed... Ignored 
2020.06.12 17:28:01,079	INFO	1	events.RudolphsBlessing.RudolphsBlessing	Event Rudolphs Blessing has passed... Ignored 
2020.06.12 17:28:01,086	INFO	1	events.SavingSanta.SavingSanta	Event Saving Santa has passed... Ignored 
2020.06.12 17:28:01,089	INFO	1	events.ThePowerOfLove.ThePowerOfLove	Event The Power Of Love has passed... Ignored 
2020.06.12 17:28:01,092	INFO	1	events.TrainingWithDandy.TrainingWithDandy	Event Training with Dandy has passed... Ignored 
2020.06.12 17:28:01,453	INFO	1	org.l2jmobius.gameserver.data.xml.impl.SpawnData	SpawnData: Initializing spawns...
2020.06.12 17:28:01,951	INFO	1	org.l2jmobius.gameserver.instancemanager.DBSpawnManager	DBSpawnManager: Loaded 160 instances.
2020.06.12 17:28:01,951	INFO	1	org.l2jmobius.gameserver.instancemanager.DBSpawnManager	DBSpawnManager: Scheduled 1 instances.
2020.06.12 17:28:07,665	INFO	1	org.l2jmobius.gameserver.data.xml.impl.SpawnData	SpawnData: All spawns has been initialized!
2020.06.12 17:28:07,665	INFO	1	org.l2jmobius.gameserver.GameServer	--------------------------------------------=[ Event Engine ]
2020.06.12 17:28:07,694	INFO	1	org.l2jmobius.gameserver.data.xml.impl.EventEngineData	EventEngineData: CeremonyOfChaosManager: Initialized.
2020.06.12 17:28:07,698	INFO	1	org.l2jmobius.gameserver.instancemanager.ClanHallAuctionManager	ClanHallAuctionManager: Clan Hall Auction has started!
2020.06.12 17:28:07,706	INFO	1	org.l2jmobius.gameserver.model.eventengine.conditions.BetweenConditionalScheduler	Event ClanHallAuctionManager will resume because is within the event period.
2020.06.12 17:28:07,706	INFO	1	org.l2jmobius.gameserver.data.xml.impl.EventEngineData	EventEngineData: ClanHallAuctionManager: Initialized.
2020.06.12 17:28:07,712	INFO	1	org.l2jmobius.gameserver.data.xml.impl.EventEngineData	EventEngineData: DailyTaskManager: Initialized.
2020.06.12 17:28:07,713	INFO	1	org.l2jmobius.gameserver.model.votereward.VoteSystem	VoteSystem: Disabled.
2020.06.12 17:28:07,713	INFO	1	org.l2jmobius.gameserver.GameServer	---------------------------------------------------=[ Siege ]
2020.06.12 17:28:07,719	INFO	1	org.l2jmobius.gameserver.model.entity.Siege	Siege of Gludio: Sun Jun 21 20:00:00 CEST 2020
2020.06.12 17:28:07,721	INFO	1	org.l2jmobius.gameserver.model.entity.Siege	Siege of Dion: Sun Jun 21 20:00:00 CEST 2020
2020.06.12 17:28:07,721	INFO	1	org.l2jmobius.gameserver.model.entity.Siege	Siege of Giran: Sun Jun 21 20:00:00 CEST 2020
2020.06.12 17:28:07,722	INFO	1	org.l2jmobius.gameserver.model.entity.Siege	Siege of Oren: Sun Jun 21 20:00:00 CEST 2020
2020.06.12 17:28:07,722	INFO	1	org.l2jmobius.gameserver.model.entity.Siege	Siege of Aden: Sun Jun 21 20:00:00 CEST 2020
2020.06.12 17:28:07,724	INFO	1	org.l2jmobius.gameserver.model.entity.Siege	Siege of Innadril: Sun Jun 21 20:00:00 CEST 2020
2020.06.12 17:28:07,724	INFO	1	org.l2jmobius.gameserver.model.entity.Siege	Siege of Goddard: Sun Jun 21 20:00:00 CEST 2020
2020.06.12 17:28:07,724	INFO	1	org.l2jmobius.gameserver.model.entity.Siege	Siege of Rune: Sun Jun 21 20:00:00 CEST 2020
2020.06.12 17:28:07,724	INFO	1	org.l2jmobius.gameserver.model.entity.Siege	Siege of Schuttgart: Sun Jun 21 20:00:00 CEST 2020
2020.06.12 17:28:07,865	INFO	1	org.l2jmobius.gameserver.instancemanager.FortManager	FortManager: Loaded 20 fortress.
2020.06.12 17:28:07,936	INFO	1	org.l2jmobius.gameserver.data.xml.impl.SiegeScheduleData	SiegeScheduleData: Loaded 1 siege schedulers.
2020.06.12 17:28:07,944	INFO	1	org.l2jmobius.gameserver.instancemanager.CastleManorManager	CastleManorManager: Loaded 258 seeds.
2020.06.12 17:28:07,946	INFO	1	org.l2jmobius.gameserver.instancemanager.CastleManorManager	CastleManorManager: Manor data loaded.
2020.06.12 17:28:07,951	INFO	1	org.l2jmobius.gameserver.instancemanager.SiegeGuardManager	SiegeGuardManager: Loaded 0 siege guards tickets.
2020.06.12 17:28:07,951	INFO	1	org.l2jmobius.gameserver.instancemanager.QuestManager	QuestManager: Loaded 309 quests.
2020.06.12 17:28:07,951	INFO	1	org.l2jmobius.gameserver.instancemanager.QuestManager	QuestManager: Loaded 381 scripts.
2020.06.12 17:28:07,961	INFO	1	org.l2jmobius.gameserver.taskmanager.TaskManager	TaskManager: Loaded 5 Tasks.
2020.06.12 17:28:07,966	INFO	1	org.l2jmobius.gameserver.instancemanager.MailManager	MailManager: Loaded 18 messages.
2020.06.12 17:28:07,966	INFO	1	org.l2jmobius.gameserver.GameServer	-----------------------------------------=[ Tenkai Features ]
2020.06.12 17:28:07,986	INFO	1	org.l2jmobius.gameserver.data.xml.impl.NpcData	Farm Zone Manager: loaded 45 farm zone definitions.
2020.06.12 17:28:07,988	INFO	1	org.l2jmobius.gameserver.data.xml.impl.NpcData	Farm Zone Manager: loaded 45 farm zone definitions.
2020.06.12 17:28:08,089	INFO	1	org.l2jmobius.gameserver.data.xml.impl.NpcData	Farm Zone Manager: loaded 20 farm zone customizations.
2020.06.12 17:28:08,092	INFO	1	org.l2jmobius.gameserver.data.xml.impl.NpcData	Upgradable Farm Zone Manager: talking_island  loaded
2020.06.12 17:28:08,096	INFO	1	org.l2jmobius.gameserver.data.xml.impl.NpcData	Upgradable Farm Zone Manager: loaded
2020.06.12 17:28:08,099	INFO	1	org.l2jmobius.gameserver.instancemanager.PunishmentManager	PunishmentManager: Loaded 0 active and 0 expired punishments.
2020.06.12 17:28:08,100	INFO	1	org.l2jmobius.gameserver.GameServer	IdFactory: Free ObjectID's remaining: 1878983281
2020.06.12 17:28:08,104	INFO	1	org.l2jmobius.gameserver.data.sql.impl.OfflineTraderTable	OfflineTraderTable: Loading offline traders...
2020.06.12 17:28:08,104	INFO	1	org.l2jmobius.gameserver.data.sql.impl.OfflineTraderTable	OfflineTraderTable: Loaded 0 offline traders.
2020.06.12 17:28:09,268	INFO	1	org.l2jmobius.gameserver.GameServer	GameServer: Started, using 2970 of 4096 MB total memory.
2020.06.12 17:28:09,269	INFO	1	org.l2jmobius.gameserver.GameServer	GameServer: Maximum number of connected players is 2000.
2020.06.12 17:28:09,269	INFO	1	org.l2jmobius.gameserver.GameServer	GameServer: Server loaded in 52 seconds.
2020.06.12 17:28:09,349	INFO	1	org.l2jmobius.commons.network.NetworkManager	ClientNetworkManager: Listening on 0.0.0.0:7777
2020.06.12 17:28:09,358	INFO	95	org.l2jmobius.gameserver.LoginServerThread	LoginServerThread: Connecting to login on 127.0.0.1:9014
2020.06.12 17:28:09,391	INFO	95	org.l2jmobius.gameserver.LoginServerThread	LoginServerThread: Registered on login as Server 31: Khadia
2020.06.12 17:28:43,537	WARNING	97	org.l2jmobius.gameserver.model.actor.Creature	Master access level set for character Meruril! Just a warning to be careful ;)
2020.06.12 17:30:00,006	INFO	40	org.l2jmobius.gameserver.instancemanager.GlobalVariablesManager	GlobalVariablesManager: Stored 13 variables.
2020.06.12 18:55:50,373	WARNING	80	org.l2jmobius.gameserver.data.xml.impl.SkillData	SkillData: No skill info found for skill id 35626 and skill level 1
2020.06.12 18:57:03,545	INFO	92	org.l2jmobius.gameserver.Shutdown	All players disconnected and saved(0ms).
2020.06.12 18:57:03,545	INFO	92	org.l2jmobius.gameserver.GameTimeController	GameTimeController: Stopped.
2020.06.12 18:57:03,545	INFO	92	org.l2jmobius.gameserver.Shutdown	Game Time Controller: Timer stopped(1ms).
2020.06.12 18:57:03,545	INFO	92	org.l2jmobius.commons.concurrent.ThreadPool	ThreadPool: Shutting down.
2020.06.12 18:57:03,549	INFO	92	org.l2jmobius.gameserver.Shutdown	Thread Pool Manager: Manager has been shut down(4ms).
2020.06.12 18:57:03,549	INFO	92	org.l2jmobius.gameserver.Shutdown	Login Server Thread: Thread interruped(0ms).
2020.06.12 18:57:03,549	INFO	92	org.l2jmobius.gameserver.network.telnet.TelnetServer	Shutting down..
2020.06.12 18:57:03,550	INFO	92	org.l2jmobius.gameserver.Shutdown	Telnet Server Thread: Thread interruped(1ms).
2020.06.12 18:57:03,550	INFO	92	org.l2jmobius.gameserver.Shutdown	SIGTERM received. Shutting down NOW!
2020.06.12 18:57:03,564	INFO	92	org.l2jmobius.gameserver.Shutdown	RaidBossSpawnManager: All raidboss info saved(14ms).
2020.06.12 18:57:03,565	INFO	92	org.l2jmobius.gameserver.Shutdown	GrandBossManager: All Grand Boss info saved(1ms).
2020.06.12 18:57:03,565	INFO	92	org.l2jmobius.gameserver.Shutdown	Item Auction Manager: All tasks stopped(0ms).
2020.06.12 18:57:03,565	INFO	92	org.l2jmobius.gameserver.Shutdown	Olympiad System: Data saved(0ms).
2020.06.12 18:57:03,566	INFO	92	org.l2jmobius.gameserver.Shutdown	CeremonyOfChaosManager: Scheduler stopped(1ms).
2020.06.12 18:57:03,566	INFO	92	org.l2jmobius.gameserver.Shutdown	Hero System: Data saved(0ms).
2020.06.12 18:57:03,567	INFO	92	org.l2jmobius.gameserver.Shutdown	Clan System: Data saved(1ms).
2020.06.12 18:57:03,567	INFO	92	org.l2jmobius.gameserver.Shutdown	Cursed Weapons Manager: Data saved(0ms).
2020.06.12 18:57:03,567	INFO	92	org.l2jmobius.gameserver.Shutdown	Castle Manor Manager: Data saved(0ms).
2020.06.12 18:57:03,568	INFO	92	org.l2jmobius.gameserver.Shutdown	Quest Manager: Data saved(0ms).
2020.06.12 18:57:03,569	INFO	92	org.l2jmobius.gameserver.instancemanager.GlobalVariablesManager	GlobalVariablesManager: Stored 13 variables.
2020.06.12 18:57:03,569	INFO	92	org.l2jmobius.gameserver.Shutdown	Global Variables Manager: Variables saved(2ms).
2020.06.12 18:57:03,569	INFO	92	org.l2jmobius.gameserver.Shutdown	Bot Report Table: Successfully saved reports to database!
2020.06.12 18:57:08,572	INFO	92	org.l2jmobius.gameserver.Shutdown	Game Server: Selector thread has been shut down(3ms).
2020.06.12 18:57:08,578	INFO	92	org.l2jmobius.gameserver.Shutdown	Database Factory: Database connection has been shut down(6ms).
