2020.06.12 12:52:25,194	WARNING	1	org.l2jmobius.commons.util.PropertiesParser	[Event.ini] missing property for key: INSTANCED_EVENT_MIN_PLAYERS_IN_TEAMS using default value: 1
2020.06.12 12:52:25,240	INFO	1	org.l2jmobius.commons.util.IXmlReader	Network Config: ipconfig.xml doesn't exists using automatic configuration...
2020.06.12 12:52:25,494	INFO	1	org.l2jmobius.commons.util.IXmlReader	Network Config: Adding new subnet: 127.0.0.0/8 address: 127.0.0.1
2020.06.12 12:52:25,502	INFO	1	org.l2jmobius.commons.util.IXmlReader	Network Config: Adding new subnet: 116.202.247.0/26 address: 116.202.247.51
2020.06.12 12:52:25,506	INFO	1	org.l2jmobius.commons.util.IXmlReader	Network Config: Adding new subnet: 0.0.0.0/0 address: 116.202.247.51
2020.06.12 12:52:25,565	WARNING	1	org.l2jmobius.commons.util.PropertiesParser	[Rates.ini] Invalid value specified for key: RateQuestRewardXP specified value: 1* should be "float" using default value: 1.0
2020.06.12 12:52:25,573	INFO	1	org.l2jmobius.Config	Loaded 1 Filter Words.
2020.06.12 12:52:25,901	INFO	1	org.l2jmobius.gameserver.GameServer	------------------------------------------------=[ Database ]
2020.06.12 12:52:26,001	INFO	1	org.l2jmobius.commons.database.DatabaseFactory	Database: Initialized.
2020.06.12 12:52:26,001	INFO	1	org.l2jmobius.gameserver.GameServer	----------------------------------------------=[ ThreadPool ]
2020.06.12 12:52:26,007	INFO	1	org.l2jmobius.commons.concurrent.ThreadPool	ThreadPool: Initialized
2020.06.12 12:52:26,008	INFO	1	org.l2jmobius.commons.concurrent.ThreadPool	...scheduled pool executor with 40 total threads.
2020.06.12 12:52:26,008	INFO	1	org.l2jmobius.commons.concurrent.ThreadPool	...instant pool executor with 20 total threads.
2020.06.12 12:52:26,008	INFO	1	org.l2jmobius.gameserver.GameServer	-----------------------------------------------=[ IdFactory ]
2020.06.12 12:52:26,012	INFO	1	org.l2jmobius.gameserver.idfactory.IdFactory	Updated characters online status.
2020.06.12 12:52:26,043	INFO	1	org.l2jmobius.gameserver.idfactory.IdFactory	IdFactory: Cleaned 0 elements from database in 0 seconds.
2020.06.12 12:52:26,052	INFO	1	org.l2jmobius.gameserver.idfactory.IdFactory	IdFactory: Cleaned 0 expired timestamps from database.
2020.06.12 12:52:26,074	WARNING	1	org.l2jmobius.gameserver.idfactory.IdFactory	IdFactory: Object ID 0 in DB is less than minimum ID of 268435456
2020.06.12 12:52:26,077	INFO	1	org.l2jmobius.gameserver.idfactory.IdFactory	IdFactory: 411648 id's available.
2020.06.12 12:52:26,077	INFO	1	org.l2jmobius.gameserver.GameServer	----------------------------------------=[ Scripting Engine ]
2020.06.12 12:52:26,170	INFO	25	org.l2jmobius.gameserver.model.World	World: (288 by 272) World Region Grid set up.
2020.06.12 12:52:26,307	INFO	1	org.l2jmobius.gameserver.scripting.ScriptEngineManager	Loaded 803 files to exclude.
2020.06.12 12:52:26,308	INFO	1	org.l2jmobius.gameserver.GameServer	--------------------------------------------------=[ Telnet ]
2020.06.12 12:52:26,520	INFO	1	org.l2jmobius.gameserver.network.telnet.TelnetServer	Telnet server is currently disabled.
2020.06.12 12:52:26,520	INFO	1	org.l2jmobius.gameserver.GameServer	---------------------------------------------------=[ World ]
2020.06.12 12:52:26,521	INFO	91	org.l2jmobius.gameserver.GameTimeController	GameTimeController: Started.
2020.06.12 12:52:26,695	INFO	1	org.l2jmobius.gameserver.instancemanager.MapRegionManager	MapRegionManager: Loaded 61 map regions.
2020.06.12 12:52:26,700	INFO	1	org.l2jmobius.gameserver.instancemanager.ZoneManager	ZoneManager 19 by 18 Zone Region Grid set up.
2020.06.12 12:52:26,864	CONFIG	1	org.l2jmobius.gameserver.instancemanager.ZoneManager	ZoneManager: Caution: Zone (80013) from file: event_zones.xml overrides previous definition.
2020.06.12 12:52:26,864	CONFIG	1	org.l2jmobius.gameserver.instancemanager.ZoneManager	ZoneManager: Caution: Zone (80014) from file: event_zones.xml overrides previous definition.
2020.06.12 12:52:26,865	CONFIG	1	org.l2jmobius.gameserver.instancemanager.ZoneManager	ZoneManager: Caution: Zone (80015) from file: event_zones.xml overrides previous definition.
2020.06.12 12:52:26,865	CONFIG	1	org.l2jmobius.gameserver.instancemanager.ZoneManager	ZoneManager: Caution: Zone (80016) from file: event_zones.xml overrides previous definition.
2020.06.12 12:52:26,866	CONFIG	1	org.l2jmobius.gameserver.instancemanager.ZoneManager	ZoneManager: Caution: Zone (80018) from file: event_zones.xml overrides previous definition.
2020.06.12 12:52:26,866	CONFIG	1	org.l2jmobius.gameserver.instancemanager.ZoneManager	ZoneManager: Caution: Zone (80020) from file: event_zones.xml overrides previous definition.
2020.06.12 12:52:26,866	CONFIG	1	org.l2jmobius.gameserver.instancemanager.ZoneManager	ZoneManager: Caution: Zone (80022) from file: event_zones.xml overrides previous definition.
2020.06.12 12:52:26,867	CONFIG	1	org.l2jmobius.gameserver.instancemanager.ZoneManager	ZoneManager: Caution: Zone (80023) from file: event_zones.xml overrides previous definition.
2020.06.12 12:52:26,868	CONFIG	1	org.l2jmobius.gameserver.instancemanager.ZoneManager	ZoneManager: Caution: Zone (80027) from file: event_zones.xml overrides previous definition.
2020.06.12 12:52:26,869	CONFIG	1	org.l2jmobius.gameserver.instancemanager.ZoneManager	ZoneManager: Caution: Zone (80028) from file: event_zones.xml overrides previous definition.
2020.06.12 12:52:26,869	CONFIG	1	org.l2jmobius.gameserver.instancemanager.ZoneManager	ZoneManager: Caution: Zone (80029) from file: event_zones.xml overrides previous definition.
2020.06.12 12:52:26,869	CONFIG	1	org.l2jmobius.gameserver.instancemanager.ZoneManager	ZoneManager: Caution: Zone (80031) from file: event_zones.xml overrides previous definition.
2020.06.12 12:52:26,870	CONFIG	1	org.l2jmobius.gameserver.instancemanager.ZoneManager	ZoneManager: Caution: Zone (80033) from file: event_zones.xml overrides previous definition.
2020.06.12 12:52:27,157	INFO	1	org.l2jmobius.gameserver.instancemanager.ZoneManager	ZoneManager: Loaded 36 zone classes and 2895 zones.
2020.06.12 12:52:27,158	INFO	1	org.l2jmobius.gameserver.instancemanager.ZoneManager	ZoneManager: Loaded 16 NPC spawn territoriers.
2020.06.12 12:52:27,162	INFO	1	org.l2jmobius.gameserver.instancemanager.ZoneManager	ZoneManager: Last static id 210110.
2020.06.12 12:52:27,412	INFO	1	org.l2jmobius.gameserver.data.xml.impl.DoorData	DoorData: Loaded 1516 Door Templates for 24 regions.
2020.06.12 12:52:27,419	INFO	1	FenceData	FenceData: Loaded 1 fences.
2020.06.12 12:52:27,426	INFO	1	org.l2jmobius.gameserver.instancemanager.GlobalVariablesManager	GlobalVariablesManager: Loaded 13 variables.
2020.06.12 12:52:27,426	INFO	1	org.l2jmobius.gameserver.GameServer	----------------------------------------------------=[ Data ]
2020.06.12 12:52:27,433	INFO	1	org.l2jmobius.gameserver.data.xml.impl.ActionData	ActionData: Loaded 216 player actions.
2020.06.12 12:52:27,470	INFO	1	org.l2jmobius.gameserver.data.xml.impl.CategoryData	CategoryData: Loaded 215 categories.
2020.06.12 12:52:27,476	INFO	1	org.l2jmobius.gameserver.data.xml.impl.SecondaryAuthData	SecondaryAuthData: Loaded 328 forbidden passwords.
2020.06.12 12:52:27,516	WARNING	1	org.l2jmobius.gameserver.engines.DocumentEngine	Dir C:\Users\Administrator\IdeaProjects\tenkai_pow3\data\stats\items\custom does not exist.
2020.06.12 12:52:29,585	WARNING	1	org.l2jmobius.gameserver.engines.items.DocumentItem	Cannot create item 81160
2020.06.12 12:52:29,595	WARNING	1	org.l2jmobius.gameserver.engines.items.DocumentItem	Cannot create item 81172
2020.06.12 12:52:29,613	INFO	1	org.l2jmobius.gameserver.datatables.ItemTable	ItemTable: Highest item id used: 91746
2020.06.12 12:52:29,621	INFO	1	org.l2jmobius.gameserver.datatables.ItemTable	ItemTable: Loaded 22638 Etc Items
2020.06.12 12:52:29,621	INFO	1	org.l2jmobius.gameserver.datatables.ItemTable	ItemTable: Loaded 12312 Armor Items
2020.06.12 12:52:29,621	INFO	1	org.l2jmobius.gameserver.datatables.ItemTable	ItemTable: Loaded 9033 Weapon Items
2020.06.12 12:52:29,622	INFO	1	org.l2jmobius.gameserver.datatables.ItemTable	ItemTable: Loaded 43983 Items in total.
2020.06.12 12:52:29,629	INFO	1	org.l2jmobius.gameserver.data.xml.impl.CombinationItemsData	CombinationItemsData: Loaded 1377 combinations.
2020.06.12 12:52:29,638	INFO	1	org.l2jmobius.gameserver.data.xml.impl.SayuneData	SayuneData: Loaded 71 maps.
2020.06.12 12:52:30,201	INFO	1	handlers.DailyMissionMasterHandler	DailyMissionMasterHandler:  Loaded 10 handlers.
2020.06.12 12:52:30,228	INFO	1	org.l2jmobius.gameserver.data.xml.impl.DailyMissionData	DailyMissionData: Loaded 46 one day rewards.
2020.06.12 12:52:30,229	INFO	1	org.l2jmobius.gameserver.GameServer	--------------------------------------------------=[ Skills ]
2020.06.12 12:52:31,291	INFO	1	handlers.EffectMasterHandler	EffectMasterHandler: Loaded 353 effect handlers.
2020.06.12 12:52:31,302	INFO	1	org.l2jmobius.gameserver.data.xml.impl.EnchantSkillGroupsData	EnchantSkillGroupsData: Loaded 20 enchant routes, max enchant set to 20.
2020.06.12 12:52:34,229	WARNING	1	org.l2jmobius.gameserver.model.effects.AbstractEffect	ExpModify can only use DIFF mode.
2020.06.12 12:52:34,229	WARNING	1	org.l2jmobius.gameserver.model.effects.AbstractEffect	SpModify can only use DIFF mode.
2020.06.12 12:52:34,229	WARNING	1	org.l2jmobius.gameserver.model.effects.AbstractEffect	ExpModify can only use DIFF mode.
2020.06.12 12:52:34,230	WARNING	1	org.l2jmobius.gameserver.model.effects.AbstractEffect	SpModify can only use DIFF mode.
2020.06.12 12:52:34,230	WARNING	1	org.l2jmobius.gameserver.model.effects.AbstractEffect	ExpModify can only use DIFF mode.
2020.06.12 12:52:34,230	WARNING	1	org.l2jmobius.gameserver.model.effects.AbstractEffect	SpModify can only use DIFF mode.
2020.06.12 12:52:34,230	WARNING	1	org.l2jmobius.gameserver.model.effects.AbstractEffect	ExpModify can only use DIFF mode.
2020.06.12 12:52:34,230	WARNING	1	org.l2jmobius.gameserver.model.effects.AbstractEffect	SpModify can only use DIFF mode.
2020.06.12 12:52:34,266	INFO	1	org.l2jmobius.gameserver.data.xml.impl.SkillData	SkillData: Loaded 162577 Skills.
2020.06.12 12:52:34,793	INFO	1	org.l2jmobius.gameserver.data.xml.impl.SkillTreeData	SkillTreeData: Loaded 18884 Class skills for 145 class skill trees.
2020.06.12 12:52:34,793	INFO	1	org.l2jmobius.gameserver.data.xml.impl.SkillTreeData	SkillTreeData: Loaded 24 sub-class skills.
2020.06.12 12:52:34,794	INFO	1	org.l2jmobius.gameserver.data.xml.impl.SkillTreeData	SkillTreeData: Loaded 25 dual-class skills.
2020.06.12 12:52:34,794	INFO	1	org.l2jmobius.gameserver.data.xml.impl.SkillTreeData	SkillTreeData: Loaded 104 transfer skills for 3 transfer skill trees.
2020.06.12 12:52:34,794	INFO	1	org.l2jmobius.gameserver.data.xml.impl.SkillTreeData	SkillTreeData: Loaded 17 race skills for 7 race skill trees.
2020.06.12 12:52:34,794	INFO	1	org.l2jmobius.gameserver.data.xml.impl.SkillTreeData	SkillTreeData: Loaded 35 fishing skills, 8 Dwarven only fishing skills.
2020.06.12 12:52:34,794	INFO	1	org.l2jmobius.gameserver.data.xml.impl.SkillTreeData	SkillTreeData: Loaded 3 collect skills.
2020.06.12 12:52:34,797	INFO	1	org.l2jmobius.gameserver.data.xml.impl.SkillTreeData	SkillTreeData: Loaded 0 clan skills, 0 for clan and 0 residential.
2020.06.12 12:52:34,798	INFO	1	org.l2jmobius.gameserver.data.xml.impl.SkillTreeData	SkillTreeData: Loaded 0 sub-pledge skills.
2020.06.12 12:52:34,798	INFO	1	org.l2jmobius.gameserver.data.xml.impl.SkillTreeData	SkillTreeData: Loaded 32 transform skills.
2020.06.12 12:52:34,798	INFO	1	org.l2jmobius.gameserver.data.xml.impl.SkillTreeData	SkillTreeData: Loaded 21 noble skills.
2020.06.12 12:52:34,798	INFO	1	org.l2jmobius.gameserver.data.xml.impl.SkillTreeData	SkillTreeData: Loaded 5 hero skills.
2020.06.12 12:52:34,798	INFO	1	org.l2jmobius.gameserver.data.xml.impl.SkillTreeData	SkillTreeData: Loaded 61 game master skills.
2020.06.12 12:52:34,798	INFO	1	org.l2jmobius.gameserver.data.xml.impl.SkillTreeData	SkillTreeData: Loaded 61 game master aura skills.
2020.06.12 12:52:34,799	INFO	1	org.l2jmobius.gameserver.data.xml.impl.SkillTreeData	SkillTreeData: Loaded 123 ability skills.
2020.06.12 12:52:34,799	INFO	1	org.l2jmobius.gameserver.data.xml.impl.SkillTreeData	SkillTreeData: Loaded 112 alchemy skills.
2020.06.12 12:52:34,799	INFO	1	org.l2jmobius.gameserver.data.xml.impl.SkillTreeData	SkillTreeData: Loaded 36 class awaken save skills.
2020.06.12 12:52:34,799	INFO	1	org.l2jmobius.gameserver.data.xml.impl.SkillTreeData	SkillTreeData: Loaded 20 Revelation skills.
2020.06.12 12:52:34,799	INFO	1	org.l2jmobius.gameserver.data.xml.impl.SkillTreeData	SkillTreeData: Loaded 37 common skills.
2020.06.12 12:52:34,811	INFO	1	org.l2jmobius.gameserver.data.xml.impl.PetSkillData	PetSkillData: Loaded 1084 skills.
2020.06.12 12:52:34,812	INFO	1	org.l2jmobius.gameserver.GameServer	---------------------------------------------------=[ Items ]
2020.06.12 12:52:34,909	INFO	1	org.l2jmobius.gameserver.data.xml.impl.EnchantItemGroupsData	EnchantItemGroupsData: Loaded 4 item group templates.
2020.06.12 12:52:34,910	INFO	1	org.l2jmobius.gameserver.data.xml.impl.EnchantItemGroupsData	EnchantItemGroupsData: Loaded 1 scroll group templates.
2020.06.12 12:52:34,921	INFO	1	org.l2jmobius.gameserver.data.xml.impl.EnchantItemData	EnchantItemData: Loaded 262 enchant scrolls.
2020.06.12 12:52:34,922	INFO	1	org.l2jmobius.gameserver.data.xml.impl.EnchantItemData	EnchantItemData: Loaded 100 support items.
2020.06.12 12:52:34,939	INFO	1	org.l2jmobius.gameserver.data.xml.impl.EnchantItemOptionsData	EnchantItemOptionsData: Loaded 251 items and 3760 options.
2020.06.12 12:52:34,952	INFO	1	org.l2jmobius.gameserver.data.xml.impl.ItemCrystallizationData	ItemCrystallizationData: Loaded 13 crystallization templates.
2020.06.12 12:52:34,953	INFO	1	org.l2jmobius.gameserver.data.xml.impl.ItemCrystallizationData	ItemCrystallizationData: Loaded 279 pre-defined crystallizable items.
2020.06.12 12:52:34,964	INFO	1	org.l2jmobius.gameserver.data.xml.impl.ItemCrystallizationData	ItemCrystallizationData: Generated 5919 crystallizable items from templates.
2020.06.12 12:52:35,982	INFO	1	org.l2jmobius.gameserver.data.xml.impl.OptionData	OptionData: Loaded 35055 options.
2020.06.12 12:52:36,114	INFO	1	VariationData	VariationData: Loaded 121 variations.
2020.06.12 12:52:36,114	INFO	1	VariationData	VariationData: Loaded 4788 fees.
2020.06.12 12:52:36,129	INFO	1	org.l2jmobius.gameserver.data.xml.impl.EnsoulData	EnsoulData: Loaded 11 fees.
2020.06.12 12:52:36,130	INFO	1	org.l2jmobius.gameserver.data.xml.impl.EnsoulData	EnsoulData: Loaded 812 options.
2020.06.12 12:52:36,130	INFO	1	org.l2jmobius.gameserver.data.xml.impl.EnsoulData	EnsoulData: Loaded 114 stones.
2020.06.12 12:52:36,134	INFO	1	org.l2jmobius.gameserver.data.xml.impl.EnchantItemHPBonusData	EnchantItemHPBonusData: Loaded 12 enchant HP bonuses.
2020.06.12 12:52:37,486	INFO	1	org.l2jmobius.gameserver.data.xml.impl.BuyListData	BuyListData: Loaded 885 buyLists.
2020.06.12 12:52:37,982	WARNING	1	org.l2jmobius.gameserver.data.xml.impl.MultisellData	Invalid product id or count for itemId: 21893, count: 46606 in list: 400090
2020.06.12 12:52:38,582	INFO	1	org.l2jmobius.gameserver.data.xml.impl.MultisellData	MultisellData: Loaded 597 multisell lists.
2020.06.12 12:52:38,633	INFO	1	org.l2jmobius.gameserver.data.xml.impl.EquipmentUpgradeData	EquipmentUpgradeData: Loaded 6777 upgrade equipment data.
2020.06.12 12:52:38,693	INFO	1	org.l2jmobius.gameserver.data.xml.impl.RecipeData	RecipeData: Loaded 1678 recipes.
2020.06.12 12:52:38,717	WARNING	1	org.l2jmobius.gameserver.data.xml.impl.ArmorSetData	Duplicate set entry with id: 289 in file: Visual_Sets.xml
2020.06.12 12:52:38,717	WARNING	1	org.l2jmobius.gameserver.data.xml.impl.ArmorSetData	Duplicate set entry with id: 290 in file: Visual_Sets.xml
2020.06.12 12:52:38,717	INFO	1	org.l2jmobius.gameserver.data.xml.impl.ArmorSetData	ArmorSetData: Loaded 326 armor sets.
2020.06.12 12:52:38,722	INFO	1	org.l2jmobius.gameserver.data.xml.impl.FishingData	FishingData: Loaded 7 bait and 13 rod data.
2020.06.12 12:52:38,755	INFO	1	org.l2jmobius.gameserver.data.xml.impl.HennaData	HennaData: Loaded 461 henna data.
2020.06.12 12:52:38,760	INFO	1	org.l2jmobius.gameserver.data.xml.impl.PrimeShopData	PrimeShopData: Loaded 44 items.
2020.06.12 12:52:38,781	INFO	1	org.l2jmobius.gameserver.data.xml.impl.AppearanceItemData	AppearanceItemData: Loaded 1225 stones.
2020.06.12 12:52:38,787	INFO	1	org.l2jmobius.gameserver.data.xml.impl.AlchemyData	AlchemyData: Loaded 114 alchemy craft skills.
2020.06.12 12:52:38,796	INFO	1	org.l2jmobius.commons.util.IXmlReader	LuckyGameData: Loaded 2 lucky game data.
2020.06.12 12:52:38,800	INFO	1	org.l2jmobius.gameserver.data.xml.impl.AttendanceRewardData	AttendanceRewardData: Loaded 28 rewards.
2020.06.12 12:52:38,800	INFO	1	org.l2jmobius.gameserver.GameServer	----------------------------------------------=[ Characters ]
2020.06.12 12:52:38,804	INFO	1	org.l2jmobius.gameserver.data.xml.impl.ClassListData	ClassListData: Loaded 153 class data.
2020.06.12 12:52:38,808	INFO	1	org.l2jmobius.gameserver.data.xml.impl.InitialEquipmentData	InitialEquipmentData: Loaded 13 initial equipment data.
2020.06.12 12:52:38,812	INFO	1	org.l2jmobius.gameserver.data.xml.impl.InitialShortcutData	InitialShortcutData: Loaded 5 initial global shortcuts data.
2020.06.12 12:52:38,813	INFO	1	org.l2jmobius.gameserver.data.xml.impl.InitialShortcutData	InitialShortcutData: Loaded 5 initial shortcuts data.
2020.06.12 12:52:38,813	INFO	1	org.l2jmobius.gameserver.data.xml.impl.InitialShortcutData	InitialShortcutData: Loaded 0 macro presets.
2020.06.12 12:52:38,816	INFO	1	org.l2jmobius.gameserver.data.xml.impl.ExperienceData	ExperienceData: Loaded 121 levels.
2020.06.12 12:52:38,816	INFO	1	org.l2jmobius.gameserver.data.xml.impl.ExperienceData	ExperienceData: Max Player Level is 120.
2020.06.12 12:52:38,816	INFO	1	org.l2jmobius.gameserver.data.xml.impl.ExperienceData	ExperienceData: Max Pet Level is 99.
2020.06.12 12:52:38,822	INFO	1	org.l2jmobius.gameserver.data.xml.impl.KarmaData	KarmaData: Loaded 120 karma modifiers.
2020.06.12 12:52:38,825	INFO	1	org.l2jmobius.gameserver.data.xml.impl.HitConditionBonusData	HitConditionBonusData: Loaded hit condition bonuses.
2020.06.12 12:52:39,333	INFO	1	org.l2jmobius.gameserver.data.xml.impl.PlayerTemplateData	PlayerTemplateData: Loaded 145 character templates.
2020.06.12 12:52:39,333	INFO	1	org.l2jmobius.gameserver.data.xml.impl.PlayerTemplateData	PlayerTemplateData: Loaded 104400 level up gain records.
2020.06.12 12:52:39,342	INFO	1	org.l2jmobius.gameserver.data.sql.impl.CharNameTable	CharNameTable: Loaded 104 char names.
2020.06.12 12:52:39,348	INFO	1	org.l2jmobius.gameserver.data.xml.impl.AdminData	AdminData: Loaded 10 access levels.
2020.06.12 12:52:39,353	INFO	1	org.l2jmobius.gameserver.data.xml.impl.AdminData	AdminData: Loaded 459 access commands.
2020.06.12 12:52:39,667	INFO	1	org.l2jmobius.gameserver.data.xml.impl.PetDataTable	PetDataTable: Loaded 56 pets.
2020.06.12 12:52:39,717	INFO	1	org.l2jmobius.gameserver.data.xml.impl.CubicData	CubicData: Loaded 25 cubics.
2020.06.12 12:52:39,732	INFO	1	org.l2jmobius.gameserver.GameServer	PremiumManager: Premium system is enabled.
2020.06.12 12:52:39,735	INFO	1	org.l2jmobius.gameserver.GameServer	---------------------------------------------------=[ Clans ]
2020.06.12 12:52:39,751	INFO	1	org.l2jmobius.gameserver.communitybbs.Manager.ForumsBBSManager	ForumsBBSManager: Loaded 15 forums. Last forum id used: 16
2020.06.12 12:52:39,821	INFO	1	org.l2jmobius.gameserver.data.sql.impl.ClanTable	ClanTable: Restored 15 clans from the database.
2020.06.12 12:52:39,829	INFO	1	org.l2jmobius.gameserver.data.xml.impl.ResidenceFunctionsData	ResidenceFunctionsData: Loaded 8 functions.
2020.06.12 12:52:39,940	INFO	1	org.l2jmobius.gameserver.data.xml.impl.ClanHallData	ClanHallData: Succesfully loaded 48 clan halls.
2020.06.12 12:52:40,006	INFO	1	org.l2jmobius.gameserver.instancemanager.ClanEntryManager	ClanEntryManager: Loaded 1 clan entries.
2020.06.12 12:52:40,006	INFO	1	org.l2jmobius.gameserver.instancemanager.ClanEntryManager	ClanEntryManager: Loaded 0 players in waiting list.
2020.06.12 12:52:40,007	INFO	1	org.l2jmobius.gameserver.instancemanager.ClanEntryManager	ClanEntryManager: Loaded 0 player applications.
2020.06.12 12:52:40,011	INFO	1	org.l2jmobius.gameserver.data.xml.impl.ClanMasteryData	ClanMasteryData: Loaded 16 clan masteries.
2020.06.12 12:52:40,017	INFO	1	org.l2jmobius.gameserver.data.xml.impl.ClanShopData	ClanShopData: Loaded 13 clan shop products.
2020.06.12 12:52:40,017	INFO	1	org.l2jmobius.gameserver.GameServer	-------------------------------------------------=[ Geodata ]
2020.06.12 12:52:40,020	INFO	1	org.l2jmobius.gameserver.geoengine.GeoEngine	GeoEngine: Initializing...
2020.06.12 12:52:43,455	INFO	1	org.l2jmobius.gameserver.geoengine.GeoEngine	GeoEngine: Loaded 223 geodata files.
2020.06.12 12:52:43,461	INFO	1	org.l2jmobius.gameserver.geoengine.GeoEngine	GeoEngine: Total geodata file size 1469 MB.
2020.06.12 12:52:43,496	INFO	1	org.l2jmobius.gameserver.geoengine.GeoEngine	GeoEnginePathfinding: Loaded 32 node buffers.
2020.06.12 12:52:43,497	INFO	1	org.l2jmobius.gameserver.GameServer	----------------------------------------------------=[ NPCs ]
2020.06.12 12:52:46,015	INFO	1	org.l2jmobius.gameserver.data.xml.impl.NpcData	NpcData: Loaded 14487 NPCs.
2020.06.12 12:52:46,039	INFO	1	org.l2jmobius.gameserver.data.xml.impl.NpcData	NpcData: Loaded 64 custom NPCs.
2020.06.12 12:52:46,050	INFO	1	org.l2jmobius.gameserver.data.xml.impl.FakePlayerData	FakePlayerData: Disabled.
2020.06.12 12:52:46,053	INFO	1	org.l2jmobius.gameserver.instancemanager.FakePlayerChatManager	FakePlayerChatManager: Disabled.
2020.06.12 12:52:46,064	INFO	1	org.l2jmobius.gameserver.data.xml.impl.ExtendDropData	ExtendDropData: Loaded 1 extend drops.
2020.06.12 12:52:46,973	INFO	1	org.l2jmobius.gameserver.data.xml.impl.SpawnData	SpawnData: Loaded 50486 spawns
2020.06.12 12:52:46,985	INFO	1	org.l2jmobius.gameserver.data.xml.impl.MonsterBookData	MonsterBookData: Loaded 165 monster data.
2020.06.12 12:52:47,016	INFO	1	org.l2jmobius.gameserver.instancemanager.WalkingManager	WalkingManager: Loaded 197 walking routes.
2020.06.12 12:52:47,031	INFO	1	org.l2jmobius.gameserver.data.xml.impl.StaticObjectData	StaticObjectData: Loaded 86 static object templates.
2020.06.12 12:52:47,050	INFO	1	org.l2jmobius.gameserver.model.itemauction.ItemAuctionInstance	ItemAuctionInstance: Loaded 21 item(s) and registered 3 auction(s) for instance 34328
2020.06.12 12:52:47,058	INFO	1	org.l2jmobius.gameserver.model.itemauction.ItemAuctionInstance	ItemAuctionInstance: Schedule next auction 7 on 17:00:00 13.06.20 for instance 34328
2020.06.12 12:52:47,058	INFO	1	org.l2jmobius.gameserver.instancemanager.ItemAuctionManager	ItemAuctionManager: Loaded 1 instances.
2020.06.12 12:52:47,121	INFO	1	org.l2jmobius.gameserver.instancemanager.InstanceManager	InstanceManager: Loaded 298 instance names.
2020.06.12 12:52:47,586	INFO	1	org.l2jmobius.gameserver.instancemanager.InstanceManager	InstanceManager: Loaded 143 instance templates.
2020.06.12 12:52:47,587	INFO	1	org.l2jmobius.gameserver.instancemanager.InstanceManager	InstanceManager: Loaded instance reenter times for 0 players.
2020.06.12 12:52:47,598	INFO	1	org.l2jmobius.gameserver.instancemanager.CastleManager	CastleManager: Loaded 9 castles.
2020.06.12 12:52:47,605	INFO	1	org.l2jmobius.gameserver.instancemanager.GrandBossManager	GrandBossManager: Fafurion(19740) status is 0
2020.06.12 12:52:47,605	INFO	1	org.l2jmobius.gameserver.instancemanager.GrandBossManager	GrandBossManager: Kelbim(26124) status is 0
2020.06.12 12:52:47,605	INFO	1	org.l2jmobius.gameserver.instancemanager.GrandBossManager	GrandBossManager: Queen Ant(29001) status is 0
2020.06.12 12:52:47,605	INFO	1	org.l2jmobius.gameserver.instancemanager.GrandBossManager	GrandBossManager: Core(29006) status is 0
2020.06.12 12:52:47,605	INFO	1	org.l2jmobius.gameserver.instancemanager.GrandBossManager	GrandBossManager: Baium(29020) status is 0
2020.06.12 12:52:47,605	INFO	1	org.l2jmobius.gameserver.instancemanager.GrandBossManager	GrandBossManager: Valakas(29028) status is 3
2020.06.12 12:52:47,612	INFO	1	org.l2jmobius.gameserver.instancemanager.GrandBossManager	GrandBossManager: Next spawn date of Valakas is Tue Jun 23 04:57:01 CEST 2020
2020.06.12 12:52:47,613	INFO	1	org.l2jmobius.gameserver.instancemanager.GrandBossManager	GrandBossManager: Antharas(29068) status is 0
2020.06.12 12:52:47,613	INFO	1	org.l2jmobius.gameserver.instancemanager.GrandBossManager	GrandBossManager: Beleth(29118) status is 0
2020.06.12 12:52:47,613	INFO	1	org.l2jmobius.gameserver.instancemanager.GrandBossManager	GrandBossManager: Earth Wyrm Trasken(29197) status is 0
2020.06.12 12:52:47,613	INFO	1	org.l2jmobius.gameserver.instancemanager.GrandBossManager	GrandBossManager: Lindvior(29240) status is 0
2020.06.12 12:52:47,613	INFO	1	org.l2jmobius.gameserver.instancemanager.GrandBossManager	GrandBossManager: Helios(29305) status is 0
2020.06.12 12:52:47,613	INFO	1	org.l2jmobius.gameserver.instancemanager.GrandBossManager	GrandBossManager: Orfen(29325) status is 0
2020.06.12 12:52:47,613	INFO	1	org.l2jmobius.gameserver.instancemanager.GrandBossManager	GrandBossManager: Lilith(29336) status is 0
2020.06.12 12:52:47,613	INFO	1	org.l2jmobius.gameserver.instancemanager.GrandBossManager	GrandBossManager: Anakim(29348) status is 0
2020.06.12 12:52:47,614	INFO	1	org.l2jmobius.gameserver.instancemanager.GrandBossManager	GrandBossManager: Loaded 14 instances.
2020.06.12 12:52:47,616	INFO	1	org.l2jmobius.gameserver.GameServer	------------------------------------------------=[ Instance ]
2020.06.12 12:52:47,616	INFO	1	org.l2jmobius.gameserver.GameServer	------------------------------------------------=[ Olympiad ]
2020.06.12 12:52:47,624	INFO	1	org.l2jmobius.gameserver.model.olympiad.Olympiad	Olympiad System: Loading....
2020.06.12 12:52:47,624	INFO	1	org.l2jmobius.gameserver.model.olympiad.Olympiad	Olympiad System: Currently in Olympiad Period
2020.06.12 12:52:47,625	INFO	1	org.l2jmobius.gameserver.model.olympiad.Olympiad	Olympiad System: 24427 minutes until period ends
2020.06.12 12:52:47,625	INFO	1	org.l2jmobius.gameserver.model.olympiad.Olympiad	Olympiad System: Next weekly change is in 1447 minutes
2020.06.12 12:52:47,625	INFO	1	org.l2jmobius.gameserver.model.olympiad.Olympiad	Olympiad System: Loaded 1 Nobles
2020.06.12 12:52:47,628	INFO	1	org.l2jmobius.gameserver.model.olympiad.Olympiad	Olympiad System: Competition Period Starts in 0 days, 7 hours and 7 mins.
2020.06.12 12:52:47,628	INFO	1	org.l2jmobius.gameserver.model.olympiad.Olympiad	Olympiad System: Event starts/started: Fri Jun 12 20:00:47 CEST 2020
2020.06.12 12:52:47,632	INFO	1	org.l2jmobius.gameserver.model.entity.Hero	Hero System: Loaded 0 Heroes.
2020.06.12 12:52:47,632	INFO	1	org.l2jmobius.gameserver.model.entity.Hero	Hero System: Loaded 0 all time Heroes.
2020.06.12 12:52:47,632	INFO	1	org.l2jmobius.gameserver.GameServer	---------------------------------------------------=[ Cache ]
2020.06.12 12:52:47,634	INFO	1	org.l2jmobius.gameserver.cache.HtmCache	Html cache start...
2020.06.12 12:52:51,011	WARNING	1	org.l2jmobius.gameserver.cache.HtmCache	HTML encoding check: File out/production/Test/lang/el/data/html/mods/Lang/Error.htm contains non ASCII content.
2020.06.12 12:52:51,012	WARNING	1	org.l2jmobius.gameserver.cache.HtmCache	HTML encoding check: File out/production/Test/lang/el/data/html/mods/Lang/LanguageSelect.htm contains non ASCII content.
2020.06.12 12:52:51,013	WARNING	1	org.l2jmobius.gameserver.cache.HtmCache	HTML encoding check: File out/production/Test/lang/el/data/html/mods/Lang/Ok.htm contains non ASCII content.
2020.06.12 12:52:52,266	INFO	1	org.l2jmobius.gameserver.cache.HtmCache	Cache[HTML]: 10.071 megabytes on 17928 files loaded.
2020.06.12 12:52:52,287	INFO	1	org.l2jmobius.gameserver.data.sql.impl.CrestTable	CrestTable: Loaded 1 Crests.
2020.06.12 12:52:52,291	INFO	1	org.l2jmobius.gameserver.data.xml.impl.TeleportListData	TeleportListData: Loaded 99 teleports.
2020.06.12 12:52:52,764	INFO	1	org.l2jmobius.gameserver.data.xml.impl.TeleporterData	TeleporterData: Loaded 157 npc teleporters.
2020.06.12 12:52:52,772	INFO	1	org.l2jmobius.gameserver.instancemanager.CursedWeaponsManager	CursedWeaponsManager: Loaded 2 cursed weapons.
2020.06.12 12:52:53,240	INFO	1	org.l2jmobius.gameserver.data.xml.impl.TransformData	TransformData: Loaded 174 transform templates.
2020.06.12 12:52:53,250	INFO	1	org.l2jmobius.gameserver.datatables.BotReportTable	BotReportTable: Loaded 0 bot reports
2020.06.12 12:52:53,258	INFO	1	org.l2jmobius.gameserver.instancemanager.SellBuffsManager	SellBuffsManager: Loaded 145 allowed buffs.
2020.06.12 12:52:53,258	INFO	1	org.l2jmobius.gameserver.GameServer	-------------------------------------------------=[ Scripts ]
2020.06.12 12:52:53,269	INFO	1	org.l2jmobius.gameserver.instancemanager.AirShipManager	AirShipManager: Loaded 0 private airships
2020.06.12 12:52:53,281	INFO	1	org.l2jmobius.gameserver.data.xml.impl.ShuttleData	ShuttleData: Loaded 3 shuttles.
2020.06.12 12:52:53,282	INFO	1	org.l2jmobius.gameserver.GameServer	GameServer: Loading server scripts:
2020.06.12 12:52:53,854	INFO	1	scripts.handlers.MasterHandler	Loading Handlers...
2020.06.12 12:52:53,943	INFO	1	scripts.handlers.MasterHandler	ActionHandler: Loaded 10 handlers.
2020.06.12 12:52:53,943	INFO	1	scripts.handlers.MasterHandler	ActionShiftHandler: Loaded 6 handlers.
2020.06.12 12:52:53,944	INFO	1	scripts.handlers.MasterHandler	AdminCommandHandler: Loaded 450 handlers.
2020.06.12 12:52:53,944	INFO	1	scripts.handlers.MasterHandler	BypassHandler: Loaded 34 handlers.
2020.06.12 12:52:53,944	INFO	1	scripts.handlers.MasterHandler	ChatHandler: Loaded 14 handlers.
2020.06.12 12:52:53,944	INFO	1	scripts.handlers.MasterHandler	CommunityBoardHandler: Loaded 25 handlers.
2020.06.12 12:52:53,944	INFO	1	scripts.handlers.MasterHandler	ItemHandler: Loaded 35 handlers.
2020.06.12 12:52:53,944	INFO	1	scripts.handlers.MasterHandler	PunishmentHandler: Loaded 3 handlers.
2020.06.12 12:52:53,944	INFO	1	scripts.handlers.MasterHandler	UserCommandHandler: Loaded 16 handlers.
2020.06.12 12:52:53,944	INFO	1	scripts.handlers.MasterHandler	VoicedCommandHandler: Loaded 12 handlers.
2020.06.12 12:52:53,944	INFO	1	scripts.handlers.MasterHandler	TargetHandler: Loaded 21 handlers.
2020.06.12 12:52:53,944	INFO	1	scripts.handlers.MasterHandler	AffectObjectHandler: Loaded 11 handlers.
2020.06.12 12:52:53,944	INFO	1	scripts.handlers.MasterHandler	AffectScopeHandler: Loaded 19 handlers.
2020.06.12 12:52:53,944	INFO	1	scripts.handlers.MasterHandler	PlayerActionHandler: Loaded 24 handlers.
2020.06.12 12:52:53,944	INFO	1	scripts.handlers.MasterHandler	Handlers Loaded...
2020.06.12 12:53:06,182	INFO	1	ai.areas.FantasyIsle.HandysBlockCheckerEvent	Handy's Block Checker Event is enabled
2020.06.12 12:53:06,187	INFO	1	ai.areas.FantasyIsle.Parade	Fantasy Isle: Parade starting at 2020/06/12 13:20 and is scheduled each next 1 hours.
2020.06.12 12:53:06,191	INFO	1	ai.areas.FantasyIsle.TalentShow	Fantasy Isle: MC show script starting at 13/06/2020 04:05:06 and is scheduled each next 4 hours.
2020.06.12 12:53:06,240	INFO	1	ai.areas.ImperialTomb.FourSepulchers.FourSepulchers	[Four Sepulchers] Loaded 762 spawn zones data.
2020.06.12 12:53:06,333	INFO	1	org.l2jmobius.gameserver.instancemanager.QuestManager	Replaced script Parade with a new version!
2020.06.12 12:53:06,335	INFO	1	scripts.ai.areas.TalkingIsland.Parade	Talking Island: Parade starting at 2020/06/12 13:20 and is scheduled each next 0 hours.
2020.06.12 12:53:06,518	INFO	1	ai.bosses.Tiat.Stage1	[Seed of Destruction] Loaded 51 spawn zones data.
2020.06.12 12:53:06,559	INFO	1	ai.others.ClassMaster.ClassMaster	ClassMaster: Loaded 0 class change options.
2020.06.12 12:53:06,683	INFO	1	ai.others.MentorGuide.MentorGuide	MentorGuide: Loaded 5 mentee coins
2020.06.12 12:53:06,696	INFO	1	ai.others.NpcBuffers.NpcBuffersData	NpcBuffersData: Loaded 6 buffers data.
2020.06.12 12:53:06,775	INFO	1	events.BirthOfDraco.BirthOfDraco	Event Birth of Draco has passed... Ignored 
2020.06.12 12:53:06,784	INFO	1	events.CustomDropEvent.CustomDropEvent	Event Custom Drop Event active till Mon Nov 19 00:00:00 CET 2029
2020.06.12 12:53:06,798	INFO	1	events.EveTheFortuneTeller.EveTheFortuneTeller	Event Eve the Fortune Teller active till Fri Dec 18 00:00:00 CET 2020
2020.06.12 12:53:06,802	INFO	1	events.FreyaCelebration.FreyaCelebration	Event Freya Celebration has passed... Ignored 
2020.06.12 12:53:06,807	INFO	1	events.GiftOfVitality.GiftOfVitality	Event Gift of Vitality has passed... Ignored 
2020.06.12 12:53:06,812	INFO	1	events.Halloween.Halloween	Event Halloween has passed... Ignored 
2020.06.12 12:53:06,818	INFO	1	events.HappyHours.HappyHours	Event Happy Hours has passed... Ignored 
2020.06.12 12:53:06,823	INFO	1	events.HeavyMedal.HeavyMedal	Event Heavy Medal has passed... Ignored 
2020.06.12 12:53:06,829	INFO	1	events.HungryHorse.HungryHorse	Event Hungry Horse has passed... Ignored 
2020.06.12 12:53:06,835	INFO	1	events.HuntForSanta.HuntForSanta	Event Hunt for Santa has passed... Ignored 
2020.06.12 12:53:06,840	INFO	1	events.LetterCollector.LetterCollector	Event Letter Collector has passed... Ignored 
2020.06.12 12:53:06,845	INFO	1	events.LoversJubilee.LoversJubilee	Event Lovers Jubilee has passed... Ignored 
2020.06.12 12:53:06,851	INFO	1	events.LoveYourGatekeeper.LoveYourGatekeeper	Event Love Your Gatekeeper has passed... Ignored 
2020.06.12 12:53:06,856	INFO	1	events.MasterOfEnchanting.MasterOfEnchanting	Event Master of Enchanting has passed... Ignored 
2020.06.12 12:53:06,861	INFO	1	events.RedLibra.RedLibra	Event Red Libra has passed... Ignored 
2020.06.12 12:53:06,865	INFO	1	events.RudolphsBlessing.RudolphsBlessing	Event Rudolphs Blessing has passed... Ignored 
2020.06.12 12:53:06,872	INFO	1	events.SavingSanta.SavingSanta	Event Saving Santa has passed... Ignored 
2020.06.12 12:53:06,876	INFO	1	events.ThePowerOfLove.ThePowerOfLove	Event The Power Of Love has passed... Ignored 
2020.06.12 12:53:06,879	INFO	1	events.TrainingWithDandy.TrainingWithDandy	Event Training with Dandy has passed... Ignored 
2020.06.12 12:53:07,244	INFO	1	org.l2jmobius.gameserver.data.xml.impl.SpawnData	SpawnData: Initializing spawns...
2020.06.12 12:53:07,648	INFO	1	org.l2jmobius.gameserver.instancemanager.DBSpawnManager	DBSpawnManager: Loaded 161 instances.
2020.06.12 12:53:07,648	INFO	1	org.l2jmobius.gameserver.instancemanager.DBSpawnManager	DBSpawnManager: Scheduled 0 instances.
2020.06.12 12:53:13,933	INFO	1	org.l2jmobius.gameserver.data.xml.impl.SpawnData	SpawnData: All spawns has been initialized!
2020.06.12 12:53:13,933	INFO	1	org.l2jmobius.gameserver.GameServer	--------------------------------------------=[ Event Engine ]
2020.06.12 12:53:13,964	INFO	1	org.l2jmobius.gameserver.data.xml.impl.EventEngineData	EventEngineData: CeremonyOfChaosManager: Initialized.
2020.06.12 12:53:13,967	INFO	1	org.l2jmobius.gameserver.instancemanager.ClanHallAuctionManager	ClanHallAuctionManager: Clan Hall Auction has started!
2020.06.12 12:53:13,974	INFO	1	org.l2jmobius.gameserver.model.eventengine.conditions.BetweenConditionalScheduler	Event ClanHallAuctionManager will resume because is within the event period.
2020.06.12 12:53:13,974	INFO	1	org.l2jmobius.gameserver.data.xml.impl.EventEngineData	EventEngineData: ClanHallAuctionManager: Initialized.
2020.06.12 12:53:13,979	INFO	1	org.l2jmobius.gameserver.data.xml.impl.EventEngineData	EventEngineData: DailyTaskManager: Initialized.
2020.06.12 12:53:13,981	INFO	1	org.l2jmobius.gameserver.model.votereward.VoteSystem	VoteSystem: Disabled.
2020.06.12 12:53:13,981	INFO	1	org.l2jmobius.gameserver.GameServer	---------------------------------------------------=[ Siege ]
2020.06.12 12:53:13,987	INFO	1	org.l2jmobius.gameserver.model.entity.Siege	Siege of Gludio: Sun Jun 21 20:00:00 CEST 2020
2020.06.12 12:53:13,988	INFO	1	org.l2jmobius.gameserver.model.entity.Siege	Siege of Dion: Sun Jun 21 20:00:00 CEST 2020
2020.06.12 12:53:13,988	INFO	1	org.l2jmobius.gameserver.model.entity.Siege	Siege of Giran: Sun Jun 21 20:00:00 CEST 2020
2020.06.12 12:53:13,988	INFO	1	org.l2jmobius.gameserver.model.entity.Siege	Siege of Oren: Sun Jun 21 20:00:00 CEST 2020
2020.06.12 12:53:13,988	INFO	1	org.l2jmobius.gameserver.model.entity.Siege	Siege of Aden: Sun Jun 21 20:00:00 CEST 2020
2020.06.12 12:53:13,990	INFO	1	org.l2jmobius.gameserver.model.entity.Siege	Siege of Innadril: Sun Jun 21 20:00:00 CEST 2020
2020.06.12 12:53:13,990	INFO	1	org.l2jmobius.gameserver.model.entity.Siege	Siege of Goddard: Sun Jun 21 20:00:00 CEST 2020
2020.06.12 12:53:13,990	INFO	1	org.l2jmobius.gameserver.model.entity.Siege	Siege of Rune: Sun Jun 21 20:00:00 CEST 2020
2020.06.12 12:53:13,990	INFO	1	org.l2jmobius.gameserver.model.entity.Siege	Siege of Schuttgart: Sun Jun 21 20:00:00 CEST 2020
2020.06.12 12:53:14,092	INFO	1	org.l2jmobius.gameserver.instancemanager.FortManager	FortManager: Loaded 20 fortress.
2020.06.12 12:53:14,152	INFO	1	org.l2jmobius.gameserver.data.xml.impl.SiegeScheduleData	SiegeScheduleData: Loaded 1 siege schedulers.
2020.06.12 12:53:14,158	INFO	1	org.l2jmobius.gameserver.instancemanager.CastleManorManager	CastleManorManager: Loaded 258 seeds.
2020.06.12 12:53:14,160	INFO	1	org.l2jmobius.gameserver.instancemanager.CastleManorManager	CastleManorManager: Manor data loaded.
2020.06.12 12:53:14,163	INFO	1	org.l2jmobius.gameserver.instancemanager.SiegeGuardManager	SiegeGuardManager: Loaded 0 siege guards tickets.
2020.06.12 12:53:14,163	INFO	1	org.l2jmobius.gameserver.instancemanager.QuestManager	QuestManager: Loaded 309 quests.
2020.06.12 12:53:14,164	INFO	1	org.l2jmobius.gameserver.instancemanager.QuestManager	QuestManager: Loaded 381 scripts.
2020.06.12 12:53:14,171	INFO	1	org.l2jmobius.gameserver.taskmanager.TaskManager	TaskManager: Loaded 5 Tasks.
2020.06.12 12:53:14,175	INFO	1	org.l2jmobius.gameserver.instancemanager.MailManager	MailManager: Loaded 18 messages.
2020.06.12 12:53:14,175	INFO	1	org.l2jmobius.gameserver.GameServer	-----------------------------------------=[ Tenkai Features ]
2020.06.12 12:53:14,195	INFO	1	org.l2jmobius.gameserver.data.xml.impl.NpcData	Farm Zone Manager: loaded 45 farm zone definitions.
2020.06.12 12:53:14,197	INFO	1	org.l2jmobius.gameserver.data.xml.impl.NpcData	Farm Zone Manager: loaded 45 farm zone definitions.
2020.06.12 12:53:14,294	INFO	1	org.l2jmobius.gameserver.data.xml.impl.NpcData	Farm Zone Manager: loaded 20 farm zone customizations.
2020.06.12 12:53:14,297	INFO	1	org.l2jmobius.gameserver.data.xml.impl.NpcData	Upgradable Farm Zone Manager: talking_island  loaded
2020.06.12 12:53:14,301	INFO	1	org.l2jmobius.gameserver.data.xml.impl.NpcData	Upgradable Farm Zone Manager: loaded
2020.06.12 12:53:14,307	INFO	1	org.l2jmobius.gameserver.instancemanager.PunishmentManager	PunishmentManager: Loaded 0 active and 0 expired punishments.
2020.06.12 12:53:14,308	INFO	1	org.l2jmobius.gameserver.GameServer	IdFactory: Free ObjectID's remaining: 1878982794
2020.06.12 12:53:14,312	INFO	1	org.l2jmobius.gameserver.data.sql.impl.OfflineTraderTable	OfflineTraderTable: Loading offline traders...
2020.06.12 12:53:14,313	INFO	1	org.l2jmobius.gameserver.data.sql.impl.OfflineTraderTable	OfflineTraderTable: Loaded 0 offline traders.
2020.06.12 12:53:15,460	INFO	1	org.l2jmobius.gameserver.GameServer	GameServer: Started, using 2977 of 4096 MB total memory.
2020.06.12 12:53:15,460	INFO	1	org.l2jmobius.gameserver.GameServer	GameServer: Maximum number of connected players is 2000.
2020.06.12 12:53:15,461	INFO	1	org.l2jmobius.gameserver.GameServer	GameServer: Server loaded in 50 seconds.
2020.06.12 12:53:15,558	INFO	1	org.l2jmobius.commons.network.NetworkManager	ClientNetworkManager: Listening on 0.0.0.0:7777
2020.06.12 12:53:15,569	INFO	95	org.l2jmobius.gameserver.LoginServerThread	LoginServerThread: Connecting to login on 127.0.0.1:9014
2020.06.12 12:53:15,607	INFO	95	org.l2jmobius.gameserver.LoginServerThread	LoginServerThread: Registered on login as Server 31: Khadia
2020.06.12 13:00:00,030	WARNING	29	org.l2jmobius.gameserver.instancemanager.GlobalVariablesManager	GlobalVariablesManager: Couldn't save global variables to database.
2020.06.12 13:04:24,270	WARNING	98	org.l2jmobius.gameserver.model.actor.Creature	Master access level set for character Meruril! Just a warning to be careful ;)
2020.06.12 13:12:02,312	INFO	85	org.l2jmobius.gameserver.cache.HtmCache	Html cache start...
2020.06.12 13:12:05,007	WARNING	73	org.l2jmobius.gameserver.data.xml.impl.MultisellData	Invalid product id or count for itemId: 21893, count: 46606 in list: 400090
2020.06.12 13:12:05,533	INFO	73	org.l2jmobius.gameserver.data.xml.impl.MultisellData	MultisellData: Loaded 597 multisell lists.
2020.06.12 13:12:05,612	WARNING	85	org.l2jmobius.gameserver.cache.HtmCache	HTML encoding check: File out/production/Test/lang/el/data/html/mods/Lang/Error.htm contains non ASCII content.
2020.06.12 13:12:05,613	WARNING	85	org.l2jmobius.gameserver.cache.HtmCache	HTML encoding check: File out/production/Test/lang/el/data/html/mods/Lang/LanguageSelect.htm contains non ASCII content.
2020.06.12 13:12:05,613	WARNING	85	org.l2jmobius.gameserver.cache.HtmCache	HTML encoding check: File out/production/Test/lang/el/data/html/mods/Lang/Ok.htm contains non ASCII content.
2020.06.12 13:12:06,840	INFO	85	org.l2jmobius.gameserver.cache.HtmCache	Cache[HTML]: 10.087 megabytes on 17928 files loaded.
2020.06.12 13:26:32,383	INFO	70	org.l2jmobius.gameserver.cache.HtmCache	Html cache start...
2020.06.12 13:26:34,236	WARNING	78	org.l2jmobius.gameserver.data.xml.impl.MultisellData	Invalid product id or count for itemId: 21893, count: 46606 in list: 400090
2020.06.12 13:26:34,798	INFO	78	org.l2jmobius.gameserver.data.xml.impl.MultisellData	MultisellData: Loaded 597 multisell lists.
2020.06.12 13:26:35,374	WARNING	70	org.l2jmobius.gameserver.cache.HtmCache	HTML encoding check: File out/production/Test/lang/el/data/html/mods/Lang/Error.htm contains non ASCII content.
2020.06.12 13:26:35,374	WARNING	70	org.l2jmobius.gameserver.cache.HtmCache	HTML encoding check: File out/production/Test/lang/el/data/html/mods/Lang/LanguageSelect.htm contains non ASCII content.
2020.06.12 13:26:35,375	WARNING	70	org.l2jmobius.gameserver.cache.HtmCache	HTML encoding check: File out/production/Test/lang/el/data/html/mods/Lang/Ok.htm contains non ASCII content.
2020.06.12 13:26:36,470	INFO	70	org.l2jmobius.gameserver.cache.HtmCache	Cache[HTML]: 10.102 megabytes on 17928 files loaded.
2020.06.12 13:29:45,066	WARNING	86	org.l2jmobius.gameserver.data.xml.impl.MultisellData	Invalid ingredient id or count for itemId: 81150, count: 1 in list: 400078
2020.06.12 13:29:45,076	WARNING	86	org.l2jmobius.gameserver.data.xml.impl.MultisellData	Invalid product id or count for itemId: 21893, count: 46606 in list: 400090
2020.06.12 13:29:45,539	WARNING	86	org.l2jmobius.gameserver.data.xml.impl.MultisellData	Invalid product id or count for itemId: 81150, count: 1 in list: 600008
2020.06.12 13:29:45,648	INFO	86	org.l2jmobius.gameserver.data.xml.impl.MultisellData	MultisellData: Loaded 597 multisell lists.
2020.06.12 13:30:32,086	INFO	92	org.l2jmobius.gameserver.Shutdown	All players disconnected and saved(0ms).
2020.06.12 13:30:32,086	INFO	92	org.l2jmobius.gameserver.GameTimeController	GameTimeController: Stopped.
2020.06.12 13:30:32,086	INFO	92	org.l2jmobius.gameserver.Shutdown	Game Time Controller: Timer stopped(1ms).
2020.06.12 13:30:32,086	INFO	92	org.l2jmobius.commons.concurrent.ThreadPool	ThreadPool: Shutting down.
2020.06.12 13:30:32,089	INFO	92	org.l2jmobius.gameserver.Shutdown	Thread Pool Manager: Manager has been shut down(3ms).
2020.06.12 13:30:32,089	INFO	92	org.l2jmobius.gameserver.Shutdown	Login Server Thread: Thread interruped(0ms).
2020.06.12 13:30:32,090	INFO	92	org.l2jmobius.gameserver.network.telnet.TelnetServer	Shutting down..
2020.06.12 13:30:32,090	INFO	92	org.l2jmobius.gameserver.Shutdown	Telnet Server Thread: Thread interruped(1ms).
2020.06.12 13:30:32,090	INFO	92	org.l2jmobius.gameserver.Shutdown	SIGTERM received. Shutting down NOW!
2020.06.12 13:30:32,106	INFO	92	org.l2jmobius.gameserver.Shutdown	RaidBossSpawnManager: All raidboss info saved(15ms).
2020.06.12 13:30:32,107	INFO	92	org.l2jmobius.gameserver.Shutdown	GrandBossManager: All Grand Boss info saved(2ms).
2020.06.12 13:30:32,107	INFO	92	org.l2jmobius.gameserver.Shutdown	Item Auction Manager: All tasks stopped(0ms).
2020.06.12 13:30:32,107	INFO	92	org.l2jmobius.gameserver.Shutdown	Olympiad System: Data saved(0ms).
2020.06.12 13:30:32,108	INFO	92	org.l2jmobius.gameserver.Shutdown	CeremonyOfChaosManager: Scheduler stopped(0ms).
2020.06.12 13:30:32,108	INFO	92	org.l2jmobius.gameserver.Shutdown	Hero System: Data saved(1ms).
2020.06.12 13:30:32,109	INFO	92	org.l2jmobius.gameserver.Shutdown	Clan System: Data saved(1ms).
2020.06.12 13:30:32,109	INFO	92	org.l2jmobius.gameserver.Shutdown	Cursed Weapons Manager: Data saved(0ms).
2020.06.12 13:30:32,109	INFO	92	org.l2jmobius.gameserver.Shutdown	Castle Manor Manager: Data saved(0ms).
2020.06.12 13:30:32,110	INFO	92	org.l2jmobius.gameserver.Shutdown	Quest Manager: Data saved(1ms).
2020.06.12 13:30:32,111	INFO	92	org.l2jmobius.gameserver.instancemanager.GlobalVariablesManager	GlobalVariablesManager: Stored 13 variables.
2020.06.12 13:30:32,111	INFO	92	org.l2jmobius.gameserver.Shutdown	Global Variables Manager: Variables saved(1ms).
2020.06.12 13:30:32,111	INFO	92	org.l2jmobius.gameserver.Shutdown	Bot Report Table: Successfully saved reports to database!
2020.06.12 13:30:37,123	INFO	92	org.l2jmobius.gameserver.Shutdown	Game Server: Selector thread has been shut down(10ms).
2020.06.12 13:30:37,143	INFO	92	org.l2jmobius.gameserver.Shutdown	Database Factory: Database connection has been shut down(21ms).
