2020.06.12 19:22:04,379	WARNING	1	org.l2jmobius.commons.util.PropertiesParser	[Event.ini] missing property for key: INSTANCED_EVENT_MIN_PLAYERS_IN_TEAMS using default value: 1
2020.06.12 19:22:04,430	INFO	1	org.l2jmobius.commons.util.IXmlReader	Network Config: ipconfig.xml doesn't exists using automatic configuration...
2020.06.12 19:22:04,649	INFO	1	org.l2jmobius.commons.util.IXmlReader	Network Config: Adding new subnet: 127.0.0.0/8 address: 127.0.0.1
2020.06.12 19:22:04,654	INFO	1	org.l2jmobius.commons.util.IXmlReader	Network Config: Adding new subnet: 116.202.247.0/26 address: 116.202.247.51
2020.06.12 19:22:04,657	INFO	1	org.l2jmobius.commons.util.IXmlReader	Network Config: Adding new subnet: 0.0.0.0/0 address: 116.202.247.51
2020.06.12 19:22:04,692	WARNING	1	org.l2jmobius.commons.util.PropertiesParser	[Rates.ini] Invalid value specified for key: RateQuestRewardXP specified value: 1* should be "float" using default value: 1.0
2020.06.12 19:22:04,699	INFO	1	org.l2jmobius.Config	Loaded 1 Filter Words.
2020.06.12 19:22:04,908	INFO	1	org.l2jmobius.gameserver.GameServer	------------------------------------------------=[ Database ]
2020.06.12 19:22:05,017	INFO	1	org.l2jmobius.commons.database.DatabaseFactory	Database: Initialized.
2020.06.12 19:22:05,017	INFO	1	org.l2jmobius.gameserver.GameServer	----------------------------------------------=[ ThreadPool ]
2020.06.12 19:22:05,023	INFO	1	org.l2jmobius.commons.concurrent.ThreadPool	ThreadPool: Initialized
2020.06.12 19:22:05,024	INFO	1	org.l2jmobius.commons.concurrent.ThreadPool	...scheduled pool executor with 40 total threads.
2020.06.12 19:22:05,024	INFO	1	org.l2jmobius.commons.concurrent.ThreadPool	...instant pool executor with 20 total threads.
2020.06.12 19:22:05,025	INFO	1	org.l2jmobius.gameserver.GameServer	-----------------------------------------------=[ IdFactory ]
2020.06.12 19:22:05,029	INFO	1	org.l2jmobius.gameserver.idfactory.IdFactory	Updated characters online status.
2020.06.12 19:22:05,057	INFO	1	org.l2jmobius.gameserver.idfactory.IdFactory	IdFactory: Cleaned 0 elements from database in 0 seconds.
2020.06.12 19:22:05,064	INFO	1	org.l2jmobius.gameserver.idfactory.IdFactory	IdFactory: Cleaned 0 expired timestamps from database.
2020.06.12 19:22:05,083	WARNING	1	org.l2jmobius.gameserver.idfactory.IdFactory	IdFactory: Object ID 0 in DB is less than minimum ID of 268435456
2020.06.12 19:22:05,085	INFO	1	org.l2jmobius.gameserver.idfactory.IdFactory	IdFactory: 411648 id's available.
2020.06.12 19:22:05,086	INFO	1	org.l2jmobius.gameserver.GameServer	----------------------------------------=[ Scripting Engine ]
2020.06.12 19:22:05,307	INFO	1	org.l2jmobius.gameserver.scripting.ScriptEngineManager	Loaded 803 files to exclude.
2020.06.12 19:22:05,307	INFO	1	org.l2jmobius.gameserver.GameServer	--------------------------------------------------=[ Telnet ]
2020.06.12 19:22:05,315	INFO	25	org.l2jmobius.gameserver.model.World	World: (288 by 272) World Region Grid set up.
2020.06.12 19:22:05,469	INFO	1	org.l2jmobius.gameserver.network.telnet.TelnetServer	Telnet server is currently disabled.
2020.06.12 19:22:05,469	INFO	1	org.l2jmobius.gameserver.GameServer	---------------------------------------------------=[ World ]
2020.06.12 19:22:05,473	INFO	91	org.l2jmobius.gameserver.GameTimeController	GameTimeController: Started.
2020.06.12 19:22:05,694	INFO	1	org.l2jmobius.gameserver.instancemanager.MapRegionManager	MapRegionManager: Loaded 61 map regions.
2020.06.12 19:22:05,700	INFO	1	org.l2jmobius.gameserver.instancemanager.ZoneManager	ZoneManager 19 by 18 Zone Region Grid set up.
2020.06.12 19:22:05,899	CONFIG	1	org.l2jmobius.gameserver.instancemanager.ZoneManager	ZoneManager: Caution: Zone (80013) from file: event_zones.xml overrides previous definition.
2020.06.12 19:22:05,900	CONFIG	1	org.l2jmobius.gameserver.instancemanager.ZoneManager	ZoneManager: Caution: Zone (80014) from file: event_zones.xml overrides previous definition.
2020.06.12 19:22:05,900	CONFIG	1	org.l2jmobius.gameserver.instancemanager.ZoneManager	ZoneManager: Caution: Zone (80015) from file: event_zones.xml overrides previous definition.
2020.06.12 19:22:05,901	CONFIG	1	org.l2jmobius.gameserver.instancemanager.ZoneManager	ZoneManager: Caution: Zone (80016) from file: event_zones.xml overrides previous definition.
2020.06.12 19:22:05,901	CONFIG	1	org.l2jmobius.gameserver.instancemanager.ZoneManager	ZoneManager: Caution: Zone (80018) from file: event_zones.xml overrides previous definition.
2020.06.12 19:22:05,901	CONFIG	1	org.l2jmobius.gameserver.instancemanager.ZoneManager	ZoneManager: Caution: Zone (80020) from file: event_zones.xml overrides previous definition.
2020.06.12 19:22:05,902	CONFIG	1	org.l2jmobius.gameserver.instancemanager.ZoneManager	ZoneManager: Caution: Zone (80022) from file: event_zones.xml overrides previous definition.
2020.06.12 19:22:05,902	CONFIG	1	org.l2jmobius.gameserver.instancemanager.ZoneManager	ZoneManager: Caution: Zone (80023) from file: event_zones.xml overrides previous definition.
2020.06.12 19:22:05,903	CONFIG	1	org.l2jmobius.gameserver.instancemanager.ZoneManager	ZoneManager: Caution: Zone (80027) from file: event_zones.xml overrides previous definition.
2020.06.12 19:22:05,903	CONFIG	1	org.l2jmobius.gameserver.instancemanager.ZoneManager	ZoneManager: Caution: Zone (80028) from file: event_zones.xml overrides previous definition.
2020.06.12 19:22:05,904	CONFIG	1	org.l2jmobius.gameserver.instancemanager.ZoneManager	ZoneManager: Caution: Zone (80029) from file: event_zones.xml overrides previous definition.
2020.06.12 19:22:05,904	CONFIG	1	org.l2jmobius.gameserver.instancemanager.ZoneManager	ZoneManager: Caution: Zone (80031) from file: event_zones.xml overrides previous definition.
2020.06.12 19:22:05,904	CONFIG	1	org.l2jmobius.gameserver.instancemanager.ZoneManager	ZoneManager: Caution: Zone (80033) from file: event_zones.xml overrides previous definition.
2020.06.12 19:22:06,247	INFO	1	org.l2jmobius.gameserver.instancemanager.ZoneManager	ZoneManager: Loaded 36 zone classes and 2895 zones.
2020.06.12 19:22:06,247	INFO	1	org.l2jmobius.gameserver.instancemanager.ZoneManager	ZoneManager: Loaded 16 NPC spawn territoriers.
2020.06.12 19:22:06,251	INFO	1	org.l2jmobius.gameserver.instancemanager.ZoneManager	ZoneManager: Last static id 210110.
2020.06.12 19:22:06,534	INFO	1	org.l2jmobius.gameserver.data.xml.impl.DoorData	DoorData: Loaded 1516 Door Templates for 24 regions.
2020.06.12 19:22:06,542	INFO	1	FenceData	FenceData: Loaded 1 fences.
2020.06.12 19:22:06,550	INFO	1	org.l2jmobius.gameserver.instancemanager.GlobalVariablesManager	GlobalVariablesManager: Loaded 13 variables.
2020.06.12 19:22:06,550	INFO	1	org.l2jmobius.gameserver.GameServer	----------------------------------------------------=[ Data ]
2020.06.12 19:22:06,562	INFO	1	org.l2jmobius.gameserver.data.xml.impl.ActionData	ActionData: Loaded 216 player actions.
2020.06.12 19:22:06,595	INFO	1	org.l2jmobius.gameserver.data.xml.impl.CategoryData	CategoryData: Loaded 215 categories.
2020.06.12 19:22:06,602	INFO	1	org.l2jmobius.gameserver.data.xml.impl.SecondaryAuthData	SecondaryAuthData: Loaded 328 forbidden passwords.
2020.06.12 19:22:06,645	WARNING	1	org.l2jmobius.gameserver.engines.DocumentEngine	Dir C:\Users\Administrator\IdeaProjects\tenkai_pow3\data\stats\items\custom does not exist.
2020.06.12 19:22:08,970	WARNING	1	org.l2jmobius.gameserver.engines.items.DocumentItem	Cannot create item 81160
2020.06.12 19:22:09,003	WARNING	1	org.l2jmobius.gameserver.engines.items.DocumentItem	Cannot create item 81172
2020.06.12 19:22:09,022	INFO	1	org.l2jmobius.gameserver.datatables.ItemTable	ItemTable: Highest item id used: 91746
2020.06.12 19:22:09,031	INFO	1	org.l2jmobius.gameserver.datatables.ItemTable	ItemTable: Loaded 22639 Etc Items
2020.06.12 19:22:09,032	INFO	1	org.l2jmobius.gameserver.datatables.ItemTable	ItemTable: Loaded 12314 Armor Items
2020.06.12 19:22:09,032	INFO	1	org.l2jmobius.gameserver.datatables.ItemTable	ItemTable: Loaded 9033 Weapon Items
2020.06.12 19:22:09,032	INFO	1	org.l2jmobius.gameserver.datatables.ItemTable	ItemTable: Loaded 43986 Items in total.
2020.06.12 19:22:09,044	INFO	1	org.l2jmobius.gameserver.data.xml.impl.CombinationItemsData	CombinationItemsData: Loaded 1377 combinations.
2020.06.12 19:22:09,083	INFO	1	org.l2jmobius.gameserver.data.xml.impl.SayuneData	SayuneData: Loaded 71 maps.
2020.06.12 19:22:10,016	INFO	1	handlers.DailyMissionMasterHandler	DailyMissionMasterHandler:  Loaded 10 handlers.
2020.06.12 19:22:10,040	INFO	1	org.l2jmobius.gameserver.data.xml.impl.DailyMissionData	DailyMissionData: Loaded 46 one day rewards.
2020.06.12 19:22:10,040	INFO	1	org.l2jmobius.gameserver.GameServer	--------------------------------------------------=[ Skills ]
2020.06.12 19:22:11,291	INFO	1	handlers.EffectMasterHandler	EffectMasterHandler: Loaded 353 effect handlers.
2020.06.12 19:22:11,302	INFO	1	org.l2jmobius.gameserver.data.xml.impl.EnchantSkillGroupsData	EnchantSkillGroupsData: Loaded 20 enchant routes, max enchant set to 20.
2020.06.12 19:22:15,862	WARNING	1	org.l2jmobius.gameserver.data.xml.impl.SkillData	SkillData: Missing effect for Skill Id[13065] Level[1] SubLevel[0] Effect Scope[GENERAL] Effect Name[AttributeDefence]
2020.06.12 19:22:15,862	WARNING	1	org.l2jmobius.gameserver.data.xml.impl.SkillData	SkillData: Missing effect for Skill Id[13065] Level[1] SubLevel[0] Effect Scope[GENERAL] Effect Name[AttributeDefence]
2020.06.12 19:22:15,863	WARNING	1	org.l2jmobius.gameserver.data.xml.impl.SkillData	SkillData: Missing effect for Skill Id[13065] Level[1] SubLevel[0] Effect Scope[GENERAL] Effect Name[AttributeDefence]
2020.06.12 19:22:15,863	WARNING	1	org.l2jmobius.gameserver.data.xml.impl.SkillData	SkillData: Missing effect for Skill Id[13065] Level[1] SubLevel[0] Effect Scope[GENERAL] Effect Name[AttributeDefence]
2020.06.12 19:22:15,863	WARNING	1	org.l2jmobius.gameserver.data.xml.impl.SkillData	SkillData: Missing effect for Skill Id[13065] Level[1] SubLevel[0] Effect Scope[GENERAL] Effect Name[AttributeDefence]
2020.06.12 19:22:15,863	WARNING	1	org.l2jmobius.gameserver.data.xml.impl.SkillData	SkillData: Missing effect for Skill Id[13065] Level[1] SubLevel[0] Effect Scope[GENERAL] Effect Name[AttributeDefence]
2020.06.12 19:22:15,863	WARNING	1	org.l2jmobius.gameserver.data.xml.impl.SkillData	SkillData: Missing effect for Skill Id[13065] Level[2] SubLevel[0] Effect Scope[GENERAL] Effect Name[AttributeDefence]
2020.06.12 19:22:15,863	WARNING	1	org.l2jmobius.gameserver.data.xml.impl.SkillData	SkillData: Missing effect for Skill Id[13065] Level[2] SubLevel[0] Effect Scope[GENERAL] Effect Name[AttributeDefence]
2020.06.12 19:22:15,863	WARNING	1	org.l2jmobius.gameserver.data.xml.impl.SkillData	SkillData: Missing effect for Skill Id[13065] Level[2] SubLevel[0] Effect Scope[GENERAL] Effect Name[AttributeDefence]
2020.06.12 19:22:15,863	WARNING	1	org.l2jmobius.gameserver.data.xml.impl.SkillData	SkillData: Missing effect for Skill Id[13065] Level[2] SubLevel[0] Effect Scope[GENERAL] Effect Name[AttributeDefence]
2020.06.12 19:22:15,863	WARNING	1	org.l2jmobius.gameserver.data.xml.impl.SkillData	SkillData: Missing effect for Skill Id[13065] Level[2] SubLevel[0] Effect Scope[GENERAL] Effect Name[AttributeDefence]
2020.06.12 19:22:15,864	WARNING	1	org.l2jmobius.gameserver.data.xml.impl.SkillData	SkillData: Missing effect for Skill Id[13065] Level[2] SubLevel[0] Effect Scope[GENERAL] Effect Name[AttributeDefence]
2020.06.12 19:22:15,864	WARNING	1	org.l2jmobius.gameserver.data.xml.impl.SkillData	SkillData: Missing effect for Skill Id[13065] Level[3] SubLevel[0] Effect Scope[GENERAL] Effect Name[AttributeDefence]
2020.06.12 19:22:15,864	WARNING	1	org.l2jmobius.gameserver.data.xml.impl.SkillData	SkillData: Missing effect for Skill Id[13065] Level[3] SubLevel[0] Effect Scope[GENERAL] Effect Name[AttributeDefence]
2020.06.12 19:22:15,864	WARNING	1	org.l2jmobius.gameserver.data.xml.impl.SkillData	SkillData: Missing effect for Skill Id[13065] Level[3] SubLevel[0] Effect Scope[GENERAL] Effect Name[AttributeDefence]
2020.06.12 19:22:15,864	WARNING	1	org.l2jmobius.gameserver.data.xml.impl.SkillData	SkillData: Missing effect for Skill Id[13065] Level[3] SubLevel[0] Effect Scope[GENERAL] Effect Name[AttributeDefence]
2020.06.12 19:22:15,864	WARNING	1	org.l2jmobius.gameserver.data.xml.impl.SkillData	SkillData: Missing effect for Skill Id[13065] Level[3] SubLevel[0] Effect Scope[GENERAL] Effect Name[AttributeDefence]
2020.06.12 19:22:15,864	WARNING	1	org.l2jmobius.gameserver.data.xml.impl.SkillData	SkillData: Missing effect for Skill Id[13065] Level[3] SubLevel[0] Effect Scope[GENERAL] Effect Name[AttributeDefence]
2020.06.12 19:22:15,864	WARNING	1	org.l2jmobius.gameserver.data.xml.impl.SkillData	SkillData: Missing effect for Skill Id[13065] Level[4] SubLevel[0] Effect Scope[GENERAL] Effect Name[AttributeDefence]
2020.06.12 19:22:15,865	WARNING	1	org.l2jmobius.gameserver.data.xml.impl.SkillData	SkillData: Missing effect for Skill Id[13065] Level[4] SubLevel[0] Effect Scope[GENERAL] Effect Name[AttributeDefence]
2020.06.12 19:22:15,865	WARNING	1	org.l2jmobius.gameserver.data.xml.impl.SkillData	SkillData: Missing effect for Skill Id[13065] Level[4] SubLevel[0] Effect Scope[GENERAL] Effect Name[AttributeDefence]
2020.06.12 19:22:15,865	WARNING	1	org.l2jmobius.gameserver.data.xml.impl.SkillData	SkillData: Missing effect for Skill Id[13065] Level[4] SubLevel[0] Effect Scope[GENERAL] Effect Name[AttributeDefence]
2020.06.12 19:22:15,865	WARNING	1	org.l2jmobius.gameserver.data.xml.impl.SkillData	SkillData: Missing effect for Skill Id[13065] Level[4] SubLevel[0] Effect Scope[GENERAL] Effect Name[AttributeDefence]
2020.06.12 19:22:15,865	WARNING	1	org.l2jmobius.gameserver.data.xml.impl.SkillData	SkillData: Missing effect for Skill Id[13065] Level[4] SubLevel[0] Effect Scope[GENERAL] Effect Name[AttributeDefence]
2020.06.12 19:22:15,865	WARNING	1	org.l2jmobius.gameserver.data.xml.impl.SkillData	SkillData: Missing effect for Skill Id[13066] Level[1] SubLevel[0] Effect Scope[GENERAL] Effect Name[AttributeDefence]
2020.06.12 19:22:15,865	WARNING	1	org.l2jmobius.gameserver.data.xml.impl.SkillData	SkillData: Missing effect for Skill Id[13066] Level[1] SubLevel[0] Effect Scope[GENERAL] Effect Name[AttributeDefence]
2020.06.12 19:22:15,866	WARNING	1	org.l2jmobius.gameserver.data.xml.impl.SkillData	SkillData: Missing effect for Skill Id[13066] Level[1] SubLevel[0] Effect Scope[GENERAL] Effect Name[AttributeDefence]
2020.06.12 19:22:15,866	WARNING	1	org.l2jmobius.gameserver.data.xml.impl.SkillData	SkillData: Missing effect for Skill Id[13066] Level[1] SubLevel[0] Effect Scope[GENERAL] Effect Name[AttributeDefence]
2020.06.12 19:22:15,866	WARNING	1	org.l2jmobius.gameserver.data.xml.impl.SkillData	SkillData: Missing effect for Skill Id[13066] Level[1] SubLevel[0] Effect Scope[GENERAL] Effect Name[AttributeDefence]
2020.06.12 19:22:15,866	WARNING	1	org.l2jmobius.gameserver.data.xml.impl.SkillData	SkillData: Missing effect for Skill Id[13066] Level[1] SubLevel[0] Effect Scope[GENERAL] Effect Name[AttributeDefence]
2020.06.12 19:22:15,866	WARNING	1	org.l2jmobius.gameserver.data.xml.impl.SkillData	SkillData: Missing effect for Skill Id[13066] Level[2] SubLevel[0] Effect Scope[GENERAL] Effect Name[AttributeDefence]
2020.06.12 19:22:15,866	WARNING	1	org.l2jmobius.gameserver.data.xml.impl.SkillData	SkillData: Missing effect for Skill Id[13066] Level[2] SubLevel[0] Effect Scope[GENERAL] Effect Name[AttributeDefence]
2020.06.12 19:22:15,866	WARNING	1	org.l2jmobius.gameserver.data.xml.impl.SkillData	SkillData: Missing effect for Skill Id[13066] Level[2] SubLevel[0] Effect Scope[GENERAL] Effect Name[AttributeDefence]
2020.06.12 19:22:15,866	WARNING	1	org.l2jmobius.gameserver.data.xml.impl.SkillData	SkillData: Missing effect for Skill Id[13066] Level[2] SubLevel[0] Effect Scope[GENERAL] Effect Name[AttributeDefence]
2020.06.12 19:22:15,866	WARNING	1	org.l2jmobius.gameserver.data.xml.impl.SkillData	SkillData: Missing effect for Skill Id[13066] Level[2] SubLevel[0] Effect Scope[GENERAL] Effect Name[AttributeDefence]
2020.06.12 19:22:15,867	WARNING	1	org.l2jmobius.gameserver.data.xml.impl.SkillData	SkillData: Missing effect for Skill Id[13066] Level[2] SubLevel[0] Effect Scope[GENERAL] Effect Name[AttributeDefence]
2020.06.12 19:22:15,867	WARNING	1	org.l2jmobius.gameserver.data.xml.impl.SkillData	SkillData: Missing effect for Skill Id[13066] Level[3] SubLevel[0] Effect Scope[GENERAL] Effect Name[AttributeDefence]
2020.06.12 19:22:15,867	WARNING	1	org.l2jmobius.gameserver.data.xml.impl.SkillData	SkillData: Missing effect for Skill Id[13066] Level[3] SubLevel[0] Effect Scope[GENERAL] Effect Name[AttributeDefence]
2020.06.12 19:22:15,867	WARNING	1	org.l2jmobius.gameserver.data.xml.impl.SkillData	SkillData: Missing effect for Skill Id[13066] Level[3] SubLevel[0] Effect Scope[GENERAL] Effect Name[AttributeDefence]
2020.06.12 19:22:15,867	WARNING	1	org.l2jmobius.gameserver.data.xml.impl.SkillData	SkillData: Missing effect for Skill Id[13066] Level[3] SubLevel[0] Effect Scope[GENERAL] Effect Name[AttributeDefence]
2020.06.12 19:22:15,867	WARNING	1	org.l2jmobius.gameserver.data.xml.impl.SkillData	SkillData: Missing effect for Skill Id[13066] Level[3] SubLevel[0] Effect Scope[GENERAL] Effect Name[AttributeDefence]
2020.06.12 19:22:15,867	WARNING	1	org.l2jmobius.gameserver.data.xml.impl.SkillData	SkillData: Missing effect for Skill Id[13066] Level[3] SubLevel[0] Effect Scope[GENERAL] Effect Name[AttributeDefence]
2020.06.12 19:22:15,867	WARNING	1	org.l2jmobius.gameserver.data.xml.impl.SkillData	SkillData: Missing effect for Skill Id[13066] Level[4] SubLevel[0] Effect Scope[GENERAL] Effect Name[AttributeDefence]
2020.06.12 19:22:15,868	WARNING	1	org.l2jmobius.gameserver.data.xml.impl.SkillData	SkillData: Missing effect for Skill Id[13066] Level[4] SubLevel[0] Effect Scope[GENERAL] Effect Name[AttributeDefence]
2020.06.12 19:22:15,868	WARNING	1	org.l2jmobius.gameserver.data.xml.impl.SkillData	SkillData: Missing effect for Skill Id[13066] Level[4] SubLevel[0] Effect Scope[GENERAL] Effect Name[AttributeDefence]
2020.06.12 19:22:15,868	WARNING	1	org.l2jmobius.gameserver.data.xml.impl.SkillData	SkillData: Missing effect for Skill Id[13066] Level[4] SubLevel[0] Effect Scope[GENERAL] Effect Name[AttributeDefence]
2020.06.12 19:22:15,868	WARNING	1	org.l2jmobius.gameserver.data.xml.impl.SkillData	SkillData: Missing effect for Skill Id[13066] Level[4] SubLevel[0] Effect Scope[GENERAL] Effect Name[AttributeDefence]
2020.06.12 19:22:15,868	WARNING	1	org.l2jmobius.gameserver.data.xml.impl.SkillData	SkillData: Missing effect for Skill Id[13066] Level[4] SubLevel[0] Effect Scope[GENERAL] Effect Name[AttributeDefence]
2020.06.12 19:22:15,868	WARNING	1	org.l2jmobius.gameserver.data.xml.impl.SkillData	SkillData: Missing effect for Skill Id[13067] Level[1] SubLevel[0] Effect Scope[GENERAL] Effect Name[AttributeDefence]
2020.06.12 19:22:15,868	WARNING	1	org.l2jmobius.gameserver.data.xml.impl.SkillData	SkillData: Missing effect for Skill Id[13067] Level[1] SubLevel[0] Effect Scope[GENERAL] Effect Name[AttributeDefence]
2020.06.12 19:22:15,869	WARNING	1	org.l2jmobius.gameserver.data.xml.impl.SkillData	SkillData: Missing effect for Skill Id[13067] Level[1] SubLevel[0] Effect Scope[GENERAL] Effect Name[AttributeDefence]
2020.06.12 19:22:15,869	WARNING	1	org.l2jmobius.gameserver.data.xml.impl.SkillData	SkillData: Missing effect for Skill Id[13067] Level[1] SubLevel[0] Effect Scope[GENERAL] Effect Name[AttributeDefence]
2020.06.12 19:22:15,869	WARNING	1	org.l2jmobius.gameserver.data.xml.impl.SkillData	SkillData: Missing effect for Skill Id[13067] Level[1] SubLevel[0] Effect Scope[GENERAL] Effect Name[AttributeDefence]
2020.06.12 19:22:15,869	WARNING	1	org.l2jmobius.gameserver.data.xml.impl.SkillData	SkillData: Missing effect for Skill Id[13067] Level[1] SubLevel[0] Effect Scope[GENERAL] Effect Name[AttributeDefence]
2020.06.12 19:22:15,869	WARNING	1	org.l2jmobius.gameserver.data.xml.impl.SkillData	SkillData: Missing effect for Skill Id[13067] Level[2] SubLevel[0] Effect Scope[GENERAL] Effect Name[AttributeDefence]
2020.06.12 19:22:15,869	WARNING	1	org.l2jmobius.gameserver.data.xml.impl.SkillData	SkillData: Missing effect for Skill Id[13067] Level[2] SubLevel[0] Effect Scope[GENERAL] Effect Name[AttributeDefence]
2020.06.12 19:22:15,869	WARNING	1	org.l2jmobius.gameserver.data.xml.impl.SkillData	SkillData: Missing effect for Skill Id[13067] Level[2] SubLevel[0] Effect Scope[GENERAL] Effect Name[AttributeDefence]
2020.06.12 19:22:15,869	WARNING	1	org.l2jmobius.gameserver.data.xml.impl.SkillData	SkillData: Missing effect for Skill Id[13067] Level[2] SubLevel[0] Effect Scope[GENERAL] Effect Name[AttributeDefence]
2020.06.12 19:22:15,869	WARNING	1	org.l2jmobius.gameserver.data.xml.impl.SkillData	SkillData: Missing effect for Skill Id[13067] Level[2] SubLevel[0] Effect Scope[GENERAL] Effect Name[AttributeDefence]
2020.06.12 19:22:15,870	WARNING	1	org.l2jmobius.gameserver.data.xml.impl.SkillData	SkillData: Missing effect for Skill Id[13067] Level[2] SubLevel[0] Effect Scope[GENERAL] Effect Name[AttributeDefence]
2020.06.12 19:22:15,870	WARNING	1	org.l2jmobius.gameserver.data.xml.impl.SkillData	SkillData: Missing effect for Skill Id[13067] Level[3] SubLevel[0] Effect Scope[GENERAL] Effect Name[AttributeDefence]
2020.06.12 19:22:15,870	WARNING	1	org.l2jmobius.gameserver.data.xml.impl.SkillData	SkillData: Missing effect for Skill Id[13067] Level[3] SubLevel[0] Effect Scope[GENERAL] Effect Name[AttributeDefence]
2020.06.12 19:22:15,870	WARNING	1	org.l2jmobius.gameserver.data.xml.impl.SkillData	SkillData: Missing effect for Skill Id[13067] Level[3] SubLevel[0] Effect Scope[GENERAL] Effect Name[AttributeDefence]
2020.06.12 19:22:15,870	WARNING	1	org.l2jmobius.gameserver.data.xml.impl.SkillData	SkillData: Missing effect for Skill Id[13067] Level[3] SubLevel[0] Effect Scope[GENERAL] Effect Name[AttributeDefence]
2020.06.12 19:22:15,870	WARNING	1	org.l2jmobius.gameserver.data.xml.impl.SkillData	SkillData: Missing effect for Skill Id[13067] Level[3] SubLevel[0] Effect Scope[GENERAL] Effect Name[AttributeDefence]
2020.06.12 19:22:15,870	WARNING	1	org.l2jmobius.gameserver.data.xml.impl.SkillData	SkillData: Missing effect for Skill Id[13067] Level[3] SubLevel[0] Effect Scope[GENERAL] Effect Name[AttributeDefence]
2020.06.12 19:22:15,871	WARNING	1	org.l2jmobius.gameserver.data.xml.impl.SkillData	SkillData: Missing effect for Skill Id[13067] Level[4] SubLevel[0] Effect Scope[GENERAL] Effect Name[AttributeDefence]
2020.06.12 19:22:15,871	WARNING	1	org.l2jmobius.gameserver.data.xml.impl.SkillData	SkillData: Missing effect for Skill Id[13067] Level[4] SubLevel[0] Effect Scope[GENERAL] Effect Name[AttributeDefence]
2020.06.12 19:22:15,871	WARNING	1	org.l2jmobius.gameserver.data.xml.impl.SkillData	SkillData: Missing effect for Skill Id[13067] Level[4] SubLevel[0] Effect Scope[GENERAL] Effect Name[AttributeDefence]
2020.06.12 19:22:15,871	WARNING	1	org.l2jmobius.gameserver.data.xml.impl.SkillData	SkillData: Missing effect for Skill Id[13067] Level[4] SubLevel[0] Effect Scope[GENERAL] Effect Name[AttributeDefence]
2020.06.12 19:22:15,871	WARNING	1	org.l2jmobius.gameserver.data.xml.impl.SkillData	SkillData: Missing effect for Skill Id[13067] Level[4] SubLevel[0] Effect Scope[GENERAL] Effect Name[AttributeDefence]
2020.06.12 19:22:15,871	WARNING	1	org.l2jmobius.gameserver.data.xml.impl.SkillData	SkillData: Missing effect for Skill Id[13067] Level[4] SubLevel[0] Effect Scope[GENERAL] Effect Name[AttributeDefence]
2020.06.12 19:22:15,871	WARNING	1	org.l2jmobius.gameserver.data.xml.impl.SkillData	SkillData: Missing effect for Skill Id[13068] Level[1] SubLevel[0] Effect Scope[GENERAL] Effect Name[AttributeDefence]
2020.06.12 19:22:15,872	WARNING	1	org.l2jmobius.gameserver.data.xml.impl.SkillData	SkillData: Missing effect for Skill Id[13068] Level[1] SubLevel[0] Effect Scope[GENERAL] Effect Name[AttributeDefence]
2020.06.12 19:22:15,872	WARNING	1	org.l2jmobius.gameserver.data.xml.impl.SkillData	SkillData: Missing effect for Skill Id[13068] Level[1] SubLevel[0] Effect Scope[GENERAL] Effect Name[AttributeDefence]
2020.06.12 19:22:15,872	WARNING	1	org.l2jmobius.gameserver.data.xml.impl.SkillData	SkillData: Missing effect for Skill Id[13068] Level[1] SubLevel[0] Effect Scope[GENERAL] Effect Name[AttributeDefence]
2020.06.12 19:22:15,872	WARNING	1	org.l2jmobius.gameserver.data.xml.impl.SkillData	SkillData: Missing effect for Skill Id[13068] Level[1] SubLevel[0] Effect Scope[GENERAL] Effect Name[AttributeDefence]
2020.06.12 19:22:15,872	WARNING	1	org.l2jmobius.gameserver.data.xml.impl.SkillData	SkillData: Missing effect for Skill Id[13068] Level[1] SubLevel[0] Effect Scope[GENERAL] Effect Name[AttributeDefence]
2020.06.12 19:22:15,872	WARNING	1	org.l2jmobius.gameserver.data.xml.impl.SkillData	SkillData: Missing effect for Skill Id[13068] Level[2] SubLevel[0] Effect Scope[GENERAL] Effect Name[AttributeDefence]
2020.06.12 19:22:15,872	WARNING	1	org.l2jmobius.gameserver.data.xml.impl.SkillData	SkillData: Missing effect for Skill Id[13068] Level[2] SubLevel[0] Effect Scope[GENERAL] Effect Name[AttributeDefence]
2020.06.12 19:22:15,872	WARNING	1	org.l2jmobius.gameserver.data.xml.impl.SkillData	SkillData: Missing effect for Skill Id[13068] Level[2] SubLevel[0] Effect Scope[GENERAL] Effect Name[AttributeDefence]
2020.06.12 19:22:15,872	WARNING	1	org.l2jmobius.gameserver.data.xml.impl.SkillData	SkillData: Missing effect for Skill Id[13068] Level[2] SubLevel[0] Effect Scope[GENERAL] Effect Name[AttributeDefence]
2020.06.12 19:22:15,873	WARNING	1	org.l2jmobius.gameserver.data.xml.impl.SkillData	SkillData: Missing effect for Skill Id[13068] Level[2] SubLevel[0] Effect Scope[GENERAL] Effect Name[AttributeDefence]
2020.06.12 19:22:15,873	WARNING	1	org.l2jmobius.gameserver.data.xml.impl.SkillData	SkillData: Missing effect for Skill Id[13068] Level[2] SubLevel[0] Effect Scope[GENERAL] Effect Name[AttributeDefence]
2020.06.12 19:22:15,873	WARNING	1	org.l2jmobius.gameserver.data.xml.impl.SkillData	SkillData: Missing effect for Skill Id[13068] Level[3] SubLevel[0] Effect Scope[GENERAL] Effect Name[AttributeDefence]
2020.06.12 19:22:15,873	WARNING	1	org.l2jmobius.gameserver.data.xml.impl.SkillData	SkillData: Missing effect for Skill Id[13068] Level[3] SubLevel[0] Effect Scope[GENERAL] Effect Name[AttributeDefence]
2020.06.12 19:22:15,873	WARNING	1	org.l2jmobius.gameserver.data.xml.impl.SkillData	SkillData: Missing effect for Skill Id[13068] Level[3] SubLevel[0] Effect Scope[GENERAL] Effect Name[AttributeDefence]
2020.06.12 19:22:15,873	WARNING	1	org.l2jmobius.gameserver.data.xml.impl.SkillData	SkillData: Missing effect for Skill Id[13068] Level[3] SubLevel[0] Effect Scope[GENERAL] Effect Name[AttributeDefence]
2020.06.12 19:22:15,873	WARNING	1	org.l2jmobius.gameserver.data.xml.impl.SkillData	SkillData: Missing effect for Skill Id[13068] Level[3] SubLevel[0] Effect Scope[GENERAL] Effect Name[AttributeDefence]
2020.06.12 19:22:15,873	WARNING	1	org.l2jmobius.gameserver.data.xml.impl.SkillData	SkillData: Missing effect for Skill Id[13068] Level[3] SubLevel[0] Effect Scope[GENERAL] Effect Name[AttributeDefence]
2020.06.12 19:22:15,873	WARNING	1	org.l2jmobius.gameserver.data.xml.impl.SkillData	SkillData: Missing effect for Skill Id[13068] Level[4] SubLevel[0] Effect Scope[GENERAL] Effect Name[AttributeDefence]
2020.06.12 19:22:15,874	WARNING	1	org.l2jmobius.gameserver.data.xml.impl.SkillData	SkillData: Missing effect for Skill Id[13068] Level[4] SubLevel[0] Effect Scope[GENERAL] Effect Name[AttributeDefence]
2020.06.12 19:22:15,874	WARNING	1	org.l2jmobius.gameserver.data.xml.impl.SkillData	SkillData: Missing effect for Skill Id[13068] Level[4] SubLevel[0] Effect Scope[GENERAL] Effect Name[AttributeDefence]
2020.06.12 19:22:15,874	WARNING	1	org.l2jmobius.gameserver.data.xml.impl.SkillData	SkillData: Missing effect for Skill Id[13068] Level[4] SubLevel[0] Effect Scope[GENERAL] Effect Name[AttributeDefence]
2020.06.12 19:22:15,874	WARNING	1	org.l2jmobius.gameserver.data.xml.impl.SkillData	SkillData: Missing effect for Skill Id[13068] Level[4] SubLevel[0] Effect Scope[GENERAL] Effect Name[AttributeDefence]
2020.06.12 19:22:15,874	WARNING	1	org.l2jmobius.gameserver.data.xml.impl.SkillData	SkillData: Missing effect for Skill Id[13068] Level[4] SubLevel[0] Effect Scope[GENERAL] Effect Name[AttributeDefence]
2020.06.12 19:22:15,874	WARNING	1	org.l2jmobius.gameserver.data.xml.impl.SkillData	SkillData: Missing effect for Skill Id[13069] Level[1] SubLevel[0] Effect Scope[GENERAL] Effect Name[AttributeDefence]
2020.06.12 19:22:15,874	WARNING	1	org.l2jmobius.gameserver.data.xml.impl.SkillData	SkillData: Missing effect for Skill Id[13069] Level[1] SubLevel[0] Effect Scope[GENERAL] Effect Name[AttributeDefence]
2020.06.12 19:22:15,875	WARNING	1	org.l2jmobius.gameserver.data.xml.impl.SkillData	SkillData: Missing effect for Skill Id[13069] Level[1] SubLevel[0] Effect Scope[GENERAL] Effect Name[AttributeDefence]
2020.06.12 19:22:15,875	WARNING	1	org.l2jmobius.gameserver.data.xml.impl.SkillData	SkillData: Missing effect for Skill Id[13069] Level[1] SubLevel[0] Effect Scope[GENERAL] Effect Name[AttributeDefence]
2020.06.12 19:22:15,875	WARNING	1	org.l2jmobius.gameserver.data.xml.impl.SkillData	SkillData: Missing effect for Skill Id[13069] Level[1] SubLevel[0] Effect Scope[GENERAL] Effect Name[AttributeDefence]
2020.06.12 19:22:15,875	WARNING	1	org.l2jmobius.gameserver.data.xml.impl.SkillData	SkillData: Missing effect for Skill Id[13069] Level[1] SubLevel[0] Effect Scope[GENERAL] Effect Name[AttributeDefence]
2020.06.12 19:22:15,875	WARNING	1	org.l2jmobius.gameserver.data.xml.impl.SkillData	SkillData: Missing effect for Skill Id[13069] Level[2] SubLevel[0] Effect Scope[GENERAL] Effect Name[AttributeDefence]
2020.06.12 19:22:15,875	WARNING	1	org.l2jmobius.gameserver.data.xml.impl.SkillData	SkillData: Missing effect for Skill Id[13069] Level[2] SubLevel[0] Effect Scope[GENERAL] Effect Name[AttributeDefence]
2020.06.12 19:22:15,875	WARNING	1	org.l2jmobius.gameserver.data.xml.impl.SkillData	SkillData: Missing effect for Skill Id[13069] Level[2] SubLevel[0] Effect Scope[GENERAL] Effect Name[AttributeDefence]
2020.06.12 19:22:15,875	WARNING	1	org.l2jmobius.gameserver.data.xml.impl.SkillData	SkillData: Missing effect for Skill Id[13069] Level[2] SubLevel[0] Effect Scope[GENERAL] Effect Name[AttributeDefence]
2020.06.12 19:22:15,875	WARNING	1	org.l2jmobius.gameserver.data.xml.impl.SkillData	SkillData: Missing effect for Skill Id[13069] Level[2] SubLevel[0] Effect Scope[GENERAL] Effect Name[AttributeDefence]
2020.06.12 19:22:15,876	WARNING	1	org.l2jmobius.gameserver.data.xml.impl.SkillData	SkillData: Missing effect for Skill Id[13069] Level[2] SubLevel[0] Effect Scope[GENERAL] Effect Name[AttributeDefence]
2020.06.12 19:22:15,876	WARNING	1	org.l2jmobius.gameserver.data.xml.impl.SkillData	SkillData: Missing effect for Skill Id[13069] Level[3] SubLevel[0] Effect Scope[GENERAL] Effect Name[AttributeDefence]
2020.06.12 19:22:15,876	WARNING	1	org.l2jmobius.gameserver.data.xml.impl.SkillData	SkillData: Missing effect for Skill Id[13069] Level[3] SubLevel[0] Effect Scope[GENERAL] Effect Name[AttributeDefence]
2020.06.12 19:22:15,876	WARNING	1	org.l2jmobius.gameserver.data.xml.impl.SkillData	SkillData: Missing effect for Skill Id[13069] Level[3] SubLevel[0] Effect Scope[GENERAL] Effect Name[AttributeDefence]
2020.06.12 19:22:15,876	WARNING	1	org.l2jmobius.gameserver.data.xml.impl.SkillData	SkillData: Missing effect for Skill Id[13069] Level[3] SubLevel[0] Effect Scope[GENERAL] Effect Name[AttributeDefence]
2020.06.12 19:22:15,876	WARNING	1	org.l2jmobius.gameserver.data.xml.impl.SkillData	SkillData: Missing effect for Skill Id[13069] Level[3] SubLevel[0] Effect Scope[GENERAL] Effect Name[AttributeDefence]
2020.06.12 19:22:15,876	WARNING	1	org.l2jmobius.gameserver.data.xml.impl.SkillData	SkillData: Missing effect for Skill Id[13069] Level[3] SubLevel[0] Effect Scope[GENERAL] Effect Name[AttributeDefence]
2020.06.12 19:22:15,876	WARNING	1	org.l2jmobius.gameserver.data.xml.impl.SkillData	SkillData: Missing effect for Skill Id[13069] Level[4] SubLevel[0] Effect Scope[GENERAL] Effect Name[AttributeDefence]
2020.06.12 19:22:15,876	WARNING	1	org.l2jmobius.gameserver.data.xml.impl.SkillData	SkillData: Missing effect for Skill Id[13069] Level[4] SubLevel[0] Effect Scope[GENERAL] Effect Name[AttributeDefence]
2020.06.12 19:22:15,877	WARNING	1	org.l2jmobius.gameserver.data.xml.impl.SkillData	SkillData: Missing effect for Skill Id[13069] Level[4] SubLevel[0] Effect Scope[GENERAL] Effect Name[AttributeDefence]
2020.06.12 19:22:15,877	WARNING	1	org.l2jmobius.gameserver.data.xml.impl.SkillData	SkillData: Missing effect for Skill Id[13069] Level[4] SubLevel[0] Effect Scope[GENERAL] Effect Name[AttributeDefence]
2020.06.12 19:22:15,877	WARNING	1	org.l2jmobius.gameserver.data.xml.impl.SkillData	SkillData: Missing effect for Skill Id[13069] Level[4] SubLevel[0] Effect Scope[GENERAL] Effect Name[AttributeDefence]
2020.06.12 19:22:15,877	WARNING	1	org.l2jmobius.gameserver.data.xml.impl.SkillData	SkillData: Missing effect for Skill Id[13069] Level[4] SubLevel[0] Effect Scope[GENERAL] Effect Name[AttributeDefence]
2020.06.12 19:22:15,877	WARNING	1	org.l2jmobius.gameserver.data.xml.impl.SkillData	SkillData: Missing effect for Skill Id[13071] Level[1] SubLevel[0] Effect Scope[GENERAL] Effect Name[AttributeDefence]
2020.06.12 19:22:15,877	WARNING	1	org.l2jmobius.gameserver.data.xml.impl.SkillData	SkillData: Missing effect for Skill Id[13071] Level[1] SubLevel[0] Effect Scope[GENERAL] Effect Name[AttributeDefence]
2020.06.12 19:22:15,878	WARNING	1	org.l2jmobius.gameserver.data.xml.impl.SkillData	SkillData: Missing effect for Skill Id[13071] Level[1] SubLevel[0] Effect Scope[GENERAL] Effect Name[AttributeDefence]
2020.06.12 19:22:15,878	WARNING	1	org.l2jmobius.gameserver.data.xml.impl.SkillData	SkillData: Missing effect for Skill Id[13071] Level[1] SubLevel[0] Effect Scope[GENERAL] Effect Name[AttributeDefence]
2020.06.12 19:22:15,878	WARNING	1	org.l2jmobius.gameserver.data.xml.impl.SkillData	SkillData: Missing effect for Skill Id[13071] Level[1] SubLevel[0] Effect Scope[GENERAL] Effect Name[AttributeDefence]
2020.06.12 19:22:15,878	WARNING	1	org.l2jmobius.gameserver.data.xml.impl.SkillData	SkillData: Missing effect for Skill Id[13071] Level[1] SubLevel[0] Effect Scope[GENERAL] Effect Name[AttributeDefence]
2020.06.12 19:22:15,878	WARNING	1	org.l2jmobius.gameserver.data.xml.impl.SkillData	SkillData: Missing effect for Skill Id[13071] Level[2] SubLevel[0] Effect Scope[GENERAL] Effect Name[AttributeDefence]
2020.06.12 19:22:15,878	WARNING	1	org.l2jmobius.gameserver.data.xml.impl.SkillData	SkillData: Missing effect for Skill Id[13071] Level[2] SubLevel[0] Effect Scope[GENERAL] Effect Name[AttributeDefence]
2020.06.12 19:22:15,878	WARNING	1	org.l2jmobius.gameserver.data.xml.impl.SkillData	SkillData: Missing effect for Skill Id[13071] Level[2] SubLevel[0] Effect Scope[GENERAL] Effect Name[AttributeDefence]
2020.06.12 19:22:15,878	WARNING	1	org.l2jmobius.gameserver.data.xml.impl.SkillData	SkillData: Missing effect for Skill Id[13071] Level[2] SubLevel[0] Effect Scope[GENERAL] Effect Name[AttributeDefence]
2020.06.12 19:22:15,879	WARNING	1	org.l2jmobius.gameserver.data.xml.impl.SkillData	SkillData: Missing effect for Skill Id[13071] Level[2] SubLevel[0] Effect Scope[GENERAL] Effect Name[AttributeDefence]
2020.06.12 19:22:15,879	WARNING	1	org.l2jmobius.gameserver.data.xml.impl.SkillData	SkillData: Missing effect for Skill Id[13071] Level[2] SubLevel[0] Effect Scope[GENERAL] Effect Name[AttributeDefence]
2020.06.12 19:22:15,879	WARNING	1	org.l2jmobius.gameserver.data.xml.impl.SkillData	SkillData: Missing effect for Skill Id[13071] Level[3] SubLevel[0] Effect Scope[GENERAL] Effect Name[AttributeDefence]
2020.06.12 19:22:15,879	WARNING	1	org.l2jmobius.gameserver.data.xml.impl.SkillData	SkillData: Missing effect for Skill Id[13071] Level[3] SubLevel[0] Effect Scope[GENERAL] Effect Name[AttributeDefence]
2020.06.12 19:22:15,879	WARNING	1	org.l2jmobius.gameserver.data.xml.impl.SkillData	SkillData: Missing effect for Skill Id[13071] Level[3] SubLevel[0] Effect Scope[GENERAL] Effect Name[AttributeDefence]
2020.06.12 19:22:15,879	WARNING	1	org.l2jmobius.gameserver.data.xml.impl.SkillData	SkillData: Missing effect for Skill Id[13071] Level[3] SubLevel[0] Effect Scope[GENERAL] Effect Name[AttributeDefence]
2020.06.12 19:22:15,879	WARNING	1	org.l2jmobius.gameserver.data.xml.impl.SkillData	SkillData: Missing effect for Skill Id[13071] Level[3] SubLevel[0] Effect Scope[GENERAL] Effect Name[AttributeDefence]
2020.06.12 19:22:15,879	WARNING	1	org.l2jmobius.gameserver.data.xml.impl.SkillData	SkillData: Missing effect for Skill Id[13071] Level[3] SubLevel[0] Effect Scope[GENERAL] Effect Name[AttributeDefence]
2020.06.12 19:22:15,879	WARNING	1	org.l2jmobius.gameserver.data.xml.impl.SkillData	SkillData: Missing effect for Skill Id[13071] Level[4] SubLevel[0] Effect Scope[GENERAL] Effect Name[AttributeDefence]
2020.06.12 19:22:15,880	WARNING	1	org.l2jmobius.gameserver.data.xml.impl.SkillData	SkillData: Missing effect for Skill Id[13071] Level[4] SubLevel[0] Effect Scope[GENERAL] Effect Name[AttributeDefence]
2020.06.12 19:22:15,880	WARNING	1	org.l2jmobius.gameserver.data.xml.impl.SkillData	SkillData: Missing effect for Skill Id[13071] Level[4] SubLevel[0] Effect Scope[GENERAL] Effect Name[AttributeDefence]
2020.06.12 19:22:15,880	WARNING	1	org.l2jmobius.gameserver.data.xml.impl.SkillData	SkillData: Missing effect for Skill Id[13071] Level[4] SubLevel[0] Effect Scope[GENERAL] Effect Name[AttributeDefence]
2020.06.12 19:22:15,880	WARNING	1	org.l2jmobius.gameserver.data.xml.impl.SkillData	SkillData: Missing effect for Skill Id[13071] Level[4] SubLevel[0] Effect Scope[GENERAL] Effect Name[AttributeDefence]
2020.06.12 19:22:15,880	WARNING	1	org.l2jmobius.gameserver.data.xml.impl.SkillData	SkillData: Missing effect for Skill Id[13071] Level[4] SubLevel[0] Effect Scope[GENERAL] Effect Name[AttributeDefence]
2020.06.12 19:22:15,882	WARNING	1	org.l2jmobius.gameserver.data.xml.impl.SkillData	SkillData: Missing effect for Skill Id[13084] Level[1] SubLevel[0] Effect Scope[GENERAL] Effect Name[MagicalAttackSPeed]
2020.06.12 19:22:15,882	WARNING	1	org.l2jmobius.gameserver.data.xml.impl.SkillData	SkillData: Missing effect for Skill Id[13084] Level[2] SubLevel[0] Effect Scope[GENERAL] Effect Name[MagicalAttackSPeed]
2020.06.12 19:22:15,883	WARNING	1	org.l2jmobius.gameserver.data.xml.impl.SkillData	SkillData: Missing effect for Skill Id[13084] Level[3] SubLevel[0] Effect Scope[GENERAL] Effect Name[MagicalAttackSPeed]
2020.06.12 19:22:15,883	WARNING	1	org.l2jmobius.gameserver.data.xml.impl.SkillData	SkillData: Missing effect for Skill Id[13084] Level[4] SubLevel[0] Effect Scope[GENERAL] Effect Name[MagicalAttackSPeed]
2020.06.12 19:22:15,883	WARNING	1	org.l2jmobius.gameserver.data.xml.impl.SkillData	SkillData: Missing effect for Skill Id[13086] Level[1] SubLevel[0] Effect Scope[GENERAL] Effect Name[MagicalAttackSPeed]
2020.06.12 19:22:15,883	WARNING	1	org.l2jmobius.gameserver.data.xml.impl.SkillData	SkillData: Missing effect for Skill Id[13086] Level[2] SubLevel[0] Effect Scope[GENERAL] Effect Name[MagicalAttackSPeed]
2020.06.12 19:22:15,883	WARNING	1	org.l2jmobius.gameserver.data.xml.impl.SkillData	SkillData: Missing effect for Skill Id[13086] Level[3] SubLevel[0] Effect Scope[GENERAL] Effect Name[MagicalAttackSPeed]
2020.06.12 19:22:15,883	WARNING	1	org.l2jmobius.gameserver.data.xml.impl.SkillData	SkillData: Missing effect for Skill Id[13086] Level[4] SubLevel[0] Effect Scope[GENERAL] Effect Name[MagicalAttackSPeed]
2020.06.12 19:22:15,884	WARNING	1	org.l2jmobius.gameserver.data.xml.impl.SkillData	SkillData: Missing effect for Skill Id[13088] Level[1] SubLevel[0] Effect Scope[GENERAL] Effect Name[MagicalAttackSPeed]
2020.06.12 19:22:15,884	WARNING	1	org.l2jmobius.gameserver.data.xml.impl.SkillData	SkillData: Missing effect for Skill Id[13088] Level[2] SubLevel[0] Effect Scope[GENERAL] Effect Name[MagicalAttackSPeed]
2020.06.12 19:22:15,884	WARNING	1	org.l2jmobius.gameserver.data.xml.impl.SkillData	SkillData: Missing effect for Skill Id[13088] Level[3] SubLevel[0] Effect Scope[GENERAL] Effect Name[MagicalAttackSPeed]
2020.06.12 19:22:15,884	WARNING	1	org.l2jmobius.gameserver.data.xml.impl.SkillData	SkillData: Missing effect for Skill Id[13088] Level[4] SubLevel[0] Effect Scope[GENERAL] Effect Name[MagicalAttackSPeed]
2020.06.12 19:22:15,885	WARNING	1	org.l2jmobius.gameserver.data.xml.impl.SkillData	SkillData: Missing effect for Skill Id[13090] Level[1] SubLevel[0] Effect Scope[GENERAL] Effect Name[MagicalAttackSPeed]
2020.06.12 19:22:15,885	WARNING	1	org.l2jmobius.gameserver.data.xml.impl.SkillData	SkillData: Missing effect for Skill Id[13090] Level[2] SubLevel[0] Effect Scope[GENERAL] Effect Name[MagicalAttackSPeed]
2020.06.12 19:22:15,885	WARNING	1	org.l2jmobius.gameserver.data.xml.impl.SkillData	SkillData: Missing effect for Skill Id[13090] Level[3] SubLevel[0] Effect Scope[GENERAL] Effect Name[MagicalAttackSPeed]
2020.06.12 19:22:15,885	WARNING	1	org.l2jmobius.gameserver.data.xml.impl.SkillData	SkillData: Missing effect for Skill Id[13090] Level[4] SubLevel[0] Effect Scope[GENERAL] Effect Name[MagicalAttackSPeed]
2020.06.12 19:22:16,469	WARNING	1	org.l2jmobius.gameserver.model.effects.AbstractEffect	ExpModify can only use DIFF mode.
2020.06.12 19:22:16,469	WARNING	1	org.l2jmobius.gameserver.model.effects.AbstractEffect	SpModify can only use DIFF mode.
2020.06.12 19:22:16,469	WARNING	1	org.l2jmobius.gameserver.model.effects.AbstractEffect	ExpModify can only use DIFF mode.
2020.06.12 19:22:16,469	WARNING	1	org.l2jmobius.gameserver.model.effects.AbstractEffect	SpModify can only use DIFF mode.
2020.06.12 19:22:16,469	WARNING	1	org.l2jmobius.gameserver.model.effects.AbstractEffect	ExpModify can only use DIFF mode.
2020.06.12 19:22:16,469	WARNING	1	org.l2jmobius.gameserver.model.effects.AbstractEffect	SpModify can only use DIFF mode.
2020.06.12 19:22:16,469	WARNING	1	org.l2jmobius.gameserver.model.effects.AbstractEffect	ExpModify can only use DIFF mode.
2020.06.12 19:22:16,469	WARNING	1	org.l2jmobius.gameserver.model.effects.AbstractEffect	SpModify can only use DIFF mode.
2020.06.12 19:22:16,503	INFO	1	org.l2jmobius.gameserver.data.xml.impl.SkillData	SkillData: Loaded 162583 Skills.
2020.06.12 19:22:17,005	INFO	1	org.l2jmobius.gameserver.data.xml.impl.SkillTreeData	SkillTreeData: Loaded 18884 Class skills for 145 class skill trees.
2020.06.12 19:22:17,006	INFO	1	org.l2jmobius.gameserver.data.xml.impl.SkillTreeData	SkillTreeData: Loaded 24 sub-class skills.
2020.06.12 19:22:17,006	INFO	1	org.l2jmobius.gameserver.data.xml.impl.SkillTreeData	SkillTreeData: Loaded 25 dual-class skills.
2020.06.12 19:22:17,006	INFO	1	org.l2jmobius.gameserver.data.xml.impl.SkillTreeData	SkillTreeData: Loaded 104 transfer skills for 3 transfer skill trees.
2020.06.12 19:22:17,006	INFO	1	org.l2jmobius.gameserver.data.xml.impl.SkillTreeData	SkillTreeData: Loaded 17 race skills for 7 race skill trees.
2020.06.12 19:22:17,006	INFO	1	org.l2jmobius.gameserver.data.xml.impl.SkillTreeData	SkillTreeData: Loaded 35 fishing skills, 8 Dwarven only fishing skills.
2020.06.12 19:22:17,007	INFO	1	org.l2jmobius.gameserver.data.xml.impl.SkillTreeData	SkillTreeData: Loaded 3 collect skills.
2020.06.12 19:22:17,009	INFO	1	org.l2jmobius.gameserver.data.xml.impl.SkillTreeData	SkillTreeData: Loaded 0 clan skills, 0 for clan and 0 residential.
2020.06.12 19:22:17,009	INFO	1	org.l2jmobius.gameserver.data.xml.impl.SkillTreeData	SkillTreeData: Loaded 0 sub-pledge skills.
2020.06.12 19:22:17,010	INFO	1	org.l2jmobius.gameserver.data.xml.impl.SkillTreeData	SkillTreeData: Loaded 32 transform skills.
2020.06.12 19:22:17,010	INFO	1	org.l2jmobius.gameserver.data.xml.impl.SkillTreeData	SkillTreeData: Loaded 21 noble skills.
2020.06.12 19:22:17,010	INFO	1	org.l2jmobius.gameserver.data.xml.impl.SkillTreeData	SkillTreeData: Loaded 5 hero skills.
2020.06.12 19:22:17,010	INFO	1	org.l2jmobius.gameserver.data.xml.impl.SkillTreeData	SkillTreeData: Loaded 61 game master skills.
2020.06.12 19:22:17,010	INFO	1	org.l2jmobius.gameserver.data.xml.impl.SkillTreeData	SkillTreeData: Loaded 61 game master aura skills.
2020.06.12 19:22:17,011	INFO	1	org.l2jmobius.gameserver.data.xml.impl.SkillTreeData	SkillTreeData: Loaded 123 ability skills.
2020.06.12 19:22:17,011	INFO	1	org.l2jmobius.gameserver.data.xml.impl.SkillTreeData	SkillTreeData: Loaded 112 alchemy skills.
2020.06.12 19:22:17,011	INFO	1	org.l2jmobius.gameserver.data.xml.impl.SkillTreeData	SkillTreeData: Loaded 36 class awaken save skills.
2020.06.12 19:22:17,011	INFO	1	org.l2jmobius.gameserver.data.xml.impl.SkillTreeData	SkillTreeData: Loaded 20 Revelation skills.
2020.06.12 19:22:17,012	INFO	1	org.l2jmobius.gameserver.data.xml.impl.SkillTreeData	SkillTreeData: Loaded 37 common skills.
2020.06.12 19:22:17,024	INFO	1	org.l2jmobius.gameserver.data.xml.impl.PetSkillData	PetSkillData: Loaded 1084 skills.
2020.06.12 19:22:17,024	INFO	1	org.l2jmobius.gameserver.GameServer	---------------------------------------------------=[ Items ]
2020.06.12 19:22:17,114	INFO	1	org.l2jmobius.gameserver.data.xml.impl.EnchantItemGroupsData	EnchantItemGroupsData: Loaded 4 item group templates.
2020.06.12 19:22:17,114	INFO	1	org.l2jmobius.gameserver.data.xml.impl.EnchantItemGroupsData	EnchantItemGroupsData: Loaded 1 scroll group templates.
2020.06.12 19:22:17,126	INFO	1	org.l2jmobius.gameserver.data.xml.impl.EnchantItemData	EnchantItemData: Loaded 262 enchant scrolls.
2020.06.12 19:22:17,126	INFO	1	org.l2jmobius.gameserver.data.xml.impl.EnchantItemData	EnchantItemData: Loaded 100 support items.
2020.06.12 19:22:17,145	INFO	1	org.l2jmobius.gameserver.data.xml.impl.EnchantItemOptionsData	EnchantItemOptionsData: Loaded 251 items and 3760 options.
2020.06.12 19:22:17,158	INFO	1	org.l2jmobius.gameserver.data.xml.impl.ItemCrystallizationData	ItemCrystallizationData: Loaded 13 crystallization templates.
2020.06.12 19:22:17,159	INFO	1	org.l2jmobius.gameserver.data.xml.impl.ItemCrystallizationData	ItemCrystallizationData: Loaded 279 pre-defined crystallizable items.
2020.06.12 19:22:17,169	INFO	1	org.l2jmobius.gameserver.data.xml.impl.ItemCrystallizationData	ItemCrystallizationData: Generated 5919 crystallizable items from templates.
2020.06.12 19:22:18,116	INFO	1	org.l2jmobius.gameserver.data.xml.impl.OptionData	OptionData: Loaded 35055 options.
2020.06.12 19:22:18,208	INFO	1	VariationData	VariationData: Loaded 121 variations.
2020.06.12 19:22:18,208	INFO	1	VariationData	VariationData: Loaded 4788 fees.
2020.06.12 19:22:18,224	INFO	1	org.l2jmobius.gameserver.data.xml.impl.EnsoulData	EnsoulData: Loaded 11 fees.
2020.06.12 19:22:18,224	INFO	1	org.l2jmobius.gameserver.data.xml.impl.EnsoulData	EnsoulData: Loaded 812 options.
2020.06.12 19:22:18,225	INFO	1	org.l2jmobius.gameserver.data.xml.impl.EnsoulData	EnsoulData: Loaded 114 stones.
2020.06.12 19:22:18,228	INFO	1	org.l2jmobius.gameserver.data.xml.impl.EnchantItemHPBonusData	EnchantItemHPBonusData: Loaded 12 enchant HP bonuses.
2020.06.12 19:22:19,500	INFO	1	org.l2jmobius.gameserver.data.xml.impl.BuyListData	BuyListData: Loaded 885 buyLists.
2020.06.12 19:22:19,989	WARNING	1	org.l2jmobius.gameserver.data.xml.impl.MultisellData	Invalid product id or count for itemId: 21893, count: 46606 in list: 400090
2020.06.12 19:22:20,621	INFO	1	org.l2jmobius.gameserver.data.xml.impl.MultisellData	MultisellData: Loaded 597 multisell lists.
2020.06.12 19:22:20,662	INFO	1	org.l2jmobius.gameserver.data.xml.impl.EquipmentUpgradeData	EquipmentUpgradeData: Loaded 6777 upgrade equipment data.
2020.06.12 19:22:20,738	INFO	1	org.l2jmobius.gameserver.data.xml.impl.RecipeData	RecipeData: Loaded 1678 recipes.
2020.06.12 19:22:20,763	WARNING	1	org.l2jmobius.gameserver.data.xml.impl.ArmorSetData	Duplicate set entry with id: 289 in file: Visual_Sets.xml
2020.06.12 19:22:20,764	WARNING	1	org.l2jmobius.gameserver.data.xml.impl.ArmorSetData	Duplicate set entry with id: 290 in file: Visual_Sets.xml
2020.06.12 19:22:20,764	INFO	1	org.l2jmobius.gameserver.data.xml.impl.ArmorSetData	ArmorSetData: Loaded 326 armor sets.
2020.06.12 19:22:20,769	INFO	1	org.l2jmobius.gameserver.data.xml.impl.FishingData	FishingData: Loaded 7 bait and 13 rod data.
2020.06.12 19:22:20,804	INFO	1	org.l2jmobius.gameserver.data.xml.impl.HennaData	HennaData: Loaded 461 henna data.
2020.06.12 19:22:20,810	INFO	1	org.l2jmobius.gameserver.data.xml.impl.PrimeShopData	PrimeShopData: Loaded 44 items.
2020.06.12 19:22:20,830	INFO	1	org.l2jmobius.gameserver.data.xml.impl.AppearanceItemData	AppearanceItemData: Loaded 1225 stones.
2020.06.12 19:22:20,836	INFO	1	org.l2jmobius.gameserver.data.xml.impl.AlchemyData	AlchemyData: Loaded 114 alchemy craft skills.
2020.06.12 19:22:20,846	INFO	1	org.l2jmobius.commons.util.IXmlReader	LuckyGameData: Loaded 2 lucky game data.
2020.06.12 19:22:20,849	INFO	1	org.l2jmobius.gameserver.data.xml.impl.AttendanceRewardData	AttendanceRewardData: Loaded 28 rewards.
2020.06.12 19:22:20,850	INFO	1	org.l2jmobius.gameserver.GameServer	----------------------------------------------=[ Characters ]
2020.06.12 19:22:20,854	INFO	1	org.l2jmobius.gameserver.data.xml.impl.ClassListData	ClassListData: Loaded 153 class data.
2020.06.12 19:22:20,858	INFO	1	org.l2jmobius.gameserver.data.xml.impl.InitialEquipmentData	InitialEquipmentData: Loaded 13 initial equipment data.
2020.06.12 19:22:20,862	INFO	1	org.l2jmobius.gameserver.data.xml.impl.InitialShortcutData	InitialShortcutData: Loaded 5 initial global shortcuts data.
2020.06.12 19:22:20,863	INFO	1	org.l2jmobius.gameserver.data.xml.impl.InitialShortcutData	InitialShortcutData: Loaded 5 initial shortcuts data.
2020.06.12 19:22:20,863	INFO	1	org.l2jmobius.gameserver.data.xml.impl.InitialShortcutData	InitialShortcutData: Loaded 0 macro presets.
2020.06.12 19:22:20,867	INFO	1	org.l2jmobius.gameserver.data.xml.impl.ExperienceData	ExperienceData: Loaded 121 levels.
2020.06.12 19:22:20,867	INFO	1	org.l2jmobius.gameserver.data.xml.impl.ExperienceData	ExperienceData: Max Player Level is 120.
2020.06.12 19:22:20,867	INFO	1	org.l2jmobius.gameserver.data.xml.impl.ExperienceData	ExperienceData: Max Pet Level is 99.
2020.06.12 19:22:20,874	INFO	1	org.l2jmobius.gameserver.data.xml.impl.KarmaData	KarmaData: Loaded 120 karma modifiers.
2020.06.12 19:22:20,876	INFO	1	org.l2jmobius.gameserver.data.xml.impl.HitConditionBonusData	HitConditionBonusData: Loaded hit condition bonuses.
2020.06.12 19:22:21,296	INFO	1	org.l2jmobius.gameserver.data.xml.impl.PlayerTemplateData	PlayerTemplateData: Loaded 145 character templates.
2020.06.12 19:22:21,296	INFO	1	org.l2jmobius.gameserver.data.xml.impl.PlayerTemplateData	PlayerTemplateData: Loaded 104400 level up gain records.
2020.06.12 19:22:21,298	INFO	1	org.l2jmobius.gameserver.data.sql.impl.CharNameTable	CharNameTable: Loaded 104 char names.
2020.06.12 19:22:21,304	INFO	1	org.l2jmobius.gameserver.data.xml.impl.AdminData	AdminData: Loaded 10 access levels.
2020.06.12 19:22:21,308	INFO	1	org.l2jmobius.gameserver.data.xml.impl.AdminData	AdminData: Loaded 459 access commands.
2020.06.12 19:22:21,721	INFO	1	org.l2jmobius.gameserver.data.xml.impl.PetDataTable	PetDataTable: Loaded 56 pets.
2020.06.12 19:22:21,774	INFO	1	org.l2jmobius.gameserver.data.xml.impl.CubicData	CubicData: Loaded 25 cubics.
2020.06.12 19:22:21,788	INFO	1	org.l2jmobius.gameserver.GameServer	PremiumManager: Premium system is enabled.
2020.06.12 19:22:21,790	INFO	1	org.l2jmobius.gameserver.GameServer	---------------------------------------------------=[ Clans ]
2020.06.12 19:22:21,801	INFO	1	org.l2jmobius.gameserver.communitybbs.Manager.ForumsBBSManager	ForumsBBSManager: Loaded 15 forums. Last forum id used: 16
2020.06.12 19:22:21,907	INFO	1	org.l2jmobius.gameserver.data.sql.impl.ClanTable	ClanTable: Restored 15 clans from the database.
2020.06.12 19:22:21,914	INFO	1	org.l2jmobius.gameserver.data.xml.impl.ResidenceFunctionsData	ResidenceFunctionsData: Loaded 8 functions.
2020.06.12 19:22:22,028	INFO	1	org.l2jmobius.gameserver.data.xml.impl.ClanHallData	ClanHallData: Succesfully loaded 48 clan halls.
2020.06.12 19:22:22,093	INFO	1	org.l2jmobius.gameserver.instancemanager.ClanEntryManager	ClanEntryManager: Loaded 1 clan entries.
2020.06.12 19:22:22,093	INFO	1	org.l2jmobius.gameserver.instancemanager.ClanEntryManager	ClanEntryManager: Loaded 0 players in waiting list.
2020.06.12 19:22:22,094	INFO	1	org.l2jmobius.gameserver.instancemanager.ClanEntryManager	ClanEntryManager: Loaded 0 player applications.
2020.06.12 19:22:22,098	INFO	1	org.l2jmobius.gameserver.data.xml.impl.ClanMasteryData	ClanMasteryData: Loaded 16 clan masteries.
2020.06.12 19:22:22,103	INFO	1	org.l2jmobius.gameserver.data.xml.impl.ClanShopData	ClanShopData: Loaded 13 clan shop products.
2020.06.12 19:22:22,103	INFO	1	org.l2jmobius.gameserver.GameServer	-------------------------------------------------=[ Geodata ]
2020.06.12 19:22:22,106	INFO	1	org.l2jmobius.gameserver.geoengine.GeoEngine	GeoEngine: Initializing...
2020.06.12 19:22:25,667	INFO	1	org.l2jmobius.gameserver.geoengine.GeoEngine	GeoEngine: Loaded 223 geodata files.
2020.06.12 19:22:25,673	INFO	1	org.l2jmobius.gameserver.geoengine.GeoEngine	GeoEngine: Total geodata file size 1469 MB.
2020.06.12 19:22:25,732	INFO	1	org.l2jmobius.gameserver.geoengine.GeoEngine	GeoEnginePathfinding: Loaded 32 node buffers.
2020.06.12 19:22:25,732	INFO	1	org.l2jmobius.gameserver.GameServer	----------------------------------------------------=[ NPCs ]
2020.06.12 19:22:28,272	INFO	1	org.l2jmobius.gameserver.data.xml.impl.NpcData	NpcData: Loaded 14487 NPCs.
2020.06.12 19:22:28,293	INFO	1	org.l2jmobius.gameserver.data.xml.impl.NpcData	NpcData: Loaded 64 custom NPCs.
2020.06.12 19:22:28,300	INFO	1	org.l2jmobius.gameserver.data.xml.impl.FakePlayerData	FakePlayerData: Disabled.
2020.06.12 19:22:28,301	INFO	1	org.l2jmobius.gameserver.instancemanager.FakePlayerChatManager	FakePlayerChatManager: Disabled.
2020.06.12 19:22:28,309	INFO	1	org.l2jmobius.gameserver.data.xml.impl.ExtendDropData	ExtendDropData: Loaded 1 extend drops.
2020.06.12 19:22:29,218	INFO	1	org.l2jmobius.gameserver.data.xml.impl.SpawnData	SpawnData: Loaded 50486 spawns
2020.06.12 19:22:29,227	INFO	1	org.l2jmobius.gameserver.data.xml.impl.MonsterBookData	MonsterBookData: Loaded 165 monster data.
2020.06.12 19:22:29,252	INFO	1	org.l2jmobius.gameserver.instancemanager.WalkingManager	WalkingManager: Loaded 197 walking routes.
2020.06.12 19:22:29,264	INFO	1	org.l2jmobius.gameserver.data.xml.impl.StaticObjectData	StaticObjectData: Loaded 86 static object templates.
2020.06.12 19:22:29,279	INFO	1	org.l2jmobius.gameserver.model.itemauction.ItemAuctionInstance	ItemAuctionInstance: Loaded 21 item(s) and registered 3 auction(s) for instance 34328
2020.06.12 19:22:29,285	INFO	1	org.l2jmobius.gameserver.model.itemauction.ItemAuctionInstance	ItemAuctionInstance: Schedule next auction 7 on 17:00:00 13.06.20 for instance 34328
2020.06.12 19:22:29,285	INFO	1	org.l2jmobius.gameserver.instancemanager.ItemAuctionManager	ItemAuctionManager: Loaded 1 instances.
2020.06.12 19:22:29,352	INFO	1	org.l2jmobius.gameserver.instancemanager.InstanceManager	InstanceManager: Loaded 298 instance names.
2020.06.12 19:22:29,912	INFO	1	org.l2jmobius.gameserver.instancemanager.InstanceManager	InstanceManager: Loaded 143 instance templates.
2020.06.12 19:22:29,913	INFO	1	org.l2jmobius.gameserver.instancemanager.InstanceManager	InstanceManager: Loaded instance reenter times for 0 players.
2020.06.12 19:22:29,925	INFO	1	org.l2jmobius.gameserver.instancemanager.CastleManager	CastleManager: Loaded 9 castles.
2020.06.12 19:22:29,931	INFO	1	org.l2jmobius.gameserver.instancemanager.GrandBossManager	GrandBossManager: Fafurion(19740) status is 0
2020.06.12 19:22:29,931	INFO	1	org.l2jmobius.gameserver.instancemanager.GrandBossManager	GrandBossManager: Kelbim(26124) status is 0
2020.06.12 19:22:29,931	INFO	1	org.l2jmobius.gameserver.instancemanager.GrandBossManager	GrandBossManager: Queen Ant(29001) status is 0
2020.06.12 19:22:29,931	INFO	1	org.l2jmobius.gameserver.instancemanager.GrandBossManager	GrandBossManager: Core(29006) status is 0
2020.06.12 19:22:29,931	INFO	1	org.l2jmobius.gameserver.instancemanager.GrandBossManager	GrandBossManager: Baium(29020) status is 0
2020.06.12 19:22:29,931	INFO	1	org.l2jmobius.gameserver.instancemanager.GrandBossManager	GrandBossManager: Valakas(29028) status is 3
2020.06.12 19:22:29,940	INFO	1	org.l2jmobius.gameserver.instancemanager.GrandBossManager	GrandBossManager: Next spawn date of Valakas is Tue Jun 23 04:57:01 CEST 2020
2020.06.12 19:22:29,940	INFO	1	org.l2jmobius.gameserver.instancemanager.GrandBossManager	GrandBossManager: Antharas(29068) status is 0
2020.06.12 19:22:29,940	INFO	1	org.l2jmobius.gameserver.instancemanager.GrandBossManager	GrandBossManager: Beleth(29118) status is 0
2020.06.12 19:22:29,941	INFO	1	org.l2jmobius.gameserver.instancemanager.GrandBossManager	GrandBossManager: Earth Wyrm Trasken(29197) status is 0
2020.06.12 19:22:29,941	INFO	1	org.l2jmobius.gameserver.instancemanager.GrandBossManager	GrandBossManager: Lindvior(29240) status is 0
2020.06.12 19:22:29,941	INFO	1	org.l2jmobius.gameserver.instancemanager.GrandBossManager	GrandBossManager: Helios(29305) status is 0
2020.06.12 19:22:29,941	INFO	1	org.l2jmobius.gameserver.instancemanager.GrandBossManager	GrandBossManager: Orfen(29325) status is 0
2020.06.12 19:22:29,941	INFO	1	org.l2jmobius.gameserver.instancemanager.GrandBossManager	GrandBossManager: Lilith(29336) status is 0
2020.06.12 19:22:29,941	INFO	1	org.l2jmobius.gameserver.instancemanager.GrandBossManager	GrandBossManager: Anakim(29348) status is 0
2020.06.12 19:22:29,941	INFO	1	org.l2jmobius.gameserver.instancemanager.GrandBossManager	GrandBossManager: Loaded 14 instances.
2020.06.12 19:22:29,944	INFO	1	org.l2jmobius.gameserver.GameServer	------------------------------------------------=[ Instance ]
2020.06.12 19:22:29,944	INFO	1	org.l2jmobius.gameserver.GameServer	------------------------------------------------=[ Olympiad ]
2020.06.12 19:22:29,954	INFO	1	org.l2jmobius.gameserver.model.olympiad.Olympiad	Olympiad System: Loading....
2020.06.12 19:22:29,954	INFO	1	org.l2jmobius.gameserver.model.olympiad.Olympiad	Olympiad System: Currently in Olympiad Period
2020.06.12 19:22:29,954	INFO	1	org.l2jmobius.gameserver.model.olympiad.Olympiad	Olympiad System: 24037 minutes until period ends
2020.06.12 19:22:29,954	INFO	1	org.l2jmobius.gameserver.model.olympiad.Olympiad	Olympiad System: Next weekly change is in 1057 minutes
2020.06.12 19:22:29,955	INFO	1	org.l2jmobius.gameserver.model.olympiad.Olympiad	Olympiad System: Loaded 1 Nobles
2020.06.12 19:22:29,958	INFO	1	org.l2jmobius.gameserver.model.olympiad.Olympiad	Olympiad System: Competition Period Starts in 0 days, 0 hours and 37 mins.
2020.06.12 19:22:29,958	INFO	1	org.l2jmobius.gameserver.model.olympiad.Olympiad	Olympiad System: Event starts/started: Fri Jun 12 20:00:29 CEST 2020
2020.06.12 19:22:29,963	INFO	1	org.l2jmobius.gameserver.model.entity.Hero	Hero System: Loaded 0 Heroes.
2020.06.12 19:22:29,964	INFO	1	org.l2jmobius.gameserver.model.entity.Hero	Hero System: Loaded 0 all time Heroes.
2020.06.12 19:22:29,964	INFO	1	org.l2jmobius.gameserver.GameServer	---------------------------------------------------=[ Cache ]
2020.06.12 19:22:29,966	INFO	1	org.l2jmobius.gameserver.cache.HtmCache	Html cache start...
2020.06.12 19:22:33,631	WARNING	1	org.l2jmobius.gameserver.cache.HtmCache	HTML encoding check: File out/production/Test/lang/el/data/html/mods/Lang/Error.htm contains non ASCII content.
2020.06.12 19:22:33,632	WARNING	1	org.l2jmobius.gameserver.cache.HtmCache	HTML encoding check: File out/production/Test/lang/el/data/html/mods/Lang/LanguageSelect.htm contains non ASCII content.
2020.06.12 19:22:33,632	WARNING	1	org.l2jmobius.gameserver.cache.HtmCache	HTML encoding check: File out/production/Test/lang/el/data/html/mods/Lang/Ok.htm contains non ASCII content.
2020.06.12 19:22:34,904	INFO	1	org.l2jmobius.gameserver.cache.HtmCache	Cache[HTML]: 10.071 megabytes on 17928 files loaded.
2020.06.12 19:22:35,035	INFO	1	org.l2jmobius.gameserver.data.sql.impl.CrestTable	CrestTable: Loaded 1 Crests.
2020.06.12 19:22:35,040	INFO	1	org.l2jmobius.gameserver.data.xml.impl.TeleportListData	TeleportListData: Loaded 99 teleports.
2020.06.12 19:22:35,764	INFO	1	org.l2jmobius.gameserver.data.xml.impl.TeleporterData	TeleporterData: Loaded 157 npc teleporters.
2020.06.12 19:22:35,772	INFO	1	org.l2jmobius.gameserver.instancemanager.CursedWeaponsManager	CursedWeaponsManager: Loaded 2 cursed weapons.
2020.06.12 19:22:36,322	INFO	1	org.l2jmobius.gameserver.data.xml.impl.TransformData	TransformData: Loaded 174 transform templates.
2020.06.12 19:22:36,337	INFO	1	org.l2jmobius.gameserver.datatables.BotReportTable	BotReportTable: Loaded 0 bot reports
2020.06.12 19:22:36,346	INFO	1	org.l2jmobius.gameserver.instancemanager.SellBuffsManager	SellBuffsManager: Loaded 145 allowed buffs.
2020.06.12 19:22:36,346	INFO	1	org.l2jmobius.gameserver.GameServer	-------------------------------------------------=[ Scripts ]
2020.06.12 19:22:36,354	INFO	1	org.l2jmobius.gameserver.instancemanager.AirShipManager	AirShipManager: Loaded 0 private airships
2020.06.12 19:22:36,364	INFO	1	org.l2jmobius.gameserver.data.xml.impl.ShuttleData	ShuttleData: Loaded 3 shuttles.
2020.06.12 19:22:36,366	INFO	1	org.l2jmobius.gameserver.GameServer	GameServer: Loading server scripts:
2020.06.12 19:22:36,911	INFO	1	scripts.handlers.MasterHandler	Loading Handlers...
2020.06.12 19:22:36,973	INFO	1	scripts.handlers.MasterHandler	ActionHandler: Loaded 10 handlers.
2020.06.12 19:22:36,974	INFO	1	scripts.handlers.MasterHandler	ActionShiftHandler: Loaded 6 handlers.
2020.06.12 19:22:36,974	INFO	1	scripts.handlers.MasterHandler	AdminCommandHandler: Loaded 450 handlers.
2020.06.12 19:22:36,974	INFO	1	scripts.handlers.MasterHandler	BypassHandler: Loaded 34 handlers.
2020.06.12 19:22:36,974	INFO	1	scripts.handlers.MasterHandler	ChatHandler: Loaded 14 handlers.
2020.06.12 19:22:36,974	INFO	1	scripts.handlers.MasterHandler	CommunityBoardHandler: Loaded 25 handlers.
2020.06.12 19:22:36,974	INFO	1	scripts.handlers.MasterHandler	ItemHandler: Loaded 35 handlers.
2020.06.12 19:22:36,974	INFO	1	scripts.handlers.MasterHandler	PunishmentHandler: Loaded 3 handlers.
2020.06.12 19:22:36,974	INFO	1	scripts.handlers.MasterHandler	UserCommandHandler: Loaded 16 handlers.
2020.06.12 19:22:36,974	INFO	1	scripts.handlers.MasterHandler	VoicedCommandHandler: Loaded 12 handlers.
2020.06.12 19:22:36,974	INFO	1	scripts.handlers.MasterHandler	TargetHandler: Loaded 21 handlers.
2020.06.12 19:22:36,974	INFO	1	scripts.handlers.MasterHandler	AffectObjectHandler: Loaded 11 handlers.
2020.06.12 19:22:36,974	INFO	1	scripts.handlers.MasterHandler	AffectScopeHandler: Loaded 19 handlers.
2020.06.12 19:22:36,974	INFO	1	scripts.handlers.MasterHandler	PlayerActionHandler: Loaded 24 handlers.
2020.06.12 19:22:36,974	INFO	1	scripts.handlers.MasterHandler	Handlers Loaded...
2020.06.12 19:22:47,905	INFO	1	ai.areas.FantasyIsle.HandysBlockCheckerEvent	Handy's Block Checker Event is enabled
2020.06.12 19:22:47,910	INFO	1	ai.areas.FantasyIsle.Parade	Fantasy Isle: Parade starting at 2020/06/12 21:20 and is scheduled each next 1 hours.
2020.06.12 19:22:47,914	INFO	1	ai.areas.FantasyIsle.TalentShow	Fantasy Isle: MC show script starting at 12/06/2020 19:36:47 and is scheduled each next 4 hours.
2020.06.12 19:22:47,966	INFO	1	ai.areas.ImperialTomb.FourSepulchers.FourSepulchers	[Four Sepulchers] Loaded 762 spawn zones data.
2020.06.12 19:22:48,057	INFO	1	org.l2jmobius.gameserver.instancemanager.QuestManager	Replaced script Parade with a new version!
2020.06.12 19:22:48,058	INFO	1	scripts.ai.areas.TalkingIsland.Parade	Talking Island: Parade starting at 2020/06/12 21:20 and is scheduled each next 0 hours.
2020.06.12 19:22:48,229	INFO	1	ai.bosses.Tiat.Stage1	[Seed of Destruction] Loaded 51 spawn zones data.
2020.06.12 19:22:48,272	INFO	1	ai.others.ClassMaster.ClassMaster	ClassMaster: Loaded 0 class change options.
2020.06.12 19:22:48,403	INFO	1	ai.others.MentorGuide.MentorGuide	MentorGuide: Loaded 5 mentee coins
2020.06.12 19:22:48,414	INFO	1	ai.others.NpcBuffers.NpcBuffersData	NpcBuffersData: Loaded 6 buffers data.
2020.06.12 19:22:48,480	INFO	1	events.BirthOfDraco.BirthOfDraco	Event Birth of Draco has passed... Ignored 
2020.06.12 19:22:48,489	INFO	1	events.CustomDropEvent.CustomDropEvent	Event Custom Drop Event active till Mon Nov 19 00:00:00 CET 2029
2020.06.12 19:22:48,506	INFO	1	events.EveTheFortuneTeller.EveTheFortuneTeller	Event Eve the Fortune Teller active till Fri Dec 18 00:00:00 CET 2020
2020.06.12 19:22:48,511	INFO	1	events.FreyaCelebration.FreyaCelebration	Event Freya Celebration has passed... Ignored 
2020.06.12 19:22:48,515	INFO	1	events.GiftOfVitality.GiftOfVitality	Event Gift of Vitality has passed... Ignored 
2020.06.12 19:22:48,520	INFO	1	events.Halloween.Halloween	Event Halloween has passed... Ignored 
2020.06.12 19:22:48,526	INFO	1	events.HappyHours.HappyHours	Event Happy Hours has passed... Ignored 
2020.06.12 19:22:48,531	INFO	1	events.HeavyMedal.HeavyMedal	Event Heavy Medal has passed... Ignored 
2020.06.12 19:22:48,535	INFO	1	events.HungryHorse.HungryHorse	Event Hungry Horse has passed... Ignored 
2020.06.12 19:22:48,539	INFO	1	events.HuntForSanta.HuntForSanta	Event Hunt for Santa has passed... Ignored 
2020.06.12 19:22:48,542	INFO	1	events.LetterCollector.LetterCollector	Event Letter Collector has passed... Ignored 
2020.06.12 19:22:48,546	INFO	1	events.LoversJubilee.LoversJubilee	Event Lovers Jubilee has passed... Ignored 
2020.06.12 19:22:48,550	INFO	1	events.LoveYourGatekeeper.LoveYourGatekeeper	Event Love Your Gatekeeper has passed... Ignored 
2020.06.12 19:22:48,553	INFO	1	events.MasterOfEnchanting.MasterOfEnchanting	Event Master of Enchanting has passed... Ignored 
2020.06.12 19:22:48,556	INFO	1	events.RedLibra.RedLibra	Event Red Libra has passed... Ignored 
2020.06.12 19:22:48,560	INFO	1	events.RudolphsBlessing.RudolphsBlessing	Event Rudolphs Blessing has passed... Ignored 
2020.06.12 19:22:48,567	INFO	1	events.SavingSanta.SavingSanta	Event Saving Santa has passed... Ignored 
2020.06.12 19:22:48,570	INFO	1	events.ThePowerOfLove.ThePowerOfLove	Event The Power Of Love has passed... Ignored 
2020.06.12 19:22:48,573	INFO	1	events.TrainingWithDandy.TrainingWithDandy	Event Training with Dandy has passed... Ignored 
2020.06.12 19:22:48,937	INFO	1	org.l2jmobius.gameserver.data.xml.impl.SpawnData	SpawnData: Initializing spawns...
2020.06.12 19:22:49,389	INFO	1	org.l2jmobius.gameserver.instancemanager.DBSpawnManager	DBSpawnManager: Loaded 160 instances.
2020.06.12 19:22:49,389	INFO	1	org.l2jmobius.gameserver.instancemanager.DBSpawnManager	DBSpawnManager: Scheduled 1 instances.
2020.06.12 19:22:55,338	INFO	1	org.l2jmobius.gameserver.data.xml.impl.SpawnData	SpawnData: All spawns has been initialized!
2020.06.12 19:22:55,338	INFO	1	org.l2jmobius.gameserver.GameServer	--------------------------------------------=[ Event Engine ]
2020.06.12 19:22:55,373	INFO	1	org.l2jmobius.gameserver.data.xml.impl.EventEngineData	EventEngineData: CeremonyOfChaosManager: Initialized.
2020.06.12 19:22:55,376	INFO	1	org.l2jmobius.gameserver.instancemanager.ClanHallAuctionManager	ClanHallAuctionManager: Clan Hall Auction has started!
2020.06.12 19:22:55,383	INFO	1	org.l2jmobius.gameserver.model.eventengine.conditions.BetweenConditionalScheduler	Event ClanHallAuctionManager will resume because is within the event period.
2020.06.12 19:22:55,383	INFO	1	org.l2jmobius.gameserver.data.xml.impl.EventEngineData	EventEngineData: ClanHallAuctionManager: Initialized.
2020.06.12 19:22:55,389	INFO	1	org.l2jmobius.gameserver.data.xml.impl.EventEngineData	EventEngineData: DailyTaskManager: Initialized.
2020.06.12 19:22:55,390	INFO	1	org.l2jmobius.gameserver.model.votereward.VoteSystem	VoteSystem: Disabled.
2020.06.12 19:22:55,390	INFO	1	org.l2jmobius.gameserver.GameServer	---------------------------------------------------=[ Siege ]
2020.06.12 19:22:55,396	INFO	1	org.l2jmobius.gameserver.model.entity.Siege	Siege of Gludio: Sun Jun 21 20:00:00 CEST 2020
2020.06.12 19:22:55,397	INFO	1	org.l2jmobius.gameserver.model.entity.Siege	Siege of Dion: Sun Jun 21 20:00:00 CEST 2020
2020.06.12 19:22:55,397	INFO	1	org.l2jmobius.gameserver.model.entity.Siege	Siege of Giran: Sun Jun 21 20:00:00 CEST 2020
2020.06.12 19:22:55,397	INFO	1	org.l2jmobius.gameserver.model.entity.Siege	Siege of Oren: Sun Jun 21 20:00:00 CEST 2020
2020.06.12 19:22:55,397	INFO	1	org.l2jmobius.gameserver.model.entity.Siege	Siege of Aden: Sun Jun 21 20:00:00 CEST 2020
2020.06.12 19:22:55,399	INFO	1	org.l2jmobius.gameserver.model.entity.Siege	Siege of Innadril: Sun Jun 21 20:00:00 CEST 2020
2020.06.12 19:22:55,399	INFO	1	org.l2jmobius.gameserver.model.entity.Siege	Siege of Goddard: Sun Jun 21 20:00:00 CEST 2020
2020.06.12 19:22:55,399	INFO	1	org.l2jmobius.gameserver.model.entity.Siege	Siege of Rune: Sun Jun 21 20:00:00 CEST 2020
2020.06.12 19:22:55,400	INFO	1	org.l2jmobius.gameserver.model.entity.Siege	Siege of Schuttgart: Sun Jun 21 20:00:00 CEST 2020
2020.06.12 19:22:55,493	INFO	1	org.l2jmobius.gameserver.instancemanager.FortManager	FortManager: Loaded 20 fortress.
2020.06.12 19:22:55,567	INFO	1	org.l2jmobius.gameserver.data.xml.impl.SiegeScheduleData	SiegeScheduleData: Loaded 1 siege schedulers.
2020.06.12 19:22:55,576	INFO	1	org.l2jmobius.gameserver.instancemanager.CastleManorManager	CastleManorManager: Loaded 258 seeds.
2020.06.12 19:22:55,579	INFO	1	org.l2jmobius.gameserver.instancemanager.CastleManorManager	CastleManorManager: Manor data loaded.
2020.06.12 19:22:55,584	INFO	1	org.l2jmobius.gameserver.instancemanager.SiegeGuardManager	SiegeGuardManager: Loaded 0 siege guards tickets.
2020.06.12 19:22:55,584	INFO	1	org.l2jmobius.gameserver.instancemanager.QuestManager	QuestManager: Loaded 309 quests.
2020.06.12 19:22:55,585	INFO	1	org.l2jmobius.gameserver.instancemanager.QuestManager	QuestManager: Loaded 381 scripts.
2020.06.12 19:22:55,597	INFO	1	org.l2jmobius.gameserver.taskmanager.TaskManager	TaskManager: Loaded 5 Tasks.
2020.06.12 19:22:55,602	INFO	1	org.l2jmobius.gameserver.instancemanager.MailManager	MailManager: Loaded 18 messages.
2020.06.12 19:22:55,602	INFO	1	org.l2jmobius.gameserver.GameServer	-----------------------------------------=[ Tenkai Features ]
2020.06.12 19:22:55,625	INFO	1	org.l2jmobius.gameserver.data.xml.impl.NpcData	Farm Zone Manager: loaded 45 farm zone definitions.
2020.06.12 19:22:55,627	INFO	1	org.l2jmobius.gameserver.data.xml.impl.NpcData	Farm Zone Manager: loaded 45 farm zone definitions.
2020.06.12 19:22:55,703	INFO	1	org.l2jmobius.gameserver.data.xml.impl.NpcData	Farm Zone Manager: loaded 20 farm zone customizations.
2020.06.12 19:22:55,706	INFO	1	org.l2jmobius.gameserver.data.xml.impl.NpcData	Upgradable Farm Zone Manager: talking_island  loaded
2020.06.12 19:22:55,710	INFO	1	org.l2jmobius.gameserver.data.xml.impl.NpcData	Upgradable Farm Zone Manager: loaded
2020.06.12 19:22:55,713	INFO	1	org.l2jmobius.gameserver.instancemanager.PunishmentManager	PunishmentManager: Loaded 0 active and 0 expired punishments.
2020.06.12 19:22:55,714	INFO	1	org.l2jmobius.gameserver.GameServer	IdFactory: Free ObjectID's remaining: 1878983282
2020.06.12 19:22:55,717	INFO	1	org.l2jmobius.gameserver.data.sql.impl.OfflineTraderTable	OfflineTraderTable: Loading offline traders...
2020.06.12 19:22:55,717	INFO	1	org.l2jmobius.gameserver.data.sql.impl.OfflineTraderTable	OfflineTraderTable: Loaded 0 offline traders.
2020.06.12 19:22:56,856	INFO	1	org.l2jmobius.gameserver.GameServer	GameServer: Started, using 2970 of 4096 MB total memory.
2020.06.12 19:22:56,857	INFO	1	org.l2jmobius.gameserver.GameServer	GameServer: Maximum number of connected players is 2000.
2020.06.12 19:22:56,857	INFO	1	org.l2jmobius.gameserver.GameServer	GameServer: Server loaded in 52 seconds.
2020.06.12 19:22:56,938	INFO	1	org.l2jmobius.commons.network.NetworkManager	ClientNetworkManager: Listening on 0.0.0.0:7777
2020.06.12 19:22:56,947	INFO	95	org.l2jmobius.gameserver.LoginServerThread	LoginServerThread: Connecting to login on 127.0.0.1:9014
2020.06.12 19:22:56,983	INFO	95	org.l2jmobius.gameserver.LoginServerThread	LoginServerThread: Registered on login as Server 31: Khadia
2020.06.12 19:23:46,967	WARNING	97	org.l2jmobius.gameserver.model.actor.Creature	Master access level set for character Meruril! Just a warning to be careful ;)
2020.06.12 19:27:13,702	WARNING	71	org.l2jmobius.gameserver.data.xml.impl.SkillData	SkillData: No skill info found for skill id 35628 and skill level 1
2020.06.12 19:27:16,525	WARNING	85	org.l2jmobius.gameserver.data.xml.impl.SkillData	SkillData: No skill info found for skill id 35628 and skill level 2
2020.06.12 19:30:00,016	INFO	44	org.l2jmobius.gameserver.instancemanager.GlobalVariablesManager	GlobalVariablesManager: Stored 13 variables.
2020.06.12 19:41:15,763	INFO	97	org.l2jmobius.gameserver.model.items.instance.ItemInstance	applyEnchantStats: Couldn't find option: 30239
2020.06.12 19:56:46,905	INFO	92	org.l2jmobius.gameserver.Shutdown	All players disconnected and saved(0ms).
2020.06.12 19:56:46,906	INFO	92	org.l2jmobius.gameserver.GameTimeController	GameTimeController: Stopped.
2020.06.12 19:56:46,906	INFO	92	org.l2jmobius.gameserver.Shutdown	Game Time Controller: Timer stopped(2ms).
2020.06.12 19:56:46,906	INFO	92	org.l2jmobius.commons.concurrent.ThreadPool	ThreadPool: Shutting down.
2020.06.12 19:56:46,913	INFO	92	org.l2jmobius.gameserver.Shutdown	Thread Pool Manager: Manager has been shut down(7ms).
2020.06.12 19:56:46,913	INFO	92	org.l2jmobius.gameserver.Shutdown	Login Server Thread: Thread interruped(0ms).
2020.06.12 19:56:46,914	INFO	92	org.l2jmobius.gameserver.network.telnet.TelnetServer	Shutting down..
2020.06.12 19:56:46,914	INFO	92	org.l2jmobius.gameserver.Shutdown	Telnet Server Thread: Thread interruped(1ms).
2020.06.12 19:56:46,914	INFO	92	org.l2jmobius.gameserver.Shutdown	SIGTERM received. Shutting down NOW!
2020.06.12 19:56:46,933	INFO	92	org.l2jmobius.gameserver.Shutdown	RaidBossSpawnManager: All raidboss info saved(19ms).
2020.06.12 19:56:46,934	INFO	92	org.l2jmobius.gameserver.Shutdown	GrandBossManager: All Grand Boss info saved(1ms).
2020.06.12 19:56:46,934	INFO	92	org.l2jmobius.gameserver.Shutdown	Item Auction Manager: All tasks stopped(0ms).
2020.06.12 19:56:46,935	INFO	92	org.l2jmobius.gameserver.Shutdown	Olympiad System: Data saved(1ms).
2020.06.12 19:56:46,935	INFO	92	org.l2jmobius.gameserver.Shutdown	CeremonyOfChaosManager: Scheduler stopped(0ms).
2020.06.12 19:56:46,935	INFO	92	org.l2jmobius.gameserver.Shutdown	Hero System: Data saved(0ms).
2020.06.12 19:56:46,936	INFO	92	org.l2jmobius.gameserver.Shutdown	Clan System: Data saved(1ms).
2020.06.12 19:56:46,936	INFO	92	org.l2jmobius.gameserver.Shutdown	Cursed Weapons Manager: Data saved(0ms).
2020.06.12 19:56:46,936	INFO	92	org.l2jmobius.gameserver.Shutdown	Castle Manor Manager: Data saved(0ms).
2020.06.12 19:56:46,937	INFO	92	org.l2jmobius.gameserver.Shutdown	Quest Manager: Data saved(1ms).
2020.06.12 19:56:46,938	INFO	92	org.l2jmobius.gameserver.instancemanager.GlobalVariablesManager	GlobalVariablesManager: Stored 13 variables.
2020.06.12 19:56:46,938	INFO	92	org.l2jmobius.gameserver.Shutdown	Global Variables Manager: Variables saved(1ms).
2020.06.12 19:56:46,938	INFO	92	org.l2jmobius.gameserver.Shutdown	Bot Report Table: Successfully saved reports to database!
2020.06.12 19:56:51,943	INFO	92	org.l2jmobius.gameserver.Shutdown	Game Server: Selector thread has been shut down(3ms).
2020.06.12 19:56:51,949	INFO	92	org.l2jmobius.gameserver.Shutdown	Database Factory: Database connection has been shut down(6ms).
