2020.06.12 17:26:09,180	WARNING	1	org.l2jmobius.commons.util.PropertiesParser	[Event.ini] missing property for key: INSTANCED_EVENT_MIN_PLAYERS_IN_TEAMS using default value: 1
2020.06.12 17:26:09,229	INFO	1	org.l2jmobius.commons.util.IXmlReader	Network Config: ipconfig.xml doesn't exists using automatic configuration...
2020.06.12 17:26:09,463	INFO	1	org.l2jmobius.commons.util.IXmlReader	Network Config: Adding new subnet: 127.0.0.0/8 address: 127.0.0.1
2020.06.12 17:26:09,469	INFO	1	org.l2jmobius.commons.util.IXmlReader	Network Config: Adding new subnet: 116.202.247.0/26 address: 116.202.247.51
2020.06.12 17:26:09,472	INFO	1	org.l2jmobius.commons.util.IXmlReader	Network Config: Adding new subnet: 0.0.0.0/0 address: 116.202.247.51
2020.06.12 17:26:09,508	WARNING	1	org.l2jmobius.commons.util.PropertiesParser	[Rates.ini] Invalid value specified for key: RateQuestRewardXP specified value: 1* should be "float" using default value: 1.0
2020.06.12 17:26:09,514	INFO	1	org.l2jmobius.Config	Loaded 1 Filter Words.
2020.06.12 17:26:09,885	INFO	1	org.l2jmobius.gameserver.GameServer	------------------------------------------------=[ Database ]
2020.06.12 17:26:09,970	INFO	1	org.l2jmobius.commons.database.DatabaseFactory	Database: Initialized.
2020.06.12 17:26:09,970	INFO	1	org.l2jmobius.gameserver.GameServer	----------------------------------------------=[ ThreadPool ]
2020.06.12 17:26:09,975	INFO	1	org.l2jmobius.commons.concurrent.ThreadPool	ThreadPool: Initialized
2020.06.12 17:26:09,976	INFO	1	org.l2jmobius.commons.concurrent.ThreadPool	...scheduled pool executor with 40 total threads.
2020.06.12 17:26:09,976	INFO	1	org.l2jmobius.commons.concurrent.ThreadPool	...instant pool executor with 20 total threads.
2020.06.12 17:26:09,976	INFO	1	org.l2jmobius.gameserver.GameServer	-----------------------------------------------=[ IdFactory ]
2020.06.12 17:26:09,978	INFO	1	org.l2jmobius.gameserver.idfactory.IdFactory	Updated characters online status.
2020.06.12 17:26:10,006	INFO	1	org.l2jmobius.gameserver.idfactory.IdFactory	IdFactory: Cleaned 0 elements from database in 0 seconds.
2020.06.12 17:26:10,013	INFO	1	org.l2jmobius.gameserver.idfactory.IdFactory	IdFactory: Cleaned 0 expired timestamps from database.
2020.06.12 17:26:10,030	WARNING	1	org.l2jmobius.gameserver.idfactory.IdFactory	IdFactory: Object ID 0 in DB is less than minimum ID of 268435456
2020.06.12 17:26:10,033	INFO	1	org.l2jmobius.gameserver.idfactory.IdFactory	IdFactory: 411648 id's available.
2020.06.12 17:26:10,033	INFO	1	org.l2jmobius.gameserver.GameServer	----------------------------------------=[ Scripting Engine ]
2020.06.12 17:26:10,123	INFO	25	org.l2jmobius.gameserver.model.World	World: (288 by 272) World Region Grid set up.
2020.06.12 17:26:10,242	INFO	1	org.l2jmobius.gameserver.scripting.ScriptEngineManager	Loaded 803 files to exclude.
2020.06.12 17:26:10,242	INFO	1	org.l2jmobius.gameserver.GameServer	--------------------------------------------------=[ Telnet ]
2020.06.12 17:26:10,381	INFO	1	org.l2jmobius.gameserver.network.telnet.TelnetServer	Telnet server is currently disabled.
2020.06.12 17:26:10,381	INFO	1	org.l2jmobius.gameserver.GameServer	---------------------------------------------------=[ World ]
2020.06.12 17:26:10,383	INFO	91	org.l2jmobius.gameserver.GameTimeController	GameTimeController: Started.
2020.06.12 17:26:10,564	INFO	1	org.l2jmobius.gameserver.instancemanager.MapRegionManager	MapRegionManager: Loaded 61 map regions.
2020.06.12 17:26:10,568	INFO	1	org.l2jmobius.gameserver.instancemanager.ZoneManager	ZoneManager 19 by 18 Zone Region Grid set up.
2020.06.12 17:26:10,751	CONFIG	1	org.l2jmobius.gameserver.instancemanager.ZoneManager	ZoneManager: Caution: Zone (80013) from file: event_zones.xml overrides previous definition.
2020.06.12 17:26:10,751	CONFIG	1	org.l2jmobius.gameserver.instancemanager.ZoneManager	ZoneManager: Caution: Zone (80014) from file: event_zones.xml overrides previous definition.
2020.06.12 17:26:10,752	CONFIG	1	org.l2jmobius.gameserver.instancemanager.ZoneManager	ZoneManager: Caution: Zone (80015) from file: event_zones.xml overrides previous definition.
2020.06.12 17:26:10,752	CONFIG	1	org.l2jmobius.gameserver.instancemanager.ZoneManager	ZoneManager: Caution: Zone (80016) from file: event_zones.xml overrides previous definition.
2020.06.12 17:26:10,753	CONFIG	1	org.l2jmobius.gameserver.instancemanager.ZoneManager	ZoneManager: Caution: Zone (80018) from file: event_zones.xml overrides previous definition.
2020.06.12 17:26:10,753	CONFIG	1	org.l2jmobius.gameserver.instancemanager.ZoneManager	ZoneManager: Caution: Zone (80020) from file: event_zones.xml overrides previous definition.
2020.06.12 17:26:10,753	CONFIG	1	org.l2jmobius.gameserver.instancemanager.ZoneManager	ZoneManager: Caution: Zone (80022) from file: event_zones.xml overrides previous definition.
2020.06.12 17:26:10,753	CONFIG	1	org.l2jmobius.gameserver.instancemanager.ZoneManager	ZoneManager: Caution: Zone (80023) from file: event_zones.xml overrides previous definition.
2020.06.12 17:26:10,754	CONFIG	1	org.l2jmobius.gameserver.instancemanager.ZoneManager	ZoneManager: Caution: Zone (80027) from file: event_zones.xml overrides previous definition.
2020.06.12 17:26:10,754	CONFIG	1	org.l2jmobius.gameserver.instancemanager.ZoneManager	ZoneManager: Caution: Zone (80028) from file: event_zones.xml overrides previous definition.
2020.06.12 17:26:10,754	CONFIG	1	org.l2jmobius.gameserver.instancemanager.ZoneManager	ZoneManager: Caution: Zone (80029) from file: event_zones.xml overrides previous definition.
2020.06.12 17:26:10,755	CONFIG	1	org.l2jmobius.gameserver.instancemanager.ZoneManager	ZoneManager: Caution: Zone (80031) from file: event_zones.xml overrides previous definition.
2020.06.12 17:26:10,755	CONFIG	1	org.l2jmobius.gameserver.instancemanager.ZoneManager	ZoneManager: Caution: Zone (80033) from file: event_zones.xml overrides previous definition.
2020.06.12 17:26:11,032	INFO	1	org.l2jmobius.gameserver.instancemanager.ZoneManager	ZoneManager: Loaded 36 zone classes and 2895 zones.
2020.06.12 17:26:11,032	INFO	1	org.l2jmobius.gameserver.instancemanager.ZoneManager	ZoneManager: Loaded 16 NPC spawn territoriers.
2020.06.12 17:26:11,036	INFO	1	org.l2jmobius.gameserver.instancemanager.ZoneManager	ZoneManager: Last static id 210110.
2020.06.12 17:26:11,319	INFO	1	org.l2jmobius.gameserver.data.xml.impl.DoorData	DoorData: Loaded 1516 Door Templates for 24 regions.
2020.06.12 17:26:11,329	INFO	1	FenceData	FenceData: Loaded 1 fences.
2020.06.12 17:26:11,339	INFO	1	org.l2jmobius.gameserver.instancemanager.GlobalVariablesManager	GlobalVariablesManager: Loaded 13 variables.
2020.06.12 17:26:11,339	INFO	1	org.l2jmobius.gameserver.GameServer	----------------------------------------------------=[ Data ]
2020.06.12 17:26:11,349	INFO	1	org.l2jmobius.gameserver.data.xml.impl.ActionData	ActionData: Loaded 216 player actions.
2020.06.12 17:26:11,382	INFO	1	org.l2jmobius.gameserver.data.xml.impl.CategoryData	CategoryData: Loaded 215 categories.
2020.06.12 17:26:11,390	INFO	1	org.l2jmobius.gameserver.data.xml.impl.SecondaryAuthData	SecondaryAuthData: Loaded 328 forbidden passwords.
2020.06.12 17:26:11,449	WARNING	1	org.l2jmobius.gameserver.engines.DocumentEngine	Dir C:\Users\Administrator\IdeaProjects\tenkai_pow3\data\stats\items\custom does not exist.
2020.06.12 17:26:13,370	WARNING	1	org.l2jmobius.gameserver.engines.items.DocumentItem	Cannot create item 81160
2020.06.12 17:26:13,381	WARNING	1	org.l2jmobius.gameserver.engines.items.DocumentItem	Cannot create item 81172
2020.06.12 17:26:13,402	INFO	1	org.l2jmobius.gameserver.datatables.ItemTable	ItemTable: Highest item id used: 91746
2020.06.12 17:26:13,414	INFO	1	org.l2jmobius.gameserver.datatables.ItemTable	ItemTable: Loaded 22639 Etc Items
2020.06.12 17:26:13,414	INFO	1	org.l2jmobius.gameserver.datatables.ItemTable	ItemTable: Loaded 12312 Armor Items
2020.06.12 17:26:13,415	INFO	1	org.l2jmobius.gameserver.datatables.ItemTable	ItemTable: Loaded 9033 Weapon Items
2020.06.12 17:26:13,415	INFO	1	org.l2jmobius.gameserver.datatables.ItemTable	ItemTable: Loaded 43984 Items in total.
2020.06.12 17:26:13,424	INFO	1	org.l2jmobius.gameserver.data.xml.impl.CombinationItemsData	CombinationItemsData: Loaded 1377 combinations.
2020.06.12 17:26:13,436	INFO	1	org.l2jmobius.gameserver.data.xml.impl.SayuneData	SayuneData: Loaded 71 maps.
2020.06.12 17:26:14,017	INFO	1	handlers.DailyMissionMasterHandler	DailyMissionMasterHandler:  Loaded 10 handlers.
2020.06.12 17:26:14,034	INFO	1	org.l2jmobius.gameserver.data.xml.impl.DailyMissionData	DailyMissionData: Loaded 46 one day rewards.
2020.06.12 17:26:14,034	INFO	1	org.l2jmobius.gameserver.GameServer	--------------------------------------------------=[ Skills ]
2020.06.12 17:26:15,086	INFO	1	handlers.EffectMasterHandler	EffectMasterHandler: Loaded 353 effect handlers.
2020.06.12 17:26:15,097	INFO	1	org.l2jmobius.gameserver.data.xml.impl.EnchantSkillGroupsData	EnchantSkillGroupsData: Loaded 20 enchant routes, max enchant set to 20.
2020.06.12 17:26:17,356	WARNING	1	org.l2jmobius.gameserver.data.xml.impl.SkillData	SkillData: Missing effect for Skill Id[13065] Level[1] SubLevel[0] Effect Scope[GENERAL] Effect Name[AttributeDefence]
2020.06.12 17:26:17,357	WARNING	1	org.l2jmobius.gameserver.data.xml.impl.SkillData	SkillData: Missing effect for Skill Id[13065] Level[1] SubLevel[0] Effect Scope[GENERAL] Effect Name[AttributeDefence]
2020.06.12 17:26:17,357	WARNING	1	org.l2jmobius.gameserver.data.xml.impl.SkillData	SkillData: Missing effect for Skill Id[13065] Level[1] SubLevel[0] Effect Scope[GENERAL] Effect Name[AttributeDefence]
2020.06.12 17:26:17,357	WARNING	1	org.l2jmobius.gameserver.data.xml.impl.SkillData	SkillData: Missing effect for Skill Id[13065] Level[1] SubLevel[0] Effect Scope[GENERAL] Effect Name[AttributeDefence]
2020.06.12 17:26:17,357	WARNING	1	org.l2jmobius.gameserver.data.xml.impl.SkillData	SkillData: Missing effect for Skill Id[13065] Level[1] SubLevel[0] Effect Scope[GENERAL] Effect Name[AttributeDefence]
2020.06.12 17:26:17,357	WARNING	1	org.l2jmobius.gameserver.data.xml.impl.SkillData	SkillData: Missing effect for Skill Id[13065] Level[1] SubLevel[0] Effect Scope[GENERAL] Effect Name[AttributeDefence]
2020.06.12 17:26:17,357	WARNING	1	org.l2jmobius.gameserver.data.xml.impl.SkillData	SkillData: Missing effect for Skill Id[13065] Level[2] SubLevel[0] Effect Scope[GENERAL] Effect Name[AttributeDefence]
2020.06.12 17:26:17,357	WARNING	1	org.l2jmobius.gameserver.data.xml.impl.SkillData	SkillData: Missing effect for Skill Id[13065] Level[2] SubLevel[0] Effect Scope[GENERAL] Effect Name[AttributeDefence]
2020.06.12 17:26:17,357	WARNING	1	org.l2jmobius.gameserver.data.xml.impl.SkillData	SkillData: Missing effect for Skill Id[13065] Level[2] SubLevel[0] Effect Scope[GENERAL] Effect Name[AttributeDefence]
2020.06.12 17:26:17,357	WARNING	1	org.l2jmobius.gameserver.data.xml.impl.SkillData	SkillData: Missing effect for Skill Id[13065] Level[2] SubLevel[0] Effect Scope[GENERAL] Effect Name[AttributeDefence]
2020.06.12 17:26:17,358	WARNING	1	org.l2jmobius.gameserver.data.xml.impl.SkillData	SkillData: Missing effect for Skill Id[13065] Level[2] SubLevel[0] Effect Scope[GENERAL] Effect Name[AttributeDefence]
2020.06.12 17:26:17,358	WARNING	1	org.l2jmobius.gameserver.data.xml.impl.SkillData	SkillData: Missing effect for Skill Id[13065] Level[2] SubLevel[0] Effect Scope[GENERAL] Effect Name[AttributeDefence]
2020.06.12 17:26:17,358	WARNING	1	org.l2jmobius.gameserver.data.xml.impl.SkillData	SkillData: Missing effect for Skill Id[13065] Level[3] SubLevel[0] Effect Scope[GENERAL] Effect Name[AttributeDefence]
2020.06.12 17:26:17,358	WARNING	1	org.l2jmobius.gameserver.data.xml.impl.SkillData	SkillData: Missing effect for Skill Id[13065] Level[3] SubLevel[0] Effect Scope[GENERAL] Effect Name[AttributeDefence]
2020.06.12 17:26:17,358	WARNING	1	org.l2jmobius.gameserver.data.xml.impl.SkillData	SkillData: Missing effect for Skill Id[13065] Level[3] SubLevel[0] Effect Scope[GENERAL] Effect Name[AttributeDefence]
2020.06.12 17:26:17,358	WARNING	1	org.l2jmobius.gameserver.data.xml.impl.SkillData	SkillData: Missing effect for Skill Id[13065] Level[3] SubLevel[0] Effect Scope[GENERAL] Effect Name[AttributeDefence]
2020.06.12 17:26:17,358	WARNING	1	org.l2jmobius.gameserver.data.xml.impl.SkillData	SkillData: Missing effect for Skill Id[13065] Level[3] SubLevel[0] Effect Scope[GENERAL] Effect Name[AttributeDefence]
2020.06.12 17:26:17,358	WARNING	1	org.l2jmobius.gameserver.data.xml.impl.SkillData	SkillData: Missing effect for Skill Id[13065] Level[3] SubLevel[0] Effect Scope[GENERAL] Effect Name[AttributeDefence]
2020.06.12 17:26:17,358	WARNING	1	org.l2jmobius.gameserver.data.xml.impl.SkillData	SkillData: Missing effect for Skill Id[13065] Level[4] SubLevel[0] Effect Scope[GENERAL] Effect Name[AttributeDefence]
2020.06.12 17:26:17,358	WARNING	1	org.l2jmobius.gameserver.data.xml.impl.SkillData	SkillData: Missing effect for Skill Id[13065] Level[4] SubLevel[0] Effect Scope[GENERAL] Effect Name[AttributeDefence]
2020.06.12 17:26:17,358	WARNING	1	org.l2jmobius.gameserver.data.xml.impl.SkillData	SkillData: Missing effect for Skill Id[13065] Level[4] SubLevel[0] Effect Scope[GENERAL] Effect Name[AttributeDefence]
2020.06.12 17:26:17,358	WARNING	1	org.l2jmobius.gameserver.data.xml.impl.SkillData	SkillData: Missing effect for Skill Id[13065] Level[4] SubLevel[0] Effect Scope[GENERAL] Effect Name[AttributeDefence]
2020.06.12 17:26:17,359	WARNING	1	org.l2jmobius.gameserver.data.xml.impl.SkillData	SkillData: Missing effect for Skill Id[13065] Level[4] SubLevel[0] Effect Scope[GENERAL] Effect Name[AttributeDefence]
2020.06.12 17:26:17,359	WARNING	1	org.l2jmobius.gameserver.data.xml.impl.SkillData	SkillData: Missing effect for Skill Id[13065] Level[4] SubLevel[0] Effect Scope[GENERAL] Effect Name[AttributeDefence]
2020.06.12 17:27:14,168	WARNING	1	org.l2jmobius.gameserver.data.xml.impl.SkillData	SkillData: Failed loading effect for Skill Id[13066] Level[1] SubLevel[0] Effect Scope[GENERAL] Effect Name[DefenceTrait]
2020.06.12 17:27:14,172	WARNING	1	org.l2jmobius.gameserver.data.xml.impl.SkillData	SkillData: Missing effect for Skill Id[13066] Level[1] SubLevel[0] Effect Scope[GENERAL] Effect Name[AttributeDefence]
2020.06.12 17:27:14,172	WARNING	1	org.l2jmobius.gameserver.data.xml.impl.SkillData	SkillData: Missing effect for Skill Id[13066] Level[1] SubLevel[0] Effect Scope[GENERAL] Effect Name[AttributeDefence]
2020.06.12 17:27:14,173	WARNING	1	org.l2jmobius.gameserver.data.xml.impl.SkillData	SkillData: Missing effect for Skill Id[13066] Level[1] SubLevel[0] Effect Scope[GENERAL] Effect Name[AttributeDefence]
2020.06.12 17:27:14,173	WARNING	1	org.l2jmobius.gameserver.data.xml.impl.SkillData	SkillData: Missing effect for Skill Id[13066] Level[1] SubLevel[0] Effect Scope[GENERAL] Effect Name[AttributeDefence]
2020.06.12 17:27:14,173	WARNING	1	org.l2jmobius.gameserver.data.xml.impl.SkillData	SkillData: Missing effect for Skill Id[13066] Level[1] SubLevel[0] Effect Scope[GENERAL] Effect Name[AttributeDefence]
2020.06.12 17:27:14,173	WARNING	1	org.l2jmobius.gameserver.data.xml.impl.SkillData	SkillData: Missing effect for Skill Id[13066] Level[1] SubLevel[0] Effect Scope[GENERAL] Effect Name[AttributeDefence]
2020.06.12 17:27:14,174	WARNING	1	org.l2jmobius.gameserver.data.xml.impl.SkillData	SkillData: Failed loading effect for Skill Id[13066] Level[2] SubLevel[0] Effect Scope[GENERAL] Effect Name[DefenceTrait]
2020.06.12 17:27:14,175	WARNING	1	org.l2jmobius.gameserver.data.xml.impl.SkillData	SkillData: Missing effect for Skill Id[13066] Level[2] SubLevel[0] Effect Scope[GENERAL] Effect Name[AttributeDefence]
2020.06.12 17:27:14,175	WARNING	1	org.l2jmobius.gameserver.data.xml.impl.SkillData	SkillData: Missing effect for Skill Id[13066] Level[2] SubLevel[0] Effect Scope[GENERAL] Effect Name[AttributeDefence]
2020.06.12 17:27:14,175	WARNING	1	org.l2jmobius.gameserver.data.xml.impl.SkillData	SkillData: Missing effect for Skill Id[13066] Level[2] SubLevel[0] Effect Scope[GENERAL] Effect Name[AttributeDefence]
2020.06.12 17:27:14,175	WARNING	1	org.l2jmobius.gameserver.data.xml.impl.SkillData	SkillData: Missing effect for Skill Id[13066] Level[2] SubLevel[0] Effect Scope[GENERAL] Effect Name[AttributeDefence]
2020.06.12 17:27:14,176	WARNING	1	org.l2jmobius.gameserver.data.xml.impl.SkillData	SkillData: Missing effect for Skill Id[13066] Level[2] SubLevel[0] Effect Scope[GENERAL] Effect Name[AttributeDefence]
2020.06.12 17:27:14,176	WARNING	1	org.l2jmobius.gameserver.data.xml.impl.SkillData	SkillData: Missing effect for Skill Id[13066] Level[2] SubLevel[0] Effect Scope[GENERAL] Effect Name[AttributeDefence]
2020.06.12 17:27:14,176	WARNING	1	org.l2jmobius.gameserver.data.xml.impl.SkillData	SkillData: Failed loading effect for Skill Id[13066] Level[3] SubLevel[0] Effect Scope[GENERAL] Effect Name[DefenceTrait]
2020.06.12 17:27:14,177	WARNING	1	org.l2jmobius.gameserver.data.xml.impl.SkillData	SkillData: Missing effect for Skill Id[13066] Level[3] SubLevel[0] Effect Scope[GENERAL] Effect Name[AttributeDefence]
2020.06.12 17:27:14,177	WARNING	1	org.l2jmobius.gameserver.data.xml.impl.SkillData	SkillData: Missing effect for Skill Id[13066] Level[3] SubLevel[0] Effect Scope[GENERAL] Effect Name[AttributeDefence]
2020.06.12 17:27:14,177	WARNING	1	org.l2jmobius.gameserver.data.xml.impl.SkillData	SkillData: Missing effect for Skill Id[13066] Level[3] SubLevel[0] Effect Scope[GENERAL] Effect Name[AttributeDefence]
2020.06.12 17:27:14,178	WARNING	1	org.l2jmobius.gameserver.data.xml.impl.SkillData	SkillData: Missing effect for Skill Id[13066] Level[3] SubLevel[0] Effect Scope[GENERAL] Effect Name[AttributeDefence]
2020.06.12 17:27:14,178	WARNING	1	org.l2jmobius.gameserver.data.xml.impl.SkillData	SkillData: Missing effect for Skill Id[13066] Level[3] SubLevel[0] Effect Scope[GENERAL] Effect Name[AttributeDefence]
2020.06.12 17:27:14,178	WARNING	1	org.l2jmobius.gameserver.data.xml.impl.SkillData	SkillData: Missing effect for Skill Id[13066] Level[3] SubLevel[0] Effect Scope[GENERAL] Effect Name[AttributeDefence]
2020.06.12 17:27:14,178	WARNING	1	org.l2jmobius.gameserver.data.xml.impl.SkillData	SkillData: Failed loading effect for Skill Id[13066] Level[4] SubLevel[0] Effect Scope[GENERAL] Effect Name[DefenceTrait]
2020.06.12 17:27:14,179	WARNING	1	org.l2jmobius.gameserver.data.xml.impl.SkillData	SkillData: Missing effect for Skill Id[13066] Level[4] SubLevel[0] Effect Scope[GENERAL] Effect Name[AttributeDefence]
2020.06.12 17:27:14,179	WARNING	1	org.l2jmobius.gameserver.data.xml.impl.SkillData	SkillData: Missing effect for Skill Id[13066] Level[4] SubLevel[0] Effect Scope[GENERAL] Effect Name[AttributeDefence]
2020.06.12 17:27:14,180	WARNING	1	org.l2jmobius.gameserver.data.xml.impl.SkillData	SkillData: Missing effect for Skill Id[13066] Level[4] SubLevel[0] Effect Scope[GENERAL] Effect Name[AttributeDefence]
2020.06.12 17:27:14,180	WARNING	1	org.l2jmobius.gameserver.data.xml.impl.SkillData	SkillData: Missing effect for Skill Id[13066] Level[4] SubLevel[0] Effect Scope[GENERAL] Effect Name[AttributeDefence]
2020.06.12 17:27:14,180	WARNING	1	org.l2jmobius.gameserver.data.xml.impl.SkillData	SkillData: Missing effect for Skill Id[13066] Level[4] SubLevel[0] Effect Scope[GENERAL] Effect Name[AttributeDefence]
2020.06.12 17:27:14,180	WARNING	1	org.l2jmobius.gameserver.data.xml.impl.SkillData	SkillData: Missing effect for Skill Id[13066] Level[4] SubLevel[0] Effect Scope[GENERAL] Effect Name[AttributeDefence]
2020.06.12 17:27:14,180	WARNING	1	org.l2jmobius.gameserver.data.xml.impl.SkillData	SkillData: Missing effect for Skill Id[13067] Level[1] SubLevel[0] Effect Scope[GENERAL] Effect Name[AttributeDefence]
2020.06.12 17:27:14,180	WARNING	1	org.l2jmobius.gameserver.data.xml.impl.SkillData	SkillData: Missing effect for Skill Id[13067] Level[1] SubLevel[0] Effect Scope[GENERAL] Effect Name[AttributeDefence]
2020.06.12 17:27:14,180	WARNING	1	org.l2jmobius.gameserver.data.xml.impl.SkillData	SkillData: Missing effect for Skill Id[13067] Level[1] SubLevel[0] Effect Scope[GENERAL] Effect Name[AttributeDefence]
2020.06.12 17:27:14,181	WARNING	1	org.l2jmobius.gameserver.data.xml.impl.SkillData	SkillData: Missing effect for Skill Id[13067] Level[1] SubLevel[0] Effect Scope[GENERAL] Effect Name[AttributeDefence]
2020.06.12 17:27:14,181	WARNING	1	org.l2jmobius.gameserver.data.xml.impl.SkillData	SkillData: Missing effect for Skill Id[13067] Level[1] SubLevel[0] Effect Scope[GENERAL] Effect Name[AttributeDefence]
2020.06.12 17:27:14,181	WARNING	1	org.l2jmobius.gameserver.data.xml.impl.SkillData	SkillData: Missing effect for Skill Id[13067] Level[1] SubLevel[0] Effect Scope[GENERAL] Effect Name[AttributeDefence]
2020.06.12 17:27:14,181	WARNING	1	org.l2jmobius.gameserver.data.xml.impl.SkillData	SkillData: Missing effect for Skill Id[13067] Level[2] SubLevel[0] Effect Scope[GENERAL] Effect Name[AttributeDefence]
2020.06.12 17:27:14,181	WARNING	1	org.l2jmobius.gameserver.data.xml.impl.SkillData	SkillData: Missing effect for Skill Id[13067] Level[2] SubLevel[0] Effect Scope[GENERAL] Effect Name[AttributeDefence]
2020.06.12 17:27:14,181	WARNING	1	org.l2jmobius.gameserver.data.xml.impl.SkillData	SkillData: Missing effect for Skill Id[13067] Level[2] SubLevel[0] Effect Scope[GENERAL] Effect Name[AttributeDefence]
2020.06.12 17:27:14,181	WARNING	1	org.l2jmobius.gameserver.data.xml.impl.SkillData	SkillData: Missing effect for Skill Id[13067] Level[2] SubLevel[0] Effect Scope[GENERAL] Effect Name[AttributeDefence]
2020.06.12 17:27:14,182	WARNING	1	org.l2jmobius.gameserver.data.xml.impl.SkillData	SkillData: Missing effect for Skill Id[13067] Level[2] SubLevel[0] Effect Scope[GENERAL] Effect Name[AttributeDefence]
2020.06.12 17:27:14,182	WARNING	1	org.l2jmobius.gameserver.data.xml.impl.SkillData	SkillData: Missing effect for Skill Id[13067] Level[2] SubLevel[0] Effect Scope[GENERAL] Effect Name[AttributeDefence]
2020.06.12 17:27:14,182	WARNING	1	org.l2jmobius.gameserver.data.xml.impl.SkillData	SkillData: Missing effect for Skill Id[13067] Level[3] SubLevel[0] Effect Scope[GENERAL] Effect Name[AttributeDefence]
2020.06.12 17:27:14,182	WARNING	1	org.l2jmobius.gameserver.data.xml.impl.SkillData	SkillData: Missing effect for Skill Id[13067] Level[3] SubLevel[0] Effect Scope[GENERAL] Effect Name[AttributeDefence]
2020.06.12 17:27:14,183	WARNING	1	org.l2jmobius.gameserver.data.xml.impl.SkillData	SkillData: Missing effect for Skill Id[13067] Level[3] SubLevel[0] Effect Scope[GENERAL] Effect Name[AttributeDefence]
2020.06.12 17:27:14,184	WARNING	1	org.l2jmobius.gameserver.data.xml.impl.SkillData	SkillData: Missing effect for Skill Id[13067] Level[3] SubLevel[0] Effect Scope[GENERAL] Effect Name[AttributeDefence]
2020.06.12 17:27:14,184	WARNING	1	org.l2jmobius.gameserver.data.xml.impl.SkillData	SkillData: Missing effect for Skill Id[13067] Level[3] SubLevel[0] Effect Scope[GENERAL] Effect Name[AttributeDefence]
2020.06.12 17:27:14,184	WARNING	1	org.l2jmobius.gameserver.data.xml.impl.SkillData	SkillData: Missing effect for Skill Id[13067] Level[3] SubLevel[0] Effect Scope[GENERAL] Effect Name[AttributeDefence]
2020.06.12 17:27:14,184	WARNING	1	org.l2jmobius.gameserver.data.xml.impl.SkillData	SkillData: Missing effect for Skill Id[13067] Level[4] SubLevel[0] Effect Scope[GENERAL] Effect Name[AttributeDefence]
2020.06.12 17:27:14,185	WARNING	1	org.l2jmobius.gameserver.data.xml.impl.SkillData	SkillData: Missing effect for Skill Id[13067] Level[4] SubLevel[0] Effect Scope[GENERAL] Effect Name[AttributeDefence]
2020.06.12 17:27:14,185	WARNING	1	org.l2jmobius.gameserver.data.xml.impl.SkillData	SkillData: Missing effect for Skill Id[13067] Level[4] SubLevel[0] Effect Scope[GENERAL] Effect Name[AttributeDefence]
2020.06.12 17:27:14,185	WARNING	1	org.l2jmobius.gameserver.data.xml.impl.SkillData	SkillData: Missing effect for Skill Id[13067] Level[4] SubLevel[0] Effect Scope[GENERAL] Effect Name[AttributeDefence]
2020.06.12 17:27:14,185	WARNING	1	org.l2jmobius.gameserver.data.xml.impl.SkillData	SkillData: Missing effect for Skill Id[13067] Level[4] SubLevel[0] Effect Scope[GENERAL] Effect Name[AttributeDefence]
2020.06.12 17:27:14,185	WARNING	1	org.l2jmobius.gameserver.data.xml.impl.SkillData	SkillData: Missing effect for Skill Id[13067] Level[4] SubLevel[0] Effect Scope[GENERAL] Effect Name[AttributeDefence]
2020.06.12 17:27:14,186	WARNING	1	org.l2jmobius.gameserver.data.xml.impl.SkillData	SkillData: Missing effect for Skill Id[13068] Level[1] SubLevel[0] Effect Scope[GENERAL] Effect Name[AttributeDefence]
2020.06.12 17:27:14,186	WARNING	1	org.l2jmobius.gameserver.data.xml.impl.SkillData	SkillData: Missing effect for Skill Id[13068] Level[1] SubLevel[0] Effect Scope[GENERAL] Effect Name[AttributeDefence]
2020.06.12 17:27:14,186	WARNING	1	org.l2jmobius.gameserver.data.xml.impl.SkillData	SkillData: Missing effect for Skill Id[13068] Level[1] SubLevel[0] Effect Scope[GENERAL] Effect Name[AttributeDefence]
2020.06.12 17:27:14,186	WARNING	1	org.l2jmobius.gameserver.data.xml.impl.SkillData	SkillData: Missing effect for Skill Id[13068] Level[1] SubLevel[0] Effect Scope[GENERAL] Effect Name[AttributeDefence]
2020.06.12 17:27:14,186	WARNING	1	org.l2jmobius.gameserver.data.xml.impl.SkillData	SkillData: Missing effect for Skill Id[13068] Level[1] SubLevel[0] Effect Scope[GENERAL] Effect Name[AttributeDefence]
2020.06.12 17:27:14,186	WARNING	1	org.l2jmobius.gameserver.data.xml.impl.SkillData	SkillData: Missing effect for Skill Id[13068] Level[1] SubLevel[0] Effect Scope[GENERAL] Effect Name[AttributeDefence]
2020.06.12 17:27:14,187	WARNING	1	org.l2jmobius.gameserver.data.xml.impl.SkillData	SkillData: Missing effect for Skill Id[13068] Level[2] SubLevel[0] Effect Scope[GENERAL] Effect Name[AttributeDefence]
2020.06.12 17:27:14,187	WARNING	1	org.l2jmobius.gameserver.data.xml.impl.SkillData	SkillData: Missing effect for Skill Id[13068] Level[2] SubLevel[0] Effect Scope[GENERAL] Effect Name[AttributeDefence]
2020.06.12 17:27:14,187	WARNING	1	org.l2jmobius.gameserver.data.xml.impl.SkillData	SkillData: Missing effect for Skill Id[13068] Level[2] SubLevel[0] Effect Scope[GENERAL] Effect Name[AttributeDefence]
2020.06.12 17:27:14,187	WARNING	1	org.l2jmobius.gameserver.data.xml.impl.SkillData	SkillData: Missing effect for Skill Id[13068] Level[2] SubLevel[0] Effect Scope[GENERAL] Effect Name[AttributeDefence]
2020.06.12 17:27:14,187	WARNING	1	org.l2jmobius.gameserver.data.xml.impl.SkillData	SkillData: Missing effect for Skill Id[13068] Level[2] SubLevel[0] Effect Scope[GENERAL] Effect Name[AttributeDefence]
2020.06.12 17:27:14,187	WARNING	1	org.l2jmobius.gameserver.data.xml.impl.SkillData	SkillData: Missing effect for Skill Id[13068] Level[2] SubLevel[0] Effect Scope[GENERAL] Effect Name[AttributeDefence]
2020.06.12 17:27:14,187	WARNING	1	org.l2jmobius.gameserver.data.xml.impl.SkillData	SkillData: Missing effect for Skill Id[13068] Level[3] SubLevel[0] Effect Scope[GENERAL] Effect Name[AttributeDefence]
2020.06.12 17:27:14,188	WARNING	1	org.l2jmobius.gameserver.data.xml.impl.SkillData	SkillData: Missing effect for Skill Id[13068] Level[3] SubLevel[0] Effect Scope[GENERAL] Effect Name[AttributeDefence]
2020.06.12 17:27:14,188	WARNING	1	org.l2jmobius.gameserver.data.xml.impl.SkillData	SkillData: Missing effect for Skill Id[13068] Level[3] SubLevel[0] Effect Scope[GENERAL] Effect Name[AttributeDefence]
2020.06.12 17:27:14,188	WARNING	1	org.l2jmobius.gameserver.data.xml.impl.SkillData	SkillData: Missing effect for Skill Id[13068] Level[3] SubLevel[0] Effect Scope[GENERAL] Effect Name[AttributeDefence]
2020.06.12 17:27:14,188	WARNING	1	org.l2jmobius.gameserver.data.xml.impl.SkillData	SkillData: Missing effect for Skill Id[13068] Level[3] SubLevel[0] Effect Scope[GENERAL] Effect Name[AttributeDefence]
2020.06.12 17:27:14,188	WARNING	1	org.l2jmobius.gameserver.data.xml.impl.SkillData	SkillData: Missing effect for Skill Id[13068] Level[3] SubLevel[0] Effect Scope[GENERAL] Effect Name[AttributeDefence]
2020.06.12 17:27:14,188	WARNING	1	org.l2jmobius.gameserver.data.xml.impl.SkillData	SkillData: Missing effect for Skill Id[13068] Level[4] SubLevel[0] Effect Scope[GENERAL] Effect Name[AttributeDefence]
2020.06.12 17:27:14,188	WARNING	1	org.l2jmobius.gameserver.data.xml.impl.SkillData	SkillData: Missing effect for Skill Id[13068] Level[4] SubLevel[0] Effect Scope[GENERAL] Effect Name[AttributeDefence]
2020.06.12 17:27:14,188	WARNING	1	org.l2jmobius.gameserver.data.xml.impl.SkillData	SkillData: Missing effect for Skill Id[13068] Level[4] SubLevel[0] Effect Scope[GENERAL] Effect Name[AttributeDefence]
2020.06.12 17:27:14,189	WARNING	1	org.l2jmobius.gameserver.data.xml.impl.SkillData	SkillData: Missing effect for Skill Id[13068] Level[4] SubLevel[0] Effect Scope[GENERAL] Effect Name[AttributeDefence]
2020.06.12 17:27:14,189	WARNING	1	org.l2jmobius.gameserver.data.xml.impl.SkillData	SkillData: Missing effect for Skill Id[13068] Level[4] SubLevel[0] Effect Scope[GENERAL] Effect Name[AttributeDefence]
2020.06.12 17:27:14,189	WARNING	1	org.l2jmobius.gameserver.data.xml.impl.SkillData	SkillData: Missing effect for Skill Id[13068] Level[4] SubLevel[0] Effect Scope[GENERAL] Effect Name[AttributeDefence]
2020.06.12 17:27:14,189	WARNING	1	org.l2jmobius.gameserver.data.xml.impl.SkillData	SkillData: Missing effect for Skill Id[13069] Level[1] SubLevel[0] Effect Scope[GENERAL] Effect Name[AttributeDefence]
2020.06.12 17:27:14,189	WARNING	1	org.l2jmobius.gameserver.data.xml.impl.SkillData	SkillData: Missing effect for Skill Id[13069] Level[1] SubLevel[0] Effect Scope[GENERAL] Effect Name[AttributeDefence]
2020.06.12 17:27:14,189	WARNING	1	org.l2jmobius.gameserver.data.xml.impl.SkillData	SkillData: Missing effect for Skill Id[13069] Level[1] SubLevel[0] Effect Scope[GENERAL] Effect Name[AttributeDefence]
2020.06.12 17:27:14,190	WARNING	1	org.l2jmobius.gameserver.data.xml.impl.SkillData	SkillData: Missing effect for Skill Id[13069] Level[1] SubLevel[0] Effect Scope[GENERAL] Effect Name[AttributeDefence]
2020.06.12 17:27:14,190	WARNING	1	org.l2jmobius.gameserver.data.xml.impl.SkillData	SkillData: Missing effect for Skill Id[13069] Level[1] SubLevel[0] Effect Scope[GENERAL] Effect Name[AttributeDefence]
2020.06.12 17:27:14,190	WARNING	1	org.l2jmobius.gameserver.data.xml.impl.SkillData	SkillData: Missing effect for Skill Id[13069] Level[1] SubLevel[0] Effect Scope[GENERAL] Effect Name[AttributeDefence]
2020.06.12 17:27:14,190	WARNING	1	org.l2jmobius.gameserver.data.xml.impl.SkillData	SkillData: Missing effect for Skill Id[13069] Level[2] SubLevel[0] Effect Scope[GENERAL] Effect Name[AttributeDefence]
2020.06.12 17:27:14,191	WARNING	1	org.l2jmobius.gameserver.data.xml.impl.SkillData	SkillData: Missing effect for Skill Id[13069] Level[2] SubLevel[0] Effect Scope[GENERAL] Effect Name[AttributeDefence]
2020.06.12 17:27:14,191	WARNING	1	org.l2jmobius.gameserver.data.xml.impl.SkillData	SkillData: Missing effect for Skill Id[13069] Level[2] SubLevel[0] Effect Scope[GENERAL] Effect Name[AttributeDefence]
2020.06.12 17:27:14,191	WARNING	1	org.l2jmobius.gameserver.data.xml.impl.SkillData	SkillData: Missing effect for Skill Id[13069] Level[2] SubLevel[0] Effect Scope[GENERAL] Effect Name[AttributeDefence]
2020.06.12 17:27:14,191	WARNING	1	org.l2jmobius.gameserver.data.xml.impl.SkillData	SkillData: Missing effect for Skill Id[13069] Level[2] SubLevel[0] Effect Scope[GENERAL] Effect Name[AttributeDefence]
2020.06.12 17:27:14,191	WARNING	1	org.l2jmobius.gameserver.data.xml.impl.SkillData	SkillData: Missing effect for Skill Id[13069] Level[2] SubLevel[0] Effect Scope[GENERAL] Effect Name[AttributeDefence]
2020.06.12 17:27:14,191	WARNING	1	org.l2jmobius.gameserver.data.xml.impl.SkillData	SkillData: Missing effect for Skill Id[13069] Level[3] SubLevel[0] Effect Scope[GENERAL] Effect Name[AttributeDefence]
2020.06.12 17:27:14,191	WARNING	1	org.l2jmobius.gameserver.data.xml.impl.SkillData	SkillData: Missing effect for Skill Id[13069] Level[3] SubLevel[0] Effect Scope[GENERAL] Effect Name[AttributeDefence]
2020.06.12 17:27:14,192	WARNING	1	org.l2jmobius.gameserver.data.xml.impl.SkillData	SkillData: Missing effect for Skill Id[13069] Level[3] SubLevel[0] Effect Scope[GENERAL] Effect Name[AttributeDefence]
2020.06.12 17:27:14,192	WARNING	1	org.l2jmobius.gameserver.data.xml.impl.SkillData	SkillData: Missing effect for Skill Id[13069] Level[3] SubLevel[0] Effect Scope[GENERAL] Effect Name[AttributeDefence]
2020.06.12 17:27:14,192	WARNING	1	org.l2jmobius.gameserver.data.xml.impl.SkillData	SkillData: Missing effect for Skill Id[13069] Level[3] SubLevel[0] Effect Scope[GENERAL] Effect Name[AttributeDefence]
2020.06.12 17:27:14,192	WARNING	1	org.l2jmobius.gameserver.data.xml.impl.SkillData	SkillData: Missing effect for Skill Id[13069] Level[3] SubLevel[0] Effect Scope[GENERAL] Effect Name[AttributeDefence]
2020.06.12 17:27:14,192	WARNING	1	org.l2jmobius.gameserver.data.xml.impl.SkillData	SkillData: Missing effect for Skill Id[13069] Level[4] SubLevel[0] Effect Scope[GENERAL] Effect Name[AttributeDefence]
2020.06.12 17:27:14,192	WARNING	1	org.l2jmobius.gameserver.data.xml.impl.SkillData	SkillData: Missing effect for Skill Id[13069] Level[4] SubLevel[0] Effect Scope[GENERAL] Effect Name[AttributeDefence]
2020.06.12 17:27:14,192	WARNING	1	org.l2jmobius.gameserver.data.xml.impl.SkillData	SkillData: Missing effect for Skill Id[13069] Level[4] SubLevel[0] Effect Scope[GENERAL] Effect Name[AttributeDefence]
2020.06.12 17:27:14,192	WARNING	1	org.l2jmobius.gameserver.data.xml.impl.SkillData	SkillData: Missing effect for Skill Id[13069] Level[4] SubLevel[0] Effect Scope[GENERAL] Effect Name[AttributeDefence]
2020.06.12 17:27:14,192	WARNING	1	org.l2jmobius.gameserver.data.xml.impl.SkillData	SkillData: Missing effect for Skill Id[13069] Level[4] SubLevel[0] Effect Scope[GENERAL] Effect Name[AttributeDefence]
2020.06.12 17:27:14,193	WARNING	1	org.l2jmobius.gameserver.data.xml.impl.SkillData	SkillData: Missing effect for Skill Id[13069] Level[4] SubLevel[0] Effect Scope[GENERAL] Effect Name[AttributeDefence]
2020.06.12 17:27:14,193	WARNING	1	org.l2jmobius.gameserver.data.xml.impl.SkillData	SkillData: Missing effect for Skill Id[13071] Level[1] SubLevel[0] Effect Scope[GENERAL] Effect Name[AttributeDefence]
2020.06.12 17:27:14,193	WARNING	1	org.l2jmobius.gameserver.data.xml.impl.SkillData	SkillData: Missing effect for Skill Id[13071] Level[1] SubLevel[0] Effect Scope[GENERAL] Effect Name[AttributeDefence]
2020.06.12 17:27:14,193	WARNING	1	org.l2jmobius.gameserver.data.xml.impl.SkillData	SkillData: Missing effect for Skill Id[13071] Level[1] SubLevel[0] Effect Scope[GENERAL] Effect Name[AttributeDefence]
2020.06.12 17:27:14,193	WARNING	1	org.l2jmobius.gameserver.data.xml.impl.SkillData	SkillData: Missing effect for Skill Id[13071] Level[1] SubLevel[0] Effect Scope[GENERAL] Effect Name[AttributeDefence]
2020.06.12 17:27:14,194	WARNING	1	org.l2jmobius.gameserver.data.xml.impl.SkillData	SkillData: Missing effect for Skill Id[13071] Level[1] SubLevel[0] Effect Scope[GENERAL] Effect Name[AttributeDefence]
2020.06.12 17:27:14,194	WARNING	1	org.l2jmobius.gameserver.data.xml.impl.SkillData	SkillData: Missing effect for Skill Id[13071] Level[1] SubLevel[0] Effect Scope[GENERAL] Effect Name[AttributeDefence]
2020.06.12 17:27:14,194	WARNING	1	org.l2jmobius.gameserver.data.xml.impl.SkillData	SkillData: Missing effect for Skill Id[13071] Level[2] SubLevel[0] Effect Scope[GENERAL] Effect Name[AttributeDefence]
2020.06.12 17:27:14,194	WARNING	1	org.l2jmobius.gameserver.data.xml.impl.SkillData	SkillData: Missing effect for Skill Id[13071] Level[2] SubLevel[0] Effect Scope[GENERAL] Effect Name[AttributeDefence]
2020.06.12 17:27:14,194	WARNING	1	org.l2jmobius.gameserver.data.xml.impl.SkillData	SkillData: Missing effect for Skill Id[13071] Level[2] SubLevel[0] Effect Scope[GENERAL] Effect Name[AttributeDefence]
2020.06.12 17:27:14,194	WARNING	1	org.l2jmobius.gameserver.data.xml.impl.SkillData	SkillData: Missing effect for Skill Id[13071] Level[2] SubLevel[0] Effect Scope[GENERAL] Effect Name[AttributeDefence]
2020.06.12 17:27:14,194	WARNING	1	org.l2jmobius.gameserver.data.xml.impl.SkillData	SkillData: Missing effect for Skill Id[13071] Level[2] SubLevel[0] Effect Scope[GENERAL] Effect Name[AttributeDefence]
2020.06.12 17:27:14,194	WARNING	1	org.l2jmobius.gameserver.data.xml.impl.SkillData	SkillData: Missing effect for Skill Id[13071] Level[2] SubLevel[0] Effect Scope[GENERAL] Effect Name[AttributeDefence]
2020.06.12 17:27:14,194	WARNING	1	org.l2jmobius.gameserver.data.xml.impl.SkillData	SkillData: Missing effect for Skill Id[13071] Level[3] SubLevel[0] Effect Scope[GENERAL] Effect Name[AttributeDefence]
2020.06.12 17:27:14,196	WARNING	1	org.l2jmobius.gameserver.data.xml.impl.SkillData	SkillData: Missing effect for Skill Id[13071] Level[3] SubLevel[0] Effect Scope[GENERAL] Effect Name[AttributeDefence]
2020.06.12 17:27:14,196	WARNING	1	org.l2jmobius.gameserver.data.xml.impl.SkillData	SkillData: Missing effect for Skill Id[13071] Level[3] SubLevel[0] Effect Scope[GENERAL] Effect Name[AttributeDefence]
2020.06.12 17:27:14,196	WARNING	1	org.l2jmobius.gameserver.data.xml.impl.SkillData	SkillData: Missing effect for Skill Id[13071] Level[3] SubLevel[0] Effect Scope[GENERAL] Effect Name[AttributeDefence]
2020.06.12 17:27:14,196	WARNING	1	org.l2jmobius.gameserver.data.xml.impl.SkillData	SkillData: Missing effect for Skill Id[13071] Level[3] SubLevel[0] Effect Scope[GENERAL] Effect Name[AttributeDefence]
2020.06.12 17:27:14,197	WARNING	1	org.l2jmobius.gameserver.data.xml.impl.SkillData	SkillData: Missing effect for Skill Id[13071] Level[3] SubLevel[0] Effect Scope[GENERAL] Effect Name[AttributeDefence]
2020.06.12 17:27:14,197	WARNING	1	org.l2jmobius.gameserver.data.xml.impl.SkillData	SkillData: Missing effect for Skill Id[13071] Level[4] SubLevel[0] Effect Scope[GENERAL] Effect Name[AttributeDefence]
2020.06.12 17:27:14,197	WARNING	1	org.l2jmobius.gameserver.data.xml.impl.SkillData	SkillData: Missing effect for Skill Id[13071] Level[4] SubLevel[0] Effect Scope[GENERAL] Effect Name[AttributeDefence]
2020.06.12 17:27:14,197	WARNING	1	org.l2jmobius.gameserver.data.xml.impl.SkillData	SkillData: Missing effect for Skill Id[13071] Level[4] SubLevel[0] Effect Scope[GENERAL] Effect Name[AttributeDefence]
2020.06.12 17:27:14,198	WARNING	1	org.l2jmobius.gameserver.data.xml.impl.SkillData	SkillData: Missing effect for Skill Id[13071] Level[4] SubLevel[0] Effect Scope[GENERAL] Effect Name[AttributeDefence]
2020.06.12 17:27:14,198	WARNING	1	org.l2jmobius.gameserver.data.xml.impl.SkillData	SkillData: Missing effect for Skill Id[13071] Level[4] SubLevel[0] Effect Scope[GENERAL] Effect Name[AttributeDefence]
2020.06.12 17:27:14,198	WARNING	1	org.l2jmobius.gameserver.data.xml.impl.SkillData	SkillData: Missing effect for Skill Id[13071] Level[4] SubLevel[0] Effect Scope[GENERAL] Effect Name[AttributeDefence]
