avr. 03, 2020 7:42:48 PM org.l2jmobius.commons.util.IXmlReader parseFile
AVERTISSEMENT: Could not parse file: event_zones.xml at line: 5, column: 101 :
org.xml.sax.SAXParseException; systemId: file:/C:/Users/Pedrito/Desktop/CleanMobius/dist/game/data/zones/event_zones.xml; lineNumber: 5; columnNumber: 101; cvc-enumeration-valid : La valeur 'TenkaiEventZone' n'est pas un facet valide par rapport à l'énumération '[ArenaZone, BossZone, CastleZone, ClanHallZone, CleftZone, ConditionZone, DamageZone, DerbyTrackZone, EffectZone, FishingZone, FortZone, HqZone, JailZone, LandingZone, MotherTreeZone, NoDropItemZone, NoLandingZone, NoRestartZone, NoPvPZone, NoStoreZone, NoSummonFriendZone, NpcSpawnTerritory, OlympiadStadiumZone, PeaceZone, ResidenceHallTeleportZone, ResidenceTeleportZone, RespawnZone, ScriptZone, SiegableHallZone, SiegeZone, SwampZone, TaxZone, TerritoryWarZone, TownZone, WaterZone, SayuneZone, UndyingZone, TeleportZone]'. Il doit s'agir d'une valeur provenant de l'énumération.
	at java.xml/com.sun.org.apache.xerces.internal.util.ErrorHandlerWrapper.createSAXParseException(ErrorHandlerWrapper.java:204)
	at java.xml/com.sun.org.apache.xerces.internal.util.ErrorHandlerWrapper.error(ErrorHandlerWrapper.java:135)
	at java.xml/com.sun.org.apache.xerces.internal.impl.XMLErrorReporter.reportError(XMLErrorReporter.java:396)
	at java.xml/com.sun.org.apache.xerces.internal.impl.XMLErrorReporter.reportError(XMLErrorReporter.java:327)
	at java.xml/com.sun.org.apache.xerces.internal.impl.XMLErrorReporter.reportError(XMLErrorReporter.java:284)
	at java.xml/com.sun.org.apache.xerces.internal.impl.xs.XMLSchemaValidator$XSIErrorReporter.reportError(XMLSchemaValidator.java:511)
	at java.xml/com.sun.org.apache.xerces.internal.impl.xs.XMLSchemaValidator.reportSchemaError(XMLSchemaValidator.java:3587)
	at java.xml/com.sun.org.apache.xerces.internal.impl.xs.XMLSchemaValidator.processOneAttribute(XMLSchemaValidator.java:3107)
	at java.xml/com.sun.org.apache.xerces.internal.impl.xs.XMLSchemaValidator.processAttributes(XMLSchemaValidator.java:3051)
	at java.xml/com.sun.org.apache.xerces.internal.impl.xs.XMLSchemaValidator.handleStartElement(XMLSchemaValidator.java:2286)
	at java.xml/com.sun.org.apache.xerces.internal.impl.xs.XMLSchemaValidator.startElement(XMLSchemaValidator.java:829)
	at java.xml/com.sun.org.apache.xerces.internal.impl.XMLNSDocumentScannerImpl.scanStartElement(XMLNSDocumentScannerImpl.java:374)
	at java.xml/com.sun.org.apache.xerces.internal.impl.XMLDocumentFragmentScannerImpl$FragmentContentDriver.next(XMLDocumentFragmentScannerImpl.java:2725)
	at java.xml/com.sun.org.apache.xerces.internal.impl.XMLDocumentScannerImpl.next(XMLDocumentScannerImpl.java:605)
	at java.xml/com.sun.org.apache.xerces.internal.impl.XMLNSDocumentScannerImpl.next(XMLNSDocumentScannerImpl.java:112)
	at java.xml/com.sun.org.apache.xerces.internal.impl.XMLDocumentFragmentScannerImpl.scanDocument(XMLDocumentFragmentScannerImpl.java:541)
	at java.xml/com.sun.org.apache.xerces.internal.parsers.XML11Configuration.parse(XML11Configuration.java:888)
	at java.xml/com.sun.org.apache.xerces.internal.parsers.XML11Configuration.parse(XML11Configuration.java:824)
	at java.xml/com.sun.org.apache.xerces.internal.parsers.XMLParser.parse(XMLParser.java:141)
	at java.xml/com.sun.org.apache.xerces.internal.parsers.DOMParser.parse(DOMParser.java:246)
	at java.xml/com.sun.org.apache.xerces.internal.jaxp.DocumentBuilderImpl.parse(DocumentBuilderImpl.java:339)
	at java.xml/javax.xml.parsers.DocumentBuilder.parse(DocumentBuilder.java:206)
	at org.l2jmobius.commons.util.IXmlReader.parseFile(IXmlReader.java:102)
	at org.l2jmobius.commons.util.IXmlReader.parseDirectory(IXmlReader.java:204)
	at org.l2jmobius.commons.util.IXmlReader.parseDatapackDirectory(IXmlReader.java:150)
	at org.l2jmobius.gameserver.instancemanager.ZoneManager.load(ZoneManager.java:428)
	at org.l2jmobius.gameserver.instancemanager.ZoneManager.<init>(ZoneManager.java:84)
	at org.l2jmobius.gameserver.instancemanager.ZoneManager$SingletonHolder.<clinit>(ZoneManager.java:773)
	at org.l2jmobius.gameserver.instancemanager.ZoneManager.getInstance(ZoneManager.java:768)
	at org.l2jmobius.gameserver.GameServer.<init>(GameServer.java:244)
	at org.l2jmobius.gameserver.GameServer.main(GameServer.java:520)

