2020.04.03 19:48:53,726	WARNING	1	org.l2jmobius.commons.util.PropertiesParser	[Event.ini] missing property for key: INSTANCED_EVENT_MIN_PLAYERS_IN_TEAMS using default value: 1
2020.04.03 19:48:53,840	INFO	1	org.l2jmobius.commons.util.IXmlReader	Network Config: ipconfig.xml doesn't exists using automatic configuration...
2020.04.03 19:48:54,172	INFO	1	org.l2jmobius.commons.util.IXmlReader	Network Config: Adding new subnet: 127.0.0.0/8 address: 127.0.0.1
2020.04.03 19:48:54,275	INFO	1	org.l2jmobius.commons.util.IXmlReader	Network Config: Adding new subnet: 192.168.0.0/24 address: 192.168.0.11
2020.04.03 19:48:54,520	INFO	22	org.l2jmobius.gameserver.model.World	World: (288 by 272) World Region Grid set up.
2020.04.03 19:48:54,617	INFO	1	org.l2jmobius.commons.util.IXmlReader	Network Config: Adding new subnet: 0.0.0.0/0 address: 91.172.190.136
2020.04.03 19:48:54,714	INFO	1	org.l2jmobius.Config	Loaded 6 Filter Words.
2020.04.03 19:48:55,149	INFO	1	org.l2jmobius.gameserver.GameServer	------------------------------------------------=[ Database ]
2020.04.03 19:48:55,543	INFO	1	org.l2jmobius.commons.database.DatabaseFactory	Database: Initialized.
2020.04.03 19:48:55,544	INFO	1	org.l2jmobius.gameserver.GameServer	----------------------------------------------=[ ThreadPool ]
2020.04.03 19:48:55,565	INFO	1	org.l2jmobius.commons.concurrent.ThreadPool	ThreadPool: Initialized
2020.04.03 19:48:55,569	INFO	1	org.l2jmobius.commons.concurrent.ThreadPool	...scheduled pool executor with 40 total threads.
2020.04.03 19:48:55,571	INFO	1	org.l2jmobius.commons.concurrent.ThreadPool	...instant pool executor with 20 total threads.
2020.04.03 19:48:55,575	INFO	1	org.l2jmobius.gameserver.GameServer	-----------------------------------------------=[ IdFactory ]
2020.04.03 19:48:55,586	INFO	1	org.l2jmobius.gameserver.idfactory.IdFactory	Updated characters online status.
2020.04.03 19:48:55,661	INFO	1	org.l2jmobius.gameserver.idfactory.IdFactory	IdFactory: Cleaned 0 elements from database in 0 seconds.
2020.04.03 19:48:55,678	INFO	1	org.l2jmobius.gameserver.idfactory.IdFactory	IdFactory: Cleaned 0 expired timestamps from database.
2020.04.03 19:48:55,688	INFO	1	org.l2jmobius.gameserver.idfactory.IdFactory	IdFactory: 102912 id's available.
2020.04.03 19:48:55,689	INFO	1	org.l2jmobius.gameserver.GameServer	----------------------------------------=[ Scripting Engine ]
2020.04.03 19:48:56,366	INFO	1	org.l2jmobius.gameserver.scripting.ScriptEngineManager	Loaded 794 files to exclude.
2020.04.03 19:48:56,367	INFO	1	org.l2jmobius.gameserver.GameServer	--------------------------------------------------=[ Telnet ]
2020.04.03 19:48:56,782	INFO	1	org.l2jmobius.gameserver.network.telnet.TelnetServer	Telnet server is currently disabled.
2020.04.03 19:48:56,782	INFO	1	org.l2jmobius.gameserver.GameServer	---------------------------------------------------=[ World ]
2020.04.03 19:48:56,786	INFO	88	org.l2jmobius.gameserver.GameTimeController	GameTimeController: Started.
2020.04.03 19:48:57,336	INFO	1	org.l2jmobius.gameserver.instancemanager.MapRegionManager	MapRegionManager: Loaded 61 map regions.
2020.04.03 19:48:57,349	INFO	1	org.l2jmobius.gameserver.instancemanager.ZoneManager	ZoneManager 19 by 18 Zone Region Grid set up.
2020.04.03 19:48:58,002	CONFIG	1	org.l2jmobius.gameserver.instancemanager.ZoneManager	ZoneManager: Caution: Zone (80013) from file: event_zones.xml overrides previous definition.
2020.04.03 19:48:58,007	CONFIG	1	org.l2jmobius.gameserver.instancemanager.ZoneManager	ZoneManager: Caution: Zone (80014) from file: event_zones.xml overrides previous definition.
2020.04.03 19:48:58,012	CONFIG	1	org.l2jmobius.gameserver.instancemanager.ZoneManager	ZoneManager: Caution: Zone (80015) from file: event_zones.xml overrides previous definition.
2020.04.03 19:48:58,013	CONFIG	1	org.l2jmobius.gameserver.instancemanager.ZoneManager	ZoneManager: Caution: Zone (80016) from file: event_zones.xml overrides previous definition.
2020.04.03 19:48:58,015	CONFIG	1	org.l2jmobius.gameserver.instancemanager.ZoneManager	ZoneManager: Caution: Zone (80018) from file: event_zones.xml overrides previous definition.
2020.04.03 19:48:58,016	CONFIG	1	org.l2jmobius.gameserver.instancemanager.ZoneManager	ZoneManager: Caution: Zone (80020) from file: event_zones.xml overrides previous definition.
2020.04.03 19:48:58,019	CONFIG	1	org.l2jmobius.gameserver.instancemanager.ZoneManager	ZoneManager: Caution: Zone (80022) from file: event_zones.xml overrides previous definition.
2020.04.03 19:48:58,020	CONFIG	1	org.l2jmobius.gameserver.instancemanager.ZoneManager	ZoneManager: Caution: Zone (80023) from file: event_zones.xml overrides previous definition.
2020.04.03 19:48:58,027	CONFIG	1	org.l2jmobius.gameserver.instancemanager.ZoneManager	ZoneManager: Caution: Zone (80027) from file: event_zones.xml overrides previous definition.
2020.04.03 19:48:58,039	CONFIG	1	org.l2jmobius.gameserver.instancemanager.ZoneManager	ZoneManager: Caution: Zone (80028) from file: event_zones.xml overrides previous definition.
2020.04.03 19:48:58,044	CONFIG	1	org.l2jmobius.gameserver.instancemanager.ZoneManager	ZoneManager: Caution: Zone (80029) from file: event_zones.xml overrides previous definition.
2020.04.03 19:48:58,047	CONFIG	1	org.l2jmobius.gameserver.instancemanager.ZoneManager	ZoneManager: Caution: Zone (80031) from file: event_zones.xml overrides previous definition.
2020.04.03 19:48:58,052	CONFIG	1	org.l2jmobius.gameserver.instancemanager.ZoneManager	ZoneManager: Caution: Zone (80033) from file: event_zones.xml overrides previous definition.
2020.04.03 19:48:59,167	INFO	1	org.l2jmobius.gameserver.instancemanager.ZoneManager	ZoneManager: Loaded 34 zone classes and 2908 zones.
2020.04.03 19:48:59,197	INFO	1	org.l2jmobius.gameserver.instancemanager.ZoneManager	ZoneManager: Loaded 16 NPC spawn territoriers.
2020.04.03 19:48:59,220	INFO	1	org.l2jmobius.gameserver.instancemanager.ZoneManager	ZoneManager: Last static id 210110.
2020.04.03 19:49:00,128	INFO	1	org.l2jmobius.gameserver.data.xml.impl.DoorData	DoorData: Loaded 1516 Door Templates for 24 regions.
2020.04.03 19:49:00,178	INFO	1	FenceData	FenceData: Loaded 1 fences.
2020.04.03 19:49:00,204	INFO	1	org.l2jmobius.gameserver.instancemanager.GlobalVariablesManager	GlobalVariablesManager: Loaded 11 variables.
2020.04.03 19:49:00,205	INFO	1	org.l2jmobius.gameserver.GameServer	----------------------------------------------------=[ Data ]
2020.04.03 19:49:00,225	INFO	1	org.l2jmobius.gameserver.data.xml.impl.ActionData	ActionData: Loaded 216 player actions.
2020.04.03 19:49:00,318	INFO	1	org.l2jmobius.gameserver.data.xml.impl.CategoryData	CategoryData: Loaded 215 categories.
2020.04.03 19:49:00,333	INFO	1	org.l2jmobius.gameserver.data.xml.impl.SecondaryAuthData	SecondaryAuthData: Loaded 328 forbidden passwords.
2020.04.03 19:49:00,631	WARNING	1	org.l2jmobius.gameserver.engines.DocumentEngine	Dir C:\Users\Pedrito\Desktop\CleanMobius\dist\game\data\stats\items\custom does not exist.
2020.04.03 19:49:06,578	INFO	1	org.l2jmobius.gameserver.datatables.ItemTable	ItemTable: Highest item id used: 91746
2020.04.03 19:49:06,628	INFO	1	org.l2jmobius.gameserver.datatables.ItemTable	ItemTable: Loaded 22630 Etc Items
2020.04.03 19:49:06,628	INFO	1	org.l2jmobius.gameserver.datatables.ItemTable	ItemTable: Loaded 12280 Armor Items
2020.04.03 19:49:06,659	INFO	1	org.l2jmobius.gameserver.datatables.ItemTable	ItemTable: Loaded 9011 Weapon Items
2020.04.03 19:49:06,660	INFO	1	org.l2jmobius.gameserver.datatables.ItemTable	ItemTable: Loaded 43921 Items in total.
2020.04.03 19:49:06,715	INFO	1	org.l2jmobius.gameserver.data.xml.impl.CombinationItemsData	CombinationItemsData: Loaded 1366 combinations.
2020.04.03 19:49:06,776	INFO	1	org.l2jmobius.gameserver.data.xml.impl.SayuneData	SayuneData: Loaded 71 maps.
2020.04.03 19:49:10,319	INFO	1	handlers.DailyMissionMasterHandler	DailyMissionMasterHandler:  Loaded 10 handlers.
2020.04.03 19:49:10,406	INFO	1	org.l2jmobius.gameserver.data.xml.impl.DailyMissionData	DailyMissionData: Loaded 46 one day rewards.
2020.04.03 19:49:10,407	INFO	1	org.l2jmobius.gameserver.GameServer	--------------------------------------------------=[ Skills ]
2020.04.03 19:49:21,647	INFO	1	handlers.EffectMasterHandler	EffectMasterHandler: Loaded 353 effect handlers.
2020.04.03 19:49:21,712	INFO	1	org.l2jmobius.gameserver.data.xml.impl.EnchantSkillGroupsData	EnchantSkillGroupsData: Loaded 20 enchant routes, max enchant set to 20.
2020.04.03 19:49:33,958	INFO	1	org.l2jmobius.gameserver.data.xml.impl.SkillData	SkillData: Loaded 162946 Skills.
2020.04.03 19:49:35,578	INFO	1	org.l2jmobius.gameserver.data.xml.impl.SkillTreeData	SkillTreeData: Loaded 18181 Class skills for 145 class skill trees.
2020.04.03 19:49:35,581	INFO	1	org.l2jmobius.gameserver.data.xml.impl.SkillTreeData	SkillTreeData: Loaded 24 sub-class skills.
2020.04.03 19:49:35,581	INFO	1	org.l2jmobius.gameserver.data.xml.impl.SkillTreeData	SkillTreeData: Loaded 25 dual-class skills.
2020.04.03 19:49:35,582	INFO	1	org.l2jmobius.gameserver.data.xml.impl.SkillTreeData	SkillTreeData: Loaded 104 transfer skills for 3 transfer skill trees.
2020.04.03 19:49:35,582	INFO	1	org.l2jmobius.gameserver.data.xml.impl.SkillTreeData	SkillTreeData: Loaded 17 race skills for 7 race skill trees.
2020.04.03 19:49:35,583	INFO	1	org.l2jmobius.gameserver.data.xml.impl.SkillTreeData	SkillTreeData: Loaded 35 fishing skills, 8 Dwarven only fishing skills.
2020.04.03 19:49:35,583	INFO	1	org.l2jmobius.gameserver.data.xml.impl.SkillTreeData	SkillTreeData: Loaded 3 collect skills.
2020.04.03 19:49:35,595	INFO	1	org.l2jmobius.gameserver.data.xml.impl.SkillTreeData	SkillTreeData: Loaded 0 clan skills, 0 for clan and 0 residential.
2020.04.03 19:49:35,596	INFO	1	org.l2jmobius.gameserver.data.xml.impl.SkillTreeData	SkillTreeData: Loaded 0 sub-pledge skills.
2020.04.03 19:49:35,608	INFO	1	org.l2jmobius.gameserver.data.xml.impl.SkillTreeData	SkillTreeData: Loaded 32 transform skills.
2020.04.03 19:49:35,612	INFO	1	org.l2jmobius.gameserver.data.xml.impl.SkillTreeData	SkillTreeData: Loaded 21 noble skills.
2020.04.03 19:49:35,614	INFO	1	org.l2jmobius.gameserver.data.xml.impl.SkillTreeData	SkillTreeData: Loaded 5 hero skills.
2020.04.03 19:49:35,617	INFO	1	org.l2jmobius.gameserver.data.xml.impl.SkillTreeData	SkillTreeData: Loaded 61 game master skills.
2020.04.03 19:49:35,618	INFO	1	org.l2jmobius.gameserver.data.xml.impl.SkillTreeData	SkillTreeData: Loaded 61 game master aura skills.
2020.04.03 19:49:35,618	INFO	1	org.l2jmobius.gameserver.data.xml.impl.SkillTreeData	SkillTreeData: Loaded 123 ability skills.
2020.04.03 19:49:35,651	INFO	1	org.l2jmobius.gameserver.data.xml.impl.SkillTreeData	SkillTreeData: Loaded 112 alchemy skills.
2020.04.03 19:49:35,667	INFO	1	org.l2jmobius.gameserver.data.xml.impl.SkillTreeData	SkillTreeData: Loaded 36 class awaken save skills.
2020.04.03 19:49:35,680	INFO	1	org.l2jmobius.gameserver.data.xml.impl.SkillTreeData	SkillTreeData: Loaded 20 Revelation skills.
2020.04.03 19:49:35,681	INFO	1	org.l2jmobius.gameserver.data.xml.impl.SkillTreeData	SkillTreeData: Loaded 37 common skills.
2020.04.03 19:49:35,733	INFO	1	org.l2jmobius.gameserver.data.xml.impl.PetSkillData	PetSkillData: Loaded 1084 skills.
2020.04.03 19:49:35,734	INFO	1	org.l2jmobius.gameserver.GameServer	---------------------------------------------------=[ Items ]
2020.04.03 19:49:36,187	INFO	1	org.l2jmobius.gameserver.data.xml.impl.EnchantItemGroupsData	EnchantItemGroupsData: Loaded 4 item group templates.
2020.04.03 19:49:36,188	INFO	1	org.l2jmobius.gameserver.data.xml.impl.EnchantItemGroupsData	EnchantItemGroupsData: Loaded 1 scroll group templates.
2020.04.03 19:49:36,244	INFO	1	org.l2jmobius.gameserver.data.xml.impl.EnchantItemData	EnchantItemData: Loaded 256 enchant scrolls.
2020.04.03 19:49:36,245	INFO	1	org.l2jmobius.gameserver.data.xml.impl.EnchantItemData	EnchantItemData: Loaded 100 support items.
2020.04.03 19:49:36,324	INFO	1	org.l2jmobius.gameserver.data.xml.impl.EnchantItemOptionsData	EnchantItemOptionsData: Loaded 102 items and 2106 options.
2020.04.03 19:49:36,392	INFO	1	org.l2jmobius.gameserver.data.xml.impl.ItemCrystallizationData	ItemCrystallizationData: Loaded 13 crystallization templates.
2020.04.03 19:49:36,392	INFO	1	org.l2jmobius.gameserver.data.xml.impl.ItemCrystallizationData	ItemCrystallizationData: Loaded 279 pre-defined crystallizable items.
2020.04.03 19:49:36,431	INFO	1	org.l2jmobius.gameserver.data.xml.impl.ItemCrystallizationData	ItemCrystallizationData: Generated 5919 crystallizable items from templates.
2020.04.03 19:49:40,148	INFO	1	org.l2jmobius.gameserver.data.xml.impl.OptionData	OptionData: Loaded 34825 options.
2020.04.03 19:49:40,523	INFO	1	VariationData	VariationData: Loaded 121 variations.
2020.04.03 19:49:40,525	INFO	1	VariationData	VariationData: Loaded 4788 fees.
2020.04.03 19:49:40,623	INFO	1	org.l2jmobius.gameserver.data.xml.impl.EnsoulData	EnsoulData: Loaded 11 fees.
2020.04.03 19:49:40,624	INFO	1	org.l2jmobius.gameserver.data.xml.impl.EnsoulData	EnsoulData: Loaded 812 options.
2020.04.03 19:49:40,625	INFO	1	org.l2jmobius.gameserver.data.xml.impl.EnsoulData	EnsoulData: Loaded 114 stones.
2020.04.03 19:49:40,636	INFO	1	org.l2jmobius.gameserver.data.xml.impl.EnchantItemHPBonusData	EnchantItemHPBonusData: Loaded 12 enchant HP bonuses.
2020.04.03 19:49:45,057	INFO	1	org.l2jmobius.gameserver.data.xml.impl.BuyListData	BuyListData: Loaded 885 buyLists.
2020.04.03 19:49:49,047	INFO	1	org.l2jmobius.gameserver.data.xml.impl.MultisellData	MultisellData: Loaded 552 multisell lists.
2020.04.03 19:49:49,182	INFO	1	org.l2jmobius.gameserver.data.xml.impl.EquipmentUpgradeData	EquipmentUpgradeData: Loaded 6777 upgrade equipment data.
2020.04.03 19:49:49,439	INFO	1	org.l2jmobius.gameserver.data.xml.impl.RecipeData	RecipeData: Loaded 1678 recipes.
2020.04.03 19:49:49,525	INFO	1	org.l2jmobius.gameserver.data.xml.impl.ArmorSetData	ArmorSetData: Loaded 322 armor sets.
2020.04.03 19:49:49,539	INFO	1	org.l2jmobius.gameserver.data.xml.impl.FishingData	FishingData: Loaded 7 bait and 13 rod data.
2020.04.03 19:49:49,649	INFO	1	org.l2jmobius.gameserver.data.xml.impl.HennaData	HennaData: Loaded 461 henna data.
2020.04.03 19:49:49,674	INFO	1	org.l2jmobius.gameserver.data.xml.impl.PrimeShopData	PrimeShopData: Loaded 68 items.
2020.04.03 19:49:49,747	INFO	1	org.l2jmobius.gameserver.data.xml.impl.AppearanceItemData	AppearanceItemData: Loaded 1225 stones.
2020.04.03 19:49:49,767	INFO	1	org.l2jmobius.gameserver.data.xml.impl.AlchemyData	AlchemyData: Loaded 114 alchemy craft skills.
2020.04.03 19:49:49,800	INFO	1	org.l2jmobius.commons.util.IXmlReader	LuckyGameData: Loaded 2 lucky game data.
2020.04.03 19:49:49,822	INFO	1	org.l2jmobius.gameserver.data.xml.impl.AttendanceRewardData	AttendanceRewardData: Loaded 28 rewards.
2020.04.03 19:49:49,822	INFO	1	org.l2jmobius.gameserver.GameServer	----------------------------------------------=[ Characters ]
2020.04.03 19:49:49,837	INFO	1	org.l2jmobius.gameserver.data.xml.impl.ClassListData	ClassListData: Loaded 153 class data.
2020.04.03 19:49:49,866	INFO	1	org.l2jmobius.gameserver.data.xml.impl.InitialEquipmentData	InitialEquipmentData: Loaded 13 initial equipment data.
2020.04.03 19:49:49,879	INFO	1	org.l2jmobius.gameserver.data.xml.impl.InitialShortcutData	InitialShortcutData: Loaded 5 initial global shortcuts data.
2020.04.03 19:49:49,881	INFO	1	org.l2jmobius.gameserver.data.xml.impl.InitialShortcutData	InitialShortcutData: Loaded 5 initial shortcuts data.
2020.04.03 19:49:49,881	INFO	1	org.l2jmobius.gameserver.data.xml.impl.InitialShortcutData	InitialShortcutData: Loaded 0 macro presets.
2020.04.03 19:49:49,897	INFO	1	org.l2jmobius.gameserver.data.xml.impl.ExperienceData	ExperienceData: Loaded 121 levels.
2020.04.03 19:49:49,897	INFO	1	org.l2jmobius.gameserver.data.xml.impl.ExperienceData	ExperienceData: Max Player Level is 120.
2020.04.03 19:49:49,897	INFO	1	org.l2jmobius.gameserver.data.xml.impl.ExperienceData	ExperienceData: Max Pet Level is 99.
2020.04.03 19:49:49,923	INFO	1	org.l2jmobius.gameserver.data.xml.impl.KarmaData	KarmaData: Loaded 120 karma modifiers.
2020.04.03 19:49:49,958	INFO	1	org.l2jmobius.gameserver.data.xml.impl.HitConditionBonusData	HitConditionBonusData: Loaded hit condition bonuses.
2020.04.03 19:49:51,724	INFO	1	org.l2jmobius.gameserver.data.xml.impl.PlayerTemplateData	PlayerTemplateData: Loaded 145 character templates.
2020.04.03 19:49:51,727	INFO	1	org.l2jmobius.gameserver.data.xml.impl.PlayerTemplateData	PlayerTemplateData: Loaded 104400 level up gain records.
2020.04.03 19:49:51,747	INFO	1	org.l2jmobius.gameserver.data.sql.impl.CharNameTable	CharNameTable: Loaded 4 char names.
2020.04.03 19:49:51,775	INFO	1	org.l2jmobius.gameserver.data.xml.impl.AdminData	AdminData: Loaded 10 access levels.
2020.04.03 19:49:51,802	INFO	1	org.l2jmobius.gameserver.data.xml.impl.AdminData	AdminData: Loaded 458 access commands.
2020.04.03 19:49:52,912	INFO	1	org.l2jmobius.gameserver.data.xml.impl.PetDataTable	PetDataTable: Loaded 56 pets.
2020.04.03 19:49:53,085	INFO	1	org.l2jmobius.gameserver.data.xml.impl.CubicData	CubicData: Loaded 25 cubics.
2020.04.03 19:49:53,128	INFO	1	org.l2jmobius.gameserver.GameServer	PremiumManager: Premium system is enabled.
2020.04.03 19:49:53,132	INFO	1	org.l2jmobius.gameserver.GameServer	---------------------------------------------------=[ Clans ]
2020.04.03 19:49:53,165	INFO	1	org.l2jmobius.gameserver.communitybbs.Manager.ForumsBBSManager	ForumsBBSManager: Loaded 4 forums. Last forum id used: 4
2020.04.03 19:49:53,167	INFO	1	org.l2jmobius.gameserver.data.sql.impl.ClanTable	ClanTable: Restored 0 clans from the database.
2020.04.03 19:49:53,186	INFO	1	org.l2jmobius.gameserver.data.xml.impl.ResidenceFunctionsData	ResidenceFunctionsData: Loaded 8 functions.
2020.04.03 19:49:53,810	INFO	1	org.l2jmobius.gameserver.data.xml.impl.ClanHallData	ClanHallData: Succesfully loaded 48 clan halls.
2020.04.03 19:49:54,081	INFO	1	org.l2jmobius.gameserver.instancemanager.ClanEntryManager	ClanEntryManager: Loaded 0 clan entries.
2020.04.03 19:49:54,082	INFO	1	org.l2jmobius.gameserver.instancemanager.ClanEntryManager	ClanEntryManager: Loaded 0 players in waiting list.
2020.04.03 19:49:54,085	INFO	1	org.l2jmobius.gameserver.instancemanager.ClanEntryManager	ClanEntryManager: Loaded 0 player applications.
2020.04.03 19:49:54,101	INFO	1	org.l2jmobius.gameserver.data.xml.impl.ClanMasteryData	ClanMasteryData: Loaded 16 clan masteries.
2020.04.03 19:49:54,140	INFO	1	org.l2jmobius.gameserver.data.xml.impl.ClanShopData	ClanShopData: Loaded 13 clan shop products.
2020.04.03 19:49:54,140	INFO	1	org.l2jmobius.gameserver.GameServer	-------------------------------------------------=[ Geodata ]
2020.04.03 19:49:54,146	INFO	1	org.l2jmobius.gameserver.geoengine.GeoEngine	GeoEngine: Initializing...
2020.04.03 19:49:54,499	INFO	1	org.l2jmobius.gameserver.geoengine.GeoEngine	GeoEngine: Loaded 0 geodata files.
2020.04.03 19:49:54,499	INFO	1	org.l2jmobius.gameserver.geoengine.GeoEngine	GeoEngine: Forcing PathFinding setting to false.
2020.04.03 19:49:54,500	INFO	1	org.l2jmobius.gameserver.geoengine.GeoEngine	GeoEngine: Forcing CoordSynchronize setting to -1.
2020.04.03 19:49:54,558	INFO	1	org.l2jmobius.gameserver.geoengine.GeoEngine	GeoEnginePathfinding: Loaded 32 node buffers.
2020.04.03 19:49:54,558	INFO	1	org.l2jmobius.gameserver.GameServer	----------------------------------------------------=[ NPCs ]
2020.04.03 19:50:04,569	INFO	1	org.l2jmobius.gameserver.data.xml.impl.NpcData	NpcData: Loaded 14487 NPCs.
2020.04.03 19:50:04,666	INFO	1	org.l2jmobius.gameserver.data.xml.impl.NpcData	NpcData: Loaded 22 custom NPCs.
2020.04.03 19:50:04,671	INFO	1	org.l2jmobius.gameserver.data.xml.impl.FakePlayerData	FakePlayerData: Disabled.
2020.04.03 19:50:04,693	INFO	1	org.l2jmobius.gameserver.instancemanager.FakePlayerChatManager	FakePlayerChatManager: Disabled.
2020.04.03 19:50:04,740	INFO	1	org.l2jmobius.gameserver.data.xml.impl.ExtendDropData	ExtendDropData: Loaded 1 extend drops.
2020.04.03 19:50:07,785	INFO	1	org.l2jmobius.gameserver.data.xml.impl.SpawnData	SpawnData: Loaded 50444 spawns
2020.04.03 19:50:07,822	INFO	1	org.l2jmobius.gameserver.data.xml.impl.MonsterBookData	MonsterBookData: Loaded 165 monster data.
2020.04.03 19:50:07,893	INFO	1	org.l2jmobius.gameserver.instancemanager.WalkingManager	WalkingManager: Loaded 197 walking routes.
2020.04.03 19:50:07,939	INFO	1	org.l2jmobius.gameserver.data.xml.impl.StaticObjectData	StaticObjectData: Loaded 86 static object templates.
2020.04.03 19:50:08,048	INFO	1	org.l2jmobius.gameserver.model.itemauction.ItemAuctionInstance	ItemAuctionInstance: Loaded 21 item(s) and registered 2 auction(s) for instance 34328
2020.04.03 19:50:08,064	INFO	1	org.l2jmobius.gameserver.model.itemauction.ItemAuctionInstance	ItemAuctionInstance: Schedule next auction 2 on 18:00:00 04.04.20 for instance 34328
2020.04.03 19:50:08,065	INFO	1	org.l2jmobius.gameserver.instancemanager.ItemAuctionManager	ItemAuctionManager: Loaded 1 instances.
2020.04.03 19:50:08,203	INFO	1	org.l2jmobius.gameserver.instancemanager.CastleManager	CastleManager: Loaded 9 castles.
2020.04.03 19:50:08,216	INFO	1	org.l2jmobius.gameserver.instancemanager.GrandBossManager	GrandBossManager: Fafurion(19740) status is 0
2020.04.03 19:50:08,216	INFO	1	org.l2jmobius.gameserver.instancemanager.GrandBossManager	GrandBossManager: Kelbim(26124) status is 0
2020.04.03 19:50:08,217	INFO	1	org.l2jmobius.gameserver.instancemanager.GrandBossManager	GrandBossManager: Queen Ant(29001) status is 0
2020.04.03 19:50:08,217	INFO	1	org.l2jmobius.gameserver.instancemanager.GrandBossManager	GrandBossManager: Core(29006) status is 0
2020.04.03 19:50:08,217	INFO	1	org.l2jmobius.gameserver.instancemanager.GrandBossManager	GrandBossManager: Baium(29020) status is 0
2020.04.03 19:50:08,217	INFO	1	org.l2jmobius.gameserver.instancemanager.GrandBossManager	GrandBossManager: Valakas(29028) status is 0
2020.04.03 19:50:08,217	INFO	1	org.l2jmobius.gameserver.instancemanager.GrandBossManager	GrandBossManager: Antharas(29068) status is 0
2020.04.03 19:50:08,217	INFO	1	org.l2jmobius.gameserver.instancemanager.GrandBossManager	GrandBossManager: Beleth(29118) status is 0
2020.04.03 19:50:08,217	INFO	1	org.l2jmobius.gameserver.instancemanager.GrandBossManager	GrandBossManager: Earth Wyrm Trasken(29197) status is 0
2020.04.03 19:50:08,218	INFO	1	org.l2jmobius.gameserver.instancemanager.GrandBossManager	GrandBossManager: Lindvior(29240) status is 0
2020.04.03 19:50:08,218	INFO	1	org.l2jmobius.gameserver.instancemanager.GrandBossManager	GrandBossManager: Helios(29305) status is 0
2020.04.03 19:50:08,218	INFO	1	org.l2jmobius.gameserver.instancemanager.GrandBossManager	GrandBossManager: Orfen(29325) status is 0
2020.04.03 19:50:08,218	INFO	1	org.l2jmobius.gameserver.instancemanager.GrandBossManager	GrandBossManager: Lilith(29336) status is 0
2020.04.03 19:50:08,218	INFO	1	org.l2jmobius.gameserver.instancemanager.GrandBossManager	GrandBossManager: Anakim(29348) status is 0
2020.04.03 19:50:08,218	INFO	1	org.l2jmobius.gameserver.instancemanager.GrandBossManager	GrandBossManager: Loaded 14 instances.
2020.04.03 19:50:08,220	INFO	1	org.l2jmobius.gameserver.GameServer	------------------------------------------------=[ Instance ]
2020.04.03 19:50:08,273	INFO	1	org.l2jmobius.gameserver.instancemanager.InstanceManager	InstanceManager: Loaded 296 instance names.
2020.04.03 19:50:09,984	INFO	1	org.l2jmobius.gameserver.instancemanager.InstanceManager	InstanceManager: Loaded 141 instance templates.
2020.04.03 19:50:09,986	INFO	1	org.l2jmobius.gameserver.instancemanager.InstanceManager	InstanceManager: Loaded instance reenter times for 0 players.
2020.04.03 19:50:09,986	INFO	1	org.l2jmobius.gameserver.GameServer	------------------------------------------------=[ Olympiad ]
2020.04.03 19:50:10,012	INFO	1	org.l2jmobius.gameserver.model.olympiad.Olympiad	Olympiad System: Loading....
2020.04.03 19:50:10,013	INFO	1	org.l2jmobius.gameserver.model.olympiad.Olympiad	Olympiad System: Currently in Olympiad Period
2020.04.03 19:50:10,018	INFO	1	org.l2jmobius.gameserver.model.olympiad.Olympiad	Olympiad System: 32649 minutes until period ends
2020.04.03 19:50:10,020	INFO	1	org.l2jmobius.gameserver.model.olympiad.Olympiad	Olympiad System: Next weekly change is in 10073 minutes
2020.04.03 19:50:10,021	INFO	1	org.l2jmobius.gameserver.model.olympiad.Olympiad	Olympiad System: Loaded 0 Nobles
2020.04.03 19:50:10,024	INFO	1	org.l2jmobius.gameserver.model.olympiad.Olympiad	Olympiad System: Competition Period Starts in 0 days, 0 hours and 10 mins.
2020.04.03 19:50:10,043	INFO	1	org.l2jmobius.gameserver.model.olympiad.Olympiad	Olympiad System: Event starts/started: Fri Apr 03 20:00:10 CEST 2020
2020.04.03 19:50:10,056	INFO	1	org.l2jmobius.gameserver.model.entity.Hero	Hero System: Loaded 0 Heroes.
2020.04.03 19:50:10,058	INFO	1	org.l2jmobius.gameserver.model.entity.Hero	Hero System: Loaded 0 all time Heroes.
2020.04.03 19:50:10,060	INFO	1	org.l2jmobius.gameserver.GameServer	---------------------------------------------------=[ Cache ]
2020.04.03 19:50:10,067	INFO	1	org.l2jmobius.gameserver.cache.HtmCache	Html cache start...
2020.04.03 19:50:26,792	INFO	1	org.l2jmobius.gameserver.cache.HtmCache	Cache[HTML]: 5,000 megabytes on 8899 files loaded.
2020.04.03 19:50:26,845	INFO	1	org.l2jmobius.gameserver.data.sql.impl.CrestTable	CrestTable: Loaded 0 Crests.
2020.04.03 19:50:26,866	INFO	1	org.l2jmobius.gameserver.data.xml.impl.TeleportListData	TeleportListData: Loaded 99 teleports.
2020.04.03 19:50:28,440	INFO	1	org.l2jmobius.gameserver.data.xml.impl.TeleporterData	TeleporterData: Loaded 156 npc teleporters.
2020.04.03 19:50:28,462	INFO	1	org.l2jmobius.gameserver.instancemanager.CursedWeaponsManager	CursedWeaponsManager: Loaded 2 cursed weapons.
2020.04.03 19:50:30,013	INFO	1	org.l2jmobius.gameserver.data.xml.impl.TransformData	TransformData: Loaded 174 transform templates.
2020.04.03 19:50:30,037	INFO	1	org.l2jmobius.gameserver.datatables.BotReportTable	BotReportTable: Loaded 0 bot reports
2020.04.03 19:50:30,060	INFO	1	org.l2jmobius.gameserver.instancemanager.SellBuffsManager	SellBuffsManager: Loaded 145 allowed buffs.
2020.04.03 19:50:30,060	INFO	1	org.l2jmobius.gameserver.GameServer	-------------------------------------------------=[ Scripts ]
2020.04.03 19:50:30,083	INFO	1	org.l2jmobius.gameserver.instancemanager.AirShipManager	AirShipManager: Loaded 0 private airships
2020.04.03 19:50:30,124	INFO	1	org.l2jmobius.gameserver.data.xml.impl.ShuttleData	ShuttleData: Loaded 3 shuttles.
2020.04.03 19:50:30,126	INFO	1	org.l2jmobius.gameserver.GameServer	GameServer: Loading server scripts:
2020.04.03 19:50:40,780	INFO	1	handlers.MasterHandler	Loading Handlers...
2020.04.03 19:50:40,984	INFO	1	handlers.MasterHandler	ActionHandler: Loaded 10 handlers.
2020.04.03 19:50:40,985	INFO	1	handlers.MasterHandler	ActionShiftHandler: Loaded 6 handlers.
2020.04.03 19:50:40,985	INFO	1	handlers.MasterHandler	AdminCommandHandler: Loaded 449 handlers.
2020.04.03 19:50:40,985	INFO	1	handlers.MasterHandler	BypassHandler: Loaded 32 handlers.
2020.04.03 19:50:40,985	INFO	1	handlers.MasterHandler	ChatHandler: Loaded 14 handlers.
2020.04.03 19:50:40,985	INFO	1	handlers.MasterHandler	CommunityBoardHandler: Loaded 18 handlers.
2020.04.03 19:50:40,985	INFO	1	handlers.MasterHandler	ItemHandler: Loaded 32 handlers.
2020.04.03 19:50:40,985	INFO	1	handlers.MasterHandler	PunishmentHandler: Loaded 3 handlers.
2020.04.03 19:50:40,985	INFO	1	handlers.MasterHandler	UserCommandHandler: Loaded 16 handlers.
2020.04.03 19:50:40,986	INFO	1	handlers.MasterHandler	VoicedCommandHandler: Loaded 10 handlers.
2020.04.03 19:50:40,986	INFO	1	handlers.MasterHandler	TargetHandler: Loaded 21 handlers.
2020.04.03 19:50:40,986	INFO	1	handlers.MasterHandler	AffectObjectHandler: Loaded 11 handlers.
2020.04.03 19:50:40,986	INFO	1	handlers.MasterHandler	AffectScopeHandler: Loaded 19 handlers.
2020.04.03 19:50:40,986	INFO	1	handlers.MasterHandler	PlayerActionHandler: Loaded 24 handlers.
2020.04.03 19:50:40,986	INFO	1	handlers.MasterHandler	Handlers Loaded...
2020.04.03 19:51:04,144	INFO	1	ai.areas.FantasyIsle.HandysBlockCheckerEvent	Handy's Block Checker Event is enabled
2020.04.03 19:51:04,186	INFO	1	ai.areas.FantasyIsle.Parade	Fantasy Isle: Parade starting at 2020/04/03 21:20 and is scheduled each next 1 hours.
2020.04.03 19:51:04,197	INFO	1	ai.areas.FantasyIsle.TalentShow	Fantasy Isle: MC show script starting at 04/04/2020 17:15:04 and is scheduled each next 4 hours.
2020.04.03 19:51:04,502	INFO	1	ai.areas.ImperialTomb.FourSepulchers.FourSepulchers	[Four Sepulchers] Loaded 762 spawn zones data.
2020.04.03 19:51:05,865	INFO	1	ai.bosses.Tiat.Stage1	[Seed of Destruction] Loaded 51 spawn zones data.
2020.04.03 19:51:06,080	INFO	1	ai.others.ClassMaster.ClassMaster	ClassMaster: Loaded 0 class change options.
2020.04.03 19:51:06,513	INFO	1	ai.others.MentorGuide.MentorGuide	MentorGuide: Loaded 5 mentee coins
2020.04.03 19:51:06,708	INFO	1	ai.others.NpcBuffers.NpcBuffersData	NpcBuffersData: Loaded 6 buffers data.
2020.04.03 19:51:06,921	INFO	1	events.BirthOfDraco.BirthOfDraco	Event Birth of Draco has passed... Ignored 
2020.04.03 19:51:06,961	INFO	1	events.CustomDropEvent.CustomDropEvent	Event Custom Drop Event active till Mon Nov 19 00:00:00 CET 2029
2020.04.03 19:51:06,997	INFO	1	events.EveTheFortuneTeller.EveTheFortuneTeller	Event Eve the Fortune Teller has passed... Ignored 
2020.04.03 19:51:07,025	INFO	1	events.FreyaCelebration.FreyaCelebration	Event Freya Celebration has passed... Ignored 
2020.04.03 19:51:07,050	INFO	1	events.GiftOfVitality.GiftOfVitality	Event Gift of Vitality has passed... Ignored 
2020.04.03 19:51:07,058	INFO	1	events.Halloween.Halloween	Event Halloween has passed... Ignored 
2020.04.03 19:51:07,091	INFO	1	events.HappyHours.HappyHours	Event Happy Hours has passed... Ignored 
2020.04.03 19:51:07,109	INFO	1	events.HeavyMedal.HeavyMedal	Event Heavy Medal has passed... Ignored 
2020.04.03 19:51:07,139	INFO	1	events.HungryHorse.HungryHorse	Event Hungry Horse has passed... Ignored 
2020.04.03 19:51:07,146	INFO	1	events.HuntForSanta.HuntForSanta	Event Hunt for Santa has passed... Ignored 
2020.04.03 19:51:07,154	INFO	1	events.LetterCollector.LetterCollector	Event Letter Collector has passed... Ignored 
2020.04.03 19:51:07,169	INFO	1	events.LoversJubilee.LoversJubilee	Event Lovers Jubilee has passed... Ignored 
2020.04.03 19:51:07,192	INFO	1	events.LoveYourGatekeeper.LoveYourGatekeeper	Event Love Your Gatekeeper has passed... Ignored 
2020.04.03 19:51:07,198	INFO	1	events.MasterOfEnchanting.MasterOfEnchanting	Event Master of Enchanting has passed... Ignored 
2020.04.03 19:51:07,209	INFO	1	events.RedLibra.RedLibra	Event Red Libra has passed... Ignored 
2020.04.03 19:51:07,218	INFO	1	events.RudolphsBlessing.RudolphsBlessing	Event Rudolphs Blessing has passed... Ignored 
2020.04.03 19:51:07,234	INFO	1	events.SavingSanta.SavingSanta	Event Saving Santa has passed... Ignored 
2020.04.03 19:51:07,244	INFO	1	events.ThePowerOfLove.ThePowerOfLove	Event The Power Of Love has passed... Ignored 
2020.04.03 19:51:07,263	INFO	1	events.TrainingWithDandy.TrainingWithDandy	Event Training with Dandy has passed... Ignored 
2020.04.03 19:51:08,536	INFO	1	org.l2jmobius.gameserver.data.xml.impl.SpawnData	SpawnData: Initializing spawns...
2020.04.03 19:51:09,926	INFO	1	org.l2jmobius.gameserver.instancemanager.DBSpawnManager	DBSpawnManager: Loaded 161 instances.
2020.04.03 19:51:09,938	INFO	1	org.l2jmobius.gameserver.instancemanager.DBSpawnManager	DBSpawnManager: Scheduled 0 instances.
2020.04.03 19:51:32,962	INFO	1	org.l2jmobius.gameserver.data.xml.impl.SpawnData	SpawnData: All spawns has been initialized!
2020.04.03 19:51:32,973	INFO	1	org.l2jmobius.gameserver.GameServer	--------------------------------------------=[ Event Engine ]
2020.04.03 19:51:33,059	INFO	1	org.l2jmobius.gameserver.data.xml.impl.EventEngineData	EventEngineData: CeremonyOfChaosManager: Initialized.
2020.04.03 19:51:33,072	INFO	1	org.l2jmobius.gameserver.instancemanager.ClanHallAuctionManager	ClanHallAuctionManager: Clan Hall Auction has started!
2020.04.03 19:51:33,117	INFO	1	org.l2jmobius.gameserver.model.eventengine.conditions.BetweenConditionalScheduler	Event ClanHallAuctionManager will resume because is within the event period.
2020.04.03 19:51:33,118	INFO	1	org.l2jmobius.gameserver.data.xml.impl.EventEngineData	EventEngineData: ClanHallAuctionManager: Initialized.
2020.04.03 19:51:33,155	INFO	1	org.l2jmobius.gameserver.data.xml.impl.EventEngineData	EventEngineData: DailyTaskManager: Initialized.
2020.04.03 19:51:33,157	INFO	1	org.l2jmobius.gameserver.model.votereward.VoteSystem	VoteSystem: Disabled.
2020.04.03 19:51:33,157	INFO	1	org.l2jmobius.gameserver.GameServer	---------------------------------------------------=[ Siege ]
2020.04.03 19:51:33,172	INFO	1	org.l2jmobius.gameserver.model.entity.Siege	Siege of Gludio: Sun Apr 12 16:00:00 CEST 2020
2020.04.03 19:51:33,177	INFO	1	org.l2jmobius.gameserver.model.entity.Siege	Siege of Dion: Sun Apr 12 16:00:00 CEST 2020
2020.04.03 19:51:33,190	INFO	1	org.l2jmobius.gameserver.model.entity.Siege	Siege of Giran: Sun Apr 12 16:00:00 CEST 2020
2020.04.03 19:51:33,194	INFO	1	org.l2jmobius.gameserver.model.entity.Siege	Siege of Oren: Sun Apr 12 16:00:00 CEST 2020
2020.04.03 19:51:33,195	INFO	1	org.l2jmobius.gameserver.model.entity.Siege	Siege of Aden: Sun Apr 12 16:00:00 CEST 2020
2020.04.03 19:51:33,196	INFO	1	org.l2jmobius.gameserver.model.entity.Siege	Siege of Innadril: Sun Apr 12 16:00:00 CEST 2020
2020.04.03 19:51:33,198	INFO	1	org.l2jmobius.gameserver.model.entity.Siege	Siege of Goddard: Sun Apr 12 16:00:00 CEST 2020
2020.04.03 19:51:33,199	INFO	1	org.l2jmobius.gameserver.model.entity.Siege	Siege of Rune: Sun Apr 12 16:00:00 CEST 2020
2020.04.03 19:51:33,203	INFO	1	org.l2jmobius.gameserver.model.entity.Siege	Siege of Schuttgart: Sun Apr 12 16:00:00 CEST 2020
2020.04.03 19:51:33,604	INFO	1	org.l2jmobius.gameserver.instancemanager.FortManager	FortManager: Loaded 20 fortress.
2020.04.03 19:51:33,836	INFO	1	org.l2jmobius.gameserver.data.xml.impl.SiegeScheduleData	SiegeScheduleData: Loaded 2 siege schedulers.
2020.04.03 19:51:33,861	INFO	1	org.l2jmobius.gameserver.instancemanager.CastleManorManager	CastleManorManager: Loaded 258 seeds.
2020.04.03 19:51:33,871	INFO	1	org.l2jmobius.gameserver.instancemanager.CastleManorManager	CastleManorManager: Manor data loaded.
2020.04.03 19:51:33,876	INFO	1	org.l2jmobius.gameserver.instancemanager.SiegeGuardManager	SiegeGuardManager: Loaded 0 siege guards tickets.
2020.04.03 19:51:33,877	INFO	1	org.l2jmobius.gameserver.instancemanager.QuestManager	QuestManager: Loaded 309 quests.
2020.04.03 19:51:33,878	INFO	1	org.l2jmobius.gameserver.instancemanager.QuestManager	QuestManager: Loaded 380 scripts.
2020.04.03 19:51:33,894	INFO	1	org.l2jmobius.gameserver.taskmanager.TaskManager	TaskManager: Loaded 5 Tasks.
2020.04.03 19:51:33,898	INFO	1	org.l2jmobius.gameserver.instancemanager.MailManager	MailManager: Loaded 0 messages.
2020.04.03 19:51:33,898	INFO	1	org.l2jmobius.gameserver.GameServer	-------------------------------------=[ Tenkai Event Engine ]
2020.04.03 19:51:33,954	INFO	1	org.l2jmobius.gameserver.instancemanager.PunishmentManager	PunishmentManager: Loaded 0 active and 0 expired punishments.
2020.04.03 19:51:33,956	INFO	1	org.l2jmobius.gameserver.GameServer	IdFactory: Free ObjectID's remaining: 1878990986
2020.04.03 19:51:33,959	INFO	1	org.l2jmobius.gameserver.data.sql.impl.OfflineTraderTable	OfflineTraderTable: Loading offline traders...
2020.04.03 19:51:33,960	INFO	1	org.l2jmobius.gameserver.data.sql.impl.OfflineTraderTable	OfflineTraderTable: Loaded 0 offline traders.
2020.04.03 19:51:33,970	INFO	1	org.l2jmobius.gameserver.GameServer	GameServer: Started, using 1389 of 2020 MB total memory.
2020.04.03 19:51:33,971	INFO	1	org.l2jmobius.gameserver.GameServer	GameServer: Maximum number of connected players is 2000.
2020.04.03 19:51:33,971	INFO	1	org.l2jmobius.gameserver.GameServer	GameServer: Server loaded in 161 seconds.
2020.04.03 19:51:34,307	INFO	1	org.l2jmobius.commons.network.NetworkManager	ClientNetworkManager: Listening on 0.0.0.0:7777
2020.04.03 19:51:34,323	INFO	92	org.l2jmobius.gameserver.LoginServerThread	LoginServerThread: Connecting to login on 127.0.0.1:9014
2020.04.03 19:51:34,477	INFO	92	org.l2jmobius.gameserver.LoginServerThread	LoginServerThread: Registered on login as Server 2: Test
2020.04.03 19:51:39,116	WARNING	94	org.l2jmobius.gameserver.model.actor.Creature	Master access level set for character Inia! Just a warning to be careful ;)
2020.04.03 19:52:34,875	WARNING	94	org.l2jmobius.gameserver.handler.AdminCommandHandler	No handler registered for admin command 'admin_gm_event'
2020.04.03 19:52:43,104	WARNING	94	org.l2jmobius.gameserver.handler.AdminCommandHandler	No handler registered for admin command 'admin_gm_event'
2020.04.03 19:54:29,484	INFO	85	handlers.MasterHandler	Loading Handlers...
2020.04.03 19:54:29,517	INFO	85	org.l2jmobius.gameserver.instancemanager.QuestManager	Replaced script AdminZones with a new version!
2020.04.03 19:54:29,623	INFO	85	org.l2jmobius.gameserver.instancemanager.QuestManager	Replaced script MercTicket with a new version!
2020.04.03 19:54:29,639	INFO	85	handlers.MasterHandler	ActionHandler: Loaded 10 handlers.
2020.04.03 19:54:29,639	INFO	85	handlers.MasterHandler	ActionShiftHandler: Loaded 6 handlers.
2020.04.03 19:54:29,639	INFO	85	handlers.MasterHandler	AdminCommandHandler: Loaded 450 handlers.
2020.04.03 19:54:29,640	INFO	85	handlers.MasterHandler	BypassHandler: Loaded 43 handlers.
2020.04.03 19:54:29,640	INFO	85	handlers.MasterHandler	ChatHandler: Loaded 14 handlers.
2020.04.03 19:54:29,640	INFO	85	handlers.MasterHandler	CommunityBoardHandler: Loaded 19 handlers.
2020.04.03 19:54:29,640	INFO	85	handlers.MasterHandler	ItemHandler: Loaded 32 handlers.
2020.04.03 19:54:29,640	INFO	85	handlers.MasterHandler	PunishmentHandler: Loaded 3 handlers.
2020.04.03 19:54:29,640	INFO	85	handlers.MasterHandler	UserCommandHandler: Loaded 16 handlers.
2020.04.03 19:54:29,640	INFO	85	handlers.MasterHandler	VoicedCommandHandler: Loaded 12 handlers.
2020.04.03 19:54:29,640	INFO	85	handlers.MasterHandler	TargetHandler: Loaded 21 handlers.
2020.04.03 19:54:29,640	INFO	85	handlers.MasterHandler	AffectObjectHandler: Loaded 11 handlers.
2020.04.03 19:54:29,640	INFO	85	handlers.MasterHandler	AffectScopeHandler: Loaded 19 handlers.
2020.04.03 19:54:29,640	INFO	85	handlers.MasterHandler	PlayerActionHandler: Loaded 24 handlers.
2020.04.03 19:54:29,640	INFO	85	handlers.MasterHandler	Handlers Loaded...
2020.04.03 19:55:01,521	INFO	94	org.l2jmobius.gameserver.data.xml.impl.AdminData	AdminData: No rights defined for admin command admin_gm_event auto setting accesslevel: 100 !
2020.04.03 19:55:02,847	WARNING	84	org.l2jmobius.gameserver.network.serverpackets.IClientOutgoingPacket	missing html page data/html/admin/gm_event.htm
2020.04.03 19:55:45,684	INFO	69	org.l2jmobius.gameserver.cache.HtmCache	Html cache start...
2020.04.03 19:55:59,416	INFO	69	org.l2jmobius.gameserver.cache.HtmCache	Cache[HTML]: 5,009 megabytes on 8900 files loaded.
2020.04.03 19:56:05,012	SEVERE	86	org.l2jmobius.gameserver.model.events.AbstractScript	CreatureInvasion: Found addAttackId for non existing NPC: 900900!
2020.04.03 19:56:05,014	SEVERE	86	org.l2jmobius.gameserver.model.events.AbstractScript	CreatureInvasion: Found addKillId for non existing NPC: 900900!
2020.04.03 19:56:05,016	SEVERE	86	org.l2jmobius.gameserver.model.events.AbstractScript	CreatureInvasion: Found addAttackId for non existing NPC: 900901!
2020.04.03 19:56:05,016	SEVERE	86	org.l2jmobius.gameserver.model.events.AbstractScript	CreatureInvasion: Found addKillId for non existing NPC: 900901!
2020.04.03 19:56:05,020	SEVERE	63	org.l2jmobius.gameserver.model.events.AbstractScript	CreatureInvasion: Found addStartNpc for non existing NPC: 9009125!
2020.04.03 19:56:05,021	SEVERE	63	org.l2jmobius.gameserver.model.events.AbstractScript	CreatureInvasion: Found addTalkId for non existing NPC: 9009125!
2020.04.03 19:56:05,022	SEVERE	63	org.l2jmobius.gameserver.model.events.AbstractScript	CreatureInvasion: Found addFirstTalkId for non existing NPC: 9009125!
2020.04.03 19:56:05,022	WARNING	63	org.l2jmobius.gameserver.model.events.AbstractScript	Could not spawn NPC #9009125; error: NpcTemplate not found for NPC ID: 9009125
2020.04.03 19:56:58,366	INFO	67	org.l2jmobius.gameserver.data.xml.impl.NpcData	NpcData: Loaded 14509 NPCs.
2020.04.03 19:56:58,437	INFO	67	org.l2jmobius.gameserver.data.xml.impl.NpcData	NpcData: Loaded 16 custom NPCs.
2020.04.03 19:58:36,092	WARNING	20	org.l2jmobius.gameserver.Shutdown	Server scheduled restart issued shutdown command. Shutdown in 1 seconds!
2020.04.03 19:58:37,094	WARNING	97	org.l2jmobius.gameserver.Shutdown	GM shutdown countdown is over. shutting down NOW!
