2020.04.03 19:45:21,782	WARNING	1	org.l2jmobius.commons.util.PropertiesParser	[Event.ini] missing property for key: INSTANCED_EVENT_MIN_PLAYERS_IN_TEAMS using default value: 1
2020.04.03 19:45:21,828	INFO	1	org.l2jmobius.commons.util.IXmlReader	Network Config: ipconfig.xml doesn't exists using automatic configuration...
2020.04.03 19:45:22,079	INFO	1	org.l2jmobius.commons.util.IXmlReader	Network Config: Adding new subnet: 127.0.0.0/8 address: 127.0.0.1
2020.04.03 19:45:22,128	INFO	1	org.l2jmobius.commons.util.IXmlReader	Network Config: Adding new subnet: 192.168.0.0/24 address: 192.168.0.11
2020.04.03 19:45:22,204	INFO	1	org.l2jmobius.commons.util.IXmlReader	Network Config: Adding new subnet: 0.0.0.0/0 address: 91.172.190.136
2020.04.03 19:45:22,237	INFO	1	org.l2jmobius.Config	Loaded 6 Filter Words.
2020.04.03 19:45:22,447	INFO	1	org.l2jmobius.gameserver.GameServer	------------------------------------------------=[ Database ]
2020.04.03 19:45:22,654	INFO	1	org.l2jmobius.commons.database.DatabaseFactory	Database: Initialized.
2020.04.03 19:45:22,654	INFO	1	org.l2jmobius.gameserver.GameServer	----------------------------------------------=[ ThreadPool ]
2020.04.03 19:45:22,667	INFO	1	org.l2jmobius.commons.concurrent.ThreadPool	ThreadPool: Initialized
2020.04.03 19:45:22,669	INFO	1	org.l2jmobius.commons.concurrent.ThreadPool	...scheduled pool executor with 40 total threads.
2020.04.03 19:45:22,669	INFO	1	org.l2jmobius.commons.concurrent.ThreadPool	...instant pool executor with 20 total threads.
2020.04.03 19:45:22,669	INFO	1	org.l2jmobius.gameserver.GameServer	-----------------------------------------------=[ IdFactory ]
2020.04.03 19:45:22,723	INFO	1	org.l2jmobius.gameserver.idfactory.IdFactory	Updated characters online status.
2020.04.03 19:45:22,736	INFO	21	org.l2jmobius.gameserver.model.World	World: (288 by 272) World Region Grid set up.
2020.04.03 19:45:22,808	INFO	1	org.l2jmobius.gameserver.idfactory.IdFactory	IdFactory: Cleaned 0 elements from database in 0 seconds.
2020.04.03 19:45:22,822	INFO	1	org.l2jmobius.gameserver.idfactory.IdFactory	IdFactory: Cleaned 0 expired timestamps from database.
2020.04.03 19:45:22,856	INFO	1	org.l2jmobius.gameserver.idfactory.IdFactory	IdFactory: 102912 id's available.
2020.04.03 19:45:22,856	INFO	1	org.l2jmobius.gameserver.GameServer	----------------------------------------=[ Scripting Engine ]
2020.04.03 19:45:23,451	INFO	1	org.l2jmobius.gameserver.scripting.ScriptEngineManager	Loaded 794 files to exclude.
2020.04.03 19:45:23,451	INFO	1	org.l2jmobius.gameserver.GameServer	--------------------------------------------------=[ Telnet ]
2020.04.03 19:45:23,701	INFO	1	org.l2jmobius.gameserver.network.telnet.TelnetServer	Telnet server is currently disabled.
2020.04.03 19:45:23,703	INFO	1	org.l2jmobius.gameserver.GameServer	---------------------------------------------------=[ World ]
2020.04.03 19:45:23,705	INFO	87	org.l2jmobius.gameserver.GameTimeController	GameTimeController: Started.
2020.04.03 19:45:24,042	INFO	1	org.l2jmobius.gameserver.instancemanager.MapRegionManager	MapRegionManager: Loaded 61 map regions.
2020.04.03 19:45:24,049	INFO	1	org.l2jmobius.gameserver.instancemanager.ZoneManager	ZoneManager 19 by 18 Zone Region Grid set up.
2020.04.03 19:45:24,364	CONFIG	1	org.l2jmobius.gameserver.instancemanager.ZoneManager	ZoneManager: Caution: Zone (80013) from file: event_zones.xml overrides previous definition.
2020.04.03 19:45:24,364	CONFIG	1	org.l2jmobius.gameserver.instancemanager.ZoneManager	ZoneManager: Caution: Zone (80014) from file: event_zones.xml overrides previous definition.
2020.04.03 19:45:24,365	CONFIG	1	org.l2jmobius.gameserver.instancemanager.ZoneManager	ZoneManager: Caution: Zone (80015) from file: event_zones.xml overrides previous definition.
2020.04.03 19:45:24,366	CONFIG	1	org.l2jmobius.gameserver.instancemanager.ZoneManager	ZoneManager: Caution: Zone (80016) from file: event_zones.xml overrides previous definition.
2020.04.03 19:45:24,366	CONFIG	1	org.l2jmobius.gameserver.instancemanager.ZoneManager	ZoneManager: Caution: Zone (80018) from file: event_zones.xml overrides previous definition.
2020.04.03 19:45:24,368	CONFIG	1	org.l2jmobius.gameserver.instancemanager.ZoneManager	ZoneManager: Caution: Zone (80020) from file: event_zones.xml overrides previous definition.
2020.04.03 19:45:24,370	CONFIG	1	org.l2jmobius.gameserver.instancemanager.ZoneManager	ZoneManager: Caution: Zone (80022) from file: event_zones.xml overrides previous definition.
2020.04.03 19:45:24,372	CONFIG	1	org.l2jmobius.gameserver.instancemanager.ZoneManager	ZoneManager: Caution: Zone (80023) from file: event_zones.xml overrides previous definition.
2020.04.03 19:45:24,375	CONFIG	1	org.l2jmobius.gameserver.instancemanager.ZoneManager	ZoneManager: Caution: Zone (80027) from file: event_zones.xml overrides previous definition.
2020.04.03 19:45:24,376	CONFIG	1	org.l2jmobius.gameserver.instancemanager.ZoneManager	ZoneManager: Caution: Zone (80028) from file: event_zones.xml overrides previous definition.
2020.04.03 19:45:24,379	CONFIG	1	org.l2jmobius.gameserver.instancemanager.ZoneManager	ZoneManager: Caution: Zone (80029) from file: event_zones.xml overrides previous definition.
2020.04.03 19:45:24,379	CONFIG	1	org.l2jmobius.gameserver.instancemanager.ZoneManager	ZoneManager: Caution: Zone (80031) from file: event_zones.xml overrides previous definition.
2020.04.03 19:45:24,379	CONFIG	1	org.l2jmobius.gameserver.instancemanager.ZoneManager	ZoneManager: Caution: Zone (80033) from file: event_zones.xml overrides previous definition.
2020.04.03 19:45:25,008	INFO	1	org.l2jmobius.gameserver.instancemanager.ZoneManager	ZoneManager: Loaded 34 zone classes and 2908 zones.
2020.04.03 19:45:25,009	INFO	1	org.l2jmobius.gameserver.instancemanager.ZoneManager	ZoneManager: Loaded 16 NPC spawn territoriers.
2020.04.03 19:45:25,014	INFO	1	org.l2jmobius.gameserver.instancemanager.ZoneManager	ZoneManager: Last static id 210110.
2020.04.03 19:45:25,461	INFO	1	org.l2jmobius.gameserver.data.xml.impl.DoorData	DoorData: Loaded 1516 Door Templates for 24 regions.
2020.04.03 19:45:25,471	INFO	1	FenceData	FenceData: Loaded 1 fences.
2020.04.03 19:45:25,481	INFO	1	org.l2jmobius.gameserver.instancemanager.GlobalVariablesManager	GlobalVariablesManager: Loaded 11 variables.
2020.04.03 19:45:25,481	INFO	1	org.l2jmobius.gameserver.GameServer	----------------------------------------------------=[ Data ]
2020.04.03 19:45:25,497	INFO	1	org.l2jmobius.gameserver.data.xml.impl.ActionData	ActionData: Loaded 216 player actions.
2020.04.03 19:45:25,553	INFO	1	org.l2jmobius.gameserver.data.xml.impl.CategoryData	CategoryData: Loaded 215 categories.
2020.04.03 19:45:25,563	INFO	1	org.l2jmobius.gameserver.data.xml.impl.SecondaryAuthData	SecondaryAuthData: Loaded 328 forbidden passwords.
2020.04.03 19:45:25,674	WARNING	1	org.l2jmobius.gameserver.engines.DocumentEngine	Dir C:\Users\Pedrito\Desktop\CleanMobius\dist\game\data\stats\items\custom does not exist.
2020.04.03 19:45:28,963	INFO	1	org.l2jmobius.gameserver.datatables.ItemTable	ItemTable: Highest item id used: 91746
2020.04.03 19:45:28,977	INFO	1	org.l2jmobius.gameserver.datatables.ItemTable	ItemTable: Loaded 22630 Etc Items
2020.04.03 19:45:28,978	INFO	1	org.l2jmobius.gameserver.datatables.ItemTable	ItemTable: Loaded 12280 Armor Items
2020.04.03 19:45:28,979	INFO	1	org.l2jmobius.gameserver.datatables.ItemTable	ItemTable: Loaded 9011 Weapon Items
2020.04.03 19:45:28,979	INFO	1	org.l2jmobius.gameserver.datatables.ItemTable	ItemTable: Loaded 43921 Items in total.
2020.04.03 19:45:29,024	INFO	1	org.l2jmobius.gameserver.data.xml.impl.CombinationItemsData	CombinationItemsData: Loaded 1366 combinations.
2020.04.03 19:45:29,053	INFO	1	org.l2jmobius.gameserver.data.xml.impl.SayuneData	SayuneData: Loaded 71 maps.
2020.04.03 19:45:30,720	INFO	1	handlers.DailyMissionMasterHandler	DailyMissionMasterHandler:  Loaded 10 handlers.
2020.04.03 19:45:30,756	INFO	1	org.l2jmobius.gameserver.data.xml.impl.DailyMissionData	DailyMissionData: Loaded 46 one day rewards.
2020.04.03 19:45:30,756	INFO	1	org.l2jmobius.gameserver.GameServer	--------------------------------------------------=[ Skills ]
2020.04.03 19:45:35,699	INFO	1	handlers.EffectMasterHandler	EffectMasterHandler: Loaded 353 effect handlers.
2020.04.03 19:45:35,728	INFO	1	org.l2jmobius.gameserver.data.xml.impl.EnchantSkillGroupsData	EnchantSkillGroupsData: Loaded 20 enchant routes, max enchant set to 20.
2020.04.03 19:45:40,994	INFO	1	org.l2jmobius.gameserver.data.xml.impl.SkillData	SkillData: Loaded 162946 Skills.
2020.04.03 19:45:41,554	INFO	1	org.l2jmobius.gameserver.data.xml.impl.SkillTreeData	SkillTreeData: Loaded 18181 Class skills for 145 class skill trees.
2020.04.03 19:45:41,556	INFO	1	org.l2jmobius.gameserver.data.xml.impl.SkillTreeData	SkillTreeData: Loaded 24 sub-class skills.
2020.04.03 19:45:41,556	INFO	1	org.l2jmobius.gameserver.data.xml.impl.SkillTreeData	SkillTreeData: Loaded 25 dual-class skills.
2020.04.03 19:45:41,556	INFO	1	org.l2jmobius.gameserver.data.xml.impl.SkillTreeData	SkillTreeData: Loaded 104 transfer skills for 3 transfer skill trees.
2020.04.03 19:45:41,557	INFO	1	org.l2jmobius.gameserver.data.xml.impl.SkillTreeData	SkillTreeData: Loaded 17 race skills for 7 race skill trees.
2020.04.03 19:45:41,558	INFO	1	org.l2jmobius.gameserver.data.xml.impl.SkillTreeData	SkillTreeData: Loaded 35 fishing skills, 8 Dwarven only fishing skills.
2020.04.03 19:45:41,558	INFO	1	org.l2jmobius.gameserver.data.xml.impl.SkillTreeData	SkillTreeData: Loaded 3 collect skills.
2020.04.03 19:45:41,564	INFO	1	org.l2jmobius.gameserver.data.xml.impl.SkillTreeData	SkillTreeData: Loaded 0 clan skills, 0 for clan and 0 residential.
2020.04.03 19:45:41,565	INFO	1	org.l2jmobius.gameserver.data.xml.impl.SkillTreeData	SkillTreeData: Loaded 0 sub-pledge skills.
2020.04.03 19:45:41,569	INFO	1	org.l2jmobius.gameserver.data.xml.impl.SkillTreeData	SkillTreeData: Loaded 32 transform skills.
2020.04.03 19:45:41,572	INFO	1	org.l2jmobius.gameserver.data.xml.impl.SkillTreeData	SkillTreeData: Loaded 21 noble skills.
2020.04.03 19:45:41,573	INFO	1	org.l2jmobius.gameserver.data.xml.impl.SkillTreeData	SkillTreeData: Loaded 5 hero skills.
2020.04.03 19:45:41,574	INFO	1	org.l2jmobius.gameserver.data.xml.impl.SkillTreeData	SkillTreeData: Loaded 61 game master skills.
2020.04.03 19:45:41,579	INFO	1	org.l2jmobius.gameserver.data.xml.impl.SkillTreeData	SkillTreeData: Loaded 61 game master aura skills.
2020.04.03 19:45:41,579	INFO	1	org.l2jmobius.gameserver.data.xml.impl.SkillTreeData	SkillTreeData: Loaded 123 ability skills.
2020.04.03 19:45:41,580	INFO	1	org.l2jmobius.gameserver.data.xml.impl.SkillTreeData	SkillTreeData: Loaded 112 alchemy skills.
2020.04.03 19:45:41,580	INFO	1	org.l2jmobius.gameserver.data.xml.impl.SkillTreeData	SkillTreeData: Loaded 36 class awaken save skills.
2020.04.03 19:45:41,580	INFO	1	org.l2jmobius.gameserver.data.xml.impl.SkillTreeData	SkillTreeData: Loaded 20 Revelation skills.
2020.04.03 19:45:41,580	INFO	1	org.l2jmobius.gameserver.data.xml.impl.SkillTreeData	SkillTreeData: Loaded 37 common skills.
2020.04.03 19:45:41,615	INFO	1	org.l2jmobius.gameserver.data.xml.impl.PetSkillData	PetSkillData: Loaded 1084 skills.
2020.04.03 19:45:41,616	INFO	1	org.l2jmobius.gameserver.GameServer	---------------------------------------------------=[ Items ]
2020.04.03 19:45:41,790	INFO	1	org.l2jmobius.gameserver.data.xml.impl.EnchantItemGroupsData	EnchantItemGroupsData: Loaded 4 item group templates.
2020.04.03 19:45:41,794	INFO	1	org.l2jmobius.gameserver.data.xml.impl.EnchantItemGroupsData	EnchantItemGroupsData: Loaded 1 scroll group templates.
2020.04.03 19:45:41,821	INFO	1	org.l2jmobius.gameserver.data.xml.impl.EnchantItemData	EnchantItemData: Loaded 256 enchant scrolls.
2020.04.03 19:45:41,825	INFO	1	org.l2jmobius.gameserver.data.xml.impl.EnchantItemData	EnchantItemData: Loaded 100 support items.
2020.04.03 19:45:41,850	INFO	1	org.l2jmobius.gameserver.data.xml.impl.EnchantItemOptionsData	EnchantItemOptionsData: Loaded 102 items and 2106 options.
2020.04.03 19:45:41,870	INFO	1	org.l2jmobius.gameserver.data.xml.impl.ItemCrystallizationData	ItemCrystallizationData: Loaded 13 crystallization templates.
2020.04.03 19:45:41,872	INFO	1	org.l2jmobius.gameserver.data.xml.impl.ItemCrystallizationData	ItemCrystallizationData: Loaded 279 pre-defined crystallizable items.
2020.04.03 19:45:41,895	INFO	1	org.l2jmobius.gameserver.data.xml.impl.ItemCrystallizationData	ItemCrystallizationData: Generated 5919 crystallizable items from templates.
2020.04.03 19:45:43,351	INFO	1	org.l2jmobius.gameserver.data.xml.impl.OptionData	OptionData: Loaded 34825 options.
2020.04.03 19:45:43,439	INFO	1	VariationData	VariationData: Loaded 121 variations.
2020.04.03 19:45:43,444	INFO	1	VariationData	VariationData: Loaded 4788 fees.
2020.04.03 19:45:43,472	INFO	1	org.l2jmobius.gameserver.data.xml.impl.EnsoulData	EnsoulData: Loaded 11 fees.
2020.04.03 19:45:43,473	INFO	1	org.l2jmobius.gameserver.data.xml.impl.EnsoulData	EnsoulData: Loaded 812 options.
2020.04.03 19:45:43,474	INFO	1	org.l2jmobius.gameserver.data.xml.impl.EnsoulData	EnsoulData: Loaded 114 stones.
2020.04.03 19:45:43,479	INFO	1	org.l2jmobius.gameserver.data.xml.impl.EnchantItemHPBonusData	EnchantItemHPBonusData: Loaded 12 enchant HP bonuses.
2020.04.03 19:45:44,864	INFO	1	org.l2jmobius.gameserver.data.xml.impl.BuyListData	BuyListData: Loaded 885 buyLists.
2020.04.03 19:45:46,221	INFO	1	org.l2jmobius.gameserver.data.xml.impl.MultisellData	MultisellData: Loaded 552 multisell lists.
2020.04.03 19:45:46,298	INFO	1	org.l2jmobius.gameserver.data.xml.impl.EquipmentUpgradeData	EquipmentUpgradeData: Loaded 6777 upgrade equipment data.
2020.04.03 19:45:46,387	INFO	1	org.l2jmobius.gameserver.data.xml.impl.RecipeData	RecipeData: Loaded 1678 recipes.
2020.04.03 19:45:46,423	INFO	1	org.l2jmobius.gameserver.data.xml.impl.ArmorSetData	ArmorSetData: Loaded 322 armor sets.
2020.04.03 19:45:46,430	INFO	1	org.l2jmobius.gameserver.data.xml.impl.FishingData	FishingData: Loaded 7 bait and 13 rod data.
2020.04.03 19:45:46,495	INFO	1	org.l2jmobius.gameserver.data.xml.impl.HennaData	HennaData: Loaded 461 henna data.
2020.04.03 19:45:46,511	INFO	1	org.l2jmobius.gameserver.data.xml.impl.PrimeShopData	PrimeShopData: Loaded 68 items.
2020.04.03 19:45:46,550	INFO	1	org.l2jmobius.gameserver.data.xml.impl.AppearanceItemData	AppearanceItemData: Loaded 1225 stones.
2020.04.03 19:45:46,562	INFO	1	org.l2jmobius.gameserver.data.xml.impl.AlchemyData	AlchemyData: Loaded 114 alchemy craft skills.
2020.04.03 19:45:46,577	INFO	1	org.l2jmobius.commons.util.IXmlReader	LuckyGameData: Loaded 2 lucky game data.
2020.04.03 19:45:46,581	INFO	1	org.l2jmobius.gameserver.data.xml.impl.AttendanceRewardData	AttendanceRewardData: Loaded 28 rewards.
2020.04.03 19:45:46,581	INFO	1	org.l2jmobius.gameserver.GameServer	----------------------------------------------=[ Characters ]
2020.04.03 19:45:46,587	INFO	1	org.l2jmobius.gameserver.data.xml.impl.ClassListData	ClassListData: Loaded 153 class data.
2020.04.03 19:45:46,595	INFO	1	org.l2jmobius.gameserver.data.xml.impl.InitialEquipmentData	InitialEquipmentData: Loaded 13 initial equipment data.
2020.04.03 19:45:46,611	INFO	1	org.l2jmobius.gameserver.data.xml.impl.InitialShortcutData	InitialShortcutData: Loaded 5 initial global shortcuts data.
2020.04.03 19:45:46,612	INFO	1	org.l2jmobius.gameserver.data.xml.impl.InitialShortcutData	InitialShortcutData: Loaded 5 initial shortcuts data.
2020.04.03 19:45:46,613	INFO	1	org.l2jmobius.gameserver.data.xml.impl.InitialShortcutData	InitialShortcutData: Loaded 0 macro presets.
2020.04.03 19:45:46,623	INFO	1	org.l2jmobius.gameserver.data.xml.impl.ExperienceData	ExperienceData: Loaded 121 levels.
2020.04.03 19:45:46,625	INFO	1	org.l2jmobius.gameserver.data.xml.impl.ExperienceData	ExperienceData: Max Player Level is 120.
2020.04.03 19:45:46,631	INFO	1	org.l2jmobius.gameserver.data.xml.impl.ExperienceData	ExperienceData: Max Pet Level is 99.
2020.04.03 19:45:46,647	INFO	1	org.l2jmobius.gameserver.data.xml.impl.KarmaData	KarmaData: Loaded 120 karma modifiers.
2020.04.03 19:45:46,651	INFO	1	org.l2jmobius.gameserver.data.xml.impl.HitConditionBonusData	HitConditionBonusData: Loaded hit condition bonuses.
2020.04.03 19:45:47,226	INFO	1	org.l2jmobius.gameserver.data.xml.impl.PlayerTemplateData	PlayerTemplateData: Loaded 145 character templates.
2020.04.03 19:45:47,227	INFO	1	org.l2jmobius.gameserver.data.xml.impl.PlayerTemplateData	PlayerTemplateData: Loaded 104400 level up gain records.
2020.04.03 19:45:47,232	INFO	1	org.l2jmobius.gameserver.data.sql.impl.CharNameTable	CharNameTable: Loaded 4 char names.
2020.04.03 19:45:47,238	INFO	1	org.l2jmobius.gameserver.data.xml.impl.AdminData	AdminData: Loaded 10 access levels.
2020.04.03 19:45:47,243	INFO	1	org.l2jmobius.gameserver.data.xml.impl.AdminData	AdminData: Loaded 458 access commands.
2020.04.03 19:45:47,713	INFO	1	org.l2jmobius.gameserver.data.xml.impl.PetDataTable	PetDataTable: Loaded 56 pets.
2020.04.03 19:45:47,770	INFO	1	org.l2jmobius.gameserver.data.xml.impl.CubicData	CubicData: Loaded 25 cubics.
2020.04.03 19:45:47,782	INFO	1	org.l2jmobius.gameserver.GameServer	PremiumManager: Premium system is enabled.
2020.04.03 19:45:47,784	INFO	1	org.l2jmobius.gameserver.GameServer	---------------------------------------------------=[ Clans ]
2020.04.03 19:45:47,798	INFO	1	org.l2jmobius.gameserver.communitybbs.Manager.ForumsBBSManager	ForumsBBSManager: Loaded 4 forums. Last forum id used: 4
2020.04.03 19:45:47,799	INFO	1	org.l2jmobius.gameserver.data.sql.impl.ClanTable	ClanTable: Restored 0 clans from the database.
2020.04.03 19:45:47,806	INFO	1	org.l2jmobius.gameserver.data.xml.impl.ResidenceFunctionsData	ResidenceFunctionsData: Loaded 8 functions.
2020.04.03 19:45:47,936	INFO	1	org.l2jmobius.gameserver.data.xml.impl.ClanHallData	ClanHallData: Succesfully loaded 48 clan halls.
2020.04.03 19:45:48,023	INFO	1	org.l2jmobius.gameserver.instancemanager.ClanEntryManager	ClanEntryManager: Loaded 0 clan entries.
2020.04.03 19:45:48,025	INFO	1	org.l2jmobius.gameserver.instancemanager.ClanEntryManager	ClanEntryManager: Loaded 0 players in waiting list.
2020.04.03 19:45:48,026	INFO	1	org.l2jmobius.gameserver.instancemanager.ClanEntryManager	ClanEntryManager: Loaded 0 player applications.
2020.04.03 19:45:48,030	INFO	1	org.l2jmobius.gameserver.data.xml.impl.ClanMasteryData	ClanMasteryData: Loaded 16 clan masteries.
2020.04.03 19:45:48,038	INFO	1	org.l2jmobius.gameserver.data.xml.impl.ClanShopData	ClanShopData: Loaded 13 clan shop products.
2020.04.03 19:45:48,038	INFO	1	org.l2jmobius.gameserver.GameServer	-------------------------------------------------=[ Geodata ]
2020.04.03 19:45:48,040	INFO	1	org.l2jmobius.gameserver.geoengine.GeoEngine	GeoEngine: Initializing...
2020.04.03 19:45:48,227	INFO	1	org.l2jmobius.gameserver.geoengine.GeoEngine	GeoEngine: Loaded 0 geodata files.
2020.04.03 19:45:48,227	INFO	1	org.l2jmobius.gameserver.geoengine.GeoEngine	GeoEngine: Forcing PathFinding setting to false.
2020.04.03 19:45:48,227	INFO	1	org.l2jmobius.gameserver.geoengine.GeoEngine	GeoEngine: Forcing CoordSynchronize setting to -1.
2020.04.03 19:45:48,259	INFO	1	org.l2jmobius.gameserver.geoengine.GeoEngine	GeoEnginePathfinding: Loaded 32 node buffers.
2020.04.03 19:45:48,260	INFO	1	org.l2jmobius.gameserver.GameServer	----------------------------------------------------=[ NPCs ]
2020.04.03 19:45:52,154	INFO	1	org.l2jmobius.gameserver.data.xml.impl.NpcData	NpcData: Loaded 14487 NPCs.
2020.04.03 19:45:52,190	INFO	1	org.l2jmobius.gameserver.data.xml.impl.NpcData	NpcData: Loaded 22 custom NPCs.
2020.04.03 19:45:52,192	INFO	1	org.l2jmobius.gameserver.data.xml.impl.FakePlayerData	FakePlayerData: Disabled.
2020.04.03 19:45:52,193	INFO	1	org.l2jmobius.gameserver.instancemanager.FakePlayerChatManager	FakePlayerChatManager: Disabled.
2020.04.03 19:45:52,220	INFO	1	org.l2jmobius.gameserver.data.xml.impl.ExtendDropData	ExtendDropData: Loaded 1 extend drops.
2020.04.03 19:45:53,338	INFO	1	org.l2jmobius.gameserver.data.xml.impl.SpawnData	SpawnData: Loaded 50444 spawns
2020.04.03 19:45:53,354	INFO	1	org.l2jmobius.gameserver.data.xml.impl.MonsterBookData	MonsterBookData: Loaded 165 monster data.
2020.04.03 19:45:53,390	INFO	1	org.l2jmobius.gameserver.instancemanager.WalkingManager	WalkingManager: Loaded 197 walking routes.
2020.04.03 19:45:53,410	INFO	1	org.l2jmobius.gameserver.data.xml.impl.StaticObjectData	StaticObjectData: Loaded 86 static object templates.
2020.04.03 19:45:53,460	INFO	1	org.l2jmobius.gameserver.model.itemauction.ItemAuctionInstance	ItemAuctionInstance: Loaded 21 item(s) and registered 2 auction(s) for instance 34328
2020.04.03 19:45:53,466	INFO	1	org.l2jmobius.gameserver.model.itemauction.ItemAuctionInstance	ItemAuctionInstance: Schedule next auction 2 on 18:00:00 04.04.20 for instance 34328
2020.04.03 19:45:53,467	INFO	1	org.l2jmobius.gameserver.instancemanager.ItemAuctionManager	ItemAuctionManager: Loaded 1 instances.
2020.04.03 19:45:53,588	INFO	1	org.l2jmobius.gameserver.instancemanager.CastleManager	CastleManager: Loaded 9 castles.
2020.04.03 19:45:53,623	INFO	1	org.l2jmobius.gameserver.instancemanager.GrandBossManager	GrandBossManager: Fafurion(19740) status is 0
2020.04.03 19:45:53,624	INFO	1	org.l2jmobius.gameserver.instancemanager.GrandBossManager	GrandBossManager: Kelbim(26124) status is 0
2020.04.03 19:45:53,624	INFO	1	org.l2jmobius.gameserver.instancemanager.GrandBossManager	GrandBossManager: Queen Ant(29001) status is 0
2020.04.03 19:45:53,624	INFO	1	org.l2jmobius.gameserver.instancemanager.GrandBossManager	GrandBossManager: Core(29006) status is 0
2020.04.03 19:45:53,624	INFO	1	org.l2jmobius.gameserver.instancemanager.GrandBossManager	GrandBossManager: Baium(29020) status is 0
2020.04.03 19:45:53,625	INFO	1	org.l2jmobius.gameserver.instancemanager.GrandBossManager	GrandBossManager: Valakas(29028) status is 0
2020.04.03 19:45:53,625	INFO	1	org.l2jmobius.gameserver.instancemanager.GrandBossManager	GrandBossManager: Antharas(29068) status is 0
2020.04.03 19:45:53,625	INFO	1	org.l2jmobius.gameserver.instancemanager.GrandBossManager	GrandBossManager: Beleth(29118) status is 0
2020.04.03 19:45:53,625	INFO	1	org.l2jmobius.gameserver.instancemanager.GrandBossManager	GrandBossManager: Earth Wyrm Trasken(29197) status is 0
2020.04.03 19:45:53,625	INFO	1	org.l2jmobius.gameserver.instancemanager.GrandBossManager	GrandBossManager: Lindvior(29240) status is 0
2020.04.03 19:45:53,625	INFO	1	org.l2jmobius.gameserver.instancemanager.GrandBossManager	GrandBossManager: Helios(29305) status is 0
2020.04.03 19:45:53,625	INFO	1	org.l2jmobius.gameserver.instancemanager.GrandBossManager	GrandBossManager: Orfen(29325) status is 0
2020.04.03 19:45:53,625	INFO	1	org.l2jmobius.gameserver.instancemanager.GrandBossManager	GrandBossManager: Lilith(29336) status is 0
2020.04.03 19:45:53,625	INFO	1	org.l2jmobius.gameserver.instancemanager.GrandBossManager	GrandBossManager: Anakim(29348) status is 0
2020.04.03 19:45:53,626	INFO	1	org.l2jmobius.gameserver.instancemanager.GrandBossManager	GrandBossManager: Loaded 14 instances.
2020.04.03 19:45:53,629	INFO	1	org.l2jmobius.gameserver.GameServer	------------------------------------------------=[ Instance ]
2020.04.03 19:45:53,637	INFO	1	org.l2jmobius.gameserver.instancemanager.InstanceManager	InstanceManager: Loaded 296 instance names.
2020.04.03 19:45:54,301	INFO	1	org.l2jmobius.gameserver.instancemanager.InstanceManager	InstanceManager: Loaded 141 instance templates.
2020.04.03 19:45:54,312	INFO	1	org.l2jmobius.gameserver.instancemanager.InstanceManager	InstanceManager: Loaded instance reenter times for 0 players.
2020.04.03 19:45:54,313	INFO	1	org.l2jmobius.gameserver.GameServer	------------------------------------------------=[ Olympiad ]
2020.04.03 19:45:54,343	INFO	1	org.l2jmobius.gameserver.model.olympiad.Olympiad	Olympiad System: Loading....
2020.04.03 19:45:54,344	INFO	1	org.l2jmobius.gameserver.model.olympiad.Olympiad	Olympiad System: Currently in Olympiad Period
2020.04.03 19:45:54,356	INFO	1	org.l2jmobius.gameserver.model.olympiad.Olympiad	Olympiad System: 32654 minutes until period ends
2020.04.03 19:45:54,365	INFO	1	org.l2jmobius.gameserver.model.olympiad.Olympiad	Olympiad System: Next weekly change is in 10077 minutes
2020.04.03 19:45:54,365	INFO	1	org.l2jmobius.gameserver.model.olympiad.Olympiad	Olympiad System: Loaded 0 Nobles
2020.04.03 19:45:54,368	INFO	1	org.l2jmobius.gameserver.model.olympiad.Olympiad	Olympiad System: Competition Period Starts in 0 days, 0 hours and 14 mins.
2020.04.03 19:45:54,378	INFO	1	org.l2jmobius.gameserver.model.olympiad.Olympiad	Olympiad System: Event starts/started: Fri Apr 03 20:00:54 CEST 2020
2020.04.03 19:45:54,401	INFO	1	org.l2jmobius.gameserver.model.entity.Hero	Hero System: Loaded 0 Heroes.
2020.04.03 19:45:54,402	INFO	1	org.l2jmobius.gameserver.model.entity.Hero	Hero System: Loaded 0 all time Heroes.
2020.04.03 19:45:54,402	INFO	1	org.l2jmobius.gameserver.GameServer	---------------------------------------------------=[ Cache ]
2020.04.03 19:45:54,404	INFO	1	org.l2jmobius.gameserver.cache.HtmCache	Html cache start...
2020.04.03 19:45:58,427	INFO	1	org.l2jmobius.gameserver.cache.HtmCache	Cache[HTML]: 4,997 megabytes on 8896 files loaded.
2020.04.03 19:45:58,457	INFO	1	org.l2jmobius.gameserver.data.sql.impl.CrestTable	CrestTable: Loaded 0 Crests.
2020.04.03 19:45:58,463	INFO	1	org.l2jmobius.gameserver.data.xml.impl.TeleportListData	TeleportListData: Loaded 99 teleports.
2020.04.03 19:45:59,384	INFO	1	org.l2jmobius.gameserver.data.xml.impl.TeleporterData	TeleporterData: Loaded 156 npc teleporters.
2020.04.03 19:45:59,401	INFO	1	org.l2jmobius.gameserver.instancemanager.CursedWeaponsManager	CursedWeaponsManager: Loaded 2 cursed weapons.
2020.04.03 19:46:00,804	INFO	1	org.l2jmobius.gameserver.data.xml.impl.TransformData	TransformData: Loaded 174 transform templates.
2020.04.03 19:46:00,818	INFO	1	org.l2jmobius.gameserver.datatables.BotReportTable	BotReportTable: Loaded 0 bot reports
2020.04.03 19:46:00,827	INFO	1	org.l2jmobius.gameserver.instancemanager.SellBuffsManager	SellBuffsManager: Loaded 145 allowed buffs.
2020.04.03 19:46:00,829	INFO	1	org.l2jmobius.gameserver.GameServer	-------------------------------------------------=[ Scripts ]
2020.04.03 19:46:00,847	INFO	1	org.l2jmobius.gameserver.instancemanager.AirShipManager	AirShipManager: Loaded 0 private airships
2020.04.03 19:46:00,857	INFO	1	org.l2jmobius.gameserver.data.xml.impl.ShuttleData	ShuttleData: Loaded 3 shuttles.
2020.04.03 19:46:00,858	INFO	1	org.l2jmobius.gameserver.GameServer	GameServer: Loading server scripts:
2020.04.03 19:46:05,291	INFO	1	handlers.MasterHandler	Loading Handlers...
2020.04.03 19:46:05,554	INFO	1	handlers.MasterHandler	ActionHandler: Loaded 10 handlers.
2020.04.03 19:46:05,554	INFO	1	handlers.MasterHandler	ActionShiftHandler: Loaded 6 handlers.
2020.04.03 19:46:05,554	INFO	1	handlers.MasterHandler	AdminCommandHandler: Loaded 449 handlers.
2020.04.03 19:46:05,554	INFO	1	handlers.MasterHandler	BypassHandler: Loaded 32 handlers.
2020.04.03 19:46:05,555	INFO	1	handlers.MasterHandler	ChatHandler: Loaded 14 handlers.
2020.04.03 19:46:05,555	INFO	1	handlers.MasterHandler	CommunityBoardHandler: Loaded 18 handlers.
2020.04.03 19:46:05,555	INFO	1	handlers.MasterHandler	ItemHandler: Loaded 32 handlers.
2020.04.03 19:46:05,555	INFO	1	handlers.MasterHandler	PunishmentHandler: Loaded 3 handlers.
2020.04.03 19:46:05,555	INFO	1	handlers.MasterHandler	UserCommandHandler: Loaded 16 handlers.
2020.04.03 19:46:05,555	INFO	1	handlers.MasterHandler	VoicedCommandHandler: Loaded 10 handlers.
2020.04.03 19:46:05,555	INFO	1	handlers.MasterHandler	TargetHandler: Loaded 21 handlers.
2020.04.03 19:46:05,555	INFO	1	handlers.MasterHandler	AffectObjectHandler: Loaded 11 handlers.
2020.04.03 19:46:05,555	INFO	1	handlers.MasterHandler	AffectScopeHandler: Loaded 19 handlers.
2020.04.03 19:46:05,555	INFO	1	handlers.MasterHandler	PlayerActionHandler: Loaded 24 handlers.
2020.04.03 19:46:05,560	INFO	1	handlers.MasterHandler	Handlers Loaded...
2020.04.03 19:46:26,755	INFO	1	ai.areas.FantasyIsle.HandysBlockCheckerEvent	Handy's Block Checker Event is enabled
2020.04.03 19:46:26,945	INFO	1	ai.areas.FantasyIsle.Parade	Fantasy Isle: Parade starting at 2020/04/03 21:20 and is scheduled each next 1 hours.
2020.04.03 19:46:26,974	INFO	1	ai.areas.FantasyIsle.TalentShow	Fantasy Isle: MC show script starting at 04/04/2020 18:38:26 and is scheduled each next 4 hours.
2020.04.03 19:46:27,134	INFO	1	ai.areas.ImperialTomb.FourSepulchers.FourSepulchers	[Four Sepulchers] Loaded 762 spawn zones data.
2020.04.03 19:46:28,252	INFO	1	ai.bosses.Tiat.Stage1	[Seed of Destruction] Loaded 51 spawn zones data.
2020.04.03 19:46:28,411	INFO	1	ai.others.ClassMaster.ClassMaster	ClassMaster: Loaded 0 class change options.
2020.04.03 19:46:28,763	INFO	1	ai.others.MentorGuide.MentorGuide	MentorGuide: Loaded 5 mentee coins
2020.04.03 19:46:28,793	INFO	1	ai.others.NpcBuffers.NpcBuffersData	NpcBuffersData: Loaded 6 buffers data.
2020.04.03 19:46:29,087	INFO	1	events.BirthOfDraco.BirthOfDraco	Event Birth of Draco has passed... Ignored 
2020.04.03 19:46:29,145	INFO	1	events.CustomDropEvent.CustomDropEvent	Event Custom Drop Event active till Mon Nov 19 00:00:00 CET 2029
2020.04.03 19:46:29,171	INFO	1	events.EveTheFortuneTeller.EveTheFortuneTeller	Event Eve the Fortune Teller has passed... Ignored 
2020.04.03 19:46:29,181	INFO	1	events.FreyaCelebration.FreyaCelebration	Event Freya Celebration has passed... Ignored 
2020.04.03 19:46:29,186	INFO	1	events.GiftOfVitality.GiftOfVitality	Event Gift of Vitality has passed... Ignored 
2020.04.03 19:46:29,192	INFO	1	events.Halloween.Halloween	Event Halloween has passed... Ignored 
2020.04.03 19:46:29,221	INFO	1	events.HappyHours.HappyHours	Event Happy Hours has passed... Ignored 
2020.04.03 19:46:29,225	INFO	1	events.HeavyMedal.HeavyMedal	Event Heavy Medal has passed... Ignored 
2020.04.03 19:46:29,229	INFO	1	events.HungryHorse.HungryHorse	Event Hungry Horse has passed... Ignored 
2020.04.03 19:46:29,248	INFO	1	events.HuntForSanta.HuntForSanta	Event Hunt for Santa has passed... Ignored 
2020.04.03 19:46:29,254	INFO	1	events.LetterCollector.LetterCollector	Event Letter Collector has passed... Ignored 
2020.04.03 19:46:29,262	INFO	1	events.LoversJubilee.LoversJubilee	Event Lovers Jubilee has passed... Ignored 
2020.04.03 19:46:29,269	INFO	1	events.LoveYourGatekeeper.LoveYourGatekeeper	Event Love Your Gatekeeper has passed... Ignored 
2020.04.03 19:46:29,273	INFO	1	events.MasterOfEnchanting.MasterOfEnchanting	Event Master of Enchanting has passed... Ignored 
2020.04.03 19:46:29,281	INFO	1	events.RedLibra.RedLibra	Event Red Libra has passed... Ignored 
2020.04.03 19:46:29,296	INFO	1	events.RudolphsBlessing.RudolphsBlessing	Event Rudolphs Blessing has passed... Ignored 
2020.04.03 19:46:29,305	INFO	1	events.SavingSanta.SavingSanta	Event Saving Santa has passed... Ignored 
2020.04.03 19:46:29,312	INFO	1	events.ThePowerOfLove.ThePowerOfLove	Event The Power Of Love has passed... Ignored 
2020.04.03 19:46:29,329	INFO	1	events.TrainingWithDandy.TrainingWithDandy	Event Training with Dandy has passed... Ignored 
2020.04.03 19:46:30,305	INFO	1	org.l2jmobius.gameserver.data.xml.impl.SpawnData	SpawnData: Initializing spawns...
2020.04.03 19:46:31,383	INFO	1	org.l2jmobius.gameserver.instancemanager.DBSpawnManager	DBSpawnManager: Loaded 161 instances.
2020.04.03 19:46:31,388	INFO	1	org.l2jmobius.gameserver.instancemanager.DBSpawnManager	DBSpawnManager: Scheduled 0 instances.
2020.04.03 19:46:47,471	INFO	1	org.l2jmobius.gameserver.data.xml.impl.SpawnData	SpawnData: All spawns has been initialized!
2020.04.03 19:46:47,471	INFO	1	org.l2jmobius.gameserver.GameServer	--------------------------------------------=[ Event Engine ]
2020.04.03 19:46:47,516	INFO	1	org.l2jmobius.gameserver.data.xml.impl.EventEngineData	EventEngineData: CeremonyOfChaosManager: Initialized.
2020.04.03 19:46:47,527	INFO	1	org.l2jmobius.gameserver.instancemanager.ClanHallAuctionManager	ClanHallAuctionManager: Clan Hall Auction has started!
2020.04.03 19:46:47,859	INFO	1	org.l2jmobius.gameserver.model.eventengine.conditions.BetweenConditionalScheduler	Event ClanHallAuctionManager will resume because is within the event period.
2020.04.03 19:46:47,859	INFO	1	org.l2jmobius.gameserver.data.xml.impl.EventEngineData	EventEngineData: ClanHallAuctionManager: Initialized.
2020.04.03 19:46:47,993	INFO	1	org.l2jmobius.gameserver.data.xml.impl.EventEngineData	EventEngineData: DailyTaskManager: Initialized.
2020.04.03 19:46:47,996	INFO	1	org.l2jmobius.gameserver.model.votereward.VoteSystem	VoteSystem: Disabled.
2020.04.03 19:46:47,997	INFO	1	org.l2jmobius.gameserver.GameServer	---------------------------------------------------=[ Siege ]
2020.04.03 19:46:48,005	INFO	1	org.l2jmobius.gameserver.model.entity.Siege	Siege of Gludio: Sun Apr 12 16:00:00 CEST 2020
2020.04.03 19:46:48,049	INFO	1	org.l2jmobius.gameserver.model.entity.Siege	Siege of Dion: Sun Apr 12 16:00:00 CEST 2020
2020.04.03 19:46:48,079	INFO	1	org.l2jmobius.gameserver.model.entity.Siege	Siege of Giran: Sun Apr 12 16:00:00 CEST 2020
2020.04.03 19:46:48,093	INFO	1	org.l2jmobius.gameserver.model.entity.Siege	Siege of Oren: Sun Apr 12 16:00:00 CEST 2020
2020.04.03 19:46:48,110	INFO	1	org.l2jmobius.gameserver.model.entity.Siege	Siege of Aden: Sun Apr 12 16:00:00 CEST 2020
2020.04.03 19:46:48,122	INFO	1	org.l2jmobius.gameserver.model.entity.Siege	Siege of Innadril: Sun Apr 12 16:00:00 CEST 2020
2020.04.03 19:46:48,137	INFO	1	org.l2jmobius.gameserver.model.entity.Siege	Siege of Goddard: Sun Apr 12 16:00:00 CEST 2020
2020.04.03 19:46:48,145	INFO	1	org.l2jmobius.gameserver.model.entity.Siege	Siege of Rune: Sun Apr 12 16:00:00 CEST 2020
2020.04.03 19:46:48,175	INFO	1	org.l2jmobius.gameserver.model.entity.Siege	Siege of Schuttgart: Sun Apr 12 16:00:00 CEST 2020
2020.04.03 19:46:48,683	INFO	1	org.l2jmobius.gameserver.instancemanager.FortManager	FortManager: Loaded 20 fortress.
2020.04.03 19:46:49,078	INFO	1	org.l2jmobius.gameserver.data.xml.impl.SiegeScheduleData	SiegeScheduleData: Loaded 2 siege schedulers.
2020.04.03 19:46:49,090	INFO	1	org.l2jmobius.gameserver.instancemanager.CastleManorManager	CastleManorManager: Loaded 258 seeds.
2020.04.03 19:46:49,149	INFO	1	org.l2jmobius.gameserver.instancemanager.CastleManorManager	CastleManorManager: Manor data loaded.
2020.04.03 19:46:49,163	INFO	1	org.l2jmobius.gameserver.instancemanager.SiegeGuardManager	SiegeGuardManager: Loaded 0 siege guards tickets.
2020.04.03 19:46:49,164	INFO	1	org.l2jmobius.gameserver.instancemanager.QuestManager	QuestManager: Loaded 309 quests.
2020.04.03 19:46:49,164	INFO	1	org.l2jmobius.gameserver.instancemanager.QuestManager	QuestManager: Loaded 380 scripts.
2020.04.03 19:46:49,189	INFO	1	org.l2jmobius.gameserver.taskmanager.TaskManager	TaskManager: Loaded 5 Tasks.
2020.04.03 19:46:49,202	INFO	1	org.l2jmobius.gameserver.instancemanager.MailManager	MailManager: Loaded 0 messages.
2020.04.03 19:46:49,202	INFO	1	org.l2jmobius.gameserver.GameServer	-------------------------------------=[ Tenkai Event Engine ]
2020.04.03 19:46:49,315	INFO	1	org.l2jmobius.gameserver.instancemanager.PunishmentManager	PunishmentManager: Loaded 0 active and 0 expired punishments.
2020.04.03 19:46:49,317	INFO	1	org.l2jmobius.gameserver.GameServer	IdFactory: Free ObjectID's remaining: 1878991004
2020.04.03 19:46:49,320	INFO	1	org.l2jmobius.gameserver.data.sql.impl.OfflineTraderTable	OfflineTraderTable: Loading offline traders...
2020.04.03 19:46:49,390	INFO	1	org.l2jmobius.gameserver.data.sql.impl.OfflineTraderTable	OfflineTraderTable: Loaded 0 offline traders.
2020.04.03 19:46:49,447	INFO	1	org.l2jmobius.gameserver.GameServer	GameServer: Started, using 1320 of 2020 MB total memory.
2020.04.03 19:46:49,449	INFO	1	org.l2jmobius.gameserver.GameServer	GameServer: Maximum number of connected players is 2000.
2020.04.03 19:46:49,450	INFO	1	org.l2jmobius.gameserver.GameServer	GameServer: Server loaded in 88 seconds.
2020.04.03 19:46:49,874	INFO	1	org.l2jmobius.commons.network.NetworkManager	ClientNetworkManager: Listening on 0.0.0.0:7777
2020.04.03 19:46:49,902	INFO	91	org.l2jmobius.gameserver.LoginServerThread	LoginServerThread: Connecting to login on 127.0.0.1:9014
2020.04.03 19:46:52,078	WARNING	91	org.l2jmobius.gameserver.LoginServerThread	LoginServerThread: LoginServer not avaible, trying to reconnect...
2020.04.03 19:46:57,112	INFO	91	org.l2jmobius.gameserver.LoginServerThread	LoginServerThread: Connecting to login on 127.0.0.1:9014
2020.04.03 19:46:59,403	WARNING	91	org.l2jmobius.gameserver.LoginServerThread	LoginServerThread: LoginServer not avaible, trying to reconnect...
2020.04.03 19:47:04,417	INFO	91	org.l2jmobius.gameserver.LoginServerThread	LoginServerThread: Connecting to login on 127.0.0.1:9014
2020.04.03 19:47:06,719	WARNING	91	org.l2jmobius.gameserver.LoginServerThread	LoginServerThread: LoginServer not avaible, trying to reconnect...
2020.04.03 19:47:11,720	INFO	91	org.l2jmobius.gameserver.LoginServerThread	LoginServerThread: Connecting to login on 127.0.0.1:9014
2020.04.03 19:47:14,000	WARNING	91	org.l2jmobius.gameserver.LoginServerThread	LoginServerThread: LoginServer not avaible, trying to reconnect...
2020.04.03 19:47:19,001	INFO	91	org.l2jmobius.gameserver.LoginServerThread	LoginServerThread: Connecting to login on 127.0.0.1:9014
2020.04.03 19:47:21,122	WARNING	91	org.l2jmobius.gameserver.LoginServerThread	LoginServerThread: LoginServer not avaible, trying to reconnect...
2020.04.03 19:47:26,174	INFO	91	org.l2jmobius.gameserver.LoginServerThread	LoginServerThread: Connecting to login on 127.0.0.1:9014
2020.04.03 19:47:28,581	WARNING	91	org.l2jmobius.gameserver.LoginServerThread	LoginServerThread: LoginServer not avaible, trying to reconnect...
2020.04.03 19:47:33,583	INFO	91	org.l2jmobius.gameserver.LoginServerThread	LoginServerThread: Connecting to login on 127.0.0.1:9014
2020.04.03 19:47:35,975	WARNING	91	org.l2jmobius.gameserver.LoginServerThread	LoginServerThread: LoginServer not avaible, trying to reconnect...
2020.04.03 19:47:40,977	INFO	91	org.l2jmobius.gameserver.LoginServerThread	LoginServerThread: Connecting to login on 127.0.0.1:9014
2020.04.03 19:47:42,316	INFO	91	org.l2jmobius.gameserver.LoginServerThread	LoginServerThread: Registered on login as Server 2: Test
2020.04.03 19:47:53,531	WARNING	93	org.l2jmobius.gameserver.model.actor.Creature	Master access level set for character Inia! Just a warning to be careful ;)
2020.04.03 19:48:05,261	WARNING	93	org.l2jmobius.gameserver.network.GameClient	Exception for: [Character: Inia[268492598] - Account: nalik - IP: 127.0.0.1] on packet.run: Say2
2020.04.03 19:48:17,774	WARNING	19	org.l2jmobius.gameserver.Shutdown	Server scheduled restart issued shutdown command. Shutdown in 1 seconds!
2020.04.03 19:48:18,782	WARNING	95	org.l2jmobius.gameserver.Shutdown	GM shutdown countdown is over. shutting down NOW!
