2020.04.03 19:41:05,329	WARNING	1	org.l2jmobius.commons.util.PropertiesParser	[Event.ini] There was an error loading config reason: .\config\Event.ini (Le fichier spécifié est introuvable)
2020.04.03 19:41:05,376	WARNING	1	org.l2jmobius.commons.util.PropertiesParser	[Event.ini] missing property for key: InstancedEventEnabled using default value: true
2020.04.03 19:41:05,378	WARNING	1	org.l2jmobius.commons.util.PropertiesParser	[Event.ini] missing property for key: InstancedEventInterval using default value: 300
2020.04.03 19:41:05,378	WARNING	1	org.l2jmobius.commons.util.PropertiesParser	[Event.ini] missing property for key: InstancedEventRunningTime using default value: 10
2020.04.03 19:41:05,379	WARNING	1	org.l2jmobius.commons.util.PropertiesParser	[Event.ini] missing property for key: INSTANCED_EVENT_MIN_PLAYERS_IN_TEAMS using default value: 1
2020.04.03 19:41:05,380	WARNING	1	org.l2jmobius.commons.util.PropertiesParser	[Event.ini] missing property for key: InstancedEventRespawnTeleportDelay using default value: 5
2020.04.03 19:41:05,380	WARNING	1	org.l2jmobius.commons.util.PropertiesParser	[Event.ini] missing property for key: InstancedEventStartLeaveTeleportDelay using default value: 5
2020.04.03 19:41:05,380	WARNING	1	org.l2jmobius.commons.util.PropertiesParser	[Event.ini] missing property for key: InstancedEventTargetTeamMembersAllowed using default value: true
2020.04.03 19:41:05,380	WARNING	1	org.l2jmobius.commons.util.PropertiesParser	[Event.ini] missing property for key: InstancedEventScrollsAllowed using default value: false
2020.04.03 19:41:05,381	WARNING	1	org.l2jmobius.commons.util.PropertiesParser	[Event.ini] missing property for key: InstancedEventPotionsAllowed using default value: false
2020.04.03 19:41:05,381	WARNING	1	org.l2jmobius.commons.util.PropertiesParser	[Event.ini] missing property for key: InstancedEventSummonByItemAllowed using default value: false
2020.04.03 19:41:05,381	WARNING	1	org.l2jmobius.commons.util.PropertiesParser	[Event.ini] missing property for key: InstancedEventRewardTeamTie using default value: true
2020.04.03 19:41:05,381	WARNING	1	org.l2jmobius.commons.util.PropertiesParser	[Event.ini] missing property for key: InstancedEventMinPlayerLevel using default value: 85
2020.04.03 19:41:05,381	WARNING	1	org.l2jmobius.commons.util.PropertiesParser	[Event.ini] missing property for key: InstancedEventEffectsRemoval using default value: 0
2020.04.03 19:41:05,394	INFO	1	org.l2jmobius.commons.util.IXmlReader	Network Config: ipconfig.xml doesn't exists using automatic configuration...
2020.04.03 19:41:05,708	INFO	1	org.l2jmobius.commons.util.IXmlReader	Network Config: Adding new subnet: 127.0.0.0/8 address: 127.0.0.1
2020.04.03 19:41:05,775	INFO	1	org.l2jmobius.commons.util.IXmlReader	Network Config: Adding new subnet: 192.168.0.0/24 address: 192.168.0.11
2020.04.03 19:41:05,870	INFO	1	org.l2jmobius.commons.util.IXmlReader	Network Config: Adding new subnet: 0.0.0.0/0 address: 91.172.190.136
2020.04.03 19:41:05,923	INFO	1	org.l2jmobius.Config	Loaded 6 Filter Words.
2020.04.03 19:41:06,168	INFO	21	org.l2jmobius.gameserver.model.World	World: (288 by 272) World Region Grid set up.
2020.04.03 19:41:06,212	INFO	1	org.l2jmobius.gameserver.GameServer	------------------------------------------------=[ Database ]
2020.04.03 19:41:06,419	INFO	1	org.l2jmobius.commons.database.DatabaseFactory	Database: Initialized.
2020.04.03 19:41:06,419	INFO	1	org.l2jmobius.gameserver.GameServer	----------------------------------------------=[ ThreadPool ]
2020.04.03 19:41:06,445	INFO	1	org.l2jmobius.commons.concurrent.ThreadPool	ThreadPool: Initialized
2020.04.03 19:41:06,446	INFO	1	org.l2jmobius.commons.concurrent.ThreadPool	...scheduled pool executor with 40 total threads.
2020.04.03 19:41:06,446	INFO	1	org.l2jmobius.commons.concurrent.ThreadPool	...instant pool executor with 20 total threads.
2020.04.03 19:41:06,446	INFO	1	org.l2jmobius.gameserver.GameServer	-----------------------------------------------=[ IdFactory ]
2020.04.03 19:41:06,505	INFO	1	org.l2jmobius.gameserver.idfactory.IdFactory	Updated characters online status.
2020.04.03 19:41:06,547	INFO	1	org.l2jmobius.gameserver.idfactory.IdFactory	IdFactory: Cleaned 0 elements from database in 0 seconds.
2020.04.03 19:41:06,558	INFO	1	org.l2jmobius.gameserver.idfactory.IdFactory	IdFactory: Cleaned 0 expired timestamps from database.
2020.04.03 19:41:06,568	INFO	1	org.l2jmobius.gameserver.idfactory.IdFactory	IdFactory: 102912 id's available.
2020.04.03 19:41:06,568	INFO	1	org.l2jmobius.gameserver.GameServer	----------------------------------------=[ Scripting Engine ]
2020.04.03 19:41:06,939	INFO	1	org.l2jmobius.gameserver.scripting.ScriptEngineManager	Loaded 794 files to exclude.
2020.04.03 19:41:06,939	INFO	1	org.l2jmobius.gameserver.GameServer	--------------------------------------------------=[ Telnet ]
2020.04.03 19:41:07,186	INFO	1	org.l2jmobius.gameserver.network.telnet.TelnetServer	Telnet server is currently disabled.
2020.04.03 19:41:07,186	INFO	1	org.l2jmobius.gameserver.GameServer	---------------------------------------------------=[ World ]
2020.04.03 19:41:07,188	INFO	87	org.l2jmobius.gameserver.GameTimeController	GameTimeController: Started.
2020.04.03 19:41:07,560	INFO	1	org.l2jmobius.gameserver.instancemanager.MapRegionManager	MapRegionManager: Loaded 61 map regions.
2020.04.03 19:41:07,566	INFO	1	org.l2jmobius.gameserver.instancemanager.ZoneManager	ZoneManager 19 by 18 Zone Region Grid set up.
2020.04.03 19:41:08,435	INFO	1	org.l2jmobius.gameserver.instancemanager.ZoneManager	ZoneManager: Loaded 33 zone classes and 2866 zones.
2020.04.03 19:41:08,436	INFO	1	org.l2jmobius.gameserver.instancemanager.ZoneManager	ZoneManager: Loaded 16 NPC spawn territoriers.
2020.04.03 19:41:08,442	INFO	1	org.l2jmobius.gameserver.instancemanager.ZoneManager	ZoneManager: Last static id 210110.
2020.04.03 19:41:08,974	INFO	1	org.l2jmobius.gameserver.data.xml.impl.DoorData	DoorData: Loaded 1516 Door Templates for 24 regions.
2020.04.03 19:41:08,987	INFO	1	FenceData	FenceData: Loaded 1 fences.
2020.04.03 19:41:08,997	INFO	1	org.l2jmobius.gameserver.instancemanager.GlobalVariablesManager	GlobalVariablesManager: Loaded 11 variables.
2020.04.03 19:41:08,997	INFO	1	org.l2jmobius.gameserver.GameServer	----------------------------------------------------=[ Data ]
2020.04.03 19:41:09,011	INFO	1	org.l2jmobius.gameserver.data.xml.impl.ActionData	ActionData: Loaded 216 player actions.
2020.04.03 19:41:09,074	INFO	1	org.l2jmobius.gameserver.data.xml.impl.CategoryData	CategoryData: Loaded 215 categories.
2020.04.03 19:41:09,086	INFO	1	org.l2jmobius.gameserver.data.xml.impl.SecondaryAuthData	SecondaryAuthData: Loaded 328 forbidden passwords.
2020.04.03 19:41:09,212	WARNING	1	org.l2jmobius.gameserver.engines.DocumentEngine	Dir C:\Users\Pedrito\Desktop\CleanMobius\dist\game\data\stats\items\custom does not exist.
2020.04.03 19:41:13,084	INFO	1	org.l2jmobius.gameserver.datatables.ItemTable	ItemTable: Highest item id used: 91746
2020.04.03 19:41:13,099	INFO	1	org.l2jmobius.gameserver.datatables.ItemTable	ItemTable: Loaded 22630 Etc Items
2020.04.03 19:41:13,099	INFO	1	org.l2jmobius.gameserver.datatables.ItemTable	ItemTable: Loaded 12280 Armor Items
2020.04.03 19:41:13,099	INFO	1	org.l2jmobius.gameserver.datatables.ItemTable	ItemTable: Loaded 9011 Weapon Items
2020.04.03 19:41:13,100	INFO	1	org.l2jmobius.gameserver.datatables.ItemTable	ItemTable: Loaded 43921 Items in total.
2020.04.03 19:41:13,116	INFO	1	org.l2jmobius.gameserver.data.xml.impl.CombinationItemsData	CombinationItemsData: Loaded 1366 combinations.
2020.04.03 19:41:13,145	INFO	1	org.l2jmobius.gameserver.data.xml.impl.SayuneData	SayuneData: Loaded 71 maps.
2020.04.03 19:41:15,157	INFO	1	handlers.DailyMissionMasterHandler	DailyMissionMasterHandler:  Loaded 10 handlers.
2020.04.03 19:41:15,199	INFO	1	org.l2jmobius.gameserver.data.xml.impl.DailyMissionData	DailyMissionData: Loaded 46 one day rewards.
2020.04.03 19:41:15,205	INFO	1	org.l2jmobius.gameserver.GameServer	--------------------------------------------------=[ Skills ]
2020.04.03 19:41:19,536	INFO	1	handlers.EffectMasterHandler	EffectMasterHandler: Loaded 353 effect handlers.
2020.04.03 19:41:19,564	INFO	1	org.l2jmobius.gameserver.data.xml.impl.EnchantSkillGroupsData	EnchantSkillGroupsData: Loaded 20 enchant routes, max enchant set to 20.
2020.04.03 19:41:25,114	INFO	1	org.l2jmobius.gameserver.data.xml.impl.SkillData	SkillData: Loaded 162946 Skills.
2020.04.03 19:41:25,892	INFO	1	org.l2jmobius.gameserver.data.xml.impl.SkillTreeData	SkillTreeData: Loaded 18181 Class skills for 145 class skill trees.
2020.04.03 19:41:25,893	INFO	1	org.l2jmobius.gameserver.data.xml.impl.SkillTreeData	SkillTreeData: Loaded 24 sub-class skills.
2020.04.03 19:41:25,894	INFO	1	org.l2jmobius.gameserver.data.xml.impl.SkillTreeData	SkillTreeData: Loaded 25 dual-class skills.
2020.04.03 19:41:25,894	INFO	1	org.l2jmobius.gameserver.data.xml.impl.SkillTreeData	SkillTreeData: Loaded 104 transfer skills for 3 transfer skill trees.
2020.04.03 19:41:25,894	INFO	1	org.l2jmobius.gameserver.data.xml.impl.SkillTreeData	SkillTreeData: Loaded 17 race skills for 7 race skill trees.
2020.04.03 19:41:25,895	INFO	1	org.l2jmobius.gameserver.data.xml.impl.SkillTreeData	SkillTreeData: Loaded 35 fishing skills, 8 Dwarven only fishing skills.
2020.04.03 19:41:25,895	INFO	1	org.l2jmobius.gameserver.data.xml.impl.SkillTreeData	SkillTreeData: Loaded 3 collect skills.
2020.04.03 19:41:25,912	INFO	1	org.l2jmobius.gameserver.data.xml.impl.SkillTreeData	SkillTreeData: Loaded 0 clan skills, 0 for clan and 0 residential.
2020.04.03 19:41:25,912	INFO	1	org.l2jmobius.gameserver.data.xml.impl.SkillTreeData	SkillTreeData: Loaded 0 sub-pledge skills.
2020.04.03 19:41:25,913	INFO	1	org.l2jmobius.gameserver.data.xml.impl.SkillTreeData	SkillTreeData: Loaded 32 transform skills.
2020.04.03 19:41:25,913	INFO	1	org.l2jmobius.gameserver.data.xml.impl.SkillTreeData	SkillTreeData: Loaded 21 noble skills.
2020.04.03 19:41:25,913	INFO	1	org.l2jmobius.gameserver.data.xml.impl.SkillTreeData	SkillTreeData: Loaded 5 hero skills.
2020.04.03 19:41:25,913	INFO	1	org.l2jmobius.gameserver.data.xml.impl.SkillTreeData	SkillTreeData: Loaded 61 game master skills.
2020.04.03 19:41:25,914	INFO	1	org.l2jmobius.gameserver.data.xml.impl.SkillTreeData	SkillTreeData: Loaded 61 game master aura skills.
2020.04.03 19:41:25,914	INFO	1	org.l2jmobius.gameserver.data.xml.impl.SkillTreeData	SkillTreeData: Loaded 123 ability skills.
2020.04.03 19:41:25,915	INFO	1	org.l2jmobius.gameserver.data.xml.impl.SkillTreeData	SkillTreeData: Loaded 112 alchemy skills.
2020.04.03 19:41:25,915	INFO	1	org.l2jmobius.gameserver.data.xml.impl.SkillTreeData	SkillTreeData: Loaded 36 class awaken save skills.
2020.04.03 19:41:25,915	INFO	1	org.l2jmobius.gameserver.data.xml.impl.SkillTreeData	SkillTreeData: Loaded 20 Revelation skills.
2020.04.03 19:41:25,916	INFO	1	org.l2jmobius.gameserver.data.xml.impl.SkillTreeData	SkillTreeData: Loaded 37 common skills.
2020.04.03 19:41:25,941	INFO	1	org.l2jmobius.gameserver.data.xml.impl.PetSkillData	PetSkillData: Loaded 1084 skills.
2020.04.03 19:41:25,941	INFO	1	org.l2jmobius.gameserver.GameServer	---------------------------------------------------=[ Items ]
2020.04.03 19:41:26,119	INFO	1	org.l2jmobius.gameserver.data.xml.impl.EnchantItemGroupsData	EnchantItemGroupsData: Loaded 4 item group templates.
2020.04.03 19:41:26,120	INFO	1	org.l2jmobius.gameserver.data.xml.impl.EnchantItemGroupsData	EnchantItemGroupsData: Loaded 1 scroll group templates.
2020.04.03 19:41:26,153	INFO	1	org.l2jmobius.gameserver.data.xml.impl.EnchantItemData	EnchantItemData: Loaded 256 enchant scrolls.
2020.04.03 19:41:26,153	INFO	1	org.l2jmobius.gameserver.data.xml.impl.EnchantItemData	EnchantItemData: Loaded 100 support items.
2020.04.03 19:41:26,182	INFO	1	org.l2jmobius.gameserver.data.xml.impl.EnchantItemOptionsData	EnchantItemOptionsData: Loaded 102 items and 2106 options.
2020.04.03 19:41:26,200	INFO	1	org.l2jmobius.gameserver.data.xml.impl.ItemCrystallizationData	ItemCrystallizationData: Loaded 13 crystallization templates.
2020.04.03 19:41:26,200	INFO	1	org.l2jmobius.gameserver.data.xml.impl.ItemCrystallizationData	ItemCrystallizationData: Loaded 279 pre-defined crystallizable items.
2020.04.03 19:41:26,220	INFO	1	org.l2jmobius.gameserver.data.xml.impl.ItemCrystallizationData	ItemCrystallizationData: Generated 5919 crystallizable items from templates.
2020.04.03 19:41:27,757	INFO	1	org.l2jmobius.gameserver.data.xml.impl.OptionData	OptionData: Loaded 34825 options.
2020.04.03 19:41:27,916	INFO	1	VariationData	VariationData: Loaded 121 variations.
2020.04.03 19:41:27,917	INFO	1	VariationData	VariationData: Loaded 4788 fees.
2020.04.03 19:41:27,944	INFO	1	org.l2jmobius.gameserver.data.xml.impl.EnsoulData	EnsoulData: Loaded 11 fees.
2020.04.03 19:41:27,944	INFO	1	org.l2jmobius.gameserver.data.xml.impl.EnsoulData	EnsoulData: Loaded 812 options.
2020.04.03 19:41:27,944	INFO	1	org.l2jmobius.gameserver.data.xml.impl.EnsoulData	EnsoulData: Loaded 114 stones.
2020.04.03 19:41:27,951	INFO	1	org.l2jmobius.gameserver.data.xml.impl.EnchantItemHPBonusData	EnchantItemHPBonusData: Loaded 12 enchant HP bonuses.
2020.04.03 19:41:29,979	INFO	1	org.l2jmobius.gameserver.data.xml.impl.BuyListData	BuyListData: Loaded 885 buyLists.
2020.04.03 19:41:31,647	INFO	1	org.l2jmobius.gameserver.data.xml.impl.MultisellData	MultisellData: Loaded 552 multisell lists.
2020.04.03 19:41:31,723	INFO	1	org.l2jmobius.gameserver.data.xml.impl.EquipmentUpgradeData	EquipmentUpgradeData: Loaded 6777 upgrade equipment data.
2020.04.03 19:41:31,808	INFO	1	org.l2jmobius.gameserver.data.xml.impl.RecipeData	RecipeData: Loaded 1678 recipes.
2020.04.03 19:41:31,847	INFO	1	org.l2jmobius.gameserver.data.xml.impl.ArmorSetData	ArmorSetData: Loaded 322 armor sets.
2020.04.03 19:41:31,858	INFO	1	org.l2jmobius.gameserver.data.xml.impl.FishingData	FishingData: Loaded 7 bait and 13 rod data.
2020.04.03 19:41:31,920	INFO	1	org.l2jmobius.gameserver.data.xml.impl.HennaData	HennaData: Loaded 461 henna data.
2020.04.03 19:41:31,934	INFO	1	org.l2jmobius.gameserver.data.xml.impl.PrimeShopData	PrimeShopData: Loaded 68 items.
2020.04.03 19:41:31,972	INFO	1	org.l2jmobius.gameserver.data.xml.impl.AppearanceItemData	AppearanceItemData: Loaded 1225 stones.
2020.04.03 19:41:31,983	INFO	1	org.l2jmobius.gameserver.data.xml.impl.AlchemyData	AlchemyData: Loaded 114 alchemy craft skills.
2020.04.03 19:41:31,999	INFO	1	org.l2jmobius.commons.util.IXmlReader	LuckyGameData: Loaded 2 lucky game data.
2020.04.03 19:41:32,006	INFO	1	org.l2jmobius.gameserver.data.xml.impl.AttendanceRewardData	AttendanceRewardData: Loaded 28 rewards.
2020.04.03 19:41:32,006	INFO	1	org.l2jmobius.gameserver.GameServer	----------------------------------------------=[ Characters ]
2020.04.03 19:41:32,020	INFO	1	org.l2jmobius.gameserver.data.xml.impl.ClassListData	ClassListData: Loaded 153 class data.
2020.04.03 19:41:32,031	INFO	1	org.l2jmobius.gameserver.data.xml.impl.InitialEquipmentData	InitialEquipmentData: Loaded 13 initial equipment data.
2020.04.03 19:41:32,040	INFO	1	org.l2jmobius.gameserver.data.xml.impl.InitialShortcutData	InitialShortcutData: Loaded 5 initial global shortcuts data.
2020.04.03 19:41:32,041	INFO	1	org.l2jmobius.gameserver.data.xml.impl.InitialShortcutData	InitialShortcutData: Loaded 5 initial shortcuts data.
2020.04.03 19:41:32,043	INFO	1	org.l2jmobius.gameserver.data.xml.impl.InitialShortcutData	InitialShortcutData: Loaded 0 macro presets.
2020.04.03 19:41:32,051	INFO	1	org.l2jmobius.gameserver.data.xml.impl.ExperienceData	ExperienceData: Loaded 121 levels.
2020.04.03 19:41:32,051	INFO	1	org.l2jmobius.gameserver.data.xml.impl.ExperienceData	ExperienceData: Max Player Level is 120.
2020.04.03 19:41:32,051	INFO	1	org.l2jmobius.gameserver.data.xml.impl.ExperienceData	ExperienceData: Max Pet Level is 99.
2020.04.03 19:41:32,066	INFO	1	org.l2jmobius.gameserver.data.xml.impl.KarmaData	KarmaData: Loaded 120 karma modifiers.
2020.04.03 19:41:32,072	INFO	1	org.l2jmobius.gameserver.data.xml.impl.HitConditionBonusData	HitConditionBonusData: Loaded hit condition bonuses.
2020.04.03 19:41:32,725	INFO	1	org.l2jmobius.gameserver.data.xml.impl.PlayerTemplateData	PlayerTemplateData: Loaded 145 character templates.
2020.04.03 19:41:32,725	INFO	1	org.l2jmobius.gameserver.data.xml.impl.PlayerTemplateData	PlayerTemplateData: Loaded 104400 level up gain records.
2020.04.03 19:41:32,729	INFO	1	org.l2jmobius.gameserver.data.sql.impl.CharNameTable	CharNameTable: Loaded 4 char names.
2020.04.03 19:41:32,740	INFO	1	org.l2jmobius.gameserver.data.xml.impl.AdminData	AdminData: Loaded 10 access levels.
2020.04.03 19:41:32,758	INFO	1	org.l2jmobius.gameserver.data.xml.impl.AdminData	AdminData: Loaded 458 access commands.
2020.04.03 19:41:33,299	INFO	1	org.l2jmobius.gameserver.data.xml.impl.PetDataTable	PetDataTable: Loaded 56 pets.
2020.04.03 19:41:33,373	INFO	1	org.l2jmobius.gameserver.data.xml.impl.CubicData	CubicData: Loaded 25 cubics.
2020.04.03 19:41:33,387	INFO	1	org.l2jmobius.gameserver.GameServer	PremiumManager: Premium system is enabled.
2020.04.03 19:41:33,389	INFO	1	org.l2jmobius.gameserver.GameServer	---------------------------------------------------=[ Clans ]
2020.04.03 19:41:33,404	INFO	1	org.l2jmobius.gameserver.communitybbs.Manager.ForumsBBSManager	ForumsBBSManager: Loaded 4 forums. Last forum id used: 4
2020.04.03 19:41:33,405	INFO	1	org.l2jmobius.gameserver.data.sql.impl.ClanTable	ClanTable: Restored 0 clans from the database.
2020.04.03 19:41:33,415	INFO	1	org.l2jmobius.gameserver.data.xml.impl.ResidenceFunctionsData	ResidenceFunctionsData: Loaded 8 functions.
2020.04.03 19:41:33,594	INFO	1	org.l2jmobius.gameserver.data.xml.impl.ClanHallData	ClanHallData: Succesfully loaded 48 clan halls.
2020.04.03 19:41:33,682	INFO	1	org.l2jmobius.gameserver.instancemanager.ClanEntryManager	ClanEntryManager: Loaded 0 clan entries.
2020.04.03 19:41:33,684	INFO	1	org.l2jmobius.gameserver.instancemanager.ClanEntryManager	ClanEntryManager: Loaded 0 players in waiting list.
2020.04.03 19:41:33,685	INFO	1	org.l2jmobius.gameserver.instancemanager.ClanEntryManager	ClanEntryManager: Loaded 0 player applications.
2020.04.03 19:41:33,699	INFO	1	org.l2jmobius.gameserver.data.xml.impl.ClanMasteryData	ClanMasteryData: Loaded 16 clan masteries.
2020.04.03 19:41:33,710	INFO	1	org.l2jmobius.gameserver.data.xml.impl.ClanShopData	ClanShopData: Loaded 13 clan shop products.
2020.04.03 19:41:33,710	INFO	1	org.l2jmobius.gameserver.GameServer	-------------------------------------------------=[ Geodata ]
2020.04.03 19:41:33,713	INFO	1	org.l2jmobius.gameserver.geoengine.GeoEngine	GeoEngine: Initializing...
2020.04.03 19:41:33,889	INFO	1	org.l2jmobius.gameserver.geoengine.GeoEngine	GeoEngine: Loaded 0 geodata files.
2020.04.03 19:41:33,891	INFO	1	org.l2jmobius.gameserver.geoengine.GeoEngine	GeoEngine: Forcing PathFinding setting to false.
2020.04.03 19:41:33,891	INFO	1	org.l2jmobius.gameserver.geoengine.GeoEngine	GeoEngine: Forcing CoordSynchronize setting to -1.
2020.04.03 19:41:33,947	INFO	1	org.l2jmobius.gameserver.geoengine.GeoEngine	GeoEnginePathfinding: Loaded 32 node buffers.
2020.04.03 19:41:33,947	INFO	1	org.l2jmobius.gameserver.GameServer	----------------------------------------------------=[ NPCs ]
2020.04.03 19:41:38,928	INFO	1	org.l2jmobius.gameserver.data.xml.impl.NpcData	NpcData: Loaded 14487 NPCs.
2020.04.03 19:41:38,959	INFO	1	org.l2jmobius.gameserver.data.xml.impl.NpcData	NpcData: Loaded 22 custom NPCs.
2020.04.03 19:41:38,969	INFO	1	org.l2jmobius.gameserver.data.xml.impl.FakePlayerData	FakePlayerData: Disabled.
2020.04.03 19:41:38,971	INFO	1	org.l2jmobius.gameserver.instancemanager.FakePlayerChatManager	FakePlayerChatManager: Disabled.
2020.04.03 19:41:38,989	INFO	1	org.l2jmobius.gameserver.data.xml.impl.ExtendDropData	ExtendDropData: Loaded 1 extend drops.
2020.04.03 19:41:40,097	INFO	1	org.l2jmobius.gameserver.data.xml.impl.SpawnData	SpawnData: Loaded 50444 spawns
2020.04.03 19:41:40,109	INFO	1	org.l2jmobius.gameserver.data.xml.impl.MonsterBookData	MonsterBookData: Loaded 165 monster data.
2020.04.03 19:41:40,141	INFO	1	org.l2jmobius.gameserver.instancemanager.WalkingManager	WalkingManager: Loaded 197 walking routes.
2020.04.03 19:41:40,158	INFO	1	org.l2jmobius.gameserver.data.xml.impl.StaticObjectData	StaticObjectData: Loaded 86 static object templates.
2020.04.03 19:41:40,193	INFO	1	org.l2jmobius.gameserver.model.itemauction.ItemAuctionInstance	ItemAuctionInstance: Loaded 21 item(s) and registered 2 auction(s) for instance 34328
2020.04.03 19:41:40,204	INFO	1	org.l2jmobius.gameserver.model.itemauction.ItemAuctionInstance	ItemAuctionInstance: Schedule next auction 2 on 18:00:00 04.04.20 for instance 34328
2020.04.03 19:41:40,204	INFO	1	org.l2jmobius.gameserver.instancemanager.ItemAuctionManager	ItemAuctionManager: Loaded 1 instances.
2020.04.03 19:41:40,263	INFO	1	org.l2jmobius.gameserver.instancemanager.CastleManager	CastleManager: Loaded 9 castles.
2020.04.03 19:41:40,329	INFO	1	org.l2jmobius.gameserver.instancemanager.GrandBossManager	GrandBossManager: Fafurion(19740) status is 0
2020.04.03 19:41:40,330	INFO	1	org.l2jmobius.gameserver.instancemanager.GrandBossManager	GrandBossManager: Kelbim(26124) status is 0
2020.04.03 19:41:40,330	INFO	1	org.l2jmobius.gameserver.instancemanager.GrandBossManager	GrandBossManager: Queen Ant(29001) status is 0
2020.04.03 19:41:40,330	INFO	1	org.l2jmobius.gameserver.instancemanager.GrandBossManager	GrandBossManager: Core(29006) status is 0
2020.04.03 19:41:40,330	INFO	1	org.l2jmobius.gameserver.instancemanager.GrandBossManager	GrandBossManager: Baium(29020) status is 0
2020.04.03 19:41:40,330	INFO	1	org.l2jmobius.gameserver.instancemanager.GrandBossManager	GrandBossManager: Valakas(29028) status is 0
2020.04.03 19:41:40,330	INFO	1	org.l2jmobius.gameserver.instancemanager.GrandBossManager	GrandBossManager: Antharas(29068) status is 0
2020.04.03 19:41:40,330	INFO	1	org.l2jmobius.gameserver.instancemanager.GrandBossManager	GrandBossManager: Beleth(29118) status is 0
2020.04.03 19:41:40,330	INFO	1	org.l2jmobius.gameserver.instancemanager.GrandBossManager	GrandBossManager: Earth Wyrm Trasken(29197) status is 0
2020.04.03 19:41:40,330	INFO	1	org.l2jmobius.gameserver.instancemanager.GrandBossManager	GrandBossManager: Lindvior(29240) status is 0
2020.04.03 19:41:40,330	INFO	1	org.l2jmobius.gameserver.instancemanager.GrandBossManager	GrandBossManager: Helios(29305) status is 0
2020.04.03 19:41:40,331	INFO	1	org.l2jmobius.gameserver.instancemanager.GrandBossManager	GrandBossManager: Orfen(29325) status is 0
2020.04.03 19:41:40,331	INFO	1	org.l2jmobius.gameserver.instancemanager.GrandBossManager	GrandBossManager: Lilith(29336) status is 0
2020.04.03 19:41:40,331	INFO	1	org.l2jmobius.gameserver.instancemanager.GrandBossManager	GrandBossManager: Anakim(29348) status is 0
2020.04.03 19:41:40,331	INFO	1	org.l2jmobius.gameserver.instancemanager.GrandBossManager	GrandBossManager: Loaded 14 instances.
2020.04.03 19:41:40,335	INFO	1	org.l2jmobius.gameserver.GameServer	------------------------------------------------=[ Instance ]
2020.04.03 19:41:40,345	INFO	1	org.l2jmobius.gameserver.instancemanager.InstanceManager	InstanceManager: Loaded 296 instance names.
2020.04.03 19:41:40,929	INFO	1	org.l2jmobius.gameserver.instancemanager.InstanceManager	InstanceManager: Loaded 141 instance templates.
2020.04.03 19:41:40,932	INFO	1	org.l2jmobius.gameserver.instancemanager.InstanceManager	InstanceManager: Loaded instance reenter times for 0 players.
2020.04.03 19:41:40,932	INFO	1	org.l2jmobius.gameserver.GameServer	------------------------------------------------=[ Olympiad ]
2020.04.03 19:41:40,943	INFO	1	org.l2jmobius.gameserver.model.olympiad.Olympiad	Olympiad System: Loading....
2020.04.03 19:41:40,943	INFO	1	org.l2jmobius.gameserver.model.olympiad.Olympiad	Olympiad System: Currently in Olympiad Period
2020.04.03 19:41:40,945	INFO	1	org.l2jmobius.gameserver.model.olympiad.Olympiad	Olympiad System: 32658 minutes until period ends
2020.04.03 19:41:40,946	INFO	1	org.l2jmobius.gameserver.model.olympiad.Olympiad	Olympiad System: Next weekly change is in 1 minutes
2020.04.03 19:41:40,946	INFO	1	org.l2jmobius.gameserver.model.olympiad.Olympiad	Olympiad System: Loaded 0 Nobles
2020.04.03 19:41:40,949	INFO	1	org.l2jmobius.gameserver.model.olympiad.Olympiad	Olympiad System: Competition Period Starts in 0 days, 0 hours and 19 mins.
2020.04.03 19:41:40,960	INFO	1	org.l2jmobius.gameserver.model.olympiad.Olympiad	Olympiad System: Event starts/started: Fri Apr 03 20:00:40 CEST 2020
2020.04.03 19:41:40,966	INFO	1	org.l2jmobius.gameserver.model.entity.Hero	Hero System: Loaded 0 Heroes.
2020.04.03 19:41:40,967	INFO	1	org.l2jmobius.gameserver.model.entity.Hero	Hero System: Loaded 0 all time Heroes.
2020.04.03 19:41:40,967	INFO	1	org.l2jmobius.gameserver.GameServer	---------------------------------------------------=[ Cache ]
2020.04.03 19:41:40,970	INFO	1	org.l2jmobius.gameserver.cache.HtmCache	Html cache start...
2020.04.03 19:41:48,370	INFO	1	org.l2jmobius.gameserver.cache.HtmCache	Cache[HTML]: 4,997 megabytes on 8896 files loaded.
2020.04.03 19:41:48,398	INFO	1	org.l2jmobius.gameserver.data.sql.impl.CrestTable	CrestTable: Loaded 0 Crests.
2020.04.03 19:41:48,404	INFO	1	org.l2jmobius.gameserver.data.xml.impl.TeleportListData	TeleportListData: Loaded 99 teleports.
2020.04.03 19:41:49,203	INFO	1	org.l2jmobius.gameserver.data.xml.impl.TeleporterData	TeleporterData: Loaded 156 npc teleporters.
2020.04.03 19:41:49,215	INFO	1	org.l2jmobius.gameserver.instancemanager.CursedWeaponsManager	CursedWeaponsManager: Loaded 2 cursed weapons.
2020.04.03 19:41:49,939	INFO	1	org.l2jmobius.gameserver.data.xml.impl.TransformData	TransformData: Loaded 174 transform templates.
2020.04.03 19:41:49,960	INFO	1	org.l2jmobius.gameserver.datatables.BotReportTable	BotReportTable: Loaded 0 bot reports
2020.04.03 19:41:49,980	INFO	1	org.l2jmobius.gameserver.instancemanager.SellBuffsManager	SellBuffsManager: Loaded 145 allowed buffs.
2020.04.03 19:41:49,980	INFO	1	org.l2jmobius.gameserver.GameServer	-------------------------------------------------=[ Scripts ]
2020.04.03 19:41:49,987	INFO	1	org.l2jmobius.gameserver.instancemanager.AirShipManager	AirShipManager: Loaded 0 private airships
2020.04.03 19:41:50,001	INFO	1	org.l2jmobius.gameserver.data.xml.impl.ShuttleData	ShuttleData: Loaded 3 shuttles.
2020.04.03 19:41:50,003	INFO	1	org.l2jmobius.gameserver.GameServer	GameServer: Loading server scripts:
2020.04.03 19:41:53,729	INFO	1	handlers.MasterHandler	Loading Handlers...
2020.04.03 19:41:53,830	INFO	1	handlers.MasterHandler	ActionHandler: Loaded 10 handlers.
2020.04.03 19:41:53,830	INFO	1	handlers.MasterHandler	ActionShiftHandler: Loaded 6 handlers.
2020.04.03 19:41:53,830	INFO	1	handlers.MasterHandler	AdminCommandHandler: Loaded 449 handlers.
2020.04.03 19:41:53,830	INFO	1	handlers.MasterHandler	BypassHandler: Loaded 32 handlers.
2020.04.03 19:41:53,830	INFO	1	handlers.MasterHandler	ChatHandler: Loaded 14 handlers.
2020.04.03 19:41:53,830	INFO	1	handlers.MasterHandler	CommunityBoardHandler: Loaded 18 handlers.
2020.04.03 19:41:53,830	INFO	1	handlers.MasterHandler	ItemHandler: Loaded 32 handlers.
2020.04.03 19:41:53,830	INFO	1	handlers.MasterHandler	PunishmentHandler: Loaded 3 handlers.
2020.04.03 19:41:53,831	INFO	1	handlers.MasterHandler	UserCommandHandler: Loaded 16 handlers.
2020.04.03 19:41:53,831	INFO	1	handlers.MasterHandler	VoicedCommandHandler: Loaded 10 handlers.
2020.04.03 19:41:53,831	INFO	1	handlers.MasterHandler	TargetHandler: Loaded 21 handlers.
2020.04.03 19:41:53,831	INFO	1	handlers.MasterHandler	AffectObjectHandler: Loaded 11 handlers.
2020.04.03 19:41:53,831	INFO	1	handlers.MasterHandler	AffectScopeHandler: Loaded 19 handlers.
2020.04.03 19:41:53,831	INFO	1	handlers.MasterHandler	PlayerActionHandler: Loaded 24 handlers.
2020.04.03 19:41:53,831	INFO	1	handlers.MasterHandler	Handlers Loaded...
2020.04.03 19:42:02,494	INFO	1	ai.areas.FantasyIsle.HandysBlockCheckerEvent	Handy's Block Checker Event is enabled
2020.04.03 19:42:02,510	INFO	1	ai.areas.FantasyIsle.Parade	Fantasy Isle: Parade starting at 2020/04/03 21:20 and is scheduled each next 1 hours.
2020.04.03 19:42:02,518	INFO	1	ai.areas.FantasyIsle.TalentShow	Fantasy Isle: MC show script starting at 04/04/2020 18:00:02 and is scheduled each next 4 hours.
2020.04.03 19:42:02,717	INFO	1	ai.areas.ImperialTomb.FourSepulchers.FourSepulchers	[Four Sepulchers] Loaded 762 spawn zones data.
2020.04.03 19:42:03,184	INFO	1	ai.bosses.Tiat.Stage1	[Seed of Destruction] Loaded 51 spawn zones data.
2020.04.03 19:42:03,257	INFO	1	ai.others.ClassMaster.ClassMaster	ClassMaster: Loaded 0 class change options.
2020.04.03 19:42:03,458	INFO	1	ai.others.MentorGuide.MentorGuide	MentorGuide: Loaded 5 mentee coins
2020.04.03 19:42:03,478	INFO	1	ai.others.NpcBuffers.NpcBuffersData	NpcBuffersData: Loaded 6 buffers data.
2020.04.03 19:42:03,570	INFO	1	events.BirthOfDraco.BirthOfDraco	Event Birth of Draco has passed... Ignored 
2020.04.03 19:42:03,581	INFO	1	events.CustomDropEvent.CustomDropEvent	Event Custom Drop Event active till Mon Nov 19 00:00:00 CET 2029
2020.04.03 19:42:03,596	INFO	1	events.EveTheFortuneTeller.EveTheFortuneTeller	Event Eve the Fortune Teller has passed... Ignored 
2020.04.03 19:42:03,605	INFO	1	events.FreyaCelebration.FreyaCelebration	Event Freya Celebration has passed... Ignored 
2020.04.03 19:42:03,613	INFO	1	events.GiftOfVitality.GiftOfVitality	Event Gift of Vitality has passed... Ignored 
2020.04.03 19:42:03,623	INFO	1	events.Halloween.Halloween	Event Halloween has passed... Ignored 
2020.04.03 19:42:03,640	INFO	1	events.HappyHours.HappyHours	Event Happy Hours has passed... Ignored 
2020.04.03 19:42:03,648	INFO	1	events.HeavyMedal.HeavyMedal	Event Heavy Medal has passed... Ignored 
2020.04.03 19:42:03,657	INFO	1	events.HungryHorse.HungryHorse	Event Hungry Horse has passed... Ignored 
2020.04.03 19:42:03,671	INFO	1	events.HuntForSanta.HuntForSanta	Event Hunt for Santa has passed... Ignored 
2020.04.03 19:42:03,676	INFO	1	events.LetterCollector.LetterCollector	Event Letter Collector has passed... Ignored 
2020.04.03 19:42:03,696	INFO	1	events.LoversJubilee.LoversJubilee	Event Lovers Jubilee has passed... Ignored 
2020.04.03 19:42:03,702	INFO	1	events.LoveYourGatekeeper.LoveYourGatekeeper	Event Love Your Gatekeeper has passed... Ignored 
2020.04.03 19:42:03,709	INFO	1	events.MasterOfEnchanting.MasterOfEnchanting	Event Master of Enchanting has passed... Ignored 
2020.04.03 19:42:03,716	INFO	1	events.RedLibra.RedLibra	Event Red Libra has passed... Ignored 
2020.04.03 19:42:03,721	INFO	1	events.RudolphsBlessing.RudolphsBlessing	Event Rudolphs Blessing has passed... Ignored 
2020.04.03 19:42:03,730	INFO	1	events.SavingSanta.SavingSanta	Event Saving Santa has passed... Ignored 
2020.04.03 19:42:03,734	INFO	1	events.ThePowerOfLove.ThePowerOfLove	Event The Power Of Love has passed... Ignored 
2020.04.03 19:42:03,738	INFO	1	events.TrainingWithDandy.TrainingWithDandy	Event Training with Dandy has passed... Ignored 
2020.04.03 19:42:04,301	INFO	1	org.l2jmobius.gameserver.data.xml.impl.SpawnData	SpawnData: Initializing spawns...
2020.04.03 19:42:04,888	INFO	1	org.l2jmobius.gameserver.instancemanager.DBSpawnManager	DBSpawnManager: Loaded 161 instances.
2020.04.03 19:42:04,888	INFO	1	org.l2jmobius.gameserver.instancemanager.DBSpawnManager	DBSpawnManager: Scheduled 0 instances.
2020.04.03 19:42:05,141	WARNING	19	org.l2jmobius.gameserver.Shutdown	Server scheduled restart issued shutdown command. Shutdown in 1 seconds!
2020.04.03 19:42:06,324	WARNING	90	org.l2jmobius.gameserver.Shutdown	GM shutdown countdown is over. shutting down NOW!
